-- Found ament_cmake: 2.5.4 (/opt/ros/jazzy/share/ament_cmake/cmake)
-- Override CMake install command with custom implementation using symlinks instead of copying resources
-- Found rclcpp: 28.1.9 (/opt/ros/jazzy/share/rclcpp/cmake)
-- Found rosidl_generator_c: 4.6.5 (/opt/ros/jazzy/share/rosidl_generator_c/cmake)
-- Found rosidl_generator_cpp: 4.6.5 (/opt/ros/jazzy/share/rosidl_generator_cpp/cmake)
-- Using all available rosidl_typesupport_c: rosidl_typesupport_fastrtps_c;rosidl_typesupport_introspection_c
-- Using all available rosidl_typesupport_cpp: rosidl_typesupport_fastrtps_cpp;rosidl_typesupport_introspection_cpp
-- Found rmw_implementation_cmake: 7.3.2 (/opt/ros/jazzy/share/rmw_implementation_cmake/cmake)
-- Found rmw_fastrtps_cpp: 8.4.2 (/opt/ros/jazzy/share/rmw_fastrtps_cpp/cmake)
-- Using RMW implementation 'rmw_fastrtps_cpp' as default
-- Found rclcpp_components: 28.1.9 (/opt/ros/jazzy/share/rclcpp_components/cmake)
-- Found sensor_msgs: 5.3.6 (/opt/ros/jazzy/share/sensor_msgs/cmake)
-- Found tf2: 0.36.11 (/opt/ros/jazzy/share/tf2/cmake)
-- Found tf2_ros: 0.36.11 (/opt/ros/jazzy/share/tf2_ros/cmake)
-- Found tf2_geometry_msgs: 0.36.11 (/opt/ros/jazzy/share/tf2_geometry_msgs/cmake)
-- Found eigen3_cmake_module: 0.3.0 (/opt/ros/jazzy/share/eigen3_cmake_module/cmake)
-- Ensuring Eigen3 include directory is part of orocos-kdl CMake target
-- Found nav2_common: 1.3.7 (/home/rudolfs/ros2_ws/install/nav2_common/share/nav2_common/cmake)
-- Found nav2_util: 1.3.7 (/home/rudolfs/ros2_ws/install/nav2_util/share/nav2_util/cmake)
-- Found nav2_costmap_2d: 1.3.7 (/home/rudolfs/ros2_ws/install/nav2_costmap_2d/share/nav2_costmap_2d/cmake)
-- Found ament_lint_auto: 0.17.2 (/opt/ros/jazzy/share/ament_lint_auto/cmake)
-- Found gtest sources under '/opt/ros/jazzy/src/gtest_vendor': C++ tests using 'Google Test' will be built
-- Added test 'cppcheck' to perform static code analysis on C / C++ code
-- Configured cppcheck include dirs: /home/rudolfs/ros2_ws/src/navigation2/nav2_collision_monitor/include
-- Configured cppcheck exclude dirs and/or files: 
-- Added test 'flake8' to check Python code syntax and style conventions
-- Configured 'flake8' exclude dirs and/or files: 
-- Added test 'lint_cmake' to check CMake code style
-- Added test 'pep257' to check Python code against some of the docstring style conventions in PEP 257
-- Added test 'uncrustify' to check C / C++ code style
-- Configured uncrustify additional arguments: 
-- Added test 'xmllint' to check XML markup files
-- Configuring done (1.5s)
-- Generating done (0.2s)
-- Build files have been written to: /home/rudolfs/ros2_ws/build/nav2_collision_monitor
[  4%] Built target gtest_main
[  9%] Built target gtest
[ 11%] [32mBuilding CXX object CMakeFiles/collision_monitor_core.dir/src/collision_monitor_node.cpp.o[0m
[ 14%] [32mBuilding CXX object CMakeFiles/collision_monitor_core.dir/src/polygon.cpp.o[0m
[ 16%] [32mBuilding CXX object CMakeFiles/collision_monitor_core.dir/src/velocity_polygon.cpp.o[0m
[ 19%] [32mBuilding CXX object CMakeFiles/collision_monitor_core.dir/src/source.cpp.o[0m
[ 21%] [32mBuilding CXX object CMakeFiles/collision_monitor_core.dir/src/circle.cpp.o[0m
[ 23%] [32mBuilding CXX object CMakeFiles/collision_detector_core.dir/src/collision_detector_node.cpp.o[0m
[ 26%] [32mBuilding CXX object CMakeFiles/collision_monitor_core.dir/src/scan.cpp.o[0m
[ 28%] [32mBuilding CXX object CMakeFiles/collision_monitor_core.dir/src/pointcloud.cpp.o[0m
[ 30%] [32mBuilding CXX object CMakeFiles/collision_detector_core.dir/src/polygon.cpp.o[0m
[ 33%] [32mBuilding CXX object CMakeFiles/collision_monitor_core.dir/src/kinematics.cpp.o[0m
[ 35%] [32mBuilding CXX object CMakeFiles/collision_detector_core.dir/src/circle.cpp.o[0m
[ 38%] [32mBuilding CXX object CMakeFiles/collision_monitor_core.dir/src/range.cpp.o[0m
[ 40%] [32mBuilding CXX object CMakeFiles/collision_detector_core.dir/src/scan.cpp.o[0m
[ 42%] [32mBuilding CXX object CMakeFiles/collision_monitor_core.dir/src/polygon_source.cpp.o[0m
[ 45%] [32mBuilding CXX object CMakeFiles/collision_detector_core.dir/src/polygon_source.cpp.o[0m
[ 47%] [32m[1mLinking CXX shared library libcollision_monitor_core.so[0m
[ 47%] Built target collision_monitor_core
[ 50%] [32mBuilding CXX object CMakeFiles/collision_detector_core.dir/src/kinematics.cpp.o[0m
[ 52%] [32mBuilding CXX object CMakeFiles/collision_detector_core.dir/src/range.cpp.o[0m
[ 54%] [32mBuilding CXX object CMakeFiles/collision_detector_core.dir/src/pointcloud.cpp.o[0m
[ 57%] [32mBuilding CXX object CMakeFiles/collision_detector_core.dir/src/source.cpp.o[0m
[ 59%] [32mBuilding CXX object CMakeFiles/collision_detector_core.dir/src/velocity_polygon.cpp.o[0m
[ 61%] [32m[1mLinking CXX shared library libcollision_detector_core.so[0m
[ 61%] Built target collision_detector_core
[ 64%] [32mBuilding CXX object test/CMakeFiles/velocity_polygons_test.dir/velocity_polygons_test.cpp.o[0m
[ 66%] [32m[1mLinking CXX executable velocity_polygons_test[0m
[ 66%] Built target velocity_polygons_test
[ 69%] [32mBuilding CXX object test/CMakeFiles/collision_monitor_node_test.dir/collision_monitor_node_test.cpp.o[0m
