[2.020s] Invoking command in '/home/rudolfs/ros2_ws/src/cmd_vel_tracker': DEBUGINFOD_URLS=https://debuginfod.ubuntu.com PYTHONPATH=/home/rudolfs/ros2_ws/build/cmd_vel_tracker/prefix_override:/usr/lib/python3/dist-packages/colcon_core/task/python/colcon_distutils_commands:/home/rudolfs/ros2_ws/install/cmd_vel_tracker/lib/python3.12/site-packages:${PYTHONPATH} /usr/bin/python3 -W ignore:setup.py install is deprecated -W ignore:easy_install command is deprecated setup.py egg_info --egg-base ../../build/cmd_vel_tracker build --build-base /home/rudolfs/ros2_ws/build/cmd_vel_tracker/build install --record /home/rudolfs/ros2_ws/build/cmd_vel_tracker/install.log --single-version-externally-managed install_data
[2.452s] running egg_info
[2.475s] writing ../../build/cmd_vel_tracker/cmd_vel_tracker.egg-info/PKG-INFO
[2.475s] writing dependency_links to ../../build/cmd_vel_tracker/cmd_vel_tracker.egg-info/dependency_links.txt
[2.475s] writing entry points to ../../build/cmd_vel_tracker/cmd_vel_tracker.egg-info/entry_points.txt
[2.475s] writing requirements to ../../build/cmd_vel_tracker/cmd_vel_tracker.egg-info/requires.txt
[2.475s] writing top-level names to ../../build/cmd_vel_tracker/cmd_vel_tracker.egg-info/top_level.txt
[2.517s] reading manifest file '../../build/cmd_vel_tracker/cmd_vel_tracker.egg-info/SOURCES.txt'
[2.518s] writing manifest file '../../build/cmd_vel_tracker/cmd_vel_tracker.egg-info/SOURCES.txt'
[2.518s] running build
[2.518s] running build_py
[2.518s] running install
[2.524s] running install_lib
[2.550s] running install_data
[2.550s] running install_egg_info
[2.579s] removing '/home/rudolfs/ros2_ws/install/cmd_vel_tracker/lib/python3.12/site-packages/cmd_vel_tracker-0.0.0-py3.12.egg-info' (and everything under it)
[2.584s] Copying ../../build/cmd_vel_tracker/cmd_vel_tracker.egg-info to /home/rudolfs/ros2_ws/install/cmd_vel_tracker/lib/python3.12/site-packages/cmd_vel_tracker-0.0.0-py3.12.egg-info
[2.584s] running install_scripts
[2.844s] Installing cmd_vel_logger script to /home/rudolfs/ros2_ws/install/cmd_vel_tracker/lib/cmd_vel_tracker
[2.844s] writing list of installed files to '/home/rudolfs/ros2_ws/build/cmd_vel_tracker/install.log'
[3.092s] Invoked command in '/home/rudolfs/ros2_ws/src/cmd_vel_tracker' returned '0': DEBUGINFOD_URLS=https://debuginfod.ubuntu.com PYTHONPATH=/home/rudolfs/ros2_ws/build/cmd_vel_tracker/prefix_override:/usr/lib/python3/dist-packages/colcon_core/task/python/colcon_distutils_commands:/home/rudolfs/ros2_ws/install/cmd_vel_tracker/lib/python3.12/site-packages:${PYTHONPATH} /usr/bin/python3 -W ignore:setup.py install is deprecated -W ignore:easy_install command is deprecated setup.py egg_info --egg-base ../../build/cmd_vel_tracker build --build-base /home/rudolfs/ros2_ws/build/cmd_vel_tracker/build install --record /home/rudolfs/ros2_ws/build/cmd_vel_tracker/install.log --single-version-externally-managed install_data
