[0.752s] Invoking command in '/home/rudolfs/ros2_ws/src/tb4_nav_to_pose': DEBUGINFOD_URLS=https://debuginfod.ubuntu.com PYTHONPATH=/home/rudolfs/ros2_ws/build/tb4_nav_to_pose/prefix_override:/usr/lib/python3/dist-packages/colcon_core/task/python/colcon_distutils_commands:/home/rudolfs/ros2_ws/install/tb4_nav_to_pose/lib/python3.12/site-packages:${PYTHONPATH} /usr/bin/python3 -W ignore:setup.py install is deprecated -W ignore:easy_install command is deprecated setup.py egg_info --egg-base ../../build/tb4_nav_to_pose build --build-base /home/rudolfs/ros2_ws/build/tb4_nav_to_pose/build install --record /home/rudolfs/ros2_ws/build/tb4_nav_to_pose/install.log --single-version-externally-managed install_data
[1.007s] running egg_info
[1.026s] writing ../../build/tb4_nav_to_pose/tb4_nav_to_pose.egg-info/PKG-INFO
[1.026s] writing dependency_links to ../../build/tb4_nav_to_pose/tb4_nav_to_pose.egg-info/dependency_links.txt
[1.027s] writing entry points to ../../build/tb4_nav_to_pose/tb4_nav_to_pose.egg-info/entry_points.txt
[1.027s] writing requirements to ../../build/tb4_nav_to_pose/tb4_nav_to_pose.egg-info/requires.txt
[1.027s] writing top-level names to ../../build/tb4_nav_to_pose/tb4_nav_to_pose.egg-info/top_level.txt
[1.065s] reading manifest file '../../build/tb4_nav_to_pose/tb4_nav_to_pose.egg-info/SOURCES.txt'
[1.066s] writing manifest file '../../build/tb4_nav_to_pose/tb4_nav_to_pose.egg-info/SOURCES.txt'
[1.066s] running build
[1.066s] running build_py
[1.066s] copying tb4_nav_to_pose/nav_to_pose.py -> /home/rudolfs/ros2_ws/build/tb4_nav_to_pose/build/lib/tb4_nav_to_pose
[1.066s] running install
[1.072s] running install_lib
[1.092s] copying /home/rudolfs/ros2_ws/build/tb4_nav_to_pose/build/lib/tb4_nav_to_pose/nav_to_pose.py -> /home/rudolfs/ros2_ws/install/tb4_nav_to_pose/lib/python3.12/site-packages/tb4_nav_to_pose
[1.092s] byte-compiling /home/rudolfs/ros2_ws/install/tb4_nav_to_pose/lib/python3.12/site-packages/tb4_nav_to_pose/nav_to_pose.py to nav_to_pose.cpython-312.pyc
[1.094s] running install_data
[1.094s] running install_egg_info
[1.114s] removing '/home/rudolfs/ros2_ws/install/tb4_nav_to_pose/lib/python3.12/site-packages/tb4_nav_to_pose-0.0.0-py3.12.egg-info' (and everything under it)
[1.115s] Copying ../../build/tb4_nav_to_pose/tb4_nav_to_pose.egg-info to /home/rudolfs/ros2_ws/install/tb4_nav_to_pose/lib/python3.12/site-packages/tb4_nav_to_pose-0.0.0-py3.12.egg-info
[1.115s] running install_scripts
[1.239s] Installing nav_to_pose script to /home/rudolfs/ros2_ws/install/tb4_nav_to_pose/lib/tb4_nav_to_pose
[1.239s] writing list of installed files to '/home/rudolfs/ros2_ws/build/tb4_nav_to_pose/install.log'
[1.263s] Invoked command in '/home/rudolfs/ros2_ws/src/tb4_nav_to_pose' returned '0': DEBUGINFOD_URLS=https://debuginfod.ubuntu.com PYTHONPATH=/home/rudolfs/ros2_ws/build/tb4_nav_to_pose/prefix_override:/usr/lib/python3/dist-packages/colcon_core/task/python/colcon_distutils_commands:/home/rudolfs/ros2_ws/install/tb4_nav_to_pose/lib/python3.12/site-packages:${PYTHONPATH} /usr/bin/python3 -W ignore:setup.py install is deprecated -W ignore:easy_install command is deprecated setup.py egg_info --egg-base ../../build/tb4_nav_to_pose build --build-base /home/rudolfs/ros2_ws/build/tb4_nav_to_pose/build install --record /home/rudolfs/ros2_ws/build/tb4_nav_to_pose/install.log --single-version-externally-managed install_data
