[0.040s] Invoking command in '/home/rudolfs/ros2_ws/build/opennav_docking': AMENT_PREFIX_PATH=/home/rudolfs/ros2_ws/install/nav2_graceful_controller:/home/rudolfs/ros2_ws/install/nav2_controller:/home/rudolfs/ros2_ws/install/nav2_core:/home/rudolfs/ros2_ws/install/nav2_costmap_2d:/home/rudolfs/ros2_ws/install/opennav_docking_core:/home/rudolfs/ros2_ws/install/nav_2d_utils:/home/rudolfs/ros2_ws/install/nav2_map_server:/home/rudolfs/ros2_ws/install/nav2_lifecycle_manager:/home/rudolfs/ros2_ws/install/nav2_behavior_tree:/home/rudolfs/ros2_ws/install/nav2_util:/home/rudolfs/ros2_ws/install/nav2_voxel_grid:/home/rudolfs/ros2_ws/install/nav2_msgs:/home/rudolfs/ros2_ws/install/nav_2d_msgs:/home/rudolfs/ros2_ws/install/nav2_common:${AMENT_PREFIX_PATH} CMAKE_PREFIX_PATH=/home/rudolfs/ros2_ws/install/nav2_graceful_controller:/home/rudolfs/ros2_ws/install/nav2_controller:/home/rudolfs/ros2_ws/install/nav2_core:/home/rudolfs/ros2_ws/install/nav2_costmap_2d:/home/rudolfs/ros2_ws/install/opennav_docking_core:/home/rudolfs/ros2_ws/install/nav_2d_utils:/home/rudolfs/ros2_ws/install/nav2_map_server:/home/rudolfs/ros2_ws/install/nav2_lifecycle_manager:/home/rudolfs/ros2_ws/install/nav2_behavior_tree:/home/rudolfs/ros2_ws/install/nav2_util:/home/rudolfs/ros2_ws/install/nav2_voxel_grid:/home/rudolfs/ros2_ws/install/nav2_msgs:/home/rudolfs/ros2_ws/install/nav_2d_msgs:/home/rudolfs/ros2_ws/install/nav2_common:/opt/ros/jazzy/opt/gz_sim_vendor:/opt/ros/jazzy/opt/gz_sensors_vendor:/opt/ros/jazzy/opt/gz_physics_vendor:/opt/ros/jazzy/opt/sdformat_vendor:/opt/ros/jazzy/opt/gz_gui_vendor:/opt/ros/jazzy/opt/gz_transport_vendor:/opt/ros/jazzy/opt/gz_rendering_vendor:/opt/ros/jazzy/opt/gz_plugin_vendor:/opt/ros/jazzy/opt/gz_fuel_tools_vendor:/opt/ros/jazzy/opt/gz_msgs_vendor:/opt/ros/jazzy/opt/gz_common_vendor:/opt/ros/jazzy/opt/gz_math_vendor:/opt/ros/jazzy/opt/gz_utils_vendor:/opt/ros/jazzy/opt/gz_tools_vendor:/opt/ros/jazzy/opt/gz_ogre_next_vendor:/opt/ros/jazzy/opt/gz_dartsim_vendor:/opt/ros/jazzy/opt/gz_cmake_vendor:/home/rudolfs/ros2_ws/install/tb4_nav_to_pose:/home/rudolfs/ros2_ws/install/cmd_vel_tracker:/home/rudolfs/ros2_ws/install/battery_logger:/home/rudolfs/testing_ws/turtlebot4_ws/install/turtlebot4_python_tutorials:/home/rudolfs/testing_ws/install/turtlebot4_python_tutorials:/home/rudolfs/testing_ws/ros2_ws/install/battery_logger:/opt/ros/jazzy DEBUGINFOD_URLS=https://debuginfod.ubuntu.com LD_LIBRARY_PATH=/home/rudolfs/ros2_ws/install/nav2_graceful_controller/lib:/home/rudolfs/ros2_ws/install/nav2_controller/lib:/home/rudolfs/ros2_ws/install/nav2_costmap_2d/lib:/home/rudolfs/ros2_ws/install/nav_2d_utils/lib:/home/rudolfs/ros2_ws/install/nav2_map_server/lib:/home/rudolfs/ros2_ws/install/nav2_lifecycle_manager/lib:/home/rudolfs/ros2_ws/install/nav2_behavior_tree/lib:/home/rudolfs/ros2_ws/install/nav2_util/lib:/home/rudolfs/ros2_ws/install/nav2_voxel_grid/lib:/home/rudolfs/ros2_ws/install/nav2_msgs/lib:/home/rudolfs/ros2_ws/install/nav_2d_msgs/lib:${LD_LIBRARY_PATH} PYTHONPATH=/home/rudolfs/ros2_ws/install/nav2_msgs/lib/python3.12/site-packages:/home/rudolfs/ros2_ws/install/nav_2d_msgs/lib/python3.12/site-packages:/home/rudolfs/ros2_ws/install/nav2_common/lib/python3.12/site-packages:${PYTHONPATH} /usr/bin/cmake /home/rudolfs/ros2_ws/src/navigation2/nav2_docking/opennav_docking -DAMENT_CMAKE_SYMLINK_INSTALL=1 -DCMAKE_INSTALL_PREFIX=/home/rudolfs/ros2_ws/install/opennav_docking
[0.713s] -- The C compiler identification is GNU 13.3.0
[0.713s] -- The CXX compiler identification is GNU 13.3.0
[0.713s] -- Detecting C compiler ABI info
[0.713s] -- Detecting C compiler ABI info - done
[0.713s] -- Check for working C compiler: /usr/bin/cc - skipped
[0.714s] -- Detecting C compile features
[0.714s] -- Detecting C compile features - done
[0.714s] -- Detecting CXX compiler ABI info
[0.714s] -- Detecting CXX compiler ABI info - done
[0.714s] -- Check for working CXX compiler: /usr/bin/c++ - skipped
[0.714s] -- Detecting CXX compile features
[0.714s] -- Detecting CXX compile features - done
[0.714s] -- Found ament_cmake: 2.5.4 (/opt/ros/jazzy/share/ament_cmake/cmake)
[0.714s] -- Found Python3: /usr/bin/python3 (found version "3.12.3") found components: Interpreter 
[0.749s] -- Override CMake install command with custom implementation using symlinks instead of copying resources
[0.815s] -- Found angles: 1.16.0 (/opt/ros/jazzy/share/angles/cmake)
[0.821s] -- Found rclcpp: 28.1.9 (/opt/ros/jazzy/share/rclcpp/cmake)
[0.883s] -- Found rosidl_generator_c: 4.6.5 (/opt/ros/jazzy/share/rosidl_generator_c/cmake)
[0.903s] -- Found rosidl_generator_cpp: 4.6.5 (/opt/ros/jazzy/share/rosidl_generator_cpp/cmake)
[0.927s] -- Using all available rosidl_typesupport_c: rosidl_typesupport_fastrtps_c;rosidl_typesupport_introspection_c
[0.951s] -- Using all available rosidl_typesupport_cpp: rosidl_typesupport_fastrtps_cpp;rosidl_typesupport_introspection_cpp
[1.054s] -- Found rmw_implementation_cmake: 7.3.2 (/opt/ros/jazzy/share/rmw_implementation_cmake/cmake)
[1.059s] -- Found rmw_fastrtps_cpp: 8.4.2 (/opt/ros/jazzy/share/rmw_fastrtps_cpp/cmake)
[1.155s] -- Found OpenSSL: /usr/lib/x86_64-linux-gnu/libcrypto.so (found version "3.0.13")  
[1.181s] -- Found FastRTPS: /opt/ros/jazzy/include (Required is at least version "2.13") 
[1.208s] -- Using RMW implementation 'rmw_fastrtps_cpp' as default
[1.302s] -- Found rclcpp_action: 28.1.9 (/opt/ros/jazzy/share/rclcpp_action/cmake)
[1.358s] -- Found rclcpp_lifecycle: 28.1.9 (/opt/ros/jazzy/share/rclcpp_lifecycle/cmake)
[1.399s] -- Found rclcpp_components: 28.1.9 (/opt/ros/jazzy/share/rclcpp_components/cmake)
[1.445s] -- Found std_msgs: 5.3.6 (/opt/ros/jazzy/share/std_msgs/cmake)
[1.462s] -- Found sensor_msgs: 5.3.6 (/opt/ros/jazzy/share/sensor_msgs/cmake)
[1.510s] -- Found visualization_msgs: 5.3.6 (/opt/ros/jazzy/share/visualization_msgs/cmake)
[1.542s] -- Found nav2_graceful_controller: 1.3.7 (/home/rudolfs/ros2_ws/install/nav2_graceful_controller/share/nav2_graceful_controller/cmake)
[1.838s] -- Found eigen3_cmake_module: 0.3.0 (/opt/ros/jazzy/share/eigen3_cmake_module/cmake)
[1.840s] -- Found Eigen3: TRUE (found version "3.4.0") 
[1.840s] -- Ensuring Eigen3 include directory is part of orocos-kdl CMake target
[2.061s] -- Found yaml_cpp_vendor: 9.0.1 (/opt/ros/jazzy/share/yaml_cpp_vendor/cmake)
[2.063s] -- Setting yaml-cpp_DIR to: '/opt/ros/jazzy/share/yaml_cpp_vendor/cmake/../../../opt/yaml_cpp_vendor/share/cmake/yaml-cpp'
[2.068s] -- Found opennav_docking_core: 1.3.7 (/home/rudolfs/ros2_ws/install/opennav_docking_core/share/opennav_docking_core/cmake)
[2.448s] -- Found ament_lint_auto: 0.17.2 (/opt/ros/jazzy/share/ament_lint_auto/cmake)
[2.453s] -- Found ament_cmake_gtest: 2.5.4 (/opt/ros/jazzy/share/ament_cmake_gtest/cmake)
[2.457s] -- Found ament_cmake_pytest: 2.5.4 (/opt/ros/jazzy/share/ament_cmake_pytest/cmake)
[2.607s] -- Found gtest sources under '/opt/ros/jazzy/src/gtest_vendor': C++ tests using 'Google Test' will be built
[2.609s] -- Performing Test CMAKE_HAVE_LIBC_PTHREAD
[2.704s] -- Performing Test CMAKE_HAVE_LIBC_PTHREAD - Success
[2.704s] -- Found Threads: TRUE  
[3.778s] -- Added test 'copyright' to check source files copyright and LICENSE
[3.780s] -- Added test 'cppcheck' to perform static code analysis on C / C++ code
[3.782s] -- Configured cppcheck include dirs: /home/rudolfs/ros2_ws/src/navigation2/nav2_docking/opennav_docking/include
[3.782s] -- Configured cppcheck exclude dirs and/or files: 
[3.784s] -- Added test 'cpplint' to check C / C++ code against the Google style
[3.784s] -- Configured cpplint exclude dirs and/or files: 
[3.786s] -- Added test 'flake8' to check Python code syntax and style conventions
[3.786s] -- Configured 'flake8' exclude dirs and/or files: 
[3.787s] -- Added test 'lint_cmake' to check CMake code style
[3.788s] -- Added test 'pep257' to check Python code against some of the docstring style conventions in PEP 257
[3.790s] -- Added test 'uncrustify' to check C / C++ code style
[3.790s] -- Configured uncrustify additional arguments: 
[3.791s] -- Added test 'xmllint' to check XML markup files
[3.796s] -- Configuring done (3.7s)
[4.586s] -- Generating done (0.7s)
[4.655s] -- Build files have been written to: /home/rudolfs/ros2_ws/build/opennav_docking
[4.688s] Invoked command in '/home/rudolfs/ros2_ws/build/opennav_docking' returned '0': AMENT_PREFIX_PATH=/home/rudolfs/ros2_ws/install/nav2_graceful_controller:/home/rudolfs/ros2_ws/install/nav2_controller:/home/rudolfs/ros2_ws/install/nav2_core:/home/rudolfs/ros2_ws/install/nav2_costmap_2d:/home/rudolfs/ros2_ws/install/opennav_docking_core:/home/rudolfs/ros2_ws/install/nav_2d_utils:/home/rudolfs/ros2_ws/install/nav2_map_server:/home/rudolfs/ros2_ws/install/nav2_lifecycle_manager:/home/rudolfs/ros2_ws/install/nav2_behavior_tree:/home/rudolfs/ros2_ws/install/nav2_util:/home/rudolfs/ros2_ws/install/nav2_voxel_grid:/home/rudolfs/ros2_ws/install/nav2_msgs:/home/rudolfs/ros2_ws/install/nav_2d_msgs:/home/rudolfs/ros2_ws/install/nav2_common:${AMENT_PREFIX_PATH} CMAKE_PREFIX_PATH=/home/rudolfs/ros2_ws/install/nav2_graceful_controller:/home/rudolfs/ros2_ws/install/nav2_controller:/home/rudolfs/ros2_ws/install/nav2_core:/home/rudolfs/ros2_ws/install/nav2_costmap_2d:/home/rudolfs/ros2_ws/install/opennav_docking_core:/home/rudolfs/ros2_ws/install/nav_2d_utils:/home/rudolfs/ros2_ws/install/nav2_map_server:/home/rudolfs/ros2_ws/install/nav2_lifecycle_manager:/home/rudolfs/ros2_ws/install/nav2_behavior_tree:/home/rudolfs/ros2_ws/install/nav2_util:/home/rudolfs/ros2_ws/install/nav2_voxel_grid:/home/rudolfs/ros2_ws/install/nav2_msgs:/home/rudolfs/ros2_ws/install/nav_2d_msgs:/home/rudolfs/ros2_ws/install/nav2_common:/opt/ros/jazzy/opt/gz_sim_vendor:/opt/ros/jazzy/opt/gz_sensors_vendor:/opt/ros/jazzy/opt/gz_physics_vendor:/opt/ros/jazzy/opt/sdformat_vendor:/opt/ros/jazzy/opt/gz_gui_vendor:/opt/ros/jazzy/opt/gz_transport_vendor:/opt/ros/jazzy/opt/gz_rendering_vendor:/opt/ros/jazzy/opt/gz_plugin_vendor:/opt/ros/jazzy/opt/gz_fuel_tools_vendor:/opt/ros/jazzy/opt/gz_msgs_vendor:/opt/ros/jazzy/opt/gz_common_vendor:/opt/ros/jazzy/opt/gz_math_vendor:/opt/ros/jazzy/opt/gz_utils_vendor:/opt/ros/jazzy/opt/gz_tools_vendor:/opt/ros/jazzy/opt/gz_ogre_next_vendor:/opt/ros/jazzy/opt/gz_dartsim_vendor:/opt/ros/jazzy/opt/gz_cmake_vendor:/home/rudolfs/ros2_ws/install/tb4_nav_to_pose:/home/rudolfs/ros2_ws/install/cmd_vel_tracker:/home/rudolfs/ros2_ws/install/battery_logger:/home/rudolfs/testing_ws/turtlebot4_ws/install/turtlebot4_python_tutorials:/home/rudolfs/testing_ws/install/turtlebot4_python_tutorials:/home/rudolfs/testing_ws/ros2_ws/install/battery_logger:/opt/ros/jazzy DEBUGINFOD_URLS=https://debuginfod.ubuntu.com LD_LIBRARY_PATH=/home/rudolfs/ros2_ws/install/nav2_graceful_controller/lib:/home/rudolfs/ros2_ws/install/nav2_controller/lib:/home/rudolfs/ros2_ws/install/nav2_costmap_2d/lib:/home/rudolfs/ros2_ws/install/nav_2d_utils/lib:/home/rudolfs/ros2_ws/install/nav2_map_server/lib:/home/rudolfs/ros2_ws/install/nav2_lifecycle_manager/lib:/home/rudolfs/ros2_ws/install/nav2_behavior_tree/lib:/home/rudolfs/ros2_ws/install/nav2_util/lib:/home/rudolfs/ros2_ws/install/nav2_voxel_grid/lib:/home/rudolfs/ros2_ws/install/nav2_msgs/lib:/home/rudolfs/ros2_ws/install/nav_2d_msgs/lib:${LD_LIBRARY_PATH} PYTHONPATH=/home/rudolfs/ros2_ws/install/nav2_msgs/lib/python3.12/site-packages:/home/rudolfs/ros2_ws/install/nav_2d_msgs/lib/python3.12/site-packages:/home/rudolfs/ros2_ws/install/nav2_common/lib/python3.12/site-packages:${PYTHONPATH} /usr/bin/cmake /home/rudolfs/ros2_ws/src/navigation2/nav2_docking/opennav_docking -DAMENT_CMAKE_SYMLINK_INSTALL=1 -DCMAKE_INSTALL_PREFIX=/home/rudolfs/ros2_ws/install/opennav_docking
[4.689s] Invoking command in '/home/rudolfs/ros2_ws/build/opennav_docking': AMENT_PREFIX_PATH=/home/rudolfs/ros2_ws/install/nav2_graceful_controller:/home/rudolfs/ros2_ws/install/nav2_controller:/home/rudolfs/ros2_ws/install/nav2_core:/home/rudolfs/ros2_ws/install/nav2_costmap_2d:/home/rudolfs/ros2_ws/install/opennav_docking_core:/home/rudolfs/ros2_ws/install/nav_2d_utils:/home/rudolfs/ros2_ws/install/nav2_map_server:/home/rudolfs/ros2_ws/install/nav2_lifecycle_manager:/home/rudolfs/ros2_ws/install/nav2_behavior_tree:/home/rudolfs/ros2_ws/install/nav2_util:/home/rudolfs/ros2_ws/install/nav2_voxel_grid:/home/rudolfs/ros2_ws/install/nav2_msgs:/home/rudolfs/ros2_ws/install/nav_2d_msgs:/home/rudolfs/ros2_ws/install/nav2_common:${AMENT_PREFIX_PATH} CMAKE_PREFIX_PATH=/home/rudolfs/ros2_ws/install/nav2_graceful_controller:/home/rudolfs/ros2_ws/install/nav2_controller:/home/rudolfs/ros2_ws/install/nav2_core:/home/rudolfs/ros2_ws/install/nav2_costmap_2d:/home/rudolfs/ros2_ws/install/opennav_docking_core:/home/rudolfs/ros2_ws/install/nav_2d_utils:/home/rudolfs/ros2_ws/install/nav2_map_server:/home/rudolfs/ros2_ws/install/nav2_lifecycle_manager:/home/rudolfs/ros2_ws/install/nav2_behavior_tree:/home/rudolfs/ros2_ws/install/nav2_util:/home/rudolfs/ros2_ws/install/nav2_voxel_grid:/home/rudolfs/ros2_ws/install/nav2_msgs:/home/rudolfs/ros2_ws/install/nav_2d_msgs:/home/rudolfs/ros2_ws/install/nav2_common:/opt/ros/jazzy/opt/gz_sim_vendor:/opt/ros/jazzy/opt/gz_sensors_vendor:/opt/ros/jazzy/opt/gz_physics_vendor:/opt/ros/jazzy/opt/sdformat_vendor:/opt/ros/jazzy/opt/gz_gui_vendor:/opt/ros/jazzy/opt/gz_transport_vendor:/opt/ros/jazzy/opt/gz_rendering_vendor:/opt/ros/jazzy/opt/gz_plugin_vendor:/opt/ros/jazzy/opt/gz_fuel_tools_vendor:/opt/ros/jazzy/opt/gz_msgs_vendor:/opt/ros/jazzy/opt/gz_common_vendor:/opt/ros/jazzy/opt/gz_math_vendor:/opt/ros/jazzy/opt/gz_utils_vendor:/opt/ros/jazzy/opt/gz_tools_vendor:/opt/ros/jazzy/opt/gz_ogre_next_vendor:/opt/ros/jazzy/opt/gz_dartsim_vendor:/opt/ros/jazzy/opt/gz_cmake_vendor:/home/rudolfs/ros2_ws/install/tb4_nav_to_pose:/home/rudolfs/ros2_ws/install/cmd_vel_tracker:/home/rudolfs/ros2_ws/install/battery_logger:/home/rudolfs/testing_ws/turtlebot4_ws/install/turtlebot4_python_tutorials:/home/rudolfs/testing_ws/install/turtlebot4_python_tutorials:/home/rudolfs/testing_ws/ros2_ws/install/battery_logger:/opt/ros/jazzy DEBUGINFOD_URLS=https://debuginfod.ubuntu.com LD_LIBRARY_PATH=/home/rudolfs/ros2_ws/install/nav2_graceful_controller/lib:/home/rudolfs/ros2_ws/install/nav2_controller/lib:/home/rudolfs/ros2_ws/install/nav2_costmap_2d/lib:/home/rudolfs/ros2_ws/install/nav_2d_utils/lib:/home/rudolfs/ros2_ws/install/nav2_map_server/lib:/home/rudolfs/ros2_ws/install/nav2_lifecycle_manager/lib:/home/rudolfs/ros2_ws/install/nav2_behavior_tree/lib:/home/rudolfs/ros2_ws/install/nav2_util/lib:/home/rudolfs/ros2_ws/install/nav2_voxel_grid/lib:/home/rudolfs/ros2_ws/install/nav2_msgs/lib:/home/rudolfs/ros2_ws/install/nav_2d_msgs/lib:${LD_LIBRARY_PATH} PYTHONPATH=/home/rudolfs/ros2_ws/install/nav2_msgs/lib/python3.12/site-packages:/home/rudolfs/ros2_ws/install/nav_2d_msgs/lib/python3.12/site-packages:/home/rudolfs/ros2_ws/install/nav2_common/lib/python3.12/site-packages:${PYTHONPATH} /usr/bin/cmake --build /home/rudolfs/ros2_ws/build/opennav_docking -- -j6 -l6
[4.871s] [  2%] [32mBuilding CXX object CMakeFiles/controller.dir/src/controller.cpp.o[0m
[10.203s] [  5%] [32m[1mLinking CXX shared library libcontroller.so[0m
[10.626s] [  5%] Built target controller
[10.652s] [  8%] [32mBuilding CXX object test/CMakeFiles/test_dock.dir/testing_dock.cpp.o[0m
[13.825s] [ 11%] [32m[1mLinking CXX shared library libtest_dock.so[0m
[14.136s] [ 11%] Built target test_dock
[14.159s] [ 13%] [32mBuilding CXX object CMakeFiles/opennav_docking_core.dir/src/docking_server.cpp.o[0m
[24.120s] [ 16%] [32mBuilding CXX object CMakeFiles/opennav_docking_core.dir/src/navigator.cpp.o[0m
[29.565s] [ 19%] [32mBuilding CXX object CMakeFiles/opennav_docking_core.dir/src/dock_database.cpp.o[0m
[41.431s] [ 22%] [32m[1mLinking CXX shared library libopennav_docking_core.so[0m
[49.093s] [ 22%] Built target opennav_docking_core
[49.156s] [ 25%] [32mBuilding CXX object gtest/CMakeFiles/gtest.dir/src/gtest-all.cc.o[0m
[54.160s] [ 27%] [32m[1mLinking CXX static library libgtest.a[0m
[54.223s] [ 27%] Built target gtest
[54.247s] [ 30%] [32mBuilding CXX object CMakeFiles/opennav_docking.dir/src/main.cpp.o[0m
[60.308s] [ 33%] [32m[1mLinking CXX executable opennav_docking[0m
[61.944s] [ 33%] Built target opennav_docking
[61.964s] [ 36%] [32mBuilding CXX object gtest/CMakeFiles/gtest_main.dir/src/gtest_main.cc.o[0m
[62.722s] [ 38%] [32m[1mLinking CXX static library libgtest_main.a[0m
[62.755s] [ 38%] Built target gtest_main
[62.777s] [ 41%] [32mBuilding CXX object CMakeFiles/pose_filter.dir/src/pose_filter.cpp.o[0m
[65.550s] [ 44%] [32m[1mLinking CXX shared library libpose_filter.so[0m
[65.872s] [ 44%] Built target pose_filter
[65.894s] [ 47%] [32mBuilding CXX object test/CMakeFiles/test_docking_server_unit.dir/test_docking_server_unit.cpp.o[0m
[73.649s] [ 50%] [32m[1mLinking CXX executable test_docking_server_unit[0m
[75.898s] [ 50%] Built target test_docking_server_unit
[75.919s] [ 52%] [32mBuilding CXX object CMakeFiles/simple_charging_dock.dir/src/simple_charging_dock.cpp.o[0m
[87.946s] [ 55%] [32mBuilding CXX object CMakeFiles/simple_non_charging_dock.dir/src/simple_non_charging_dock.cpp.o[0m
[88.513s] [ 58%] [32m[1mLinking CXX shared library libsimple_charging_dock.so[0m
[90.004s] [ 61%] [32mBuilding CXX object test/CMakeFiles/test_controller.dir/test_controller.cpp.o[0m
[91.042s] [ 63%] [32mBuilding CXX object test/CMakeFiles/test_navigator.dir/test_navigator.cpp.o[0m
[91.485s] [ 63%] Built target simple_charging_dock
[91.533s] [ 66%] [32mBuilding CXX object test/CMakeFiles/test_dock_database.dir/test_dock_database.cpp.o[0m
[100.399s] [ 69%] [32m[1mLinking CXX executable test_dock_database[0m
[101.327s] [ 72%] [32m[1mLinking CXX executable test_controller[0m
[103.625s] [ 75%] [32m[1mLinking CXX executable test_navigator[0m
[104.333s] [ 75%] Built target test_dock_database
[104.924s] [ 75%] Built target test_controller
[106.555s] [ 77%] [32m[1mLinking CXX shared library libsimple_non_charging_dock.so[0m
[107.280s] [ 77%] Built target test_navigator
[108.567s] [ 77%] Built target simple_non_charging_dock
[108.592s] [ 80%] [32mBuilding CXX object test/CMakeFiles/test_simple_charging_dock.dir/test_simple_charging_dock.cpp.o[0m
[115.585s] [ 83%] [32m[1mLinking CXX executable test_simple_charging_dock[0m
[117.092s] [ 83%] Built target test_simple_charging_dock
[117.113s] [ 86%] [32mBuilding CXX object test/CMakeFiles/test_simple_non_charging_dock.dir/test_simple_non_charging_dock.cpp.o[0m
[122.882s] [ 88%] [32m[1mLinking CXX executable test_simple_non_charging_dock[0m
[123.802s] [ 88%] Built target test_simple_non_charging_dock
[123.824s] [ 91%] [32mBuilding CXX object test/CMakeFiles/test_pose_filter.dir/test_pose_filter.cpp.o[0m
[126.899s] [ 94%] [32m[1mLinking CXX executable test_pose_filter[0m
[127.474s] [ 94%] Built target test_pose_filter
[127.498s] [ 97%] [32mBuilding CXX object test/CMakeFiles/test_utils.dir/test_utils.cpp.o[0m
[132.114s] [100%] [32m[1mLinking CXX executable test_utils[0m
[132.710s] [100%] Built target test_utils
[132.721s] Invoked command in '/home/rudolfs/ros2_ws/build/opennav_docking' returned '0': AMENT_PREFIX_PATH=/home/rudolfs/ros2_ws/install/nav2_graceful_controller:/home/rudolfs/ros2_ws/install/nav2_controller:/home/rudolfs/ros2_ws/install/nav2_core:/home/rudolfs/ros2_ws/install/nav2_costmap_2d:/home/rudolfs/ros2_ws/install/opennav_docking_core:/home/rudolfs/ros2_ws/install/nav_2d_utils:/home/rudolfs/ros2_ws/install/nav2_map_server:/home/rudolfs/ros2_ws/install/nav2_lifecycle_manager:/home/rudolfs/ros2_ws/install/nav2_behavior_tree:/home/rudolfs/ros2_ws/install/nav2_util:/home/rudolfs/ros2_ws/install/nav2_voxel_grid:/home/rudolfs/ros2_ws/install/nav2_msgs:/home/rudolfs/ros2_ws/install/nav_2d_msgs:/home/rudolfs/ros2_ws/install/nav2_common:${AMENT_PREFIX_PATH} CMAKE_PREFIX_PATH=/home/rudolfs/ros2_ws/install/nav2_graceful_controller:/home/rudolfs/ros2_ws/install/nav2_controller:/home/rudolfs/ros2_ws/install/nav2_core:/home/rudolfs/ros2_ws/install/nav2_costmap_2d:/home/rudolfs/ros2_ws/install/opennav_docking_core:/home/rudolfs/ros2_ws/install/nav_2d_utils:/home/rudolfs/ros2_ws/install/nav2_map_server:/home/rudolfs/ros2_ws/install/nav2_lifecycle_manager:/home/rudolfs/ros2_ws/install/nav2_behavior_tree:/home/rudolfs/ros2_ws/install/nav2_util:/home/rudolfs/ros2_ws/install/nav2_voxel_grid:/home/rudolfs/ros2_ws/install/nav2_msgs:/home/rudolfs/ros2_ws/install/nav_2d_msgs:/home/rudolfs/ros2_ws/install/nav2_common:/opt/ros/jazzy/opt/gz_sim_vendor:/opt/ros/jazzy/opt/gz_sensors_vendor:/opt/ros/jazzy/opt/gz_physics_vendor:/opt/ros/jazzy/opt/sdformat_vendor:/opt/ros/jazzy/opt/gz_gui_vendor:/opt/ros/jazzy/opt/gz_transport_vendor:/opt/ros/jazzy/opt/gz_rendering_vendor:/opt/ros/jazzy/opt/gz_plugin_vendor:/opt/ros/jazzy/opt/gz_fuel_tools_vendor:/opt/ros/jazzy/opt/gz_msgs_vendor:/opt/ros/jazzy/opt/gz_common_vendor:/opt/ros/jazzy/opt/gz_math_vendor:/opt/ros/jazzy/opt/gz_utils_vendor:/opt/ros/jazzy/opt/gz_tools_vendor:/opt/ros/jazzy/opt/gz_ogre_next_vendor:/opt/ros/jazzy/opt/gz_dartsim_vendor:/opt/ros/jazzy/opt/gz_cmake_vendor:/home/rudolfs/ros2_ws/install/tb4_nav_to_pose:/home/rudolfs/ros2_ws/install/cmd_vel_tracker:/home/rudolfs/ros2_ws/install/battery_logger:/home/rudolfs/testing_ws/turtlebot4_ws/install/turtlebot4_python_tutorials:/home/rudolfs/testing_ws/install/turtlebot4_python_tutorials:/home/rudolfs/testing_ws/ros2_ws/install/battery_logger:/opt/ros/jazzy DEBUGINFOD_URLS=https://debuginfod.ubuntu.com LD_LIBRARY_PATH=/home/rudolfs/ros2_ws/install/nav2_graceful_controller/lib:/home/rudolfs/ros2_ws/install/nav2_controller/lib:/home/rudolfs/ros2_ws/install/nav2_costmap_2d/lib:/home/rudolfs/ros2_ws/install/nav_2d_utils/lib:/home/rudolfs/ros2_ws/install/nav2_map_server/lib:/home/rudolfs/ros2_ws/install/nav2_lifecycle_manager/lib:/home/rudolfs/ros2_ws/install/nav2_behavior_tree/lib:/home/rudolfs/ros2_ws/install/nav2_util/lib:/home/rudolfs/ros2_ws/install/nav2_voxel_grid/lib:/home/rudolfs/ros2_ws/install/nav2_msgs/lib:/home/rudolfs/ros2_ws/install/nav_2d_msgs/lib:${LD_LIBRARY_PATH} PYTHONPATH=/home/rudolfs/ros2_ws/install/nav2_msgs/lib/python3.12/site-packages:/home/rudolfs/ros2_ws/install/nav_2d_msgs/lib/python3.12/site-packages:/home/rudolfs/ros2_ws/install/nav2_common/lib/python3.12/site-packages:${PYTHONPATH} /usr/bin/cmake --build /home/rudolfs/ros2_ws/build/opennav_docking -- -j6 -l6
[132.723s] Invoking command in '/home/rudolfs/ros2_ws/build/opennav_docking': AMENT_PREFIX_PATH=/home/rudolfs/ros2_ws/install/nav2_graceful_controller:/home/rudolfs/ros2_ws/install/nav2_controller:/home/rudolfs/ros2_ws/install/nav2_core:/home/rudolfs/ros2_ws/install/nav2_costmap_2d:/home/rudolfs/ros2_ws/install/opennav_docking_core:/home/rudolfs/ros2_ws/install/nav_2d_utils:/home/rudolfs/ros2_ws/install/nav2_map_server:/home/rudolfs/ros2_ws/install/nav2_lifecycle_manager:/home/rudolfs/ros2_ws/install/nav2_behavior_tree:/home/rudolfs/ros2_ws/install/nav2_util:/home/rudolfs/ros2_ws/install/nav2_voxel_grid:/home/rudolfs/ros2_ws/install/nav2_msgs:/home/rudolfs/ros2_ws/install/nav_2d_msgs:/home/rudolfs/ros2_ws/install/nav2_common:${AMENT_PREFIX_PATH} CMAKE_PREFIX_PATH=/home/rudolfs/ros2_ws/install/nav2_graceful_controller:/home/rudolfs/ros2_ws/install/nav2_controller:/home/rudolfs/ros2_ws/install/nav2_core:/home/rudolfs/ros2_ws/install/nav2_costmap_2d:/home/rudolfs/ros2_ws/install/opennav_docking_core:/home/rudolfs/ros2_ws/install/nav_2d_utils:/home/rudolfs/ros2_ws/install/nav2_map_server:/home/rudolfs/ros2_ws/install/nav2_lifecycle_manager:/home/rudolfs/ros2_ws/install/nav2_behavior_tree:/home/rudolfs/ros2_ws/install/nav2_util:/home/rudolfs/ros2_ws/install/nav2_voxel_grid:/home/rudolfs/ros2_ws/install/nav2_msgs:/home/rudolfs/ros2_ws/install/nav_2d_msgs:/home/rudolfs/ros2_ws/install/nav2_common:/opt/ros/jazzy/opt/gz_sim_vendor:/opt/ros/jazzy/opt/gz_sensors_vendor:/opt/ros/jazzy/opt/gz_physics_vendor:/opt/ros/jazzy/opt/sdformat_vendor:/opt/ros/jazzy/opt/gz_gui_vendor:/opt/ros/jazzy/opt/gz_transport_vendor:/opt/ros/jazzy/opt/gz_rendering_vendor:/opt/ros/jazzy/opt/gz_plugin_vendor:/opt/ros/jazzy/opt/gz_fuel_tools_vendor:/opt/ros/jazzy/opt/gz_msgs_vendor:/opt/ros/jazzy/opt/gz_common_vendor:/opt/ros/jazzy/opt/gz_math_vendor:/opt/ros/jazzy/opt/gz_utils_vendor:/opt/ros/jazzy/opt/gz_tools_vendor:/opt/ros/jazzy/opt/gz_ogre_next_vendor:/opt/ros/jazzy/opt/gz_dartsim_vendor:/opt/ros/jazzy/opt/gz_cmake_vendor:/home/rudolfs/ros2_ws/install/tb4_nav_to_pose:/home/rudolfs/ros2_ws/install/cmd_vel_tracker:/home/rudolfs/ros2_ws/install/battery_logger:/home/rudolfs/testing_ws/turtlebot4_ws/install/turtlebot4_python_tutorials:/home/rudolfs/testing_ws/install/turtlebot4_python_tutorials:/home/rudolfs/testing_ws/ros2_ws/install/battery_logger:/opt/ros/jazzy DEBUGINFOD_URLS=https://debuginfod.ubuntu.com LD_LIBRARY_PATH=/home/rudolfs/ros2_ws/install/nav2_graceful_controller/lib:/home/rudolfs/ros2_ws/install/nav2_controller/lib:/home/rudolfs/ros2_ws/install/nav2_costmap_2d/lib:/home/rudolfs/ros2_ws/install/nav_2d_utils/lib:/home/rudolfs/ros2_ws/install/nav2_map_server/lib:/home/rudolfs/ros2_ws/install/nav2_lifecycle_manager/lib:/home/rudolfs/ros2_ws/install/nav2_behavior_tree/lib:/home/rudolfs/ros2_ws/install/nav2_util/lib:/home/rudolfs/ros2_ws/install/nav2_voxel_grid/lib:/home/rudolfs/ros2_ws/install/nav2_msgs/lib:/home/rudolfs/ros2_ws/install/nav_2d_msgs/lib:${LD_LIBRARY_PATH} PYTHONPATH=/home/rudolfs/ros2_ws/install/nav2_msgs/lib/python3.12/site-packages:/home/rudolfs/ros2_ws/install/nav_2d_msgs/lib/python3.12/site-packages:/home/rudolfs/ros2_ws/install/nav2_common/lib/python3.12/site-packages:${PYTHONPATH} /usr/bin/cmake --install /home/rudolfs/ros2_ws/build/opennav_docking
[132.730s] -- Install configuration: ""
[132.731s] -- Execute custom install script
[132.731s] -- Symlinking: /home/rudolfs/ros2_ws/install/opennav_docking/share/opennav_docking//plugins.xml
[132.740s] -- Symlinking: /home/rudolfs/ros2_ws/install/opennav_docking/lib/opennav_docking/opennav_docking
[132.749s] -- Symlinking: /home/rudolfs/ros2_ws/install/opennav_docking/include//opennav_docking/controller.hpp
[132.758s] -- Symlinking: /home/rudolfs/ros2_ws/install/opennav_docking/include//opennav_docking/dock_database.hpp
[132.766s] -- Symlinking: /home/rudolfs/ros2_ws/install/opennav_docking/include//opennav_docking/docking_server.hpp
[132.775s] -- Symlinking: /home/rudolfs/ros2_ws/install/opennav_docking/include//opennav_docking/navigator.hpp
[132.783s] -- Symlinking: /home/rudolfs/ros2_ws/install/opennav_docking/include//opennav_docking/pose_filter.hpp
[132.792s] -- Symlinking: /home/rudolfs/ros2_ws/install/opennav_docking/include//opennav_docking/simple_charging_dock.hpp
[132.800s] -- Symlinking: /home/rudolfs/ros2_ws/install/opennav_docking/include//opennav_docking/simple_non_charging_dock.hpp
[132.809s] -- Symlinking: /home/rudolfs/ros2_ws/install/opennav_docking/include//opennav_docking/types.hpp
[132.817s] -- Symlinking: /home/rudolfs/ros2_ws/install/opennav_docking/include//opennav_docking/utils.hpp
[132.826s] -- Symlinking: /home/rudolfs/ros2_ws/install/opennav_docking/share/opennav_docking//test_dock_file.yaml
[132.834s] -- Symlinking: /home/rudolfs/ros2_ws/install/opennav_docking/lib/libtest_dock.so
[132.843s] -- Symlinking: /home/rudolfs/ros2_ws/install/opennav_docking/share/opennav_docking/environment/library_path.sh
[132.851s] -- Symlinking: /home/rudolfs/ros2_ws/install/opennav_docking/share/opennav_docking/environment/library_path.dsv
[132.859s] -- Up-to-date symlink: /home/rudolfs/ros2_ws/install/opennav_docking/share/opennav_docking/environment/library_path.sh
[132.860s] -- Symlinking: /home/rudolfs/ros2_ws/install/opennav_docking/share/opennav_docking/environment/library_path.dsv
[132.868s] -- Symlinking: /home/rudolfs/ros2_ws/install/opennav_docking/share/ament_index/resource_index/package_run_dependencies/opennav_docking
[132.877s] -- Symlinking: /home/rudolfs/ros2_ws/install/opennav_docking/share/ament_index/resource_index/parent_prefix_path/opennav_docking
[132.885s] -- Symlinking: /home/rudolfs/ros2_ws/install/opennav_docking/share/opennav_docking/environment/ament_prefix_path.sh
[132.893s] -- Symlinking: /home/rudolfs/ros2_ws/install/opennav_docking/share/opennav_docking/environment/ament_prefix_path.dsv
[132.902s] -- Symlinking: /home/rudolfs/ros2_ws/install/opennav_docking/share/opennav_docking/environment/path.sh
[132.910s] -- Symlinking: /home/rudolfs/ros2_ws/install/opennav_docking/share/opennav_docking/environment/path.dsv
[132.919s] -- Symlinking: /home/rudolfs/ros2_ws/install/opennav_docking/share/opennav_docking/local_setup.bash
[132.928s] -- Symlinking: /home/rudolfs/ros2_ws/install/opennav_docking/share/opennav_docking/local_setup.sh
[132.939s] -- Symlinking: /home/rudolfs/ros2_ws/install/opennav_docking/share/opennav_docking/local_setup.zsh
[132.949s] -- Symlinking: /home/rudolfs/ros2_ws/install/opennav_docking/share/opennav_docking/local_setup.dsv
[132.958s] -- Symlinking: /home/rudolfs/ros2_ws/install/opennav_docking/share/opennav_docking/package.dsv
[132.968s] -- Symlinking: /home/rudolfs/ros2_ws/install/opennav_docking/share/ament_index/resource_index/packages/opennav_docking
[132.977s] -- Symlinking: /home/rudolfs/ros2_ws/install/opennav_docking/share/ament_index/resource_index/opennav_docking_core__pluginlib__plugin/opennav_docking
[132.987s] -- Symlinking: /home/rudolfs/ros2_ws/install/opennav_docking/share/ament_index/resource_index/rclcpp_components/opennav_docking
[132.996s] -- Symlinking: /home/rudolfs/ros2_ws/install/opennav_docking/share/opennav_docking/cmake/ament_cmake_export_include_directories-extras.cmake
[133.006s] -- Symlinking: /home/rudolfs/ros2_ws/install/opennav_docking/share/opennav_docking/cmake/ament_cmake_export_libraries-extras.cmake
[133.014s] -- Symlinking: /home/rudolfs/ros2_ws/install/opennav_docking/share/opennav_docking/cmake/ament_cmake_export_dependencies-extras.cmake
[133.023s] -- Symlinking: /home/rudolfs/ros2_ws/install/opennav_docking/share/opennav_docking/cmake/opennav_dockingConfig.cmake
[133.032s] -- Symlinking: /home/rudolfs/ros2_ws/install/opennav_docking/share/opennav_docking/cmake/opennav_dockingConfig-version.cmake
[133.041s] -- Symlinking: /home/rudolfs/ros2_ws/install/opennav_docking/share/opennav_docking/package.xml
[133.052s] -- Installing: /home/rudolfs/ros2_ws/install/opennav_docking/lib/libopennav_docking_core.so
[133.056s] -- Set non-toolchain portion of runtime path of "/home/rudolfs/ros2_ws/install/opennav_docking/lib/libopennav_docking_core.so" to ""
[133.056s] -- Installing: /home/rudolfs/ros2_ws/install/opennav_docking/lib/libcontroller.so
[133.057s] -- Set non-toolchain portion of runtime path of "/home/rudolfs/ros2_ws/install/opennav_docking/lib/libcontroller.so" to ""
[133.057s] -- Installing: /home/rudolfs/ros2_ws/install/opennav_docking/lib/libpose_filter.so
[133.057s] -- Set non-toolchain portion of runtime path of "/home/rudolfs/ros2_ws/install/opennav_docking/lib/libpose_filter.so" to ""
[133.057s] -- Installing: /home/rudolfs/ros2_ws/install/opennav_docking/lib/libsimple_charging_dock.so
[133.065s] -- Set non-toolchain portion of runtime path of "/home/rudolfs/ros2_ws/install/opennav_docking/lib/libsimple_charging_dock.so" to ""
[133.065s] -- Installing: /home/rudolfs/ros2_ws/install/opennav_docking/lib/libsimple_non_charging_dock.so
[133.071s] -- Set non-toolchain portion of runtime path of "/home/rudolfs/ros2_ws/install/opennav_docking/lib/libsimple_non_charging_dock.so" to ""
[133.075s] Invoked command in '/home/rudolfs/ros2_ws/build/opennav_docking' returned '0': AMENT_PREFIX_PATH=/home/rudolfs/ros2_ws/install/nav2_graceful_controller:/home/rudolfs/ros2_ws/install/nav2_controller:/home/rudolfs/ros2_ws/install/nav2_core:/home/rudolfs/ros2_ws/install/nav2_costmap_2d:/home/rudolfs/ros2_ws/install/opennav_docking_core:/home/rudolfs/ros2_ws/install/nav_2d_utils:/home/rudolfs/ros2_ws/install/nav2_map_server:/home/rudolfs/ros2_ws/install/nav2_lifecycle_manager:/home/rudolfs/ros2_ws/install/nav2_behavior_tree:/home/rudolfs/ros2_ws/install/nav2_util:/home/rudolfs/ros2_ws/install/nav2_voxel_grid:/home/rudolfs/ros2_ws/install/nav2_msgs:/home/rudolfs/ros2_ws/install/nav_2d_msgs:/home/rudolfs/ros2_ws/install/nav2_common:${AMENT_PREFIX_PATH} CMAKE_PREFIX_PATH=/home/rudolfs/ros2_ws/install/nav2_graceful_controller:/home/rudolfs/ros2_ws/install/nav2_controller:/home/rudolfs/ros2_ws/install/nav2_core:/home/rudolfs/ros2_ws/install/nav2_costmap_2d:/home/rudolfs/ros2_ws/install/opennav_docking_core:/home/rudolfs/ros2_ws/install/nav_2d_utils:/home/rudolfs/ros2_ws/install/nav2_map_server:/home/rudolfs/ros2_ws/install/nav2_lifecycle_manager:/home/rudolfs/ros2_ws/install/nav2_behavior_tree:/home/rudolfs/ros2_ws/install/nav2_util:/home/rudolfs/ros2_ws/install/nav2_voxel_grid:/home/rudolfs/ros2_ws/install/nav2_msgs:/home/rudolfs/ros2_ws/install/nav_2d_msgs:/home/rudolfs/ros2_ws/install/nav2_common:/opt/ros/jazzy/opt/gz_sim_vendor:/opt/ros/jazzy/opt/gz_sensors_vendor:/opt/ros/jazzy/opt/gz_physics_vendor:/opt/ros/jazzy/opt/sdformat_vendor:/opt/ros/jazzy/opt/gz_gui_vendor:/opt/ros/jazzy/opt/gz_transport_vendor:/opt/ros/jazzy/opt/gz_rendering_vendor:/opt/ros/jazzy/opt/gz_plugin_vendor:/opt/ros/jazzy/opt/gz_fuel_tools_vendor:/opt/ros/jazzy/opt/gz_msgs_vendor:/opt/ros/jazzy/opt/gz_common_vendor:/opt/ros/jazzy/opt/gz_math_vendor:/opt/ros/jazzy/opt/gz_utils_vendor:/opt/ros/jazzy/opt/gz_tools_vendor:/opt/ros/jazzy/opt/gz_ogre_next_vendor:/opt/ros/jazzy/opt/gz_dartsim_vendor:/opt/ros/jazzy/opt/gz_cmake_vendor:/home/rudolfs/ros2_ws/install/tb4_nav_to_pose:/home/rudolfs/ros2_ws/install/cmd_vel_tracker:/home/rudolfs/ros2_ws/install/battery_logger:/home/rudolfs/testing_ws/turtlebot4_ws/install/turtlebot4_python_tutorials:/home/rudolfs/testing_ws/install/turtlebot4_python_tutorials:/home/rudolfs/testing_ws/ros2_ws/install/battery_logger:/opt/ros/jazzy DEBUGINFOD_URLS=https://debuginfod.ubuntu.com LD_LIBRARY_PATH=/home/rudolfs/ros2_ws/install/nav2_graceful_controller/lib:/home/rudolfs/ros2_ws/install/nav2_controller/lib:/home/rudolfs/ros2_ws/install/nav2_costmap_2d/lib:/home/rudolfs/ros2_ws/install/nav_2d_utils/lib:/home/rudolfs/ros2_ws/install/nav2_map_server/lib:/home/rudolfs/ros2_ws/install/nav2_lifecycle_manager/lib:/home/rudolfs/ros2_ws/install/nav2_behavior_tree/lib:/home/rudolfs/ros2_ws/install/nav2_util/lib:/home/rudolfs/ros2_ws/install/nav2_voxel_grid/lib:/home/rudolfs/ros2_ws/install/nav2_msgs/lib:/home/rudolfs/ros2_ws/install/nav_2d_msgs/lib:${LD_LIBRARY_PATH} PYTHONPATH=/home/rudolfs/ros2_ws/install/nav2_msgs/lib/python3.12/site-packages:/home/rudolfs/ros2_ws/install/nav_2d_msgs/lib/python3.12/site-packages:/home/rudolfs/ros2_ws/install/nav2_common/lib/python3.12/site-packages:${PYTHONPATH} /usr/bin/cmake --install /home/rudolfs/ros2_ws/build/opennav_docking
