-- Found ament_cmake: 2.5.4 (/opt/ros/jazzy/share/ament_cmake/cmake)
-- Override CMake install command with custom implementation using symlinks instead of copying resources
-- Found rclcpp: 28.1.9 (/opt/ros/jazzy/share/rclcpp/cmake)
-- Found rosidl_generator_c: 4.6.5 (/opt/ros/jazzy/share/rosidl_generator_c/cmake)
-- Found rosidl_generator_cpp: 4.6.5 (/opt/ros/jazzy/share/rosidl_generator_cpp/cmake)
-- Using all available rosidl_typesupport_c: rosidl_typesupport_fastrtps_c;rosidl_typesupport_introspection_c
-- Using all available rosidl_typesupport_cpp: rosidl_typesupport_fastrtps_cpp;rosidl_typesupport_introspection_cpp
-- Found rmw_implementation_cmake: 7.3.2 (/opt/ros/jazzy/share/rmw_implementation_cmake/cmake)
-- Found rmw_fastrtps_cpp: 8.4.2 (/opt/ros/jazzy/share/rmw_fastrtps_cpp/cmake)
-- Using RMW implementation 'rmw_fastrtps_cpp' as default
-- Found nav2_common: 1.3.7 (/home/rudolfs/ros2_ws/install/nav2_common/share/nav2_common/cmake)
-- Found pluginlib: 5.4.2 (/opt/ros/jazzy/share/pluginlib/cmake)
-- Found tf2: 0.36.11 (/opt/ros/jazzy/share/tf2/cmake)
-- Found visualization_msgs: 5.3.6 (/opt/ros/jazzy/share/visualization_msgs/cmake)
-- Found nav_msgs: 5.3.6 (/opt/ros/jazzy/share/nav_msgs/cmake)
-- Found nav2_core: 1.3.7 (/home/rudolfs/ros2_ws/install/nav2_core/share/nav2_core/cmake)
-- Found eigen3_cmake_module: 0.3.0 (/opt/ros/jazzy/share/eigen3_cmake_module/cmake)
-- Ensuring Eigen3 include directory is part of orocos-kdl CMake target
-- Found tf2_eigen: 0.36.11 (/opt/ros/jazzy/share/tf2_eigen/cmake)
-- Found ament_lint_auto: 0.17.2 (/opt/ros/jazzy/share/ament_lint_auto/cmake)
-- Found ament_cmake_gtest: 2.5.4 (/opt/ros/jazzy/share/ament_cmake_gtest/cmake)
-- Found gtest sources under '/opt/ros/jazzy/src/gtest_vendor': C++ tests using 'Google Test' will be built
-- Added test 'cppcheck' to perform static code analysis on C / C++ code
-- Configured cppcheck include dirs: /home/rudolfs/ros2_ws/src/navigation2/nav2_mppi_controller/include
-- Configured cppcheck exclude dirs and/or files: 
-- Added test 'cpplint' to check C / C++ code against the Google style
-- Configured cpplint exclude dirs and/or files: 
-- Added test 'lint_cmake' to check CMake code style
-- Added test 'uncrustify' to check C / C++ code style
-- Configured uncrustify additional arguments: 
-- Added test 'xmllint' to check XML markup files
-- Configuring done (7.3s)
-- Generating done (1.8s)
-- Build files have been written to: /home/rudolfs/ros2_ws/build/nav2_mppi_controller
[  2%] [32mBuilding CXX object CMakeFiles/mppi_controller.dir/src/controller.cpp.o[0m
[  4%] [32mBuilding CXX object CMakeFiles/mppi_controller.dir/src/critic_manager.cpp.o[0m
[  6%] [32mBuilding CXX object CMakeFiles/mppi_controller.dir/src/trajectory_visualizer.cpp.o[0m
[  8%] [32mBuilding CXX object CMakeFiles/mppi_controller.dir/src/path_handler.cpp.o[0m
[ 10%] [32mBuilding CXX object CMakeFiles/mppi_controller.dir/src/parameters_handler.cpp.o[0m
[ 12%] [32mBuilding CXX object CMakeFiles/mppi_controller.dir/src/noise_generator.cpp.o[0m
[ 14%] [32mBuilding CXX object CMakeFiles/mppi_controller.dir/src/optimizer.cpp.o[0m
[ 16%] [32m[1mLinking CXX shared library libmppi_controller.so[0m
[ 16%] Built target mppi_controller
[ 18%] [32mBuilding CXX object gtest/CMakeFiles/gtest.dir/src/gtest-all.cc.o[0m
[ 20%] [32m[1mLinking CXX static library libgtest.a[0m
[ 20%] Built target gtest
[ 22%] [32mBuilding CXX object gtest/CMakeFiles/gtest_main.dir/src/gtest_main.cc.o[0m
[ 25%] [32m[1mLinking CXX static library libgtest_main.a[0m
[ 25%] Built target gtest_main
[ 27%] [32mBuilding CXX object CMakeFiles/mppi_critics.dir/src/critics/obstacles_critic.cpp.o[0m
[ 29%] [32mBuilding CXX object CMakeFiles/mppi_critics.dir/src/critics/cost_critic.cpp.o[0m
[ 31%] [32mBuilding CXX object test/CMakeFiles/parameter_handler_test.dir/parameter_handler_test.cpp.o[0m
[ 33%] [32mBuilding CXX object test/CMakeFiles/noise_generator_test.dir/noise_generator_test.cpp.o[0m
[ 35%] [32mBuilding CXX object test/CMakeFiles/models_test.dir/models_test.cpp.o[0m
[ 37%] [32mBuilding CXX object test/CMakeFiles/controller_state_transition_test.dir/controller_state_transition_test.cpp.o[0m
[ 39%] [32mBuilding CXX object test/CMakeFiles/optimizer_smoke_test.dir/optimizer_smoke_test.cpp.o[0m
[ 41%] [32m[1mLinking CXX executable parameter_handler_test[0m
[ 41%] Built target parameter_handler_test
[ 43%] [32mBuilding CXX object CMakeFiles/mppi_critics.dir/src/critics/goal_critic.cpp.o[0m
[ 45%] [32m[1mLinking CXX executable noise_generator_test[0m
[ 45%] Built target noise_generator_test
[ 47%] [32m[1mLinking CXX executable models_test[0m
[ 47%] Built target models_test
[ 50%] [32m[1mLinking CXX executable controller_state_transition_test[0m
[ 50%] Built target controller_state_transition_test
[ 52%] [32m[1mLinking CXX executable optimizer_smoke_test[0m
[ 54%] [32mBuilding CXX object CMakeFiles/mppi_critics.dir/src/critics/goal_angle_critic.cpp.o[0m
[ 54%] Built target optimizer_smoke_test
[ 56%] [32mBuilding CXX object CMakeFiles/mppi_critics.dir/src/critics/path_align_critic.cpp.o[0m
[ 58%] [32mBuilding CXX object CMakeFiles/mppi_critics.dir/src/critics/path_follow_critic.cpp.o[0m
[ 60%] [32mBuilding CXX object CMakeFiles/mppi_critics.dir/src/critics/path_angle_critic.cpp.o[0m
[ 62%] [32mBuilding CXX object test/CMakeFiles/critic_manager_test.dir/critic_manager_test.cpp.o[0m
[ 64%] [32mBuilding CXX object test/CMakeFiles/path_handler_test.dir/path_handler_test.cpp.o[0m
[ 66%] [32mBuilding CXX object test/CMakeFiles/utils_test.dir/utils_test.cpp.o[0m
[ 68%] [32mBuilding CXX object test/CMakeFiles/trajectory_visualizer_tests.dir/trajectory_visualizer_tests.cpp.o[0m
[ 70%] [32mBuilding CXX object test/CMakeFiles/motion_model_tests.dir/motion_model_tests.cpp.o[0m
[ 72%] [32mBuilding CXX object CMakeFiles/mppi_critics.dir/src/critics/prefer_forward_critic.cpp.o[0m
[ 75%] [32m[1mLinking CXX executable path_handler_test[0m
[ 75%] Built target path_handler_test
[ 77%] [32m[1mLinking CXX executable motion_model_tests[0m
[ 77%] Built target motion_model_tests
[ 79%] [32m[1mLinking CXX executable critic_manager_test[0m
[ 79%] Built target critic_manager_test
[ 81%] [32m[1mLinking CXX executable utils_test[0m
[ 81%] Built target utils_test
[ 83%] [32mBuilding CXX object CMakeFiles/mppi_critics.dir/src/critics/velocity_deadband_critic.cpp.o[0m
[ 85%] [32m[1mLinking CXX executable trajectory_visualizer_tests[0m
[ 85%] Built target trajectory_visualizer_tests
[ 87%] [32mBuilding CXX object CMakeFiles/mppi_critics.dir/src/critics/constraint_critic.cpp.o[0m
[ 89%] [32mBuilding CXX object CMakeFiles/mppi_critics.dir/src/critics/twirling_critic.cpp.o[0m
[ 91%] [32m[1mLinking CXX shared library libmppi_critics.so[0m
[ 91%] Built target mppi_critics
[ 93%] [32mBuilding CXX object test/CMakeFiles/optimizer_unit_tests.dir/optimizer_unit_tests.cpp.o[0m
[ 95%] [32m[1mLinking CXX executable optimizer_unit_tests[0m
[ 95%] Built target optimizer_unit_tests
[ 97%] [32mBuilding CXX object test/CMakeFiles/critics_tests.dir/critics_tests.cpp.o[0m
[100%] [32m[1mLinking CXX executable critics_tests[0m
[100%] Built target critics_tests
-- Install configuration: "Release"
-- Execute custom install script
-- Up-to-date symlink: /home/rudolfs/ros2_ws/install/nav2_mppi_controller/lib/libmppi_controller.so
-- Up-to-date symlink: /home/rudolfs/ros2_ws/install/nav2_mppi_controller/lib/libmppi_critics.so
-- Up-to-date symlink: /home/rudolfs/ros2_ws/install/nav2_mppi_controller/include//nav2_mppi_controller/controller.hpp
-- Up-to-date symlink: /home/rudolfs/ros2_ws/install/nav2_mppi_controller/include//nav2_mppi_controller/critic_data.hpp
-- Up-to-date symlink: /home/rudolfs/ros2_ws/install/nav2_mppi_controller/include//nav2_mppi_controller/critic_function.hpp
-- Up-to-date symlink: /home/rudolfs/ros2_ws/install/nav2_mppi_controller/include//nav2_mppi_controller/critic_manager.hpp
-- Up-to-date symlink: /home/rudolfs/ros2_ws/install/nav2_mppi_controller/include//nav2_mppi_controller/critics/constraint_critic.hpp
-- Up-to-date symlink: /home/rudolfs/ros2_ws/install/nav2_mppi_controller/include//nav2_mppi_controller/critics/cost_critic.hpp
-- Up-to-date symlink: /home/rudolfs/ros2_ws/install/nav2_mppi_controller/include//nav2_mppi_controller/critics/goal_angle_critic.hpp
-- Up-to-date symlink: /home/rudolfs/ros2_ws/install/nav2_mppi_controller/include//nav2_mppi_controller/critics/goal_critic.hpp
-- Up-to-date symlink: /home/rudolfs/ros2_ws/install/nav2_mppi_controller/include//nav2_mppi_controller/critics/obstacles_critic.hpp
-- Up-to-date symlink: /home/rudolfs/ros2_ws/install/nav2_mppi_controller/include//nav2_mppi_controller/critics/path_align_critic.hpp
-- Up-to-date symlink: /home/rudolfs/ros2_ws/install/nav2_mppi_controller/include//nav2_mppi_controller/critics/path_angle_critic.hpp
-- Up-to-date symlink: /home/rudolfs/ros2_ws/install/nav2_mppi_controller/include//nav2_mppi_controller/critics/path_follow_critic.hpp
-- Up-to-date symlink: /home/rudolfs/ros2_ws/install/nav2_mppi_controller/include//nav2_mppi_controller/critics/prefer_forward_critic.hpp
-- Up-to-date symlink: /home/rudolfs/ros2_ws/install/nav2_mppi_controller/include//nav2_mppi_controller/critics/twirling_critic.hpp
-- Up-to-date symlink: /home/rudolfs/ros2_ws/install/nav2_mppi_controller/include//nav2_mppi_controller/critics/velocity_deadband_critic.hpp
-- Up-to-date symlink: /home/rudolfs/ros2_ws/install/nav2_mppi_controller/include//nav2_mppi_controller/models/constraints.hpp
-- Up-to-date symlink: /home/rudolfs/ros2_ws/install/nav2_mppi_controller/include//nav2_mppi_controller/models/control_sequence.hpp
-- Up-to-date symlink: /home/rudolfs/ros2_ws/install/nav2_mppi_controller/include//nav2_mppi_controller/models/optimizer_settings.hpp
-- Up-to-date symlink: /home/rudolfs/ros2_ws/install/nav2_mppi_controller/include//nav2_mppi_controller/models/path.hpp
-- Up-to-date symlink: /home/rudolfs/ros2_ws/install/nav2_mppi_controller/include//nav2_mppi_controller/models/state.hpp
-- Up-to-date symlink: /home/rudolfs/ros2_ws/install/nav2_mppi_controller/include//nav2_mppi_controller/models/trajectories.hpp
-- Up-to-date symlink: /home/rudolfs/ros2_ws/install/nav2_mppi_controller/include//nav2_mppi_controller/motion_models.hpp
-- Up-to-date symlink: /home/rudolfs/ros2_ws/install/nav2_mppi_controller/include//nav2_mppi_controller/optimizer.hpp
-- Up-to-date symlink: /home/rudolfs/ros2_ws/install/nav2_mppi_controller/include//nav2_mppi_controller/tools/noise_generator.hpp
-- Up-to-date symlink: /home/rudolfs/ros2_ws/install/nav2_mppi_controller/include//nav2_mppi_controller/tools/parameters_handler.hpp
-- Up-to-date symlink: /home/rudolfs/ros2_ws/install/nav2_mppi_controller/include//nav2_mppi_controller/tools/path_handler.hpp
-- Up-to-date symlink: /home/rudolfs/ros2_ws/install/nav2_mppi_controller/include//nav2_mppi_controller/tools/trajectory_visualizer.hpp
-- Up-to-date symlink: /home/rudolfs/ros2_ws/install/nav2_mppi_controller/include//nav2_mppi_controller/tools/utils.hpp
-- Up-to-date symlink: /home/rudolfs/ros2_ws/install/nav2_mppi_controller/share/nav2_mppi_controller/environment/library_path.sh
-- Up-to-date symlink: /home/rudolfs/ros2_ws/install/nav2_mppi_controller/share/nav2_mppi_controller/environment/library_path.dsv
-- Up-to-date symlink: /home/rudolfs/ros2_ws/install/nav2_mppi_controller/share/nav2_mppi_controller//mppic.xml
-- Up-to-date symlink: /home/rudolfs/ros2_ws/install/nav2_mppi_controller/share/nav2_mppi_controller//critics.xml
-- Up-to-date symlink: /home/rudolfs/ros2_ws/install/nav2_mppi_controller/share/ament_index/resource_index/package_run_dependencies/nav2_mppi_controller
-- Up-to-date symlink: /home/rudolfs/ros2_ws/install/nav2_mppi_controller/share/ament_index/resource_index/parent_prefix_path/nav2_mppi_controller
-- Up-to-date symlink: /home/rudolfs/ros2_ws/install/nav2_mppi_controller/share/nav2_mppi_controller/environment/ament_prefix_path.sh
-- Up-to-date symlink: /home/rudolfs/ros2_ws/install/nav2_mppi_controller/share/nav2_mppi_controller/environment/ament_prefix_path.dsv
-- Up-to-date symlink: /home/rudolfs/ros2_ws/install/nav2_mppi_controller/share/nav2_mppi_controller/environment/path.sh
-- Up-to-date symlink: /home/rudolfs/ros2_ws/install/nav2_mppi_controller/share/nav2_mppi_controller/environment/path.dsv
-- Up-to-date symlink: /home/rudolfs/ros2_ws/install/nav2_mppi_controller/share/nav2_mppi_controller/local_setup.bash
-- Up-to-date symlink: /home/rudolfs/ros2_ws/install/nav2_mppi_controller/share/nav2_mppi_controller/local_setup.sh
-- Up-to-date symlink: /home/rudolfs/ros2_ws/install/nav2_mppi_controller/share/nav2_mppi_controller/local_setup.zsh
-- Up-to-date symlink: /home/rudolfs/ros2_ws/install/nav2_mppi_controller/share/nav2_mppi_controller/local_setup.dsv
-- Symlinking: /home/rudolfs/ros2_ws/install/nav2_mppi_controller/share/nav2_mppi_controller/package.dsv
-- Up-to-date symlink: /home/rudolfs/ros2_ws/install/nav2_mppi_controller/share/ament_index/resource_index/packages/nav2_mppi_controller
-- Up-to-date symlink: /home/rudolfs/ros2_ws/install/nav2_mppi_controller/share/ament_index/resource_index/nav2_core__pluginlib__plugin/nav2_mppi_controller
-- Up-to-date symlink: /home/rudolfs/ros2_ws/install/nav2_mppi_controller/share/ament_index/resource_index/nav2_mppi_controller__pluginlib__plugin/nav2_mppi_controller
-- Up-to-date symlink: /home/rudolfs/ros2_ws/install/nav2_mppi_controller/share/nav2_mppi_controller/cmake/ament_cmake_export_libraries-extras.cmake
-- Up-to-date symlink: /home/rudolfs/ros2_ws/install/nav2_mppi_controller/share/nav2_mppi_controller/cmake/ament_cmake_export_dependencies-extras.cmake
-- Up-to-date symlink: /home/rudolfs/ros2_ws/install/nav2_mppi_controller/share/nav2_mppi_controller/cmake/ament_cmake_export_include_directories-extras.cmake
-- Up-to-date symlink: /home/rudolfs/ros2_ws/install/nav2_mppi_controller/share/nav2_mppi_controller/cmake/nav2_mppi_controllerConfig.cmake
-- Up-to-date symlink: /home/rudolfs/ros2_ws/install/nav2_mppi_controller/share/nav2_mppi_controller/cmake/nav2_mppi_controllerConfig-version.cmake
-- Up-to-date symlink: /home/rudolfs/ros2_ws/install/nav2_mppi_controller/share/nav2_mppi_controller/package.xml
