-- Found ament_cmake: 2.5.4 (/opt/ros/jazzy/share/ament_cmake/cmake)
-- Override CMake install command with custom implementation using symlinks instead of copying resources
-- Found nav2_common: 1.3.7 (/home/rudolfs/ros2_ws/install/nav2_common/share/nav2_common/cmake)
-- Found rclcpp: 28.1.9 (/opt/ros/jazzy/share/rclcpp/cmake)
-- Found rosidl_generator_c: 4.6.5 (/opt/ros/jazzy/share/rosidl_generator_c/cmake)
-- Found rosidl_generator_cpp: 4.6.5 (/opt/ros/jazzy/share/rosidl_generator_cpp/cmake)
-- Using all available rosidl_typesupport_c: rosidl_typesupport_fastrtps_c;rosidl_typesupport_introspection_c
-- Using all available rosidl_typesupport_cpp: rosidl_typesupport_fastrtps_cpp;rosidl_typesupport_introspection_cpp
-- Found rmw_implementation_cmake: 7.3.2 (/opt/ros/jazzy/share/rmw_implementation_cmake/cmake)
-- Found rmw_fastrtps_cpp: 8.4.2 (/opt/ros/jazzy/share/rmw_fastrtps_cpp/cmake)
-- Using RMW implementation 'rmw_fastrtps_cpp' as default
-- Found rclcpp_lifecycle: 28.1.9 (/opt/ros/jazzy/share/rclcpp_lifecycle/cmake)
-- Found rclcpp_components: 28.1.9 (/opt/ros/jazzy/share/rclcpp_components/cmake)
-- Found nav_msgs: 5.3.6 (/opt/ros/jazzy/share/nav_msgs/cmake)
-- Found nav2_msgs: 1.3.7 (/home/rudolfs/ros2_ws/install/nav2_msgs/share/nav2_msgs/cmake)
-- Found yaml_cpp_vendor: 9.0.1 (/opt/ros/jazzy/share/yaml_cpp_vendor/cmake)
-- Setting yaml-cpp_DIR to: '/opt/ros/jazzy/share/yaml_cpp_vendor/cmake/../../../opt/yaml_cpp_vendor/share/cmake/yaml-cpp'
-- Found tf2: 0.36.11 (/opt/ros/jazzy/share/tf2/cmake)
-- Found nav2_util: 1.3.7 (/home/rudolfs/ros2_ws/install/nav2_util/share/nav2_util/cmake)
-- Found eigen3_cmake_module: 0.3.0 (/opt/ros/jazzy/share/eigen3_cmake_module/cmake)
-- Ensuring Eigen3 include directory is part of orocos-kdl CMake target
-- Found ament_lint_auto: 0.17.2 (/opt/ros/jazzy/share/ament_lint_auto/cmake)
-- Found gtest sources under '/opt/ros/jazzy/src/gtest_vendor': C++ tests using 'Google Test' will be built
-- Found gtest sources under '/opt/ros/jazzy/src/gtest_vendor': C++ tests using 'Google Test' will be built
-- Found gtest sources under '/opt/ros/jazzy/src/gtest_vendor': C++ tests using 'Google Test' will be built
-- Added test 'cppcheck' to perform static code analysis on C / C++ code
-- Configured cppcheck include dirs: /home/rudolfs/ros2_ws/src/navigation2/nav2_map_server/include
-- Configured cppcheck exclude dirs and/or files: 
-- Added test 'cpplint' to check C / C++ code against the Google style
-- Configured cpplint exclude dirs and/or files: 
-- Added test 'flake8' to check Python code syntax and style conventions
-- Configured 'flake8' exclude dirs and/or files: 
-- Added test 'lint_cmake' to check CMake code style
-- Added test 'pep257' to check Python code against some of the docstring style conventions in PEP 257
-- Added test 'uncrustify' to check C / C++ code style
-- Configured uncrustify additional arguments: 
-- Added test 'xmllint' to check XML markup files
-- Configuring done (1.5s)
-- Generating done (0.2s)
-- Build files have been written to: /home/rudolfs/ros2_ws/build/nav2_map_server
[  5%] Built target gtest_main
[ 11%] Built target gtest
[ 19%] Built target map_io
[ 27%] Built target test_map_saver_cli
[ 36%] Built target test_map_saver_publisher
[ 44%] Built target test_map_io
[ 55%] Built target map_server_core
[ 61%] Built target map_saver_cli
[ 66%] Built target map_server
[ 83%] Built target test_costmap_filter_info_server
[ 72%] Built target costmap_filter_info_server
[ 77%] Built target map_saver_server
[ 91%] Built target test_map_server_node
[100%] Built target test_map_saver_node
-- Install configuration: "Release"
-- Execute custom install script
-- Up-to-date symlink: /home/rudolfs/ros2_ws/install/nav2_map_server/lib/libmap_server_core.so
-- Up-to-date symlink: /home/rudolfs/ros2_ws/install/nav2_map_server/lib/libmap_io.so
-- Up-to-date symlink: /home/rudolfs/ros2_ws/install/nav2_map_server/lib/nav2_map_server/map_server
-- Up-to-date symlink: /home/rudolfs/ros2_ws/install/nav2_map_server/lib/nav2_map_server/map_saver_cli
-- Up-to-date symlink: /home/rudolfs/ros2_ws/install/nav2_map_server/lib/nav2_map_server/map_saver_server
-- Up-to-date symlink: /home/rudolfs/ros2_ws/install/nav2_map_server/lib/nav2_map_server/costmap_filter_info_server
-- Up-to-date symlink: /home/rudolfs/ros2_ws/install/nav2_map_server/include//nav2_map_server/costmap_filter_info_server.hpp
-- Up-to-date symlink: /home/rudolfs/ros2_ws/install/nav2_map_server/include//nav2_map_server/map_io.hpp
-- Up-to-date symlink: /home/rudolfs/ros2_ws/install/nav2_map_server/include//nav2_map_server/map_mode.hpp
-- Up-to-date symlink: /home/rudolfs/ros2_ws/install/nav2_map_server/include//nav2_map_server/map_saver.hpp
-- Up-to-date symlink: /home/rudolfs/ros2_ws/install/nav2_map_server/include//nav2_map_server/map_server.hpp
-- Up-to-date symlink: /home/rudolfs/ros2_ws/install/nav2_map_server/share/nav2_map_server/launch/map_saver_server.launch.py
-- Up-to-date symlink: /home/rudolfs/ros2_ws/install/nav2_map_server/share/nav2_map_server/environment/library_path.sh
-- Up-to-date symlink: /home/rudolfs/ros2_ws/install/nav2_map_server/share/nav2_map_server/environment/library_path.dsv
-- Up-to-date symlink: /home/rudolfs/ros2_ws/install/nav2_map_server/share/ament_index/resource_index/package_run_dependencies/nav2_map_server
-- Up-to-date symlink: /home/rudolfs/ros2_ws/install/nav2_map_server/share/ament_index/resource_index/parent_prefix_path/nav2_map_server
-- Up-to-date symlink: /home/rudolfs/ros2_ws/install/nav2_map_server/share/nav2_map_server/environment/ament_prefix_path.sh
-- Up-to-date symlink: /home/rudolfs/ros2_ws/install/nav2_map_server/share/nav2_map_server/environment/ament_prefix_path.dsv
-- Up-to-date symlink: /home/rudolfs/ros2_ws/install/nav2_map_server/share/nav2_map_server/environment/path.sh
-- Up-to-date symlink: /home/rudolfs/ros2_ws/install/nav2_map_server/share/nav2_map_server/environment/path.dsv
-- Up-to-date symlink: /home/rudolfs/ros2_ws/install/nav2_map_server/share/nav2_map_server/local_setup.bash
-- Up-to-date symlink: /home/rudolfs/ros2_ws/install/nav2_map_server/share/nav2_map_server/local_setup.sh
-- Up-to-date symlink: /home/rudolfs/ros2_ws/install/nav2_map_server/share/nav2_map_server/local_setup.zsh
-- Up-to-date symlink: /home/rudolfs/ros2_ws/install/nav2_map_server/share/nav2_map_server/local_setup.dsv
-- Symlinking: /home/rudolfs/ros2_ws/install/nav2_map_server/share/nav2_map_server/package.dsv
-- Up-to-date symlink: /home/rudolfs/ros2_ws/install/nav2_map_server/share/ament_index/resource_index/packages/nav2_map_server
-- Up-to-date symlink: /home/rudolfs/ros2_ws/install/nav2_map_server/share/ament_index/resource_index/rclcpp_components/nav2_map_server
-- Up-to-date symlink: /home/rudolfs/ros2_ws/install/nav2_map_server/share/nav2_map_server/cmake/ament_cmake_export_include_directories-extras.cmake
-- Up-to-date symlink: /home/rudolfs/ros2_ws/install/nav2_map_server/share/nav2_map_server/cmake/ament_cmake_export_libraries-extras.cmake
-- Up-to-date symlink: /home/rudolfs/ros2_ws/install/nav2_map_server/share/nav2_map_server/cmake/ament_cmake_export_dependencies-extras.cmake
-- Up-to-date symlink: /home/rudolfs/ros2_ws/install/nav2_map_server/share/nav2_map_server/cmake/nav2_map_serverConfig.cmake
-- Up-to-date symlink: /home/rudolfs/ros2_ws/install/nav2_map_server/share/nav2_map_server/cmake/nav2_map_serverConfig-version.cmake
-- Up-to-date symlink: /home/rudolfs/ros2_ws/install/nav2_map_server/share/nav2_map_server/package.xml
