-- Found ament_cmake: 2.5.4 (/opt/ros/jazzy/share/ament_cmake/cmake)
-- Override CMake install command with custom implementation using symlinks instead of copying resources
-- Found nav2_common: 1.3.7 (/home/rudolfs/ros2_ws/install/nav2_common/share/nav2_common/cmake)
-- Found rclcpp: 28.1.9 (/opt/ros/jazzy/share/rclcpp/cmake)
-- Found rosidl_generator_c: 4.6.5 (/opt/ros/jazzy/share/rosidl_generator_c/cmake)
-- Found rosidl_generator_cpp: 4.6.5 (/opt/ros/jazzy/share/rosidl_generator_cpp/cmake)
-- Using all available rosidl_typesupport_c: rosidl_typesupport_fastrtps_c;rosidl_typesupport_introspection_c
-- Using all available rosidl_typesupport_cpp: rosidl_typesupport_fastrtps_cpp;rosidl_typesupport_introspection_cpp
-- Found rmw_implementation_cmake: 7.3.2 (/opt/ros/jazzy/share/rmw_implementation_cmake/cmake)
-- Found rmw_fastrtps_cpp: 8.4.2 (/opt/ros/jazzy/share/rmw_fastrtps_cpp/cmake)
-- Using RMW implementation 'rmw_fastrtps_cpp' as default
-- Found rclcpp_action: 28.1.9 (/opt/ros/jazzy/share/rclcpp_action/cmake)
-- Found rclcpp_lifecycle: 28.1.9 (/opt/ros/jazzy/share/rclcpp_lifecycle/cmake)
-- Found std_msgs: 5.3.6 (/opt/ros/jazzy/share/std_msgs/cmake)
-- Found visualization_msgs: 5.3.6 (/opt/ros/jazzy/share/visualization_msgs/cmake)
-- Found nav2_util: 1.3.7 (/home/rudolfs/ros2_ws/install/nav2_util/share/nav2_util/cmake)
-- Found eigen3_cmake_module: 0.3.0 (/opt/ros/jazzy/share/eigen3_cmake_module/cmake)
-- Ensuring Eigen3 include directory is part of orocos-kdl CMake target
-- Found nav2_core: 1.3.7 (/home/rudolfs/ros2_ws/install/nav2_core/share/nav2_core/cmake)
-- Found ament_lint_auto: 0.17.2 (/opt/ros/jazzy/share/ament_lint_auto/cmake)
-- Found gtest sources under '/opt/ros/jazzy/src/gtest_vendor': C++ tests using 'Google Test' will be built
-- Added test 'copyright' to check source files copyright and LICENSE
-- Added test 'cppcheck' to perform static code analysis on C / C++ code
-- Configured cppcheck include dirs: /home/rudolfs/ros2_ws/src/navigation2/nav2_smac_planner/include
-- Configured cppcheck exclude dirs and/or files: include/nav2_smac_planner/thirdparty/robin_hood.h
-- Added test 'cpplint' to check C / C++ code against the Google style
-- Configured cpplint exclude dirs and/or files: include/nav2_smac_planner/thirdparty/robin_hood.h
-- Added test 'flake8' to check Python code syntax and style conventions
-- Configured 'flake8' exclude dirs and/or files: include/nav2_smac_planner/thirdparty/robin_hood.h
-- Added test 'lint_cmake' to check CMake code style
-- Added test 'pep257' to check Python code against some of the docstring style conventions in PEP 257
-- Added test 'uncrustify' to check C / C++ code style
-- Configured uncrustify additional arguments: 
-- Added test 'xmllint' to check XML markup files
-- Configuring done (4.5s)
-- Generating done (1.2s)
-- Build files have been written to: /home/rudolfs/ros2_ws/build/nav2_smac_planner
[  1%] [32mBuilding CXX object CMakeFiles/nav2_smac_planner.dir/src/smac_planner_hybrid.cpp.o[0m
[  3%] [32mBuilding CXX object CMakeFiles/nav2_smac_planner.dir/src/a_star.cpp.o[0m
[  4%] [32mBuilding CXX object CMakeFiles/nav2_smac_planner.dir/src/collision_checker.cpp.o[0m
[  6%] [32mBuilding CXX object CMakeFiles/nav2_smac_planner.dir/src/smoother.cpp.o[0m
[  8%] [32mBuilding CXX object CMakeFiles/nav2_smac_planner.dir/src/analytic_expansion.cpp.o[0m
[  9%] [32mBuilding CXX object CMakeFiles/nav2_smac_planner.dir/src/node_hybrid.cpp.o[0m
[ 11%] [32mBuilding CXX object CMakeFiles/nav2_smac_planner.dir/src/node_lattice.cpp.o[0m
[ 13%] [32mBuilding CXX object CMakeFiles/nav2_smac_planner.dir/src/costmap_downsampler.cpp.o[0m
[ 14%] [32mBuilding CXX object CMakeFiles/nav2_smac_planner.dir/src/node_2d.cpp.o[0m
[ 16%] [32mBuilding CXX object CMakeFiles/nav2_smac_planner.dir/src/node_basic.cpp.o[0m
[ 18%] [32m[1mLinking CXX shared library libnav2_smac_planner.so[0m
[ 18%] Built target nav2_smac_planner
[ 21%] Built target gtest
[ 24%] Built target gtest_main
[ 26%] [32mBuilding CXX object CMakeFiles/nav2_smac_planner_lattice.dir/src/smac_planner_lattice.cpp.o[0m
[ 27%] [32mBuilding CXX object test/CMakeFiles/test_nodehybrid.dir/test_nodehybrid.cpp.o[0m
[ 29%] [32mBuilding CXX object test/CMakeFiles/test_node2d.dir/test_node2d.cpp.o[0m
[ 31%] [32mBuilding CXX object test/CMakeFiles/test_costmap_downsampler.dir/test_costmap_downsampler.cpp.o[0m
[ 32%] [32mBuilding CXX object test/CMakeFiles/test_utils.dir/test_utils.cpp.o[0m
[ 34%] [32mBuilding CXX object CMakeFiles/nav2_smac_planner_2d.dir/src/smac_planner_2d.cpp.o[0m
[ 36%] [32m[1mLinking CXX executable test_costmap_downsampler[0m
[ 37%] [32m[1mLinking CXX executable test_nodehybrid[0m
[ 37%] Built target test_costmap_downsampler
[ 39%] [32m[1mLinking CXX executable test_node2d[0m
[ 39%] Built target test_nodehybrid
[ 39%] Built target test_node2d
[ 40%] [32m[1mLinking CXX executable test_utils[0m
[ 40%] Built target test_utils
[ 42%] [32mBuilding CXX object CMakeFiles/nav2_smac_planner_lattice.dir/src/a_star.cpp.o[0m
[ 44%] [32mBuilding CXX object CMakeFiles/nav2_smac_planner_2d.dir/src/smoother.cpp.o[0m
[ 45%] [32mBuilding CXX object CMakeFiles/nav2_smac_planner_lattice.dir/src/smoother.cpp.o[0m
[ 47%] [32mBuilding CXX object CMakeFiles/nav2_smac_planner_2d.dir/src/a_star.cpp.o[0m
[ 49%] [32mBuilding CXX object CMakeFiles/nav2_smac_planner_lattice.dir/src/collision_checker.cpp.o[0m
[ 50%] [32mBuilding CXX object CMakeFiles/nav2_smac_planner_2d.dir/src/collision_checker.cpp.o[0m
[ 52%] [32mBuilding CXX object CMakeFiles/nav2_smac_planner_lattice.dir/src/analytic_expansion.cpp.o[0m
[ 54%] [32mBuilding CXX object CMakeFiles/nav2_smac_planner_2d.dir/src/analytic_expansion.cpp.o[0m
[ 55%] [32mBuilding CXX object CMakeFiles/nav2_smac_planner_lattice.dir/src/node_hybrid.cpp.o[0m
[ 57%] [32mBuilding CXX object CMakeFiles/nav2_smac_planner_2d.dir/src/node_hybrid.cpp.o[0m
[ 59%] [32mBuilding CXX object CMakeFiles/nav2_smac_planner_lattice.dir/src/node_lattice.cpp.o[0m
[ 60%] [32mBuilding CXX object CMakeFiles/nav2_smac_planner_2d.dir/src/node_lattice.cpp.o[0m
[ 62%] [32mBuilding CXX object test/CMakeFiles/test_smac_hybrid.dir/test_smac_hybrid.cpp.o[0m
[ 63%] [32mBuilding CXX object test/CMakeFiles/test_a_star.dir/test_a_star.cpp.o[0m
[ 65%] [32mBuilding CXX object test/CMakeFiles/test_collision_checker.dir/test_collision_checker.cpp.o[0m
[ 67%] [32mBuilding CXX object test/CMakeFiles/test_nodebasic.dir/test_nodebasic.cpp.o[0m
[ 68%] [32mBuilding CXX object CMakeFiles/nav2_smac_planner_lattice.dir/src/costmap_downsampler.cpp.o[0m
[ 70%] [32mBuilding CXX object CMakeFiles/nav2_smac_planner_2d.dir/src/costmap_downsampler.cpp.o[0m
[ 72%] [32mBuilding CXX object CMakeFiles/nav2_smac_planner_lattice.dir/src/node_2d.cpp.o[0m
[ 73%] [32m[1mLinking CXX executable test_collision_checker[0m
[ 73%] Built target test_collision_checker
[ 75%] [32m[1mLinking CXX executable test_nodebasic[0m
[ 77%] [32mBuilding CXX object CMakeFiles/nav2_smac_planner_2d.dir/src/node_2d.cpp.o[0m
[ 77%] Built target test_nodebasic
[ 78%] [32m[1mLinking CXX executable test_a_star[0m
[ 80%] [32m[1mLinking CXX executable test_smac_hybrid[0m
[ 80%] Built target test_a_star
[ 80%] Built target test_smac_hybrid
[ 81%] [32mBuilding CXX object CMakeFiles/nav2_smac_planner_lattice.dir/src/node_basic.cpp.o[0m
[ 83%] [32mBuilding CXX object CMakeFiles/nav2_smac_planner_2d.dir/src/node_basic.cpp.o[0m
[ 85%] [32m[1mLinking CXX shared library libnav2_smac_planner_lattice.so[0m
[ 85%] Built target nav2_smac_planner_lattice
[ 86%] [32m[1mLinking CXX shared library libnav2_smac_planner_2d.so[0m
[ 86%] Built target nav2_smac_planner_2d
[ 88%] [32mBuilding CXX object test/CMakeFiles/test_smac_lattice.dir/test_smac_lattice.cpp.o[0m
[ 90%] [32m[1mLinking CXX executable test_smac_lattice[0m
[ 90%] Built target test_smac_lattice
[ 91%] [32mBuilding CXX object test/CMakeFiles/test_smoother.dir/test_smoother.cpp.o[0m
[ 93%] [32m[1mLinking CXX executable test_smoother[0m
[ 93%] Built target test_smoother
[ 95%] [32mBuilding CXX object test/CMakeFiles/test_smac_2d.dir/test_smac_2d.cpp.o[0m
[ 96%] [32m[1mLinking CXX executable test_smac_2d[0m
[ 96%] Built target test_smac_2d
[ 98%] [32mBuilding CXX object test/CMakeFiles/test_lattice_node.dir/test_nodelattice.cpp.o[0m
[100%] [32m[1mLinking CXX executable test_lattice_node[0m
[100%] Built target test_lattice_node
-- Install configuration: "Release"
-- Execute custom install script
-- Up-to-date symlink: /home/rudolfs/ros2_ws/install/nav2_smac_planner/share/nav2_smac_planner//smac_plugin_hybrid.xml
-- Up-to-date symlink: /home/rudolfs/ros2_ws/install/nav2_smac_planner/share/nav2_smac_planner//smac_plugin_2d.xml
-- Up-to-date symlink: /home/rudolfs/ros2_ws/install/nav2_smac_planner/share/nav2_smac_planner//smac_plugin_lattice.xml
-- Up-to-date symlink: /home/rudolfs/ros2_ws/install/nav2_smac_planner/lib/libnav2_smac_planner.so
-- Up-to-date symlink: /home/rudolfs/ros2_ws/install/nav2_smac_planner/lib/libnav2_smac_planner_2d.so
-- Up-to-date symlink: /home/rudolfs/ros2_ws/install/nav2_smac_planner/lib/libnav2_smac_planner_lattice.so
-- Up-to-date symlink: /home/rudolfs/ros2_ws/install/nav2_smac_planner/include//nav2_smac_planner/a_star.hpp
-- Up-to-date symlink: /home/rudolfs/ros2_ws/install/nav2_smac_planner/include//nav2_smac_planner/analytic_expansion.hpp
-- Up-to-date symlink: /home/rudolfs/ros2_ws/install/nav2_smac_planner/include//nav2_smac_planner/collision_checker.hpp
-- Up-to-date symlink: /home/rudolfs/ros2_ws/install/nav2_smac_planner/include//nav2_smac_planner/constants.hpp
-- Up-to-date symlink: /home/rudolfs/ros2_ws/install/nav2_smac_planner/include//nav2_smac_planner/costmap_downsampler.hpp
-- Up-to-date symlink: /home/rudolfs/ros2_ws/install/nav2_smac_planner/include//nav2_smac_planner/node_2d.hpp
-- Up-to-date symlink: /home/rudolfs/ros2_ws/install/nav2_smac_planner/include//nav2_smac_planner/node_basic.hpp
-- Up-to-date symlink: /home/rudolfs/ros2_ws/install/nav2_smac_planner/include//nav2_smac_planner/node_hybrid.hpp
-- Up-to-date symlink: /home/rudolfs/ros2_ws/install/nav2_smac_planner/include//nav2_smac_planner/node_lattice.hpp
-- Up-to-date symlink: /home/rudolfs/ros2_ws/install/nav2_smac_planner/include//nav2_smac_planner/smac_planner_2d.hpp
-- Up-to-date symlink: /home/rudolfs/ros2_ws/install/nav2_smac_planner/include//nav2_smac_planner/smac_planner_hybrid.hpp
-- Up-to-date symlink: /home/rudolfs/ros2_ws/install/nav2_smac_planner/include//nav2_smac_planner/smac_planner_lattice.hpp
-- Up-to-date symlink: /home/rudolfs/ros2_ws/install/nav2_smac_planner/include//nav2_smac_planner/smoother.hpp
-- Up-to-date symlink: /home/rudolfs/ros2_ws/install/nav2_smac_planner/include//nav2_smac_planner/thirdparty/robin_hood.h
-- Up-to-date symlink: /home/rudolfs/ros2_ws/install/nav2_smac_planner/include//nav2_smac_planner/types.hpp
-- Up-to-date symlink: /home/rudolfs/ros2_ws/install/nav2_smac_planner/include//nav2_smac_planner/utils.hpp
-- Up-to-date symlink: /home/rudolfs/ros2_ws/install/nav2_smac_planner/share/nav2_smac_planner/sample_primitives/5cm_resolution/0.5m_turning_radius/ackermann/output.json
-- Up-to-date symlink: /home/rudolfs/ros2_ws/install/nav2_smac_planner/share/nav2_smac_planner/sample_primitives/5cm_resolution/0.5m_turning_radius/all_trajectories.png
-- Up-to-date symlink: /home/rudolfs/ros2_ws/install/nav2_smac_planner/share/nav2_smac_planner/sample_primitives/5cm_resolution/0.5m_turning_radius/diff/output.json
-- Up-to-date symlink: /home/rudolfs/ros2_ws/install/nav2_smac_planner/share/nav2_smac_planner/sample_primitives/5cm_resolution/0.5m_turning_radius/omni/output.json
-- Up-to-date symlink: /home/rudolfs/ros2_ws/install/nav2_smac_planner/share/nav2_smac_planner/sample_primitives/5cm_resolution/1m_turning_radius/ackermann/output.json
-- Up-to-date symlink: /home/rudolfs/ros2_ws/install/nav2_smac_planner/share/nav2_smac_planner/sample_primitives/5cm_resolution/1m_turning_radius/all_trajectories.png
-- Up-to-date symlink: /home/rudolfs/ros2_ws/install/nav2_smac_planner/share/nav2_smac_planner/sample_primitives/5cm_resolution/1m_turning_radius/diff/output.json
-- Up-to-date symlink: /home/rudolfs/ros2_ws/install/nav2_smac_planner/share/nav2_smac_planner/sample_primitives/5cm_resolution/1m_turning_radius/omni/output.json
-- Up-to-date symlink: /home/rudolfs/ros2_ws/install/nav2_smac_planner/share/nav2_smac_planner/environment/library_path.sh
-- Up-to-date symlink: /home/rudolfs/ros2_ws/install/nav2_smac_planner/share/nav2_smac_planner/environment/library_path.dsv
-- Up-to-date symlink: /home/rudolfs/ros2_ws/install/nav2_smac_planner/share/ament_index/resource_index/package_run_dependencies/nav2_smac_planner
-- Up-to-date symlink: /home/rudolfs/ros2_ws/install/nav2_smac_planner/share/ament_index/resource_index/parent_prefix_path/nav2_smac_planner
-- Up-to-date symlink: /home/rudolfs/ros2_ws/install/nav2_smac_planner/share/nav2_smac_planner/environment/ament_prefix_path.sh
-- Up-to-date symlink: /home/rudolfs/ros2_ws/install/nav2_smac_planner/share/nav2_smac_planner/environment/ament_prefix_path.dsv
-- Up-to-date symlink: /home/rudolfs/ros2_ws/install/nav2_smac_planner/share/nav2_smac_planner/environment/path.sh
-- Up-to-date symlink: /home/rudolfs/ros2_ws/install/nav2_smac_planner/share/nav2_smac_planner/environment/path.dsv
-- Up-to-date symlink: /home/rudolfs/ros2_ws/install/nav2_smac_planner/share/nav2_smac_planner/local_setup.bash
-- Up-to-date symlink: /home/rudolfs/ros2_ws/install/nav2_smac_planner/share/nav2_smac_planner/local_setup.sh
-- Up-to-date symlink: /home/rudolfs/ros2_ws/install/nav2_smac_planner/share/nav2_smac_planner/local_setup.zsh
-- Up-to-date symlink: /home/rudolfs/ros2_ws/install/nav2_smac_planner/share/nav2_smac_planner/local_setup.dsv
-- Symlinking: /home/rudolfs/ros2_ws/install/nav2_smac_planner/share/nav2_smac_planner/package.dsv
-- Up-to-date symlink: /home/rudolfs/ros2_ws/install/nav2_smac_planner/share/ament_index/resource_index/packages/nav2_smac_planner
-- Up-to-date symlink: /home/rudolfs/ros2_ws/install/nav2_smac_planner/share/ament_index/resource_index/nav2_core__pluginlib__plugin/nav2_smac_planner
-- Up-to-date symlink: /home/rudolfs/ros2_ws/install/nav2_smac_planner/share/nav2_smac_planner/cmake/ament_cmake_export_include_directories-extras.cmake
-- Up-to-date symlink: /home/rudolfs/ros2_ws/install/nav2_smac_planner/share/nav2_smac_planner/cmake/ament_cmake_export_libraries-extras.cmake
-- Up-to-date symlink: /home/rudolfs/ros2_ws/install/nav2_smac_planner/share/nav2_smac_planner/cmake/ament_cmake_export_dependencies-extras.cmake
-- Up-to-date symlink: /home/rudolfs/ros2_ws/install/nav2_smac_planner/share/nav2_smac_planner/cmake/nav2_smac_plannerConfig.cmake
-- Up-to-date symlink: /home/rudolfs/ros2_ws/install/nav2_smac_planner/share/nav2_smac_planner/cmake/nav2_smac_plannerConfig-version.cmake
-- Up-to-date symlink: /home/rudolfs/ros2_ws/install/nav2_smac_planner/share/nav2_smac_planner/package.xml
