[0.296s] Invoking command in '/home/rudolfs/ros2_ws/build/turtlebot4_description': CMAKE_PREFIX_PATH=${CMAKE_PREFIX_PATH}:/home/rudolfs/ros2_ws/install/tb4_nav_to_pose:/home/rudolfs/ros2_ws/install/nav2_simple_commander:/home/rudolfs/ros2_ws/install/nav2_loopback_sim:/home/rudolfs/ros2_ws/install/cmd_vel_tracker:/home/rudolfs/ros2_ws/install/battery_logger:/home/rudolfs/testing_ws/turtlebot4_ws/install/turtlebot4_python_tutorials:/home/rudolfs/testing_ws/install/turtlebot4_python_tutorials:/home/rudolfs/testing_ws/ros2_ws/install/battery_logger:/opt/ros/jazzy DEBUGINFOD_URLS=https://debuginfod.ubuntu.com /usr/bin/cmake /home/rudolfs/ros2_ws/src/turtlebot4-jazzy/turtlebot4_description -DCMAKE_INSTALL_PREFIX=/home/rudolfs/ros2_ws/install/turtlebot4_description
[0.323s] -- Found ament_cmake: 2.5.4 (/opt/ros/jazzy/share/ament_cmake/cmake)
[0.695s] -- Override CMake install command with custom implementation using symlinks instead of copying resources
[0.710s] -- Found urdf: 2.10.0 (/opt/ros/jazzy/share/urdf/cmake)
[0.749s] -- Found TinyXML2 via Config file: /usr/lib/x86_64-linux-gnu/cmake/tinyxml2
[0.761s] -- Found irobot_create_description: 3.0.4 (/opt/ros/jazzy/share/irobot_create_description/cmake)
[0.762s] -- Found ament_lint_auto: 0.17.2 (/opt/ros/jazzy/share/ament_lint_auto/cmake)
[0.905s] -- Added test 'copyright' to check source files copyright and LICENSE
[0.911s] -- Added test 'flake8' to check Python code syntax and style conventions
[0.911s] -- Configured 'flake8' exclude dirs and/or files: 
[0.915s] -- Added test 'lint_cmake' to check CMake code style
[0.915s] -- Added test 'pep257' to check Python code against some of the docstring style conventions in PEP 257
[0.916s] -- Added test 'xmllint' to check XML markup files
[0.921s] -- Configuring done (0.6s)
[0.928s] -- Generating done (0.0s)
[0.931s] -- Build files have been written to: /home/rudolfs/ros2_ws/build/turtlebot4_description
[0.938s] Invoked command in '/home/rudolfs/ros2_ws/build/turtlebot4_description' returned '0': CMAKE_PREFIX_PATH=${CMAKE_PREFIX_PATH}:/home/rudolfs/ros2_ws/install/tb4_nav_to_pose:/home/rudolfs/ros2_ws/install/nav2_simple_commander:/home/rudolfs/ros2_ws/install/nav2_loopback_sim:/home/rudolfs/ros2_ws/install/cmd_vel_tracker:/home/rudolfs/ros2_ws/install/battery_logger:/home/rudolfs/testing_ws/turtlebot4_ws/install/turtlebot4_python_tutorials:/home/rudolfs/testing_ws/install/turtlebot4_python_tutorials:/home/rudolfs/testing_ws/ros2_ws/install/battery_logger:/opt/ros/jazzy DEBUGINFOD_URLS=https://debuginfod.ubuntu.com /usr/bin/cmake /home/rudolfs/ros2_ws/src/turtlebot4-jazzy/turtlebot4_description -DCMAKE_INSTALL_PREFIX=/home/rudolfs/ros2_ws/install/turtlebot4_description
[0.938s] Invoking command in '/home/rudolfs/ros2_ws/build/turtlebot4_description': CMAKE_PREFIX_PATH=${CMAKE_PREFIX_PATH}:/home/rudolfs/ros2_ws/install/tb4_nav_to_pose:/home/rudolfs/ros2_ws/install/nav2_simple_commander:/home/rudolfs/ros2_ws/install/nav2_loopback_sim:/home/rudolfs/ros2_ws/install/cmd_vel_tracker:/home/rudolfs/ros2_ws/install/battery_logger:/home/rudolfs/testing_ws/turtlebot4_ws/install/turtlebot4_python_tutorials:/home/rudolfs/testing_ws/install/turtlebot4_python_tutorials:/home/rudolfs/testing_ws/ros2_ws/install/battery_logger:/opt/ros/jazzy DEBUGINFOD_URLS=https://debuginfod.ubuntu.com /usr/bin/cmake --build /home/rudolfs/ros2_ws/build/turtlebot4_description -- -j6 -l6
[0.992s] Invoked command in '/home/rudolfs/ros2_ws/build/turtlebot4_description' returned '0': CMAKE_PREFIX_PATH=${CMAKE_PREFIX_PATH}:/home/rudolfs/ros2_ws/install/tb4_nav_to_pose:/home/rudolfs/ros2_ws/install/nav2_simple_commander:/home/rudolfs/ros2_ws/install/nav2_loopback_sim:/home/rudolfs/ros2_ws/install/cmd_vel_tracker:/home/rudolfs/ros2_ws/install/battery_logger:/home/rudolfs/testing_ws/turtlebot4_ws/install/turtlebot4_python_tutorials:/home/rudolfs/testing_ws/install/turtlebot4_python_tutorials:/home/rudolfs/testing_ws/ros2_ws/install/battery_logger:/opt/ros/jazzy DEBUGINFOD_URLS=https://debuginfod.ubuntu.com /usr/bin/cmake --build /home/rudolfs/ros2_ws/build/turtlebot4_description -- -j6 -l6
[0.993s] Invoking command in '/home/rudolfs/ros2_ws/build/turtlebot4_description': CMAKE_PREFIX_PATH=${CMAKE_PREFIX_PATH}:/home/rudolfs/ros2_ws/install/tb4_nav_to_pose:/home/rudolfs/ros2_ws/install/nav2_simple_commander:/home/rudolfs/ros2_ws/install/nav2_loopback_sim:/home/rudolfs/ros2_ws/install/cmd_vel_tracker:/home/rudolfs/ros2_ws/install/battery_logger:/home/rudolfs/testing_ws/turtlebot4_ws/install/turtlebot4_python_tutorials:/home/rudolfs/testing_ws/install/turtlebot4_python_tutorials:/home/rudolfs/testing_ws/ros2_ws/install/battery_logger:/opt/ros/jazzy DEBUGINFOD_URLS=https://debuginfod.ubuntu.com /usr/bin/cmake --install /home/rudolfs/ros2_ws/build/turtlebot4_description
[1.007s] -- Install configuration: ""
[1.007s] -- Execute custom install script
[1.007s] -- Up-to-date symlink: /home/rudolfs/ros2_ws/install/turtlebot4_description/share/turtlebot4_description/launch/robot_description.launch.py
[1.008s] -- Up-to-date symlink: /home/rudolfs/ros2_ws/install/turtlebot4_description/share/turtlebot4_description/meshes/camera_bracket.dae
[1.008s] -- Up-to-date symlink: /home/rudolfs/ros2_ws/install/turtlebot4_description/share/turtlebot4_description/meshes/oakd_lite.dae
[1.008s] -- Up-to-date symlink: /home/rudolfs/ros2_ws/install/turtlebot4_description/share/turtlebot4_description/meshes/oakd_pro.dae
[1.010s] -- Up-to-date symlink: /home/rudolfs/ros2_ws/install/turtlebot4_description/share/turtlebot4_description/meshes/rplidar.dae
[1.010s] -- Up-to-date symlink: /home/rudolfs/ros2_ws/install/turtlebot4_description/share/turtlebot4_description/meshes/shell.dae
[1.010s] -- Up-to-date symlink: /home/rudolfs/ros2_ws/install/turtlebot4_description/share/turtlebot4_description/meshes/shell_collision.dae
[1.010s] -- Up-to-date symlink: /home/rudolfs/ros2_ws/install/turtlebot4_description/share/turtlebot4_description/meshes/tower.dae
[1.010s] -- Up-to-date symlink: /home/rudolfs/ros2_ws/install/turtlebot4_description/share/turtlebot4_description/meshes/tower_sensor_plate.dae
[1.010s] -- Up-to-date symlink: /home/rudolfs/ros2_ws/install/turtlebot4_description/share/turtlebot4_description/meshes/tower_standoff.dae
[1.010s] -- Up-to-date symlink: /home/rudolfs/ros2_ws/install/turtlebot4_description/share/turtlebot4_description/meshes/weight_block.dae
[1.012s] -- Up-to-date symlink: /home/rudolfs/ros2_ws/install/turtlebot4_description/share/turtlebot4_description/urdf/lite/turtlebot4.urdf.xacro
[1.012s] -- Up-to-date symlink: /home/rudolfs/ros2_ws/install/turtlebot4_description/share/turtlebot4_description/urdf/sensors/camera_bracket.urdf.xacro
[1.012s] -- Up-to-date symlink: /home/rudolfs/ros2_ws/install/turtlebot4_description/share/turtlebot4_description/urdf/sensors/oakd.urdf.xacro
[1.012s] -- Up-to-date symlink: /home/rudolfs/ros2_ws/install/turtlebot4_description/share/turtlebot4_description/urdf/sensors/rplidar.urdf.xacro
[1.013s] -- Up-to-date symlink: /home/rudolfs/ros2_ws/install/turtlebot4_description/share/turtlebot4_description/urdf/standard/tower_sensor_plate.urdf.xacro
[1.013s] -- Up-to-date symlink: /home/rudolfs/ros2_ws/install/turtlebot4_description/share/turtlebot4_description/urdf/standard/tower_standoff.urdf.xacro
[1.013s] -- Up-to-date symlink: /home/rudolfs/ros2_ws/install/turtlebot4_description/share/turtlebot4_description/urdf/standard/turtlebot4.urdf.xacro
[1.013s] -- Up-to-date symlink: /home/rudolfs/ros2_ws/install/turtlebot4_description/share/turtlebot4_description/urdf/standard/weight_block.urdf.xacro
[1.013s] -- Up-to-date symlink: /home/rudolfs/ros2_ws/install/turtlebot4_description/share/ament_index/resource_index/package_run_dependencies/turtlebot4_description
[1.013s] -- Up-to-date symlink: /home/rudolfs/ros2_ws/install/turtlebot4_description/share/ament_index/resource_index/parent_prefix_path/turtlebot4_description
[1.013s] -- Up-to-date symlink: /home/rudolfs/ros2_ws/install/turtlebot4_description/share/turtlebot4_description/environment/ament_prefix_path.sh
[1.013s] -- Up-to-date symlink: /home/rudolfs/ros2_ws/install/turtlebot4_description/share/turtlebot4_description/environment/ament_prefix_path.dsv
[1.014s] -- Up-to-date symlink: /home/rudolfs/ros2_ws/install/turtlebot4_description/share/turtlebot4_description/environment/path.sh
[1.014s] -- Up-to-date symlink: /home/rudolfs/ros2_ws/install/turtlebot4_description/share/turtlebot4_description/environment/path.dsv
[1.014s] -- Up-to-date symlink: /home/rudolfs/ros2_ws/install/turtlebot4_description/share/turtlebot4_description/local_setup.bash
[1.014s] -- Up-to-date symlink: /home/rudolfs/ros2_ws/install/turtlebot4_description/share/turtlebot4_description/local_setup.sh
[1.014s] -- Up-to-date symlink: /home/rudolfs/ros2_ws/install/turtlebot4_description/share/turtlebot4_description/local_setup.zsh
[1.014s] -- Up-to-date symlink: /home/rudolfs/ros2_ws/install/turtlebot4_description/share/turtlebot4_description/local_setup.dsv
[1.014s] -- Symlinking: /home/rudolfs/ros2_ws/install/turtlebot4_description/share/turtlebot4_description/package.dsv
[1.030s] -- Up-to-date symlink: /home/rudolfs/ros2_ws/install/turtlebot4_description/share/ament_index/resource_index/packages/turtlebot4_description
[1.031s] -- Up-to-date symlink: /home/rudolfs/ros2_ws/install/turtlebot4_description/share/turtlebot4_description/cmake/turtlebot4_descriptionConfig.cmake
[1.031s] -- Up-to-date symlink: /home/rudolfs/ros2_ws/install/turtlebot4_description/share/turtlebot4_description/cmake/turtlebot4_descriptionConfig-version.cmake
[1.031s] -- Up-to-date symlink: /home/rudolfs/ros2_ws/install/turtlebot4_description/share/turtlebot4_description/package.xml
[1.042s] Invoked command in '/home/rudolfs/ros2_ws/build/turtlebot4_description' returned '0': CMAKE_PREFIX_PATH=${CMAKE_PREFIX_PATH}:/home/rudolfs/ros2_ws/install/tb4_nav_to_pose:/home/rudolfs/ros2_ws/install/nav2_simple_commander:/home/rudolfs/ros2_ws/install/nav2_loopback_sim:/home/rudolfs/ros2_ws/install/cmd_vel_tracker:/home/rudolfs/ros2_ws/install/battery_logger:/home/rudolfs/testing_ws/turtlebot4_ws/install/turtlebot4_python_tutorials:/home/rudolfs/testing_ws/install/turtlebot4_python_tutorials:/home/rudolfs/testing_ws/ros2_ws/install/battery_logger:/opt/ros/jazzy DEBUGINFOD_URLS=https://debuginfod.ubuntu.com /usr/bin/cmake --install /home/rudolfs/ros2_ws/build/turtlebot4_description
