-- Found ament_cmake: 2.5.4 (/opt/ros/jazzy/share/ament_cmake/cmake)
-- Override CMake install command with custom implementation using symlinks instead of copying resources
-- Found angles: 1.16.0 (/opt/ros/jazzy/share/angles/cmake)
-- Found geometry_msgs: 5.3.6 (/opt/ros/jazzy/share/geometry_msgs/cmake)
-- Found rosidl_generator_c: 4.6.5 (/opt/ros/jazzy/share/rosidl_generator_c/cmake)
-- Found rosidl_generator_cpp: 4.6.5 (/opt/ros/jazzy/share/rosidl_generator_cpp/cmake)
-- Using all available rosidl_typesupport_c: rosidl_typesupport_fastrtps_c;rosidl_typesupport_introspection_c
-- Using all available rosidl_typesupport_cpp: rosidl_typesupport_fastrtps_cpp;rosidl_typesupport_introspection_cpp
-- Found nav2_common: 1.3.7 (/home/rudolfs/ros2_ws/install/nav2_common/share/nav2_common/cmake)
-- Found nav2_core: 1.3.7 (/home/rudolfs/ros2_ws/install/nav2_core/share/nav2_core/cmake)
-- Found rmw_implementation_cmake: 7.3.2 (/opt/ros/jazzy/share/rmw_implementation_cmake/cmake)
-- Found rmw_fastrtps_cpp: 8.4.2 (/opt/ros/jazzy/share/rmw_fastrtps_cpp/cmake)
-- Using RMW implementation 'rmw_fastrtps_cpp' as default
-- Found eigen3_cmake_module: 0.3.0 (/opt/ros/jazzy/share/eigen3_cmake_module/cmake)
-- Ensuring Eigen3 include directory is part of orocos-kdl CMake target
-- Found ament_lint_auto: 0.17.2 (/opt/ros/jazzy/share/ament_lint_auto/cmake)
-- Found ament_cmake_gtest: 2.5.4 (/opt/ros/jazzy/share/ament_cmake_gtest/cmake)
-- Found gtest sources under '/opt/ros/jazzy/src/gtest_vendor': C++ tests using 'Google Test' will be built
-- Added test 'cppcheck' to perform static code analysis on C / C++ code
-- Configured cppcheck include dirs: /home/rudolfs/ros2_ws/src/navigation2/nav2_mppi_controller/include;$<BUILD_INTERFACE:/home/rudolfs/ros2_ws/src/navigation2/nav2_mppi_controller/include>
-- Configured cppcheck exclude dirs and/or files: 
-- Added test 'cpplint' to check C / C++ code against the Google style
-- Configured cpplint exclude dirs and/or files: 
-- Added test 'lint_cmake' to check CMake code style
-- Added test 'uncrustify' to check C / C++ code style
-- Configured uncrustify additional arguments: 
-- Added test 'xmllint' to check XML markup files
-- Configuring done (1.0s)
[31mCMake Error at CMakeLists.txt:53 (target_link_libraries):
  Target "mppi_controller" links to:

    nav2_core::nav2_core

  but the target was not found.  Possible reasons include:

    * There is a typo in the target name.
    * A find_package call is missing for an IMPORTED target.
    * An ALIAS target is missing.


[0m
[31mCMake Error at CMakeLists.txt:88 (target_link_libraries):
  Target "mppi_critics" links to:

    nav2_core::nav2_core

  but the target was not found.  Possible reasons include:

    * There is a typo in the target name.
    * A find_package call is missing for an IMPORTED target.
    * An ALIAS target is missing.


[0m
[31mCMake Error at test/CMakeLists.txt:19 (target_link_libraries):
  Target "optimizer_smoke_test" links to:

    nav2_core::nav2_core

  but the target was not found.  Possible reasons include:

    * There is a typo in the target name.
    * A find_package call is missing for an IMPORTED target.
    * An ALIAS target is missing.


[0m
[31mCMake Error at test/CMakeLists.txt:19 (target_link_libraries):
  Target "controller_state_transition_test" links to:

    nav2_core::nav2_core

  but the target was not found.  Possible reasons include:

    * There is a typo in the target name.
    * A find_package call is missing for an IMPORTED target.
    * An ALIAS target is missing.


[0m
[31mCMake Error at test/CMakeLists.txt:19 (target_link_libraries):
  Target "models_test" links to:

    nav2_core::nav2_core

  but the target was not found.  Possible reasons include:

    * There is a typo in the target name.
    * A find_package call is missing for an IMPORTED target.
    * An ALIAS target is missing.


[0m
[31mCMake Error at test/CMakeLists.txt:19 (target_link_libraries):
  Target "noise_generator_test" links to:

    nav2_core::nav2_core

  but the target was not found.  Possible reasons include:

    * There is a typo in the target name.
    * A find_package call is missing for an IMPORTED target.
    * An ALIAS target is missing.


[0m
[31mCMake Error at test/CMakeLists.txt:19 (target_link_libraries):
  Target "parameter_handler_test" links to:

    nav2_core::nav2_core

  but the target was not found.  Possible reasons include:

    * There is a typo in the target name.
    * A find_package call is missing for an IMPORTED target.
    * An ALIAS target is missing.


[0m
[31mCMake Error at test/CMakeLists.txt:19 (target_link_libraries):
  Target "motion_model_tests" links to:

    nav2_core::nav2_core

  but the target was not found.  Possible reasons include:

    * There is a typo in the target name.
    * A find_package call is missing for an IMPORTED target.
    * An ALIAS target is missing.


[0m
[31mCMake Error at test/CMakeLists.txt:19 (target_link_libraries):
  Target "trajectory_visualizer_tests" links to:

    nav2_core::nav2_core

  but the target was not found.  Possible reasons include:

    * There is a typo in the target name.
    * A find_package call is missing for an IMPORTED target.
    * An ALIAS target is missing.


[0m
[31mCMake Error at test/CMakeLists.txt:19 (target_link_libraries):
  Target "utils_test" links to:

    nav2_core::nav2_core

  but the target was not found.  Possible reasons include:

    * There is a typo in the target name.
    * A find_package call is missing for an IMPORTED target.
    * An ALIAS target is missing.


[0m
[31mCMake Error at test/CMakeLists.txt:19 (target_link_libraries):
  Target "path_handler_test" links to:

    nav2_core::nav2_core

  but the target was not found.  Possible reasons include:

    * There is a typo in the target name.
    * A find_package call is missing for an IMPORTED target.
    * An ALIAS target is missing.


[0m
[31mCMake Error at test/CMakeLists.txt:19 (target_link_libraries):
  Target "critic_manager_test" links to:

    nav2_core::nav2_core

  but the target was not found.  Possible reasons include:

    * There is a typo in the target name.
    * A find_package call is missing for an IMPORTED target.
    * An ALIAS target is missing.


[0m
[31mCMake Error at test/CMakeLists.txt:19 (target_link_libraries):
  Target "optimizer_unit_tests" links to:

    nav2_core::nav2_core

  but the target was not found.  Possible reasons include:

    * There is a typo in the target name.
    * A find_package call is missing for an IMPORTED target.
    * An ALIAS target is missing.


[0m
[31mCMake Error at benchmark/CMakeLists.txt:12 (target_link_libraries):
  Target "optimizer_benchmark" links to:

    nav2_core::nav2_core

  but the target was not found.  Possible reasons include:

    * There is a typo in the target name.
    * A find_package call is missing for an IMPORTED target.
    * An ALIAS target is missing.


[0m
[31mCMake Error at benchmark/CMakeLists.txt:12 (target_link_libraries):
  Target "controller_benchmark" links to:

    nav2_core::nav2_core

  but the target was not found.  Possible reasons include:

    * There is a typo in the target name.
    * A find_package call is missing for an IMPORTED target.
    * An ALIAS target is missing.


[0m
-- Generating done (0.1s)
[0mCMake Generate step failed.  Build files cannot be regenerated correctly.[0m
