[0.048s] Invoking command in '/home/rudolfs/ros2_ws/build/nav2_common': CMAKE_PREFIX_PATH=${CMAKE_PREFIX_PATH}:/home/rudolfs/ros2_ws/install/tb4_nav_to_pose:/home/rudolfs/ros2_ws/install/nav2_simple_commander:/home/rudolfs/ros2_ws/install/nav2_loopback_sim:/home/rudolfs/ros2_ws/install/cmd_vel_tracker:/home/rudolfs/ros2_ws/install/battery_logger:/home/rudolfs/testing_ws/turtlebot4_ws/install/turtlebot4_python_tutorials:/home/rudolfs/testing_ws/install/turtlebot4_python_tutorials:/home/rudolfs/testing_ws/ros2_ws/install/battery_logger:/opt/ros/jazzy DEBUGINFOD_URLS=https://debuginfod.ubuntu.com /usr/bin/cmake /home/rudolfs/ros2_ws/src/navigation2/nav2_common -DCMAKE_INSTALL_PREFIX=/home/rudolfs/ros2_ws/install/nav2_common
[0.507s] -- Found ament_cmake_core: 2.5.4 (/opt/ros/jazzy/share/ament_cmake_core/cmake)
[0.508s] -- Override CMake install command with custom implementation using symlinks instead of copying resources
[0.508s] -- Found ament_cmake_python: 2.5.4 (/opt/ros/jazzy/share/ament_cmake_python/cmake)
[0.508s] -- Configuring done (0.3s)
[0.508s] -- Generating done (0.0s)
[0.508s] -- Build files have been written to: /home/rudolfs/ros2_ws/build/nav2_common
[0.510s] Invoked command in '/home/rudolfs/ros2_ws/build/nav2_common' returned '0': CMAKE_PREFIX_PATH=${CMAKE_PREFIX_PATH}:/home/rudolfs/ros2_ws/install/tb4_nav_to_pose:/home/rudolfs/ros2_ws/install/nav2_simple_commander:/home/rudolfs/ros2_ws/install/nav2_loopback_sim:/home/rudolfs/ros2_ws/install/cmd_vel_tracker:/home/rudolfs/ros2_ws/install/battery_logger:/home/rudolfs/testing_ws/turtlebot4_ws/install/turtlebot4_python_tutorials:/home/rudolfs/testing_ws/install/turtlebot4_python_tutorials:/home/rudolfs/testing_ws/ros2_ws/install/battery_logger:/opt/ros/jazzy DEBUGINFOD_URLS=https://debuginfod.ubuntu.com /usr/bin/cmake /home/rudolfs/ros2_ws/src/navigation2/nav2_common -DCMAKE_INSTALL_PREFIX=/home/rudolfs/ros2_ws/install/nav2_common
[0.511s] Invoking command in '/home/rudolfs/ros2_ws/build/nav2_common': CMAKE_PREFIX_PATH=${CMAKE_PREFIX_PATH}:/home/rudolfs/ros2_ws/install/tb4_nav_to_pose:/home/rudolfs/ros2_ws/install/nav2_simple_commander:/home/rudolfs/ros2_ws/install/nav2_loopback_sim:/home/rudolfs/ros2_ws/install/cmd_vel_tracker:/home/rudolfs/ros2_ws/install/battery_logger:/home/rudolfs/testing_ws/turtlebot4_ws/install/turtlebot4_python_tutorials:/home/rudolfs/testing_ws/install/turtlebot4_python_tutorials:/home/rudolfs/testing_ws/ros2_ws/install/battery_logger:/opt/ros/jazzy DEBUGINFOD_URLS=https://debuginfod.ubuntu.com /usr/bin/cmake --build /home/rudolfs/ros2_ws/build/nav2_common -- -j6 -l6
[0.730s] Built target ament_cmake_python_symlink_nav2_common
[0.788s] running egg_info
[0.809s] writing nav2_common.egg-info/PKG-INFO
[0.809s] writing dependency_links to nav2_common.egg-info/dependency_links.txt
[0.809s] writing top-level names to nav2_common.egg-info/top_level.txt
[0.874s] reading manifest file 'nav2_common.egg-info/SOURCES.txt'
[0.874s] writing manifest file 'nav2_common.egg-info/SOURCES.txt'
[0.929s] Built target ament_cmake_python_build_nav2_common_egg
[0.956s] Invoked command in '/home/rudolfs/ros2_ws/build/nav2_common' returned '0': CMAKE_PREFIX_PATH=${CMAKE_PREFIX_PATH}:/home/rudolfs/ros2_ws/install/tb4_nav_to_pose:/home/rudolfs/ros2_ws/install/nav2_simple_commander:/home/rudolfs/ros2_ws/install/nav2_loopback_sim:/home/rudolfs/ros2_ws/install/cmd_vel_tracker:/home/rudolfs/ros2_ws/install/battery_logger:/home/rudolfs/testing_ws/turtlebot4_ws/install/turtlebot4_python_tutorials:/home/rudolfs/testing_ws/install/turtlebot4_python_tutorials:/home/rudolfs/testing_ws/ros2_ws/install/battery_logger:/opt/ros/jazzy DEBUGINFOD_URLS=https://debuginfod.ubuntu.com /usr/bin/cmake --build /home/rudolfs/ros2_ws/build/nav2_common -- -j6 -l6
[0.968s] Invoking command in '/home/rudolfs/ros2_ws/build/nav2_common': CMAKE_PREFIX_PATH=${CMAKE_PREFIX_PATH}:/home/rudolfs/ros2_ws/install/tb4_nav_to_pose:/home/rudolfs/ros2_ws/install/nav2_simple_commander:/home/rudolfs/ros2_ws/install/nav2_loopback_sim:/home/rudolfs/ros2_ws/install/cmd_vel_tracker:/home/rudolfs/ros2_ws/install/battery_logger:/home/rudolfs/testing_ws/turtlebot4_ws/install/turtlebot4_python_tutorials:/home/rudolfs/testing_ws/install/turtlebot4_python_tutorials:/home/rudolfs/testing_ws/ros2_ws/install/battery_logger:/opt/ros/jazzy DEBUGINFOD_URLS=https://debuginfod.ubuntu.com /usr/bin/cmake --install /home/rudolfs/ros2_ws/build/nav2_common
[0.977s] -- Install configuration: ""
[0.977s] -- Execute custom install script
[0.978s] -- Up-to-date symlink: /home/rudolfs/ros2_ws/install/nav2_common/share/nav2_common/environment/pythonpath.sh
[0.978s] -- Up-to-date symlink: /home/rudolfs/ros2_ws/install/nav2_common/share/nav2_common/environment/pythonpath.dsv
[0.979s] -- Up-to-date symlink: /home/rudolfs/ros2_ws/install/nav2_common/lib/python3.12/site-packages/nav2_common-1.3.7-py3.12.egg-info/PKG-INFO
[0.979s] -- Up-to-date symlink: /home/rudolfs/ros2_ws/install/nav2_common/lib/python3.12/site-packages/nav2_common-1.3.7-py3.12.egg-info/SOURCES.txt
[0.979s] -- Up-to-date symlink: /home/rudolfs/ros2_ws/install/nav2_common/lib/python3.12/site-packages/nav2_common-1.3.7-py3.12.egg-info/dependency_links.txt
[0.979s] -- Up-to-date symlink: /home/rudolfs/ros2_ws/install/nav2_common/lib/python3.12/site-packages/nav2_common-1.3.7-py3.12.egg-info/top_level.txt
[0.979s] -- Up-to-date symlink: /home/rudolfs/ros2_ws/install/nav2_common/lib/python3.12/site-packages/nav2_common/__init__.py
[0.979s] -- Up-to-date symlink: /home/rudolfs/ros2_ws/install/nav2_common/lib/python3.12/site-packages/nav2_common/launch/__init__.py
[0.979s] -- Up-to-date symlink: /home/rudolfs/ros2_ws/install/nav2_common/lib/python3.12/site-packages/nav2_common/launch/has_node_params.py
[0.979s] -- Up-to-date symlink: /home/rudolfs/ros2_ws/install/nav2_common/lib/python3.12/site-packages/nav2_common/launch/parse_multirobot_pose.py
[0.979s] -- Up-to-date symlink: /home/rudolfs/ros2_ws/install/nav2_common/lib/python3.12/site-packages/nav2_common/launch/replace_string.py
[0.979s] -- Up-to-date symlink: /home/rudolfs/ros2_ws/install/nav2_common/lib/python3.12/site-packages/nav2_common/launch/rewritten_yaml.py
[0.979s] -- Up-to-date symlink: /home/rudolfs/ros2_ws/install/nav2_common/share/ament_index/resource_index/package_run_dependencies/nav2_common
[0.979s] -- Up-to-date symlink: /home/rudolfs/ros2_ws/install/nav2_common/share/ament_index/resource_index/parent_prefix_path/nav2_common
[0.979s] -- Up-to-date symlink: /home/rudolfs/ros2_ws/install/nav2_common/share/nav2_common/environment/ament_prefix_path.sh
[0.982s] -- Up-to-date symlink: /home/rudolfs/ros2_ws/install/nav2_common/share/nav2_common/environment/ament_prefix_path.dsv
[0.982s] -- Up-to-date symlink: /home/rudolfs/ros2_ws/install/nav2_common/share/nav2_common/environment/path.sh
[0.982s] -- Up-to-date symlink: /home/rudolfs/ros2_ws/install/nav2_common/share/nav2_common/environment/path.dsv
[0.982s] -- Up-to-date symlink: /home/rudolfs/ros2_ws/install/nav2_common/share/nav2_common/local_setup.bash
[0.982s] -- Up-to-date symlink: /home/rudolfs/ros2_ws/install/nav2_common/share/nav2_common/local_setup.sh
[0.982s] -- Up-to-date symlink: /home/rudolfs/ros2_ws/install/nav2_common/share/nav2_common/local_setup.zsh
[0.982s] -- Up-to-date symlink: /home/rudolfs/ros2_ws/install/nav2_common/share/nav2_common/local_setup.dsv
[0.982s] -- Symlinking: /home/rudolfs/ros2_ws/install/nav2_common/share/nav2_common/package.dsv
[0.998s] -- Up-to-date symlink: /home/rudolfs/ros2_ws/install/nav2_common/share/ament_index/resource_index/packages/nav2_common
[0.998s] -- Up-to-date symlink: /home/rudolfs/ros2_ws/install/nav2_common/share/nav2_common/cmake/nav2_common-extras.cmake
[0.998s] -- Up-to-date symlink: /home/rudolfs/ros2_ws/install/nav2_common/share/nav2_common/cmake/nav2_commonConfig.cmake
[0.998s] -- Up-to-date symlink: /home/rudolfs/ros2_ws/install/nav2_common/share/nav2_common/cmake/nav2_commonConfig-version.cmake
[0.999s] -- Up-to-date symlink: /home/rudolfs/ros2_ws/install/nav2_common/share/nav2_common/package.xml
[0.999s] -- Up-to-date symlink: /home/rudolfs/ros2_ws/install/nav2_common/share/nav2_common/cmake/nav2_package.cmake
[1.044s] Listing '/home/rudolfs/ros2_ws/install/nav2_common/lib/python3.12/site-packages/nav2_common'...
[1.044s] Listing '/home/rudolfs/ros2_ws/install/nav2_common/lib/python3.12/site-packages/nav2_common/launch'...
[1.052s] Invoked command in '/home/rudolfs/ros2_ws/build/nav2_common' returned '0': CMAKE_PREFIX_PATH=${CMAKE_PREFIX_PATH}:/home/rudolfs/ros2_ws/install/tb4_nav_to_pose:/home/rudolfs/ros2_ws/install/nav2_simple_commander:/home/rudolfs/ros2_ws/install/nav2_loopback_sim:/home/rudolfs/ros2_ws/install/cmd_vel_tracker:/home/rudolfs/ros2_ws/install/battery_logger:/home/rudolfs/testing_ws/turtlebot4_ws/install/turtlebot4_python_tutorials:/home/rudolfs/testing_ws/install/turtlebot4_python_tutorials:/home/rudolfs/testing_ws/ros2_ws/install/battery_logger:/opt/ros/jazzy DEBUGINFOD_URLS=https://debuginfod.ubuntu.com /usr/bin/cmake --install /home/rudolfs/ros2_ws/build/nav2_common
