[0.152s] Invoking command in '/home/rudolfs/ros2_ws/build/nav2_behavior_tree': CMAKE_PREFIX_PATH=/home/rudolfs/ros2_ws/install/nav2_util:/home/rudolfs/ros2_ws/install/nav2_msgs:/home/rudolfs/ros2_ws/install/nav2_common:/home/rudolfs/ros2_ws/install/turtlebot4_node:/home/rudolfs/ros2_ws/install/turtlebot4_navigation:/home/rudolfs/ros2_ws/install/turtlebot4_msgs:/home/rudolfs/ros2_ws/install/turtlebot4_description:/home/rudolfs/ros2_ws/install/nav2_system_tests:/home/rudolfs/ros2_ws/install/nav2_bringup:/home/rudolfs/ros2_ws/install/navigation2:/home/rudolfs/ros2_ws/install/opennav_docking:/home/rudolfs/ros2_ws/install/opennav_docking_core:/home/rudolfs/ros2_ws/install/opennav_docking_bt:/home/rudolfs/ros2_ws/install/nav2_smoother:/home/rudolfs/ros2_ws/install/nav2_rotation_shim_controller:/home/rudolfs/ros2_ws/install/nav2_graceful_controller:/home/rudolfs/ros2_ws/install/nav2_dwb_controller:/home/rudolfs/ros2_ws/install/nav2_controller:/home/rudolfs/ros2_ws/install/dwb_plugins:/home/rudolfs/ros2_ws/install/dwb_critics:/home/rudolfs/ros2_ws/install/dwb_core:/home/rudolfs/ros2_ws/install/nav_2d_utils:/home/rudolfs/ros2_ws/install/dwb_msgs:/home/rudolfs/ros2_ws/install/nav_2d_msgs:/home/rudolfs/ros2_ws/install/nav2_waypoint_follower:/home/rudolfs/ros2_ws/install/nav2_theta_star_planner:/home/rudolfs/ros2_ws/install/nav2_smac_planner:/home/rudolfs/ros2_ws/install/nav2_regulated_pure_pursuit_controller:/home/rudolfs/ros2_ws/install/nav2_planner:/home/rudolfs/ros2_ws/install/nav2_navfn_planner:/home/rudolfs/ros2_ws/install/nav2_mppi_controller:/home/rudolfs/ros2_ws/install/nav2_constrained_smoother:/home/rudolfs/ros2_ws/install/nav2_bt_navigator:/home/rudolfs/ros2_ws/install/nav2_behaviors:/home/rudolfs/ros2_ws/install/nav2_core:/home/rudolfs/ros2_ws/install/nav2_collision_monitor:/home/rudolfs/ros2_ws/install/costmap_queue:/home/rudolfs/ros2_ws/install/nav2_costmap_2d:/home/rudolfs/ros2_ws/install/nav2_voxel_grid:/home/rudolfs/ros2_ws/install/nav2_velocity_smoother:/home/rudolfs/ros2_ws/install/nav2_rviz_plugins:/home/rudolfs/ros2_ws/install/nav2_map_server:/home/rudolfs/ros2_ws/install/nav2_lifecycle_manager:/home/rudolfs/ros2_ws/install/nav2_behavior_tree:/home/rudolfs/ros2_ws/install/nav2_amcl:/opt/ros/jazzy/opt/gz_sim_vendor:/opt/ros/jazzy/opt/gz_sensors_vendor:/opt/ros/jazzy/opt/gz_physics_vendor:/opt/ros/jazzy/opt/sdformat_vendor:/opt/ros/jazzy/opt/gz_gui_vendor:/opt/ros/jazzy/opt/gz_transport_vendor:/opt/ros/jazzy/opt/gz_rendering_vendor:/opt/ros/jazzy/opt/gz_plugin_vendor:/opt/ros/jazzy/opt/gz_fuel_tools_vendor:/opt/ros/jazzy/opt/gz_msgs_vendor:/opt/ros/jazzy/opt/gz_common_vendor:/opt/ros/jazzy/opt/gz_math_vendor:/opt/ros/jazzy/opt/gz_utils_vendor:/opt/ros/jazzy/opt/gz_tools_vendor:/opt/ros/jazzy/opt/gz_ogre_next_vendor:/opt/ros/jazzy/opt/gz_dartsim_vendor:/opt/ros/jazzy/opt/gz_cmake_vendor:/home/rudolfs/ros2_ws/install/tb4_nav_to_pose:/home/rudolfs/ros2_ws/install/nav2_simple_commander:/home/rudolfs/ros2_ws/install/nav2_loopback_sim:/home/rudolfs/ros2_ws/install/cmd_vel_tracker:/home/rudolfs/ros2_ws/install/battery_logger:/home/rudolfs/testing_ws/turtlebot4_ws/install/turtlebot4_python_tutorials:/home/rudolfs/testing_ws/install/turtlebot4_python_tutorials:/home/rudolfs/testing_ws/ros2_ws/install/battery_logger:/opt/ros/jazzy DEBUGINFOD_URLS=https://debuginfod.ubuntu.com LD_LIBRARY_PATH=/home/rudolfs/ros2_ws/install/nav2_util/lib:/home/rudolfs/ros2_ws/install/nav2_msgs/lib:/home/rudolfs/ros2_ws/install/turtlebot4_msgs/lib:/home/rudolfs/ros2_ws/install/nav2_system_tests/lib:/home/rudolfs/ros2_ws/install/opennav_docking/lib:/home/rudolfs/ros2_ws/install/opennav_docking_bt/lib:/home/rudolfs/ros2_ws/install/nav2_smoother/lib:/home/rudolfs/ros2_ws/install/nav2_rotation_shim_controller/lib:/home/rudolfs/ros2_ws/install/nav2_graceful_controller/lib:/home/rudolfs/ros2_ws/install/nav2_controller/lib:/home/rudolfs/ros2_ws/install/dwb_plugins/lib:/home/rudolfs/ros2_ws/install/dwb_critics/lib:/home/rudolfs/ros2_ws/install/dwb_core/lib:/home/rudolfs/ros2_ws/install/nav_2d_utils/lib:/home/rudolfs/ros2_ws/install/dwb_msgs/lib:/home/rudolfs/ros2_ws/install/nav_2d_msgs/lib:/home/rudolfs/ros2_ws/install/nav2_waypoint_follower/lib:/home/rudolfs/ros2_ws/install/nav2_theta_star_planner/lib:/home/rudolfs/ros2_ws/install/nav2_smac_planner/lib:/home/rudolfs/ros2_ws/install/nav2_regulated_pure_pursuit_controller/lib:/home/rudolfs/ros2_ws/install/nav2_planner/lib:/home/rudolfs/ros2_ws/install/nav2_navfn_planner/lib:/home/rudolfs/ros2_ws/install/nav2_mppi_controller/lib:/home/rudolfs/ros2_ws/install/nav2_constrained_smoother/lib:/home/rudolfs/ros2_ws/install/nav2_bt_navigator/lib:/home/rudolfs/ros2_ws/install/nav2_behaviors/lib:/home/rudolfs/ros2_ws/install/nav2_collision_monitor/lib:/home/rudolfs/ros2_ws/install/costmap_queue/lib:/home/rudolfs/ros2_ws/install/nav2_costmap_2d/lib:/home/rudolfs/ros2_ws/install/nav2_voxel_grid/lib:/home/rudolfs/ros2_ws/install/nav2_velocity_smoother/lib:/home/rudolfs/ros2_ws/install/nav2_rviz_plugins/lib:/home/rudolfs/ros2_ws/install/nav2_map_server/lib:/home/rudolfs/ros2_ws/install/nav2_lifecycle_manager/lib:/home/rudolfs/ros2_ws/install/nav2_behavior_tree/lib:/home/rudolfs/ros2_ws/install/nav2_amcl/lib:/opt/ros/jazzy/opt/gz_sim_vendor/lib:/opt/ros/jazzy/opt/gz_sensors_vendor/lib:/opt/ros/jazzy/opt/gz_physics_vendor/lib:/opt/ros/jazzy/opt/sdformat_vendor/lib:/opt/ros/jazzy/opt/rviz_ogre_vendor/lib:/opt/ros/jazzy/lib/x86_64-linux-gnu:/opt/ros/jazzy/opt/gz_gui_vendor/lib:/opt/ros/jazzy/opt/gz_transport_vendor/lib:/opt/ros/jazzy/opt/gz_rendering_vendor/lib:/opt/ros/jazzy/opt/gz_plugin_vendor/lib:/opt/ros/jazzy/opt/gz_fuel_tools_vendor/lib:/opt/ros/jazzy/opt/gz_msgs_vendor/lib:/opt/ros/jazzy/opt/gz_common_vendor/lib:/opt/ros/jazzy/opt/gz_math_vendor/lib:/opt/ros/jazzy/opt/gz_utils_vendor/lib:/opt/ros/jazzy/opt/gz_tools_vendor/lib:/opt/ros/jazzy/opt/gz_ogre_next_vendor/lib:/opt/ros/jazzy/opt/gz_dartsim_vendor/lib:/opt/ros/jazzy/opt/gz_cmake_vendor/lib:/opt/ros/jazzy/lib PYTHONPATH=/home/rudolfs/ros2_ws/install/nav2_msgs/lib/python3.12/site-packages:/home/rudolfs/ros2_ws/install/nav2_common/lib/python3.12/site-packages:/home/rudolfs/ros2_ws/install/turtlebot4_navigation/lib/python3.12/site-packages:/home/rudolfs/ros2_ws/install/turtlebot4_msgs/lib/python3.12/site-packages:/home/rudolfs/ros2_ws/install/tb4_nav_to_pose/lib/python3.12/site-packages:/home/rudolfs/ros2_ws/install/dwb_msgs/lib/python3.12/site-packages:/home/rudolfs/ros2_ws/install/nav_2d_msgs/lib/python3.12/site-packages:/home/rudolfs/ros2_ws/build/nav2_simple_commander:/home/rudolfs/ros2_ws/install/nav2_simple_commander/lib/python3.12/site-packages:/home/rudolfs/ros2_ws/build/nav2_loopback_sim:/home/rudolfs/ros2_ws/install/nav2_loopback_sim/lib/python3.12/site-packages:/home/rudolfs/ros2_ws/build/cmd_vel_tracker:/home/rudolfs/ros2_ws/install/cmd_vel_tracker/lib/python3.12/site-packages:/home/rudolfs/ros2_ws/build/battery_logger:/home/rudolfs/ros2_ws/install/battery_logger/lib/python3.12/site-packages:/home/rudolfs/testing_ws/turtlebot4_ws/build/turtlebot4_python_tutorials:/home/rudolfs/testing_ws/turtlebot4_ws/install/turtlebot4_python_tutorials/lib/python3.12/site-packages:/home/rudolfs/testing_ws/install/turtlebot4_python_tutorials/lib/python3.12/site-packages:/home/rudolfs/testing_ws/ros2_ws/install/battery_logger/lib/python3.12/site-packages:/opt/ros/jazzy/lib/python3.12/site-packages /usr/bin/cmake --build /home/rudolfs/ros2_ws/build/nav2_behavior_tree -- -j6 -l6
[0.356s] [  1%] Built target nav2_controller_cancel_bt_node
[0.371s] [  1%] Built target nav2_behavior_tree
[0.381s] [  2%] Built target nav2_compute_path_to_pose_action_bt_node
[0.412s] [  3%] Built target nav2_compute_path_through_poses_action_bt_node
[0.413s] [  3%] Built target nav2_spin_cancel_bt_node
[0.426s] [  4%] Built target nav2_wait_cancel_bt_node
[0.462s] [  5%] Built target nav2_assisted_teleop_cancel_bt_node
[0.472s] [  6%] Built target nav2_back_up_cancel_bt_node
[0.498s] [  7%] Built target nav2_drive_on_heading_cancel_bt_node
[0.508s] [  8%] Built target nav2_back_up_action_bt_node
[0.549s] [  9%] Built target nav2_smooth_path_action_bt_node
[0.560s] [ 10%] Built target nav2_follow_path_action_bt_node
[0.563s] [ 10%] Built target nav2_drive_on_heading_bt_node
[0.587s] [ 11%] Built target nav2_spin_action_bt_node
[0.614s] [ 12%] Built target nav2_wait_action_bt_node
[0.623s] [ 13%] Built target nav2_assisted_teleop_action_bt_node
[0.646s] [ 14%] Built target nav2_clear_costmap_service_bt_node
[0.648s] [ 15%] Built target nav2_is_stuck_condition_bt_node
[0.674s] [ 16%] Built target nav2_transform_available_condition_bt_node
[0.697s] [ 17%] Built target nav2_goal_reached_condition_bt_node
[0.750s] [ 19%] Built target nav2_goal_updated_condition_bt_node
[0.752s] [ 19%] Built target nav2_globally_updated_goal_condition_bt_node
[0.753s] [ 20%] Built target nav2_time_expired_condition_bt_node
[0.767s] [ 21%] Built target nav2_is_path_valid_condition_bt_node
[0.803s] [ 22%] Built target nav2_path_expiring_timer_condition
[0.813s] [ 23%] Built target nav2_distance_traveled_condition_bt_node
[0.852s] [ 24%] Built target nav2_initial_pose_received_condition_bt_node
[0.852s] [ 25%] Built target nav2_is_battery_charging_condition_bt_node
[0.857s] [ 26%] Built target nav2_is_battery_low_condition_bt_node
[0.876s] [ 27%] Built target nav2_are_error_codes_active_condition_bt_node
[0.904s] [ 28%] Built target nav2_would_a_controller_recovery_help_condition_bt_node
[0.928s] [ 29%] Built target nav2_would_a_planner_recovery_help_condition_bt_node
[0.937s] [ 29%] Built target nav2_would_a_smoother_recovery_help_condition_bt_node
[0.954s] [ 29%] Built target nav2_reinitialize_global_localization_service_bt_node
[0.963s] [ 30%] Built target nav2_rate_controller_bt_node
[1.018s] [ 31%] Built target nav2_distance_controller_bt_node
[1.018s] [ 32%] Built target nav2_speed_controller_bt_node
[1.035s] [ 33%] Built target nav2_truncate_path_action_bt_node
[1.048s] [ 34%] Built target nav2_path_longer_on_approach_bt_node
[1.070s] [ 35%] Built target nav2_truncate_path_local_action_bt_node
[1.105s] [ 36%] Built target nav2_goal_updater_node_bt_node
[1.127s] [ 36%] Built target nav2_navigate_to_pose_action_bt_node
[1.153s] [ 37%] Built target nav2_recovery_node_bt_node
[1.173s] [ 38%] Built target nav2_navigate_through_poses_action_bt_node
[1.188s] [ 39%] Built target nav2_get_pose_from_path_action_bt_node
[1.204s] [ 40%] Built target nav2_remove_passed_goals_action_bt_node
[1.219s] [ 41%] Built target nav2_pipeline_sequence_bt_node
[1.279s] [ 42%] Built target nav2_single_trigger_bt_node
[1.297s] [ 43%] Built target nav2_round_robin_node_bt_node
[1.298s] [ 44%] Built target nav2_controller_selector_bt_node
[1.302s] [ 45%] Built target nav2_planner_selector_bt_node
[1.331s] [ 46%] Built target nav2_smoother_selector_bt_node
[1.348s] [ 47%] Built target nav2_goal_checker_selector_bt_node
[1.397s] [ 47%] Built target generate_nav2_tree_nodes_xml
[1.411s] [ 47%] Built target nav2_goal_updated_controller_bt_node
[1.417s] [ 48%] Built target gtest_main
[1.465s] [ 49%] Built target gtest
[1.465s] [ 50%] Built target nav2_progress_checker_selector_bt_node
[1.580s] [ 50%] Built target test_condition_path_expiring_timer
[1.589s] [ 51%] Built target test_bt_utils
[1.589s] [ 52%] Built target test_condition_time_expired
[1.598s] [ 53%] Built target test_condition_goal_reached
[1.606s] [ 54%] Built target test_condition_goal_updated
[1.641s] [ 55%] Built target test_condition_distance_traveled
[1.688s] [ 56%] Built target test_condition_transform_available
[1.712s] [ 57%] Built target test_condition_is_stuck
[1.715s] [ 58%] Built target test_condition_initial_pose_received
[1.720s] [ 59%] Built target test_condition_is_battery_charging
[1.728s] [ 59%] Built target test_condition_globally_updated_goal
[1.750s] [ 60%] Built target test_condition_is_battery_low
[1.804s] [ 61%] Built target test_are_error_codes_present
[1.808s] [ 62%] Built target test_condition_is_path_valid
[1.815s] [ 63%] Built target test_would_a_smoother_recovery_help
[1.843s] [ 64%] Built target test_would_a_planner_recovery_help
[1.856s] [ 65%] Built target test_would_a_controller_recovery_help
[1.859s] [ 66%] Built target test_decorator_distance_controller
[1.926s] [ 67%] Built target test_decorator_speed_controller
[1.942s] [ 68%] Built target test_decorator_rate_controller
[1.942s] [ 69%] Built target test_goal_updater_node
[1.954s] [ 69%] Built target test_decorator_path_longer_on_approach
[1.957s] [ 70%] Built target test_goal_updated_controller
[1.958s] [ 71%] Built target test_single_trigger_node
[2.025s] [ 72%] Built target test_control_recovery_node
[2.030s] [ 73%] Built target test_control_round_robin_node
[2.035s] [ 74%] Built target test_control_pipeline_sequence
[2.048s] [ 75%] Built target test_bt_action_node
[2.049s] [ 75%] Built target test_action_spin_action
[2.056s] [ 76%] Built target test_action_back_up_action
[2.132s] [ 77%] Built target test_action_assisted_teleop_action
[2.141s] [ 78%] Built target test_action_drive_on_heading
[2.143s] [ 79%] Built target test_action_wait_action
[2.151s] [ 79%] Built target test_action_controller_cancel_action
[2.151s] [ 80%] Built target test_action_spin_cancel_action
[2.169s] [ 81%] Built target test_action_wait_cancel_action
[2.250s] [ 82%] Built target test_action_reinitialize_global_localization_service
[2.267s] [ 83%] Built target test_action_compute_path_to_pose_action
[2.269s] [ 84%] Built target test_action_assisted_teleop_cancel_action
[2.269s] [ 85%] Built target test_action_clear_costmap_service
[2.280s] [ 86%] Built target test_action_drive_on_heading_cancel_action
[2.280s] [ 87%] Built target test_action_back_up_cancel_action
[2.376s] [ 88%] Built target test_action_compute_path_through_poses_action
[2.404s] [ 89%] Built target test_truncate_path_action
[2.408s] [ 91%] Built target test_action_navigate_to_pose_action
[2.408s] [ 91%] Built target test_action_smooth_path_action
[2.412s] [ 92%] Built target test_action_follow_path_action
[2.414s] [ 93%] Built target test_action_navigate_through_poses_action
[2.492s] [ 94%] Built target test_remove_passed_goals_action
[2.499s] [ 95%] Built target test_truncate_path_local_action
[2.505s] [ 96%] Built target test_smoother_selector_node
[2.516s] [ 97%] Built target test_controller_selector_node
[2.539s] [ 98%] Built target test_planner_selector_node
[2.553s] [ 99%] Built target test_get_pose_from_path_action
[2.604s] [ 99%] Built target test_progress_checker_selector_node
[2.605s] [100%] Built target test_goal_checker_selector_node
[2.671s] Invoked command in '/home/rudolfs/ros2_ws/build/nav2_behavior_tree' returned '0': CMAKE_PREFIX_PATH=/home/rudolfs/ros2_ws/install/nav2_util:/home/rudolfs/ros2_ws/install/nav2_msgs:/home/rudolfs/ros2_ws/install/nav2_common:/home/rudolfs/ros2_ws/install/turtlebot4_node:/home/rudolfs/ros2_ws/install/turtlebot4_navigation:/home/rudolfs/ros2_ws/install/turtlebot4_msgs:/home/rudolfs/ros2_ws/install/turtlebot4_description:/home/rudolfs/ros2_ws/install/nav2_system_tests:/home/rudolfs/ros2_ws/install/nav2_bringup:/home/rudolfs/ros2_ws/install/navigation2:/home/rudolfs/ros2_ws/install/opennav_docking:/home/rudolfs/ros2_ws/install/opennav_docking_core:/home/rudolfs/ros2_ws/install/opennav_docking_bt:/home/rudolfs/ros2_ws/install/nav2_smoother:/home/rudolfs/ros2_ws/install/nav2_rotation_shim_controller:/home/rudolfs/ros2_ws/install/nav2_graceful_controller:/home/rudolfs/ros2_ws/install/nav2_dwb_controller:/home/rudolfs/ros2_ws/install/nav2_controller:/home/rudolfs/ros2_ws/install/dwb_plugins:/home/rudolfs/ros2_ws/install/dwb_critics:/home/rudolfs/ros2_ws/install/dwb_core:/home/rudolfs/ros2_ws/install/nav_2d_utils:/home/rudolfs/ros2_ws/install/dwb_msgs:/home/rudolfs/ros2_ws/install/nav_2d_msgs:/home/rudolfs/ros2_ws/install/nav2_waypoint_follower:/home/rudolfs/ros2_ws/install/nav2_theta_star_planner:/home/rudolfs/ros2_ws/install/nav2_smac_planner:/home/rudolfs/ros2_ws/install/nav2_regulated_pure_pursuit_controller:/home/rudolfs/ros2_ws/install/nav2_planner:/home/rudolfs/ros2_ws/install/nav2_navfn_planner:/home/rudolfs/ros2_ws/install/nav2_mppi_controller:/home/rudolfs/ros2_ws/install/nav2_constrained_smoother:/home/rudolfs/ros2_ws/install/nav2_bt_navigator:/home/rudolfs/ros2_ws/install/nav2_behaviors:/home/rudolfs/ros2_ws/install/nav2_core:/home/rudolfs/ros2_ws/install/nav2_collision_monitor:/home/rudolfs/ros2_ws/install/costmap_queue:/home/rudolfs/ros2_ws/install/nav2_costmap_2d:/home/rudolfs/ros2_ws/install/nav2_voxel_grid:/home/rudolfs/ros2_ws/install/nav2_velocity_smoother:/home/rudolfs/ros2_ws/install/nav2_rviz_plugins:/home/rudolfs/ros2_ws/install/nav2_map_server:/home/rudolfs/ros2_ws/install/nav2_lifecycle_manager:/home/rudolfs/ros2_ws/install/nav2_behavior_tree:/home/rudolfs/ros2_ws/install/nav2_amcl:/opt/ros/jazzy/opt/gz_sim_vendor:/opt/ros/jazzy/opt/gz_sensors_vendor:/opt/ros/jazzy/opt/gz_physics_vendor:/opt/ros/jazzy/opt/sdformat_vendor:/opt/ros/jazzy/opt/gz_gui_vendor:/opt/ros/jazzy/opt/gz_transport_vendor:/opt/ros/jazzy/opt/gz_rendering_vendor:/opt/ros/jazzy/opt/gz_plugin_vendor:/opt/ros/jazzy/opt/gz_fuel_tools_vendor:/opt/ros/jazzy/opt/gz_msgs_vendor:/opt/ros/jazzy/opt/gz_common_vendor:/opt/ros/jazzy/opt/gz_math_vendor:/opt/ros/jazzy/opt/gz_utils_vendor:/opt/ros/jazzy/opt/gz_tools_vendor:/opt/ros/jazzy/opt/gz_ogre_next_vendor:/opt/ros/jazzy/opt/gz_dartsim_vendor:/opt/ros/jazzy/opt/gz_cmake_vendor:/home/rudolfs/ros2_ws/install/tb4_nav_to_pose:/home/rudolfs/ros2_ws/install/nav2_simple_commander:/home/rudolfs/ros2_ws/install/nav2_loopback_sim:/home/rudolfs/ros2_ws/install/cmd_vel_tracker:/home/rudolfs/ros2_ws/install/battery_logger:/home/rudolfs/testing_ws/turtlebot4_ws/install/turtlebot4_python_tutorials:/home/rudolfs/testing_ws/install/turtlebot4_python_tutorials:/home/rudolfs/testing_ws/ros2_ws/install/battery_logger:/opt/ros/jazzy DEBUGINFOD_URLS=https://debuginfod.ubuntu.com LD_LIBRARY_PATH=/home/rudolfs/ros2_ws/install/nav2_util/lib:/home/rudolfs/ros2_ws/install/nav2_msgs/lib:/home/rudolfs/ros2_ws/install/turtlebot4_msgs/lib:/home/rudolfs/ros2_ws/install/nav2_system_tests/lib:/home/rudolfs/ros2_ws/install/opennav_docking/lib:/home/rudolfs/ros2_ws/install/opennav_docking_bt/lib:/home/rudolfs/ros2_ws/install/nav2_smoother/lib:/home/rudolfs/ros2_ws/install/nav2_rotation_shim_controller/lib:/home/rudolfs/ros2_ws/install/nav2_graceful_controller/lib:/home/rudolfs/ros2_ws/install/nav2_controller/lib:/home/rudolfs/ros2_ws/install/dwb_plugins/lib:/home/rudolfs/ros2_ws/install/dwb_critics/lib:/home/rudolfs/ros2_ws/install/dwb_core/lib:/home/rudolfs/ros2_ws/install/nav_2d_utils/lib:/home/rudolfs/ros2_ws/install/dwb_msgs/lib:/home/rudolfs/ros2_ws/install/nav_2d_msgs/lib:/home/rudolfs/ros2_ws/install/nav2_waypoint_follower/lib:/home/rudolfs/ros2_ws/install/nav2_theta_star_planner/lib:/home/rudolfs/ros2_ws/install/nav2_smac_planner/lib:/home/rudolfs/ros2_ws/install/nav2_regulated_pure_pursuit_controller/lib:/home/rudolfs/ros2_ws/install/nav2_planner/lib:/home/rudolfs/ros2_ws/install/nav2_navfn_planner/lib:/home/rudolfs/ros2_ws/install/nav2_mppi_controller/lib:/home/rudolfs/ros2_ws/install/nav2_constrained_smoother/lib:/home/rudolfs/ros2_ws/install/nav2_bt_navigator/lib:/home/rudolfs/ros2_ws/install/nav2_behaviors/lib:/home/rudolfs/ros2_ws/install/nav2_collision_monitor/lib:/home/rudolfs/ros2_ws/install/costmap_queue/lib:/home/rudolfs/ros2_ws/install/nav2_costmap_2d/lib:/home/rudolfs/ros2_ws/install/nav2_voxel_grid/lib:/home/rudolfs/ros2_ws/install/nav2_velocity_smoother/lib:/home/rudolfs/ros2_ws/install/nav2_rviz_plugins/lib:/home/rudolfs/ros2_ws/install/nav2_map_server/lib:/home/rudolfs/ros2_ws/install/nav2_lifecycle_manager/lib:/home/rudolfs/ros2_ws/install/nav2_behavior_tree/lib:/home/rudolfs/ros2_ws/install/nav2_amcl/lib:/opt/ros/jazzy/opt/gz_sim_vendor/lib:/opt/ros/jazzy/opt/gz_sensors_vendor/lib:/opt/ros/jazzy/opt/gz_physics_vendor/lib:/opt/ros/jazzy/opt/sdformat_vendor/lib:/opt/ros/jazzy/opt/rviz_ogre_vendor/lib:/opt/ros/jazzy/lib/x86_64-linux-gnu:/opt/ros/jazzy/opt/gz_gui_vendor/lib:/opt/ros/jazzy/opt/gz_transport_vendor/lib:/opt/ros/jazzy/opt/gz_rendering_vendor/lib:/opt/ros/jazzy/opt/gz_plugin_vendor/lib:/opt/ros/jazzy/opt/gz_fuel_tools_vendor/lib:/opt/ros/jazzy/opt/gz_msgs_vendor/lib:/opt/ros/jazzy/opt/gz_common_vendor/lib:/opt/ros/jazzy/opt/gz_math_vendor/lib:/opt/ros/jazzy/opt/gz_utils_vendor/lib:/opt/ros/jazzy/opt/gz_tools_vendor/lib:/opt/ros/jazzy/opt/gz_ogre_next_vendor/lib:/opt/ros/jazzy/opt/gz_dartsim_vendor/lib:/opt/ros/jazzy/opt/gz_cmake_vendor/lib:/opt/ros/jazzy/lib PYTHONPATH=/home/rudolfs/ros2_ws/install/nav2_msgs/lib/python3.12/site-packages:/home/rudolfs/ros2_ws/install/nav2_common/lib/python3.12/site-packages:/home/rudolfs/ros2_ws/install/turtlebot4_navigation/lib/python3.12/site-packages:/home/rudolfs/ros2_ws/install/turtlebot4_msgs/lib/python3.12/site-packages:/home/rudolfs/ros2_ws/install/tb4_nav_to_pose/lib/python3.12/site-packages:/home/rudolfs/ros2_ws/install/dwb_msgs/lib/python3.12/site-packages:/home/rudolfs/ros2_ws/install/nav_2d_msgs/lib/python3.12/site-packages:/home/rudolfs/ros2_ws/build/nav2_simple_commander:/home/rudolfs/ros2_ws/install/nav2_simple_commander/lib/python3.12/site-packages:/home/rudolfs/ros2_ws/build/nav2_loopback_sim:/home/rudolfs/ros2_ws/install/nav2_loopback_sim/lib/python3.12/site-packages:/home/rudolfs/ros2_ws/build/cmd_vel_tracker:/home/rudolfs/ros2_ws/install/cmd_vel_tracker/lib/python3.12/site-packages:/home/rudolfs/ros2_ws/build/battery_logger:/home/rudolfs/ros2_ws/install/battery_logger/lib/python3.12/site-packages:/home/rudolfs/testing_ws/turtlebot4_ws/build/turtlebot4_python_tutorials:/home/rudolfs/testing_ws/turtlebot4_ws/install/turtlebot4_python_tutorials/lib/python3.12/site-packages:/home/rudolfs/testing_ws/install/turtlebot4_python_tutorials/lib/python3.12/site-packages:/home/rudolfs/testing_ws/ros2_ws/install/battery_logger/lib/python3.12/site-packages:/opt/ros/jazzy/lib/python3.12/site-packages /usr/bin/cmake --build /home/rudolfs/ros2_ws/build/nav2_behavior_tree -- -j6 -l6
[2.676s] Invoking command in '/home/rudolfs/ros2_ws/build/nav2_behavior_tree': CMAKE_PREFIX_PATH=/home/rudolfs/ros2_ws/install/nav2_util:/home/rudolfs/ros2_ws/install/nav2_msgs:/home/rudolfs/ros2_ws/install/nav2_common:/home/rudolfs/ros2_ws/install/turtlebot4_node:/home/rudolfs/ros2_ws/install/turtlebot4_navigation:/home/rudolfs/ros2_ws/install/turtlebot4_msgs:/home/rudolfs/ros2_ws/install/turtlebot4_description:/home/rudolfs/ros2_ws/install/nav2_system_tests:/home/rudolfs/ros2_ws/install/nav2_bringup:/home/rudolfs/ros2_ws/install/navigation2:/home/rudolfs/ros2_ws/install/opennav_docking:/home/rudolfs/ros2_ws/install/opennav_docking_core:/home/rudolfs/ros2_ws/install/opennav_docking_bt:/home/rudolfs/ros2_ws/install/nav2_smoother:/home/rudolfs/ros2_ws/install/nav2_rotation_shim_controller:/home/rudolfs/ros2_ws/install/nav2_graceful_controller:/home/rudolfs/ros2_ws/install/nav2_dwb_controller:/home/rudolfs/ros2_ws/install/nav2_controller:/home/rudolfs/ros2_ws/install/dwb_plugins:/home/rudolfs/ros2_ws/install/dwb_critics:/home/rudolfs/ros2_ws/install/dwb_core:/home/rudolfs/ros2_ws/install/nav_2d_utils:/home/rudolfs/ros2_ws/install/dwb_msgs:/home/rudolfs/ros2_ws/install/nav_2d_msgs:/home/rudolfs/ros2_ws/install/nav2_waypoint_follower:/home/rudolfs/ros2_ws/install/nav2_theta_star_planner:/home/rudolfs/ros2_ws/install/nav2_smac_planner:/home/rudolfs/ros2_ws/install/nav2_regulated_pure_pursuit_controller:/home/rudolfs/ros2_ws/install/nav2_planner:/home/rudolfs/ros2_ws/install/nav2_navfn_planner:/home/rudolfs/ros2_ws/install/nav2_mppi_controller:/home/rudolfs/ros2_ws/install/nav2_constrained_smoother:/home/rudolfs/ros2_ws/install/nav2_bt_navigator:/home/rudolfs/ros2_ws/install/nav2_behaviors:/home/rudolfs/ros2_ws/install/nav2_core:/home/rudolfs/ros2_ws/install/nav2_collision_monitor:/home/rudolfs/ros2_ws/install/costmap_queue:/home/rudolfs/ros2_ws/install/nav2_costmap_2d:/home/rudolfs/ros2_ws/install/nav2_voxel_grid:/home/rudolfs/ros2_ws/install/nav2_velocity_smoother:/home/rudolfs/ros2_ws/install/nav2_rviz_plugins:/home/rudolfs/ros2_ws/install/nav2_map_server:/home/rudolfs/ros2_ws/install/nav2_lifecycle_manager:/home/rudolfs/ros2_ws/install/nav2_behavior_tree:/home/rudolfs/ros2_ws/install/nav2_amcl:/opt/ros/jazzy/opt/gz_sim_vendor:/opt/ros/jazzy/opt/gz_sensors_vendor:/opt/ros/jazzy/opt/gz_physics_vendor:/opt/ros/jazzy/opt/sdformat_vendor:/opt/ros/jazzy/opt/gz_gui_vendor:/opt/ros/jazzy/opt/gz_transport_vendor:/opt/ros/jazzy/opt/gz_rendering_vendor:/opt/ros/jazzy/opt/gz_plugin_vendor:/opt/ros/jazzy/opt/gz_fuel_tools_vendor:/opt/ros/jazzy/opt/gz_msgs_vendor:/opt/ros/jazzy/opt/gz_common_vendor:/opt/ros/jazzy/opt/gz_math_vendor:/opt/ros/jazzy/opt/gz_utils_vendor:/opt/ros/jazzy/opt/gz_tools_vendor:/opt/ros/jazzy/opt/gz_ogre_next_vendor:/opt/ros/jazzy/opt/gz_dartsim_vendor:/opt/ros/jazzy/opt/gz_cmake_vendor:/home/rudolfs/ros2_ws/install/tb4_nav_to_pose:/home/rudolfs/ros2_ws/install/nav2_simple_commander:/home/rudolfs/ros2_ws/install/nav2_loopback_sim:/home/rudolfs/ros2_ws/install/cmd_vel_tracker:/home/rudolfs/ros2_ws/install/battery_logger:/home/rudolfs/testing_ws/turtlebot4_ws/install/turtlebot4_python_tutorials:/home/rudolfs/testing_ws/install/turtlebot4_python_tutorials:/home/rudolfs/testing_ws/ros2_ws/install/battery_logger:/opt/ros/jazzy DEBUGINFOD_URLS=https://debuginfod.ubuntu.com LD_LIBRARY_PATH=/home/rudolfs/ros2_ws/install/nav2_util/lib:/home/rudolfs/ros2_ws/install/nav2_msgs/lib:/home/rudolfs/ros2_ws/install/turtlebot4_msgs/lib:/home/rudolfs/ros2_ws/install/nav2_system_tests/lib:/home/rudolfs/ros2_ws/install/opennav_docking/lib:/home/rudolfs/ros2_ws/install/opennav_docking_bt/lib:/home/rudolfs/ros2_ws/install/nav2_smoother/lib:/home/rudolfs/ros2_ws/install/nav2_rotation_shim_controller/lib:/home/rudolfs/ros2_ws/install/nav2_graceful_controller/lib:/home/rudolfs/ros2_ws/install/nav2_controller/lib:/home/rudolfs/ros2_ws/install/dwb_plugins/lib:/home/rudolfs/ros2_ws/install/dwb_critics/lib:/home/rudolfs/ros2_ws/install/dwb_core/lib:/home/rudolfs/ros2_ws/install/nav_2d_utils/lib:/home/rudolfs/ros2_ws/install/dwb_msgs/lib:/home/rudolfs/ros2_ws/install/nav_2d_msgs/lib:/home/rudolfs/ros2_ws/install/nav2_waypoint_follower/lib:/home/rudolfs/ros2_ws/install/nav2_theta_star_planner/lib:/home/rudolfs/ros2_ws/install/nav2_smac_planner/lib:/home/rudolfs/ros2_ws/install/nav2_regulated_pure_pursuit_controller/lib:/home/rudolfs/ros2_ws/install/nav2_planner/lib:/home/rudolfs/ros2_ws/install/nav2_navfn_planner/lib:/home/rudolfs/ros2_ws/install/nav2_mppi_controller/lib:/home/rudolfs/ros2_ws/install/nav2_constrained_smoother/lib:/home/rudolfs/ros2_ws/install/nav2_bt_navigator/lib:/home/rudolfs/ros2_ws/install/nav2_behaviors/lib:/home/rudolfs/ros2_ws/install/nav2_collision_monitor/lib:/home/rudolfs/ros2_ws/install/costmap_queue/lib:/home/rudolfs/ros2_ws/install/nav2_costmap_2d/lib:/home/rudolfs/ros2_ws/install/nav2_voxel_grid/lib:/home/rudolfs/ros2_ws/install/nav2_velocity_smoother/lib:/home/rudolfs/ros2_ws/install/nav2_rviz_plugins/lib:/home/rudolfs/ros2_ws/install/nav2_map_server/lib:/home/rudolfs/ros2_ws/install/nav2_lifecycle_manager/lib:/home/rudolfs/ros2_ws/install/nav2_behavior_tree/lib:/home/rudolfs/ros2_ws/install/nav2_amcl/lib:/opt/ros/jazzy/opt/gz_sim_vendor/lib:/opt/ros/jazzy/opt/gz_sensors_vendor/lib:/opt/ros/jazzy/opt/gz_physics_vendor/lib:/opt/ros/jazzy/opt/sdformat_vendor/lib:/opt/ros/jazzy/opt/rviz_ogre_vendor/lib:/opt/ros/jazzy/lib/x86_64-linux-gnu:/opt/ros/jazzy/opt/gz_gui_vendor/lib:/opt/ros/jazzy/opt/gz_transport_vendor/lib:/opt/ros/jazzy/opt/gz_rendering_vendor/lib:/opt/ros/jazzy/opt/gz_plugin_vendor/lib:/opt/ros/jazzy/opt/gz_fuel_tools_vendor/lib:/opt/ros/jazzy/opt/gz_msgs_vendor/lib:/opt/ros/jazzy/opt/gz_common_vendor/lib:/opt/ros/jazzy/opt/gz_math_vendor/lib:/opt/ros/jazzy/opt/gz_utils_vendor/lib:/opt/ros/jazzy/opt/gz_tools_vendor/lib:/opt/ros/jazzy/opt/gz_ogre_next_vendor/lib:/opt/ros/jazzy/opt/gz_dartsim_vendor/lib:/opt/ros/jazzy/opt/gz_cmake_vendor/lib:/opt/ros/jazzy/lib PYTHONPATH=/home/rudolfs/ros2_ws/install/nav2_msgs/lib/python3.12/site-packages:/home/rudolfs/ros2_ws/install/nav2_common/lib/python3.12/site-packages:/home/rudolfs/ros2_ws/install/turtlebot4_navigation/lib/python3.12/site-packages:/home/rudolfs/ros2_ws/install/turtlebot4_msgs/lib/python3.12/site-packages:/home/rudolfs/ros2_ws/install/tb4_nav_to_pose/lib/python3.12/site-packages:/home/rudolfs/ros2_ws/install/dwb_msgs/lib/python3.12/site-packages:/home/rudolfs/ros2_ws/install/nav_2d_msgs/lib/python3.12/site-packages:/home/rudolfs/ros2_ws/build/nav2_simple_commander:/home/rudolfs/ros2_ws/install/nav2_simple_commander/lib/python3.12/site-packages:/home/rudolfs/ros2_ws/build/nav2_loopback_sim:/home/rudolfs/ros2_ws/install/nav2_loopback_sim/lib/python3.12/site-packages:/home/rudolfs/ros2_ws/build/cmd_vel_tracker:/home/rudolfs/ros2_ws/install/cmd_vel_tracker/lib/python3.12/site-packages:/home/rudolfs/ros2_ws/build/battery_logger:/home/rudolfs/ros2_ws/install/battery_logger/lib/python3.12/site-packages:/home/rudolfs/testing_ws/turtlebot4_ws/build/turtlebot4_python_tutorials:/home/rudolfs/testing_ws/turtlebot4_ws/install/turtlebot4_python_tutorials/lib/python3.12/site-packages:/home/rudolfs/testing_ws/install/turtlebot4_python_tutorials/lib/python3.12/site-packages:/home/rudolfs/testing_ws/ros2_ws/install/battery_logger/lib/python3.12/site-packages:/opt/ros/jazzy/lib/python3.12/site-packages /usr/bin/cmake --install /home/rudolfs/ros2_ws/build/nav2_behavior_tree
[2.697s] -- Install configuration: "Release"
[2.697s] -- Execute custom install script
[2.698s] -- Up-to-date symlink: /home/rudolfs/ros2_ws/install/nav2_behavior_tree/lib/libnav2_behavior_tree.so
[2.698s] -- Up-to-date symlink: /home/rudolfs/ros2_ws/install/nav2_behavior_tree/lib/libnav2_compute_path_to_pose_action_bt_node.so
[2.698s] -- Up-to-date symlink: /home/rudolfs/ros2_ws/install/nav2_behavior_tree/lib/libnav2_compute_path_through_poses_action_bt_node.so
[2.698s] -- Up-to-date symlink: /home/rudolfs/ros2_ws/install/nav2_behavior_tree/lib/libnav2_controller_cancel_bt_node.so
[2.698s] -- Up-to-date symlink: /home/rudolfs/ros2_ws/install/nav2_behavior_tree/lib/libnav2_wait_cancel_bt_node.so
[2.698s] -- Up-to-date symlink: /home/rudolfs/ros2_ws/install/nav2_behavior_tree/lib/libnav2_spin_cancel_bt_node.so
[2.698s] -- Up-to-date symlink: /home/rudolfs/ros2_ws/install/nav2_behavior_tree/lib/libnav2_back_up_cancel_bt_node.so
[2.698s] -- Up-to-date symlink: /home/rudolfs/ros2_ws/install/nav2_behavior_tree/lib/libnav2_assisted_teleop_cancel_bt_node.so
[2.698s] -- Up-to-date symlink: /home/rudolfs/ros2_ws/install/nav2_behavior_tree/lib/libnav2_drive_on_heading_cancel_bt_node.so
[2.699s] -- Up-to-date symlink: /home/rudolfs/ros2_ws/install/nav2_behavior_tree/lib/libnav2_smooth_path_action_bt_node.so
[2.699s] -- Up-to-date symlink: /home/rudolfs/ros2_ws/install/nav2_behavior_tree/lib/libnav2_follow_path_action_bt_node.so
[2.705s] -- Up-to-date symlink: /home/rudolfs/ros2_ws/install/nav2_behavior_tree/lib/libnav2_back_up_action_bt_node.so
[2.705s] -- Up-to-date symlink: /home/rudolfs/ros2_ws/install/nav2_behavior_tree/lib/libnav2_drive_on_heading_bt_node.so
[2.705s] -- Up-to-date symlink: /home/rudolfs/ros2_ws/install/nav2_behavior_tree/lib/libnav2_spin_action_bt_node.so
[2.705s] -- Up-to-date symlink: /home/rudolfs/ros2_ws/install/nav2_behavior_tree/lib/libnav2_wait_action_bt_node.so
[2.705s] -- Up-to-date symlink: /home/rudolfs/ros2_ws/install/nav2_behavior_tree/lib/libnav2_assisted_teleop_action_bt_node.so
[2.706s] -- Up-to-date symlink: /home/rudolfs/ros2_ws/install/nav2_behavior_tree/lib/libnav2_clear_costmap_service_bt_node.so
[2.706s] -- Up-to-date symlink: /home/rudolfs/ros2_ws/install/nav2_behavior_tree/lib/libnav2_is_stuck_condition_bt_node.so
[2.706s] -- Up-to-date symlink: /home/rudolfs/ros2_ws/install/nav2_behavior_tree/lib/libnav2_transform_available_condition_bt_node.so
[2.706s] -- Up-to-date symlink: /home/rudolfs/ros2_ws/install/nav2_behavior_tree/lib/libnav2_goal_reached_condition_bt_node.so
[2.706s] -- Up-to-date symlink: /home/rudolfs/ros2_ws/install/nav2_behavior_tree/lib/libnav2_globally_updated_goal_condition_bt_node.so
[2.707s] -- Up-to-date symlink: /home/rudolfs/ros2_ws/install/nav2_behavior_tree/lib/libnav2_goal_updated_condition_bt_node.so
[2.707s] -- Up-to-date symlink: /home/rudolfs/ros2_ws/install/nav2_behavior_tree/lib/libnav2_is_path_valid_condition_bt_node.so
[2.707s] -- Up-to-date symlink: /home/rudolfs/ros2_ws/install/nav2_behavior_tree/lib/libnav2_time_expired_condition_bt_node.so
[2.707s] -- Up-to-date symlink: /home/rudolfs/ros2_ws/install/nav2_behavior_tree/lib/libnav2_path_expiring_timer_condition.so
[2.708s] -- Up-to-date symlink: /home/rudolfs/ros2_ws/install/nav2_behavior_tree/lib/libnav2_distance_traveled_condition_bt_node.so
[2.708s] -- Up-to-date symlink: /home/rudolfs/ros2_ws/install/nav2_behavior_tree/lib/libnav2_initial_pose_received_condition_bt_node.so
[2.714s] -- Up-to-date symlink: /home/rudolfs/ros2_ws/install/nav2_behavior_tree/lib/libnav2_is_battery_charging_condition_bt_node.so
[2.714s] -- Up-to-date symlink: /home/rudolfs/ros2_ws/install/nav2_behavior_tree/lib/libnav2_is_battery_low_condition_bt_node.so
[2.714s] -- Up-to-date symlink: /home/rudolfs/ros2_ws/install/nav2_behavior_tree/lib/libnav2_are_error_codes_active_condition_bt_node.so
[2.715s] -- Up-to-date symlink: /home/rudolfs/ros2_ws/install/nav2_behavior_tree/lib/libnav2_would_a_controller_recovery_help_condition_bt_node.so
[2.715s] -- Up-to-date symlink: /home/rudolfs/ros2_ws/install/nav2_behavior_tree/lib/libnav2_would_a_planner_recovery_help_condition_bt_node.so
[2.715s] -- Up-to-date symlink: /home/rudolfs/ros2_ws/install/nav2_behavior_tree/lib/libnav2_would_a_smoother_recovery_help_condition_bt_node.so
[2.715s] -- Up-to-date symlink: /home/rudolfs/ros2_ws/install/nav2_behavior_tree/lib/libnav2_reinitialize_global_localization_service_bt_node.so
[2.715s] -- Up-to-date symlink: /home/rudolfs/ros2_ws/install/nav2_behavior_tree/lib/libnav2_rate_controller_bt_node.so
[2.716s] -- Up-to-date symlink: /home/rudolfs/ros2_ws/install/nav2_behavior_tree/lib/libnav2_distance_controller_bt_node.so
[2.716s] -- Up-to-date symlink: /home/rudolfs/ros2_ws/install/nav2_behavior_tree/lib/libnav2_speed_controller_bt_node.so
[2.717s] -- Up-to-date symlink: /home/rudolfs/ros2_ws/install/nav2_behavior_tree/lib/libnav2_truncate_path_action_bt_node.so
[2.717s] -- Up-to-date symlink: /home/rudolfs/ros2_ws/install/nav2_behavior_tree/lib/libnav2_truncate_path_local_action_bt_node.so
[2.717s] -- Up-to-date symlink: /home/rudolfs/ros2_ws/install/nav2_behavior_tree/lib/libnav2_goal_updater_node_bt_node.so
[2.717s] -- Up-to-date symlink: /home/rudolfs/ros2_ws/install/nav2_behavior_tree/lib/libnav2_path_longer_on_approach_bt_node.so
[2.717s] -- Up-to-date symlink: /home/rudolfs/ros2_ws/install/nav2_behavior_tree/lib/libnav2_recovery_node_bt_node.so
[2.717s] -- Up-to-date symlink: /home/rudolfs/ros2_ws/install/nav2_behavior_tree/lib/libnav2_navigate_to_pose_action_bt_node.so
[2.717s] -- Up-to-date symlink: /home/rudolfs/ros2_ws/install/nav2_behavior_tree/lib/libnav2_navigate_through_poses_action_bt_node.so
[2.717s] -- Up-to-date symlink: /home/rudolfs/ros2_ws/install/nav2_behavior_tree/lib/libnav2_remove_passed_goals_action_bt_node.so
[2.717s] -- Up-to-date symlink: /home/rudolfs/ros2_ws/install/nav2_behavior_tree/lib/libnav2_get_pose_from_path_action_bt_node.so
[2.717s] -- Up-to-date symlink: /home/rudolfs/ros2_ws/install/nav2_behavior_tree/lib/libnav2_pipeline_sequence_bt_node.so
[2.717s] -- Up-to-date symlink: /home/rudolfs/ros2_ws/install/nav2_behavior_tree/lib/libnav2_round_robin_node_bt_node.so
[2.718s] -- Up-to-date symlink: /home/rudolfs/ros2_ws/install/nav2_behavior_tree/lib/libnav2_single_trigger_bt_node.so
[2.718s] -- Up-to-date symlink: /home/rudolfs/ros2_ws/install/nav2_behavior_tree/lib/libnav2_planner_selector_bt_node.so
[2.718s] -- Up-to-date symlink: /home/rudolfs/ros2_ws/install/nav2_behavior_tree/lib/libnav2_controller_selector_bt_node.so
[2.718s] -- Up-to-date symlink: /home/rudolfs/ros2_ws/install/nav2_behavior_tree/lib/libnav2_smoother_selector_bt_node.so
[2.718s] -- Up-to-date symlink: /home/rudolfs/ros2_ws/install/nav2_behavior_tree/lib/libnav2_goal_checker_selector_bt_node.so
[2.718s] -- Up-to-date symlink: /home/rudolfs/ros2_ws/install/nav2_behavior_tree/lib/libnav2_progress_checker_selector_bt_node.so
[2.718s] -- Up-to-date symlink: /home/rudolfs/ros2_ws/install/nav2_behavior_tree/lib/libnav2_goal_updated_controller_bt_node.so
[2.718s] -- Up-to-date symlink: /home/rudolfs/ros2_ws/install/nav2_behavior_tree/lib/nav2_behavior_tree/generate_nav2_tree_nodes_xml
[2.721s] -- Up-to-date symlink: /home/rudolfs/ros2_ws/install/nav2_behavior_tree/include//nav2_behavior_tree/behavior_tree_engine.hpp
[2.721s] -- Up-to-date symlink: /home/rudolfs/ros2_ws/install/nav2_behavior_tree/include//nav2_behavior_tree/bt_action_node.hpp
[2.721s] -- Up-to-date symlink: /home/rudolfs/ros2_ws/install/nav2_behavior_tree/include//nav2_behavior_tree/bt_action_server.hpp
[2.721s] -- Up-to-date symlink: /home/rudolfs/ros2_ws/install/nav2_behavior_tree/include//nav2_behavior_tree/bt_action_server_impl.hpp
[2.722s] -- Up-to-date symlink: /home/rudolfs/ros2_ws/install/nav2_behavior_tree/include//nav2_behavior_tree/bt_cancel_action_node.hpp
[2.722s] -- Up-to-date symlink: /home/rudolfs/ros2_ws/install/nav2_behavior_tree/include//nav2_behavior_tree/bt_service_node.hpp
[2.723s] -- Up-to-date symlink: /home/rudolfs/ros2_ws/install/nav2_behavior_tree/include//nav2_behavior_tree/bt_utils.hpp
[2.723s] -- Up-to-date symlink: /home/rudolfs/ros2_ws/install/nav2_behavior_tree/include//nav2_behavior_tree/plugins/action/assisted_teleop_action.hpp
[2.723s] -- Up-to-date symlink: /home/rudolfs/ros2_ws/install/nav2_behavior_tree/include//nav2_behavior_tree/plugins/action/assisted_teleop_cancel_node.hpp
[2.723s] -- Up-to-date symlink: /home/rudolfs/ros2_ws/install/nav2_behavior_tree/include//nav2_behavior_tree/plugins/action/back_up_action.hpp
[2.723s] -- Up-to-date symlink: /home/rudolfs/ros2_ws/install/nav2_behavior_tree/include//nav2_behavior_tree/plugins/action/back_up_cancel_node.hpp
[2.723s] -- Up-to-date symlink: /home/rudolfs/ros2_ws/install/nav2_behavior_tree/include//nav2_behavior_tree/plugins/action/clear_costmap_service.hpp
[2.723s] -- Up-to-date symlink: /home/rudolfs/ros2_ws/install/nav2_behavior_tree/include//nav2_behavior_tree/plugins/action/compute_path_through_poses_action.hpp
[2.723s] -- Up-to-date symlink: /home/rudolfs/ros2_ws/install/nav2_behavior_tree/include//nav2_behavior_tree/plugins/action/compute_path_to_pose_action.hpp
[2.723s] -- Up-to-date symlink: /home/rudolfs/ros2_ws/install/nav2_behavior_tree/include//nav2_behavior_tree/plugins/action/controller_cancel_node.hpp
[2.723s] -- Up-to-date symlink: /home/rudolfs/ros2_ws/install/nav2_behavior_tree/include//nav2_behavior_tree/plugins/action/controller_selector_node.hpp
[2.723s] -- Up-to-date symlink: /home/rudolfs/ros2_ws/install/nav2_behavior_tree/include//nav2_behavior_tree/plugins/action/drive_on_heading_action.hpp
[2.723s] -- Up-to-date symlink: /home/rudolfs/ros2_ws/install/nav2_behavior_tree/include//nav2_behavior_tree/plugins/action/drive_on_heading_cancel_node.hpp
[2.723s] -- Up-to-date symlink: /home/rudolfs/ros2_ws/install/nav2_behavior_tree/include//nav2_behavior_tree/plugins/action/follow_path_action.hpp
[2.723s] -- Up-to-date symlink: /home/rudolfs/ros2_ws/install/nav2_behavior_tree/include//nav2_behavior_tree/plugins/action/get_pose_from_path_action.hpp
[2.724s] -- Up-to-date symlink: /home/rudolfs/ros2_ws/install/nav2_behavior_tree/include//nav2_behavior_tree/plugins/action/goal_checker_selector_node.hpp
[2.724s] -- Up-to-date symlink: /home/rudolfs/ros2_ws/install/nav2_behavior_tree/include//nav2_behavior_tree/plugins/action/navigate_through_poses_action.hpp
[2.724s] -- Up-to-date symlink: /home/rudolfs/ros2_ws/install/nav2_behavior_tree/include//nav2_behavior_tree/plugins/action/navigate_to_pose_action.hpp
[2.724s] -- Up-to-date symlink: /home/rudolfs/ros2_ws/install/nav2_behavior_tree/include//nav2_behavior_tree/plugins/action/planner_selector_node.hpp
[2.724s] -- Up-to-date symlink: /home/rudolfs/ros2_ws/install/nav2_behavior_tree/include//nav2_behavior_tree/plugins/action/progress_checker_selector_node.hpp
[2.731s] -- Up-to-date symlink: /home/rudolfs/ros2_ws/install/nav2_behavior_tree/include//nav2_behavior_tree/plugins/action/reinitialize_global_localization_service.hpp
[2.731s] -- Up-to-date symlink: /home/rudolfs/ros2_ws/install/nav2_behavior_tree/include//nav2_behavior_tree/plugins/action/remove_passed_goals_action.hpp
[2.731s] -- Up-to-date symlink: /home/rudolfs/ros2_ws/install/nav2_behavior_tree/include//nav2_behavior_tree/plugins/action/smooth_path_action.hpp
[2.731s] -- Up-to-date symlink: /home/rudolfs/ros2_ws/install/nav2_behavior_tree/include//nav2_behavior_tree/plugins/action/smoother_selector_node.hpp
[2.731s] -- Up-to-date symlink: /home/rudolfs/ros2_ws/install/nav2_behavior_tree/include//nav2_behavior_tree/plugins/action/spin_action.hpp
[2.731s] -- Up-to-date symlink: /home/rudolfs/ros2_ws/install/nav2_behavior_tree/include//nav2_behavior_tree/plugins/action/spin_cancel_node.hpp
[2.731s] -- Up-to-date symlink: /home/rudolfs/ros2_ws/install/nav2_behavior_tree/include//nav2_behavior_tree/plugins/action/truncate_path_action.hpp
[2.731s] -- Up-to-date symlink: /home/rudolfs/ros2_ws/install/nav2_behavior_tree/include//nav2_behavior_tree/plugins/action/truncate_path_local_action.hpp
[2.731s] -- Up-to-date symlink: /home/rudolfs/ros2_ws/install/nav2_behavior_tree/include//nav2_behavior_tree/plugins/action/wait_action.hpp
[2.731s] -- Up-to-date symlink: /home/rudolfs/ros2_ws/install/nav2_behavior_tree/include//nav2_behavior_tree/plugins/action/wait_cancel_node.hpp
[2.731s] -- Up-to-date symlink: /home/rudolfs/ros2_ws/install/nav2_behavior_tree/include//nav2_behavior_tree/plugins/condition/are_error_codes_present_condition.hpp
[2.731s] -- Up-to-date symlink: /home/rudolfs/ros2_ws/install/nav2_behavior_tree/include//nav2_behavior_tree/plugins/condition/distance_traveled_condition.hpp
[2.731s] -- Up-to-date symlink: /home/rudolfs/ros2_ws/install/nav2_behavior_tree/include//nav2_behavior_tree/plugins/condition/globally_updated_goal_condition.hpp
[2.731s] -- Up-to-date symlink: /home/rudolfs/ros2_ws/install/nav2_behavior_tree/include//nav2_behavior_tree/plugins/condition/goal_reached_condition.hpp
[2.731s] -- Up-to-date symlink: /home/rudolfs/ros2_ws/install/nav2_behavior_tree/include//nav2_behavior_tree/plugins/condition/goal_updated_condition.hpp
[2.732s] -- Up-to-date symlink: /home/rudolfs/ros2_ws/install/nav2_behavior_tree/include//nav2_behavior_tree/plugins/condition/initial_pose_received_condition.hpp
[2.732s] -- Up-to-date symlink: /home/rudolfs/ros2_ws/install/nav2_behavior_tree/include//nav2_behavior_tree/plugins/condition/is_battery_charging_condition.hpp
[2.732s] -- Up-to-date symlink: /home/rudolfs/ros2_ws/install/nav2_behavior_tree/include//nav2_behavior_tree/plugins/condition/is_battery_low_condition.hpp
[2.734s] -- Up-to-date symlink: /home/rudolfs/ros2_ws/install/nav2_behavior_tree/include//nav2_behavior_tree/plugins/condition/is_path_valid_condition.hpp
[2.734s] -- Up-to-date symlink: /home/rudolfs/ros2_ws/install/nav2_behavior_tree/include//nav2_behavior_tree/plugins/condition/is_stuck_condition.hpp
[2.734s] -- Up-to-date symlink: /home/rudolfs/ros2_ws/install/nav2_behavior_tree/include//nav2_behavior_tree/plugins/condition/path_expiring_timer_condition.hpp
[2.734s] -- Up-to-date symlink: /home/rudolfs/ros2_ws/install/nav2_behavior_tree/include//nav2_behavior_tree/plugins/condition/time_expired_condition.hpp
[2.734s] -- Up-to-date symlink: /home/rudolfs/ros2_ws/install/nav2_behavior_tree/include//nav2_behavior_tree/plugins/condition/transform_available_condition.hpp
[2.734s] -- Up-to-date symlink: /home/rudolfs/ros2_ws/install/nav2_behavior_tree/include//nav2_behavior_tree/plugins/condition/would_a_controller_recovery_help_condition.hpp
[2.734s] -- Up-to-date symlink: /home/rudolfs/ros2_ws/install/nav2_behavior_tree/include//nav2_behavior_tree/plugins/condition/would_a_planner_recovery_help_condition.hpp
[2.735s] -- Up-to-date symlink: /home/rudolfs/ros2_ws/install/nav2_behavior_tree/include//nav2_behavior_tree/plugins/condition/would_a_smoother_recovery_help_condition.hpp
[2.735s] -- Up-to-date symlink: /home/rudolfs/ros2_ws/install/nav2_behavior_tree/include//nav2_behavior_tree/plugins/control/pipeline_sequence.hpp
[2.735s] -- Up-to-date symlink: /home/rudolfs/ros2_ws/install/nav2_behavior_tree/include//nav2_behavior_tree/plugins/control/recovery_node.hpp
[2.735s] -- Up-to-date symlink: /home/rudolfs/ros2_ws/install/nav2_behavior_tree/include//nav2_behavior_tree/plugins/control/round_robin_node.hpp
[2.735s] -- Up-to-date symlink: /home/rudolfs/ros2_ws/install/nav2_behavior_tree/include//nav2_behavior_tree/plugins/decorator/distance_controller.hpp
[2.735s] -- Up-to-date symlink: /home/rudolfs/ros2_ws/install/nav2_behavior_tree/include//nav2_behavior_tree/plugins/decorator/goal_updated_controller.hpp
[2.735s] -- Up-to-date symlink: /home/rudolfs/ros2_ws/install/nav2_behavior_tree/include//nav2_behavior_tree/plugins/decorator/goal_updater_node.hpp
[2.735s] -- Up-to-date symlink: /home/rudolfs/ros2_ws/install/nav2_behavior_tree/include//nav2_behavior_tree/plugins/decorator/path_longer_on_approach.hpp
[2.735s] -- Up-to-date symlink: /home/rudolfs/ros2_ws/install/nav2_behavior_tree/include//nav2_behavior_tree/plugins/decorator/rate_controller.hpp
[2.735s] -- Up-to-date symlink: /home/rudolfs/ros2_ws/install/nav2_behavior_tree/include//nav2_behavior_tree/plugins/decorator/single_trigger_node.hpp
[2.735s] -- Up-to-date symlink: /home/rudolfs/ros2_ws/install/nav2_behavior_tree/include//nav2_behavior_tree/plugins/decorator/speed_controller.hpp
[2.735s] -- Up-to-date symlink: /home/rudolfs/ros2_ws/install/nav2_behavior_tree/include//nav2_behavior_tree/ros_topic_logger.hpp
[2.735s] -- Up-to-date symlink: /home/rudolfs/ros2_ws/install/nav2_behavior_tree/include/nav2_behavior_tree/utils//test_action_server.hpp
[2.736s] -- Up-to-date symlink: /home/rudolfs/ros2_ws/install/nav2_behavior_tree/include/nav2_behavior_tree/utils//test_behavior_tree_fixture.hpp
[2.736s] -- Up-to-date symlink: /home/rudolfs/ros2_ws/install/nav2_behavior_tree/include/nav2_behavior_tree/utils//test_dummy_tree_node.hpp
[2.736s] -- Up-to-date symlink: /home/rudolfs/ros2_ws/install/nav2_behavior_tree/include/nav2_behavior_tree/utils//test_service.hpp
[2.736s] -- Up-to-date symlink: /home/rudolfs/ros2_ws/install/nav2_behavior_tree/include/nav2_behavior_tree/utils//test_transform_handler.hpp
[2.736s] -- Up-to-date symlink: /home/rudolfs/ros2_ws/install/nav2_behavior_tree/include/nav2_behavior_tree/nav2_behavior_tree/test/utils/test_action_server.hpp
[2.736s] -- Up-to-date symlink: /home/rudolfs/ros2_ws/install/nav2_behavior_tree/include/nav2_behavior_tree/nav2_behavior_tree/test/utils/test_behavior_tree_fixture.hpp
[2.736s] -- Up-to-date symlink: /home/rudolfs/ros2_ws/install/nav2_behavior_tree/include/nav2_behavior_tree/nav2_behavior_tree/test/utils/test_dummy_tree_node.hpp
[2.736s] -- Up-to-date symlink: /home/rudolfs/ros2_ws/install/nav2_behavior_tree/include/nav2_behavior_tree/nav2_behavior_tree/test/utils/test_service.hpp
[2.736s] -- Up-to-date symlink: /home/rudolfs/ros2_ws/install/nav2_behavior_tree/include/nav2_behavior_tree/nav2_behavior_tree/test/utils/test_transform_handler.hpp
[2.736s] -- Up-to-date symlink: /home/rudolfs/ros2_ws/install/nav2_behavior_tree/share/nav2_behavior_tree/nav2_tree_nodes.xml
[2.736s] -- Up-to-date symlink: /home/rudolfs/ros2_ws/install/nav2_behavior_tree/include/nav2_behavior_tree/plugins_list.hpp
[2.736s] -- Up-to-date symlink: /home/rudolfs/ros2_ws/install/nav2_behavior_tree/share/nav2_behavior_tree/environment/library_path.sh
[2.737s] -- Up-to-date symlink: /home/rudolfs/ros2_ws/install/nav2_behavior_tree/share/nav2_behavior_tree/environment/library_path.dsv
[2.737s] -- Up-to-date symlink: /home/rudolfs/ros2_ws/install/nav2_behavior_tree/share/ament_index/resource_index/package_run_dependencies/nav2_behavior_tree
[2.737s] -- Up-to-date symlink: /home/rudolfs/ros2_ws/install/nav2_behavior_tree/share/ament_index/resource_index/parent_prefix_path/nav2_behavior_tree
[2.737s] -- Up-to-date symlink: /home/rudolfs/ros2_ws/install/nav2_behavior_tree/share/nav2_behavior_tree/environment/ament_prefix_path.sh
[2.737s] -- Up-to-date symlink: /home/rudolfs/ros2_ws/install/nav2_behavior_tree/share/nav2_behavior_tree/environment/ament_prefix_path.dsv
[2.737s] -- Up-to-date symlink: /home/rudolfs/ros2_ws/install/nav2_behavior_tree/share/nav2_behavior_tree/environment/path.sh
[2.737s] -- Up-to-date symlink: /home/rudolfs/ros2_ws/install/nav2_behavior_tree/share/nav2_behavior_tree/environment/path.dsv
[2.737s] -- Up-to-date symlink: /home/rudolfs/ros2_ws/install/nav2_behavior_tree/share/nav2_behavior_tree/local_setup.bash
[2.737s] -- Up-to-date symlink: /home/rudolfs/ros2_ws/install/nav2_behavior_tree/share/nav2_behavior_tree/local_setup.sh
[2.737s] -- Up-to-date symlink: /home/rudolfs/ros2_ws/install/nav2_behavior_tree/share/nav2_behavior_tree/local_setup.zsh
[2.737s] -- Up-to-date symlink: /home/rudolfs/ros2_ws/install/nav2_behavior_tree/share/nav2_behavior_tree/local_setup.dsv
[2.738s] -- Symlinking: /home/rudolfs/ros2_ws/install/nav2_behavior_tree/share/nav2_behavior_tree/package.dsv
[2.750s] -- Up-to-date symlink: /home/rudolfs/ros2_ws/install/nav2_behavior_tree/share/ament_index/resource_index/packages/nav2_behavior_tree
[2.750s] -- Up-to-date symlink: /home/rudolfs/ros2_ws/install/nav2_behavior_tree/share/nav2_behavior_tree/cmake/ament_cmake_export_include_directories-extras.cmake
[2.750s] -- Up-to-date symlink: /home/rudolfs/ros2_ws/install/nav2_behavior_tree/share/nav2_behavior_tree/cmake/ament_cmake_export_libraries-extras.cmake
[2.750s] -- Up-to-date symlink: /home/rudolfs/ros2_ws/install/nav2_behavior_tree/share/nav2_behavior_tree/cmake/ament_cmake_export_dependencies-extras.cmake
[2.750s] -- Up-to-date symlink: /home/rudolfs/ros2_ws/install/nav2_behavior_tree/share/nav2_behavior_tree/cmake/nav2_behavior_treeConfig.cmake
[2.750s] -- Up-to-date symlink: /home/rudolfs/ros2_ws/install/nav2_behavior_tree/share/nav2_behavior_tree/cmake/nav2_behavior_treeConfig-version.cmake
[2.750s] -- Up-to-date symlink: /home/rudolfs/ros2_ws/install/nav2_behavior_tree/share/nav2_behavior_tree/package.xml
[2.756s] Invoked command in '/home/rudolfs/ros2_ws/build/nav2_behavior_tree' returned '0': CMAKE_PREFIX_PATH=/home/rudolfs/ros2_ws/install/nav2_util:/home/rudolfs/ros2_ws/install/nav2_msgs:/home/rudolfs/ros2_ws/install/nav2_common:/home/rudolfs/ros2_ws/install/turtlebot4_node:/home/rudolfs/ros2_ws/install/turtlebot4_navigation:/home/rudolfs/ros2_ws/install/turtlebot4_msgs:/home/rudolfs/ros2_ws/install/turtlebot4_description:/home/rudolfs/ros2_ws/install/nav2_system_tests:/home/rudolfs/ros2_ws/install/nav2_bringup:/home/rudolfs/ros2_ws/install/navigation2:/home/rudolfs/ros2_ws/install/opennav_docking:/home/rudolfs/ros2_ws/install/opennav_docking_core:/home/rudolfs/ros2_ws/install/opennav_docking_bt:/home/rudolfs/ros2_ws/install/nav2_smoother:/home/rudolfs/ros2_ws/install/nav2_rotation_shim_controller:/home/rudolfs/ros2_ws/install/nav2_graceful_controller:/home/rudolfs/ros2_ws/install/nav2_dwb_controller:/home/rudolfs/ros2_ws/install/nav2_controller:/home/rudolfs/ros2_ws/install/dwb_plugins:/home/rudolfs/ros2_ws/install/dwb_critics:/home/rudolfs/ros2_ws/install/dwb_core:/home/rudolfs/ros2_ws/install/nav_2d_utils:/home/rudolfs/ros2_ws/install/dwb_msgs:/home/rudolfs/ros2_ws/install/nav_2d_msgs:/home/rudolfs/ros2_ws/install/nav2_waypoint_follower:/home/rudolfs/ros2_ws/install/nav2_theta_star_planner:/home/rudolfs/ros2_ws/install/nav2_smac_planner:/home/rudolfs/ros2_ws/install/nav2_regulated_pure_pursuit_controller:/home/rudolfs/ros2_ws/install/nav2_planner:/home/rudolfs/ros2_ws/install/nav2_navfn_planner:/home/rudolfs/ros2_ws/install/nav2_mppi_controller:/home/rudolfs/ros2_ws/install/nav2_constrained_smoother:/home/rudolfs/ros2_ws/install/nav2_bt_navigator:/home/rudolfs/ros2_ws/install/nav2_behaviors:/home/rudolfs/ros2_ws/install/nav2_core:/home/rudolfs/ros2_ws/install/nav2_collision_monitor:/home/rudolfs/ros2_ws/install/costmap_queue:/home/rudolfs/ros2_ws/install/nav2_costmap_2d:/home/rudolfs/ros2_ws/install/nav2_voxel_grid:/home/rudolfs/ros2_ws/install/nav2_velocity_smoother:/home/rudolfs/ros2_ws/install/nav2_rviz_plugins:/home/rudolfs/ros2_ws/install/nav2_map_server:/home/rudolfs/ros2_ws/install/nav2_lifecycle_manager:/home/rudolfs/ros2_ws/install/nav2_behavior_tree:/home/rudolfs/ros2_ws/install/nav2_amcl:/opt/ros/jazzy/opt/gz_sim_vendor:/opt/ros/jazzy/opt/gz_sensors_vendor:/opt/ros/jazzy/opt/gz_physics_vendor:/opt/ros/jazzy/opt/sdformat_vendor:/opt/ros/jazzy/opt/gz_gui_vendor:/opt/ros/jazzy/opt/gz_transport_vendor:/opt/ros/jazzy/opt/gz_rendering_vendor:/opt/ros/jazzy/opt/gz_plugin_vendor:/opt/ros/jazzy/opt/gz_fuel_tools_vendor:/opt/ros/jazzy/opt/gz_msgs_vendor:/opt/ros/jazzy/opt/gz_common_vendor:/opt/ros/jazzy/opt/gz_math_vendor:/opt/ros/jazzy/opt/gz_utils_vendor:/opt/ros/jazzy/opt/gz_tools_vendor:/opt/ros/jazzy/opt/gz_ogre_next_vendor:/opt/ros/jazzy/opt/gz_dartsim_vendor:/opt/ros/jazzy/opt/gz_cmake_vendor:/home/rudolfs/ros2_ws/install/tb4_nav_to_pose:/home/rudolfs/ros2_ws/install/nav2_simple_commander:/home/rudolfs/ros2_ws/install/nav2_loopback_sim:/home/rudolfs/ros2_ws/install/cmd_vel_tracker:/home/rudolfs/ros2_ws/install/battery_logger:/home/rudolfs/testing_ws/turtlebot4_ws/install/turtlebot4_python_tutorials:/home/rudolfs/testing_ws/install/turtlebot4_python_tutorials:/home/rudolfs/testing_ws/ros2_ws/install/battery_logger:/opt/ros/jazzy DEBUGINFOD_URLS=https://debuginfod.ubuntu.com LD_LIBRARY_PATH=/home/rudolfs/ros2_ws/install/nav2_util/lib:/home/rudolfs/ros2_ws/install/nav2_msgs/lib:/home/rudolfs/ros2_ws/install/turtlebot4_msgs/lib:/home/rudolfs/ros2_ws/install/nav2_system_tests/lib:/home/rudolfs/ros2_ws/install/opennav_docking/lib:/home/rudolfs/ros2_ws/install/opennav_docking_bt/lib:/home/rudolfs/ros2_ws/install/nav2_smoother/lib:/home/rudolfs/ros2_ws/install/nav2_rotation_shim_controller/lib:/home/rudolfs/ros2_ws/install/nav2_graceful_controller/lib:/home/rudolfs/ros2_ws/install/nav2_controller/lib:/home/rudolfs/ros2_ws/install/dwb_plugins/lib:/home/rudolfs/ros2_ws/install/dwb_critics/lib:/home/rudolfs/ros2_ws/install/dwb_core/lib:/home/rudolfs/ros2_ws/install/nav_2d_utils/lib:/home/rudolfs/ros2_ws/install/dwb_msgs/lib:/home/rudolfs/ros2_ws/install/nav_2d_msgs/lib:/home/rudolfs/ros2_ws/install/nav2_waypoint_follower/lib:/home/rudolfs/ros2_ws/install/nav2_theta_star_planner/lib:/home/rudolfs/ros2_ws/install/nav2_smac_planner/lib:/home/rudolfs/ros2_ws/install/nav2_regulated_pure_pursuit_controller/lib:/home/rudolfs/ros2_ws/install/nav2_planner/lib:/home/rudolfs/ros2_ws/install/nav2_navfn_planner/lib:/home/rudolfs/ros2_ws/install/nav2_mppi_controller/lib:/home/rudolfs/ros2_ws/install/nav2_constrained_smoother/lib:/home/rudolfs/ros2_ws/install/nav2_bt_navigator/lib:/home/rudolfs/ros2_ws/install/nav2_behaviors/lib:/home/rudolfs/ros2_ws/install/nav2_collision_monitor/lib:/home/rudolfs/ros2_ws/install/costmap_queue/lib:/home/rudolfs/ros2_ws/install/nav2_costmap_2d/lib:/home/rudolfs/ros2_ws/install/nav2_voxel_grid/lib:/home/rudolfs/ros2_ws/install/nav2_velocity_smoother/lib:/home/rudolfs/ros2_ws/install/nav2_rviz_plugins/lib:/home/rudolfs/ros2_ws/install/nav2_map_server/lib:/home/rudolfs/ros2_ws/install/nav2_lifecycle_manager/lib:/home/rudolfs/ros2_ws/install/nav2_behavior_tree/lib:/home/rudolfs/ros2_ws/install/nav2_amcl/lib:/opt/ros/jazzy/opt/gz_sim_vendor/lib:/opt/ros/jazzy/opt/gz_sensors_vendor/lib:/opt/ros/jazzy/opt/gz_physics_vendor/lib:/opt/ros/jazzy/opt/sdformat_vendor/lib:/opt/ros/jazzy/opt/rviz_ogre_vendor/lib:/opt/ros/jazzy/lib/x86_64-linux-gnu:/opt/ros/jazzy/opt/gz_gui_vendor/lib:/opt/ros/jazzy/opt/gz_transport_vendor/lib:/opt/ros/jazzy/opt/gz_rendering_vendor/lib:/opt/ros/jazzy/opt/gz_plugin_vendor/lib:/opt/ros/jazzy/opt/gz_fuel_tools_vendor/lib:/opt/ros/jazzy/opt/gz_msgs_vendor/lib:/opt/ros/jazzy/opt/gz_common_vendor/lib:/opt/ros/jazzy/opt/gz_math_vendor/lib:/opt/ros/jazzy/opt/gz_utils_vendor/lib:/opt/ros/jazzy/opt/gz_tools_vendor/lib:/opt/ros/jazzy/opt/gz_ogre_next_vendor/lib:/opt/ros/jazzy/opt/gz_dartsim_vendor/lib:/opt/ros/jazzy/opt/gz_cmake_vendor/lib:/opt/ros/jazzy/lib PYTHONPATH=/home/rudolfs/ros2_ws/install/nav2_msgs/lib/python3.12/site-packages:/home/rudolfs/ros2_ws/install/nav2_common/lib/python3.12/site-packages:/home/rudolfs/ros2_ws/install/turtlebot4_navigation/lib/python3.12/site-packages:/home/rudolfs/ros2_ws/install/turtlebot4_msgs/lib/python3.12/site-packages:/home/rudolfs/ros2_ws/install/tb4_nav_to_pose/lib/python3.12/site-packages:/home/rudolfs/ros2_ws/install/dwb_msgs/lib/python3.12/site-packages:/home/rudolfs/ros2_ws/install/nav_2d_msgs/lib/python3.12/site-packages:/home/rudolfs/ros2_ws/build/nav2_simple_commander:/home/rudolfs/ros2_ws/install/nav2_simple_commander/lib/python3.12/site-packages:/home/rudolfs/ros2_ws/build/nav2_loopback_sim:/home/rudolfs/ros2_ws/install/nav2_loopback_sim/lib/python3.12/site-packages:/home/rudolfs/ros2_ws/build/cmd_vel_tracker:/home/rudolfs/ros2_ws/install/cmd_vel_tracker/lib/python3.12/site-packages:/home/rudolfs/ros2_ws/build/battery_logger:/home/rudolfs/ros2_ws/install/battery_logger/lib/python3.12/site-packages:/home/rudolfs/testing_ws/turtlebot4_ws/build/turtlebot4_python_tutorials:/home/rudolfs/testing_ws/turtlebot4_ws/install/turtlebot4_python_tutorials/lib/python3.12/site-packages:/home/rudolfs/testing_ws/install/turtlebot4_python_tutorials/lib/python3.12/site-packages:/home/rudolfs/testing_ws/ros2_ws/install/battery_logger/lib/python3.12/site-packages:/opt/ros/jazzy/lib/python3.12/site-packages /usr/bin/cmake --install /home/rudolfs/ros2_ws/build/nav2_behavior_tree
