[1.715s] Invoking command in '/home/rudolfs/ros2_ws/build/nav2_loopback_sim': DEBUGINFOD_URLS=https://debuginfod.ubuntu.com PYTHONPATH=/home/rudolfs/ros2_ws/build/nav2_loopback_sim/prefix_override:/usr/lib/python3/dist-packages/colcon_core/task/python/colcon_distutils_commands:/home/rudolfs/ros2_ws/install/nav2_loopback_sim/lib/python3.12/site-packages:${PYTHONPATH} /usr/bin/python3 -W ignore:setup.py install is deprecated -W ignore:easy_install command is deprecated setup.py develop --editable --build-directory /home/rudolfs/ros2_ws/build/nav2_loopback_sim/build --no-deps symlink_data
[2.253s] running develop
[2.573s] running egg_info
[2.573s] creating nav2_loopback_sim.egg-info
[2.595s] writing nav2_loopback_sim.egg-info/PKG-INFO
[2.597s] writing dependency_links to nav2_loopback_sim.egg-info/dependency_links.txt
[2.598s] writing entry points to nav2_loopback_sim.egg-info/entry_points.txt
[2.599s] writing requirements to nav2_loopback_sim.egg-info/requires.txt
[2.600s] writing top-level names to nav2_loopback_sim.egg-info/top_level.txt
[2.601s] writing manifest file 'nav2_loopback_sim.egg-info/SOURCES.txt'
[2.684s] reading manifest file 'nav2_loopback_sim.egg-info/SOURCES.txt'
[2.685s] writing manifest file 'nav2_loopback_sim.egg-info/SOURCES.txt'
[2.710s] running build_ext
[2.710s] Creating /home/rudolfs/ros2_ws/install/nav2_loopback_sim/lib/python3.12/site-packages/nav2-loopback-sim.egg-link (link to .)
[2.711s] Installing loopback_simulator script to /home/rudolfs/ros2_ws/install/nav2_loopback_sim/lib/nav2_loopback_sim
[2.712s] 
[2.712s] Installed /home/rudolfs/ros2_ws/build/nav2_loopback_sim
[2.712s] running symlink_data
[2.712s] creating /home/rudolfs/ros2_ws/install/nav2_loopback_sim/share/ament_index
[2.712s] creating /home/rudolfs/ros2_ws/install/nav2_loopback_sim/share/ament_index/resource_index
[2.716s] creating /home/rudolfs/ros2_ws/install/nav2_loopback_sim/share/ament_index/resource_index/packages
[2.716s] symbolically linking /home/rudolfs/ros2_ws/build/nav2_loopback_sim/resource/nav2_loopback_sim -> /home/rudolfs/ros2_ws/install/nav2_loopback_sim/share/ament_index/resource_index/packages
[2.717s] symbolically linking /home/rudolfs/ros2_ws/build/nav2_loopback_sim/package.xml -> /home/rudolfs/ros2_ws/install/nav2_loopback_sim/share/nav2_loopback_sim
[2.717s] symbolically linking /home/rudolfs/ros2_ws/build/nav2_loopback_sim/launch/loopback_simulation.launch.py -> /home/rudolfs/ros2_ws/install/nav2_loopback_sim/share/nav2_loopback_sim
[2.786s] Invoked command in '/home/rudolfs/ros2_ws/build/nav2_loopback_sim' returned '0': DEBUGINFOD_URLS=https://debuginfod.ubuntu.com PYTHONPATH=/home/rudolfs/ros2_ws/build/nav2_loopback_sim/prefix_override:/usr/lib/python3/dist-packages/colcon_core/task/python/colcon_distutils_commands:/home/rudolfs/ros2_ws/install/nav2_loopback_sim/lib/python3.12/site-packages:${PYTHONPATH} /usr/bin/python3 -W ignore:setup.py install is deprecated -W ignore:easy_install command is deprecated setup.py develop --editable --build-directory /home/rudolfs/ros2_ws/build/nav2_loopback_sim/build --no-deps symlink_data
