[1.441s] Invoking command in '/home/rudolfs/ros2_ws/build/cmd_vel_tracker': DEBUGINFOD_URLS=https://debuginfod.ubuntu.com PYTHONPATH=/home/rudolfs/ros2_ws/build/cmd_vel_tracker/prefix_override:/usr/lib/python3/dist-packages/colcon_core/task/python/colcon_distutils_commands:/home/rudolfs/ros2_ws/install/cmd_vel_tracker/lib/python3.12/site-packages:${PYTHONPATH} /usr/bin/python3 -W ignore:setup.py install is deprecated -W ignore:easy_install command is deprecated setup.py develop --uninstall --editable --build-directory /home/rudolfs/ros2_ws/build/cmd_vel_tracker/build
[1.929s] running develop
[2.176s] Removing /home/rudolfs/ros2_ws/install/cmd_vel_tracker/lib/python3.12/site-packages/cmd-vel-tracker.egg-link (link to .)
[2.285s] Invoked command in '/home/rudolfs/ros2_ws/build/cmd_vel_tracker' returned '0': DEBUGINFOD_URLS=https://debuginfod.ubuntu.com PYTHONPATH=/home/rudolfs/ros2_ws/build/cmd_vel_tracker/prefix_override:/usr/lib/python3/dist-packages/colcon_core/task/python/colcon_distutils_commands:/home/rudolfs/ros2_ws/install/cmd_vel_tracker/lib/python3.12/site-packages:${PYTHONPATH} /usr/bin/python3 -W ignore:setup.py install is deprecated -W ignore:easy_install command is deprecated setup.py develop --uninstall --editable --build-directory /home/rudolfs/ros2_ws/build/cmd_vel_tracker/build
[2.285s] Invoking command in '/home/rudolfs/ros2_ws/src/cmd_vel_tracker': DEBUGINFOD_URLS=https://debuginfod.ubuntu.com PYTHONPATH=/home/rudolfs/ros2_ws/build/cmd_vel_tracker/prefix_override:/usr/lib/python3/dist-packages/colcon_core/task/python/colcon_distutils_commands:/home/rudolfs/ros2_ws/install/cmd_vel_tracker/lib/python3.12/site-packages:${PYTHONPATH} /usr/bin/python3 -W ignore:setup.py install is deprecated -W ignore:easy_install command is deprecated setup.py egg_info --egg-base ../../build/cmd_vel_tracker build --build-base /home/rudolfs/ros2_ws/build/cmd_vel_tracker/build install --record /home/rudolfs/ros2_ws/build/cmd_vel_tracker/install.log --single-version-externally-managed install_data --force
[2.626s] running egg_info
[2.648s] writing ../../build/cmd_vel_tracker/cmd_vel_tracker.egg-info/PKG-INFO
[2.649s] writing dependency_links to ../../build/cmd_vel_tracker/cmd_vel_tracker.egg-info/dependency_links.txt
[2.650s] writing entry points to ../../build/cmd_vel_tracker/cmd_vel_tracker.egg-info/entry_points.txt
[2.651s] writing requirements to ../../build/cmd_vel_tracker/cmd_vel_tracker.egg-info/requires.txt
[2.654s] writing top-level names to ../../build/cmd_vel_tracker/cmd_vel_tracker.egg-info/top_level.txt
[2.699s] reading manifest file '../../build/cmd_vel_tracker/cmd_vel_tracker.egg-info/SOURCES.txt'
[2.700s] writing manifest file '../../build/cmd_vel_tracker/cmd_vel_tracker.egg-info/SOURCES.txt'
[2.702s] running build
[2.702s] running build_py
[2.702s] running install
[2.706s] running install_lib
[2.726s] creating /home/rudolfs/ros2_ws/install/cmd_vel_tracker/lib/python3.12/site-packages/cmd_vel_tracker
[2.726s] copying /home/rudolfs/ros2_ws/build/cmd_vel_tracker/build/lib/cmd_vel_tracker/__init__.py -> /home/rudolfs/ros2_ws/install/cmd_vel_tracker/lib/python3.12/site-packages/cmd_vel_tracker
[2.728s] copying /home/rudolfs/ros2_ws/build/cmd_vel_tracker/build/lib/cmd_vel_tracker/cmd_vel_logger.py -> /home/rudolfs/ros2_ws/install/cmd_vel_tracker/lib/python3.12/site-packages/cmd_vel_tracker
[2.728s] byte-compiling /home/rudolfs/ros2_ws/install/cmd_vel_tracker/lib/python3.12/site-packages/cmd_vel_tracker/__init__.py to __init__.cpython-312.pyc
[2.728s] byte-compiling /home/rudolfs/ros2_ws/install/cmd_vel_tracker/lib/python3.12/site-packages/cmd_vel_tracker/cmd_vel_logger.py to cmd_vel_logger.cpython-312.pyc
[2.729s] running install_data
[2.729s] copying resource/cmd_vel_tracker -> /home/rudolfs/ros2_ws/install/cmd_vel_tracker/share/ament_index/resource_index/packages
[2.729s] copying package.xml -> /home/rudolfs/ros2_ws/install/cmd_vel_tracker/share/cmd_vel_tracker
[2.729s] running install_egg_info
[2.751s] Copying ../../build/cmd_vel_tracker/cmd_vel_tracker.egg-info to /home/rudolfs/ros2_ws/install/cmd_vel_tracker/lib/python3.12/site-packages/cmd_vel_tracker-0.0.0-py3.12.egg-info
[2.753s] running install_scripts
[2.899s] Installing cmd_vel_logger script to /home/rudolfs/ros2_ws/install/cmd_vel_tracker/lib/cmd_vel_tracker
[2.899s] writing list of installed files to '/home/rudolfs/ros2_ws/build/cmd_vel_tracker/install.log'
[2.988s] Invoked command in '/home/rudolfs/ros2_ws/src/cmd_vel_tracker' returned '0': DEBUGINFOD_URLS=https://debuginfod.ubuntu.com PYTHONPATH=/home/rudolfs/ros2_ws/build/cmd_vel_tracker/prefix_override:/usr/lib/python3/dist-packages/colcon_core/task/python/colcon_distutils_commands:/home/rudolfs/ros2_ws/install/cmd_vel_tracker/lib/python3.12/site-packages:${PYTHONPATH} /usr/bin/python3 -W ignore:setup.py install is deprecated -W ignore:easy_install command is deprecated setup.py egg_info --egg-base ../../build/cmd_vel_tracker build --build-base /home/rudolfs/ros2_ws/build/cmd_vel_tracker/build install --record /home/rudolfs/ros2_ws/build/cmd_vel_tracker/install.log --single-version-externally-managed install_data --force
