-- Found ament_cmake: 2.5.4 (/opt/ros/jazzy/share/ament_cmake/cmake)
-- Override CMake install command with custom implementation using symlinks instead of copying resources
-- Found nav2_core: 1.3.7 (/home/rudolfs/ros2_ws/install/nav2_core/share/nav2_core/cmake)
-- Found rosidl_generator_c: 4.6.5 (/opt/ros/jazzy/share/rosidl_generator_c/cmake)
-- Found rosidl_generator_cpp: 4.6.5 (/opt/ros/jazzy/share/rosidl_generator_cpp/cmake)
-- Using all available rosidl_typesupport_c: rosidl_typesupport_fastrtps_c;rosidl_typesupport_introspection_c
-- Using all available rosidl_typesupport_cpp: rosidl_typesupport_fastrtps_cpp;rosidl_typesupport_introspection_cpp
-- Found rmw_implementation_cmake: 7.3.2 (/opt/ros/jazzy/share/rmw_implementation_cmake/cmake)
-- Found rmw_fastrtps_cpp: 8.4.2 (/opt/ros/jazzy/share/rmw_fastrtps_cpp/cmake)
-- Using RMW implementation 'rmw_fastrtps_cpp' as default
-- Found eigen3_cmake_module: 0.3.0 (/opt/ros/jazzy/share/eigen3_cmake_module/cmake)
-- Ensuring Eigen3 include directory is part of orocos-kdl CMake target
-- Found nav2_common: 1.3.7 (/home/rudolfs/ros2_ws/install/nav2_common/share/nav2_common/cmake)
-- Found nav_2d_utils: 1.3.7 (/home/rudolfs/ros2_ws/install/nav_2d_utils/share/nav_2d_utils/cmake)
-- Found ament_lint_auto: 0.17.2 (/opt/ros/jazzy/share/ament_lint_auto/cmake)
-- Found gtest sources under '/opt/ros/jazzy/src/gtest_vendor': C++ tests using 'Google Test' will be built
-- Found gtest sources under '/opt/ros/jazzy/src/gtest_vendor': C++ tests using 'Google Test' will be built
-- Added test 'cppcheck' to perform static code analysis on C / C++ code
-- Configured cppcheck include dirs: /home/rudolfs/ros2_ws/src/navigation2/nav2_controller/include
-- Configured cppcheck exclude dirs and/or files: 
-- Added test 'cpplint' to check C / C++ code against the Google style
-- Configured cpplint exclude dirs and/or files: 
-- Added test 'lint_cmake' to check CMake code style
-- Added test 'uncrustify' to check C / C++ code style
-- Configured uncrustify additional arguments: 
-- Added test 'xmllint' to check XML markup files
-- Configuring done (8.9s)
-- Generating done (3.0s)
-- Build files have been written to: /home/rudolfs/ros2_ws/build/nav2_controller
[  4%] [32mBuilding CXX object CMakeFiles/controller_server_core.dir/src/controller_server.cpp.o[0m
[  8%] [32m[1mLinking CXX shared library libcontroller_server_core.so[0m
[  8%] Built target controller_server_core
[ 16%] Built target gtest
[ 20%] [32mBuilding CXX object CMakeFiles/controller_server.dir/src/main.cpp.o[0m
[ 25%] [32m[1mLinking CXX executable controller_server[0m
[ 25%] Built target controller_server
[ 33%] Built target gtest_main
[ 37%] [32mBuilding CXX object CMakeFiles/simple_goal_checker.dir/plugins/simple_goal_checker.cpp.o[0m
[ 41%] [32m[1mLinking CXX shared library libsimple_goal_checker.so[0m
[ 41%] Built target simple_goal_checker
[ 45%] [32mBuilding CXX object test/CMakeFiles/test_dynamic_parameters.dir/test_dynamic_parameters.cpp.o[0m
[ 50%] [32m[1mLinking CXX executable test_dynamic_parameters[0m
[ 50%] Built target test_dynamic_parameters
[ 54%] [32mBuilding CXX object CMakeFiles/position_goal_checker.dir/plugins/position_goal_checker.cpp.o[0m
[ 58%] [32m[1mLinking CXX shared library libposition_goal_checker.so[0m
[ 58%] Built target position_goal_checker
[ 62%] [32mBuilding CXX object CMakeFiles/stopped_goal_checker.dir/plugins/stopped_goal_checker.cpp.o[0m
[ 66%] [32m[1mLinking CXX shared library libstopped_goal_checker.so[0m
[ 66%] Built target stopped_goal_checker
[ 70%] [32mBuilding CXX object CMakeFiles/simple_progress_checker.dir/plugins/simple_progress_checker.cpp.o[0m
[ 75%] [32m[1mLinking CXX shared library libsimple_progress_checker.so[0m
[ 75%] Built target simple_progress_checker
[ 79%] [32mBuilding CXX object plugins/test/CMakeFiles/gctest.dir/goal_checker.cpp.o[0m
[ 83%] [32m[1mLinking CXX executable gctest[0m
[ 83%] Built target gctest
[ 87%] [32mBuilding CXX object CMakeFiles/pose_progress_checker.dir/plugins/pose_progress_checker.cpp.o[0m
[ 91%] [32m[1mLinking CXX shared library libpose_progress_checker.so[0m
[ 91%] Built target pose_progress_checker
[ 95%] [32mBuilding CXX object plugins/test/CMakeFiles/pctest.dir/progress_checker.cpp.o[0m
