[0.038s] Invoking command in '/home/rudolfs/ros2_ws/build/turtlebot4_msgs': CMAKE_PREFIX_PATH=${CMAKE_PREFIX_PATH}:/home/rudolfs/ros2_ws/install/tb4_nav_to_pose:/home/rudolfs/ros2_ws/install/nav2_simple_commander:/home/rudolfs/ros2_ws/install/nav2_loopback_sim:/home/rudolfs/ros2_ws/install/cmd_vel_tracker:/home/rudolfs/ros2_ws/install/battery_logger:/home/rudolfs/testing_ws/turtlebot4_ws/install/turtlebot4_python_tutorials:/home/rudolfs/testing_ws/install/turtlebot4_python_tutorials:/home/rudolfs/testing_ws/ros2_ws/install/battery_logger:/opt/ros/jazzy DEBUGINFOD_URLS=https://debuginfod.ubuntu.com /usr/bin/cmake /home/rudolfs/ros2_ws/src/turtlebot4-jazzy/turtlebot4_msgs -DCMAKE_INSTALL_PREFIX=/home/rudolfs/ros2_ws/install/turtlebot4_msgs
[0.495s] -- Found ament_cmake: 2.5.4 (/opt/ros/jazzy/share/ament_cmake/cmake)
[0.495s] -- Found Python3: /usr/bin/python3 (found version "3.12.3") found components: Interpreter 
[0.495s] -- Override CMake install command with custom implementation using symlinks instead of copying resources
[0.495s] -- Found ament_lint_auto: 0.17.2 (/opt/ros/jazzy/share/ament_lint_auto/cmake)
[0.495s] -- Found rosidl_default_generators: 1.6.0 (/opt/ros/jazzy/share/rosidl_default_generators/cmake)
[0.495s] -- Using all available rosidl_typesupport_c: rosidl_typesupport_fastrtps_c;rosidl_typesupport_introspection_c
[0.495s] -- Using all available rosidl_typesupport_cpp: rosidl_typesupport_fastrtps_cpp;rosidl_typesupport_introspection_cpp
[0.495s] -- Found rosidl_adapter: 4.6.5 (/opt/ros/jazzy/share/rosidl_adapter/cmake)
[0.495s] -- Found std_msgs: 5.3.6 (/opt/ros/jazzy/share/std_msgs/cmake)
[0.511s] -- Found ament_cmake_ros: 0.12.0 (/opt/ros/jazzy/share/ament_cmake_ros/cmake)
[0.600s] -- Using all available rosidl_typesupport_c: rosidl_typesupport_fastrtps_c;rosidl_typesupport_introspection_c
[0.720s] -- Using all available rosidl_typesupport_cpp: rosidl_typesupport_fastrtps_cpp;rosidl_typesupport_introspection_cpp
[0.720s] -- Found python_cmake_module: 0.11.1 (/opt/ros/jazzy/share/python_cmake_module/cmake)
[1.009s] -- Found Python3: /usr/bin/python3 (found version "3.12.3") found components: Interpreter Development NumPy Development.Module Development.Embed 
[1.037s] -- Added test 'copyright' to check source files copyright and LICENSE
[1.038s] -- Added test 'lint_cmake' to check CMake code style
[1.039s] -- Added test 'xmllint' to check XML markup files
[1.053s] -- Configuring done (1.0s)
[1.131s] -- Generating done (0.1s)
[1.154s] -- Build files have been written to: /home/rudolfs/ros2_ws/build/turtlebot4_msgs
[1.168s] Invoked command in '/home/rudolfs/ros2_ws/build/turtlebot4_msgs' returned '0': CMAKE_PREFIX_PATH=${CMAKE_PREFIX_PATH}:/home/rudolfs/ros2_ws/install/tb4_nav_to_pose:/home/rudolfs/ros2_ws/install/nav2_simple_commander:/home/rudolfs/ros2_ws/install/nav2_loopback_sim:/home/rudolfs/ros2_ws/install/cmd_vel_tracker:/home/rudolfs/ros2_ws/install/battery_logger:/home/rudolfs/testing_ws/turtlebot4_ws/install/turtlebot4_python_tutorials:/home/rudolfs/testing_ws/install/turtlebot4_python_tutorials:/home/rudolfs/testing_ws/ros2_ws/install/battery_logger:/opt/ros/jazzy DEBUGINFOD_URLS=https://debuginfod.ubuntu.com /usr/bin/cmake /home/rudolfs/ros2_ws/src/turtlebot4-jazzy/turtlebot4_msgs -DCMAKE_INSTALL_PREFIX=/home/rudolfs/ros2_ws/install/turtlebot4_msgs
[1.168s] Invoking command in '/home/rudolfs/ros2_ws/build/turtlebot4_msgs': CMAKE_PREFIX_PATH=${CMAKE_PREFIX_PATH}:/home/rudolfs/ros2_ws/install/tb4_nav_to_pose:/home/rudolfs/ros2_ws/install/nav2_simple_commander:/home/rudolfs/ros2_ws/install/nav2_loopback_sim:/home/rudolfs/ros2_ws/install/cmd_vel_tracker:/home/rudolfs/ros2_ws/install/battery_logger:/home/rudolfs/testing_ws/turtlebot4_ws/install/turtlebot4_python_tutorials:/home/rudolfs/testing_ws/install/turtlebot4_python_tutorials:/home/rudolfs/testing_ws/ros2_ws/install/battery_logger:/opt/ros/jazzy DEBUGINFOD_URLS=https://debuginfod.ubuntu.com /usr/bin/cmake --build /home/rudolfs/ros2_ws/build/turtlebot4_msgs -- -j6 -l6
[1.286s] [  1%] Built target turtlebot4_msgs__rosidl_generator_type_description
[1.307s] [  1%] Built target ament_cmake_python_symlink_turtlebot4_msgs
[1.349s] [  3%] Built target turtlebot4_msgs__cpp
[1.354s] [ 24%] Built target turtlebot4_msgs__rosidl_generator_c
[1.418s] [ 33%] Built target turtlebot4_msgs__rosidl_typesupport_c
[1.444s] [ 42%] Built target turtlebot4_msgs__rosidl_typesupport_introspection_cpp
[1.448s] [ 70%] Built target turtlebot4_msgs__rosidl_typesupport_fastrtps_c
[1.448s] [ 51%] Built target turtlebot4_msgs__rosidl_typesupport_fastrtps_cpp
[1.449s] [ 61%] Built target turtlebot4_msgs__rosidl_typesupport_cpp
[1.469s] [ 79%] Built target turtlebot4_msgs__rosidl_typesupport_introspection_c
[1.518s] [ 79%] Built target turtlebot4_msgs
[1.565s] [ 81%] Built target turtlebot4_msgs__py
[1.629s] [ 88%] Built target turtlebot4_msgs__rosidl_generator_py
[1.672s] running egg_info
[1.684s] [ 92%] Built target turtlebot4_msgs_s__rosidl_typesupport_fastrtps_c
[1.695s] [ 96%] Built target turtlebot4_msgs_s__rosidl_typesupport_introspection_c
[1.696s] [100%] Built target turtlebot4_msgs_s__rosidl_typesupport_c
[1.697s] writing turtlebot4_msgs.egg-info/PKG-INFO
[1.698s] writing dependency_links to turtlebot4_msgs.egg-info/dependency_links.txt
[1.698s] writing top-level names to turtlebot4_msgs.egg-info/top_level.txt
[1.784s] reading manifest file 'turtlebot4_msgs.egg-info/SOURCES.txt'
[1.788s] writing manifest file 'turtlebot4_msgs.egg-info/SOURCES.txt'
[1.835s] [100%] Built target ament_cmake_python_build_turtlebot4_msgs_egg
[1.863s] Invoked command in '/home/rudolfs/ros2_ws/build/turtlebot4_msgs' returned '0': CMAKE_PREFIX_PATH=${CMAKE_PREFIX_PATH}:/home/rudolfs/ros2_ws/install/tb4_nav_to_pose:/home/rudolfs/ros2_ws/install/nav2_simple_commander:/home/rudolfs/ros2_ws/install/nav2_loopback_sim:/home/rudolfs/ros2_ws/install/cmd_vel_tracker:/home/rudolfs/ros2_ws/install/battery_logger:/home/rudolfs/testing_ws/turtlebot4_ws/install/turtlebot4_python_tutorials:/home/rudolfs/testing_ws/install/turtlebot4_python_tutorials:/home/rudolfs/testing_ws/ros2_ws/install/battery_logger:/opt/ros/jazzy DEBUGINFOD_URLS=https://debuginfod.ubuntu.com /usr/bin/cmake --build /home/rudolfs/ros2_ws/build/turtlebot4_msgs -- -j6 -l6
[1.863s] Invoking command in '/home/rudolfs/ros2_ws/build/turtlebot4_msgs': CMAKE_PREFIX_PATH=${CMAKE_PREFIX_PATH}:/home/rudolfs/ros2_ws/install/tb4_nav_to_pose:/home/rudolfs/ros2_ws/install/nav2_simple_commander:/home/rudolfs/ros2_ws/install/nav2_loopback_sim:/home/rudolfs/ros2_ws/install/cmd_vel_tracker:/home/rudolfs/ros2_ws/install/battery_logger:/home/rudolfs/testing_ws/turtlebot4_ws/install/turtlebot4_python_tutorials:/home/rudolfs/testing_ws/install/turtlebot4_python_tutorials:/home/rudolfs/testing_ws/ros2_ws/install/battery_logger:/opt/ros/jazzy DEBUGINFOD_URLS=https://debuginfod.ubuntu.com /usr/bin/cmake --install /home/rudolfs/ros2_ws/build/turtlebot4_msgs
[2.233s] -- Install configuration: ""
[2.233s] -- Execute custom install script
[2.233s] -- Up-to-date symlink: /home/rudolfs/ros2_ws/install/turtlebot4_msgs/share/ament_index/resource_index/rosidl_interfaces/turtlebot4_msgs
[2.233s] -- Up-to-date symlink: /home/rudolfs/ros2_ws/install/turtlebot4_msgs/share/turtlebot4_msgs/msg/UserLed.json
[2.234s] -- Up-to-date symlink: /home/rudolfs/ros2_ws/install/turtlebot4_msgs/share/turtlebot4_msgs/msg/UserButton.json
[2.234s] -- Up-to-date symlink: /home/rudolfs/ros2_ws/install/turtlebot4_msgs/share/turtlebot4_msgs/msg/UserDisplay.json
[2.234s] -- Up-to-date symlink: /home/rudolfs/ros2_ws/install/turtlebot4_msgs/include/turtlebot4_msgs/turtlebot4_msgs/msg/detail/user_button__functions.h
[2.234s] -- Up-to-date symlink: /home/rudolfs/ros2_ws/install/turtlebot4_msgs/include/turtlebot4_msgs/turtlebot4_msgs/msg/detail/user_button__struct.h
[2.234s] -- Up-to-date symlink: /home/rudolfs/ros2_ws/install/turtlebot4_msgs/include/turtlebot4_msgs/turtlebot4_msgs/msg/detail/user_button__type_support.h
[2.234s] -- Up-to-date symlink: /home/rudolfs/ros2_ws/install/turtlebot4_msgs/include/turtlebot4_msgs/turtlebot4_msgs/msg/detail/user_display__functions.h
[2.234s] -- Up-to-date symlink: /home/rudolfs/ros2_ws/install/turtlebot4_msgs/include/turtlebot4_msgs/turtlebot4_msgs/msg/detail/user_display__struct.h
[2.234s] -- Up-to-date symlink: /home/rudolfs/ros2_ws/install/turtlebot4_msgs/include/turtlebot4_msgs/turtlebot4_msgs/msg/detail/user_display__type_support.h
[2.234s] -- Up-to-date symlink: /home/rudolfs/ros2_ws/install/turtlebot4_msgs/include/turtlebot4_msgs/turtlebot4_msgs/msg/detail/user_led__functions.h
[2.234s] -- Up-to-date symlink: /home/rudolfs/ros2_ws/install/turtlebot4_msgs/include/turtlebot4_msgs/turtlebot4_msgs/msg/detail/user_led__struct.h
[2.234s] -- Up-to-date symlink: /home/rudolfs/ros2_ws/install/turtlebot4_msgs/include/turtlebot4_msgs/turtlebot4_msgs/msg/detail/user_led__type_support.h
[2.234s] -- Up-to-date symlink: /home/rudolfs/ros2_ws/install/turtlebot4_msgs/include/turtlebot4_msgs/turtlebot4_msgs/msg/rosidl_generator_c__visibility_control.h
[2.234s] -- Up-to-date symlink: /home/rudolfs/ros2_ws/install/turtlebot4_msgs/include/turtlebot4_msgs/turtlebot4_msgs/msg/user_button.h
[2.234s] -- Up-to-date symlink: /home/rudolfs/ros2_ws/install/turtlebot4_msgs/include/turtlebot4_msgs/turtlebot4_msgs/msg/user_display.h
[2.234s] -- Up-to-date symlink: /home/rudolfs/ros2_ws/install/turtlebot4_msgs/include/turtlebot4_msgs/turtlebot4_msgs/msg/user_led.h
[2.234s] -- Up-to-date symlink: /home/rudolfs/ros2_ws/install/turtlebot4_msgs/share/turtlebot4_msgs/environment/library_path.sh
[2.235s] -- Up-to-date symlink: /home/rudolfs/ros2_ws/install/turtlebot4_msgs/share/turtlebot4_msgs/environment/library_path.dsv
[2.235s] -- Up-to-date symlink: /home/rudolfs/ros2_ws/install/turtlebot4_msgs/include/turtlebot4_msgs/turtlebot4_msgs/msg/detail/user_button__rosidl_typesupport_fastrtps_c.h
[2.236s] -- Up-to-date symlink: /home/rudolfs/ros2_ws/install/turtlebot4_msgs/include/turtlebot4_msgs/turtlebot4_msgs/msg/detail/user_display__rosidl_typesupport_fastrtps_c.h
[2.236s] -- Up-to-date symlink: /home/rudolfs/ros2_ws/install/turtlebot4_msgs/include/turtlebot4_msgs/turtlebot4_msgs/msg/detail/user_led__rosidl_typesupport_fastrtps_c.h
[2.236s] -- Up-to-date symlink: /home/rudolfs/ros2_ws/install/turtlebot4_msgs/include/turtlebot4_msgs/turtlebot4_msgs/msg/rosidl_typesupport_fastrtps_c__visibility_control.h
[2.236s] -- Up-to-date symlink: /home/rudolfs/ros2_ws/install/turtlebot4_msgs/include/turtlebot4_msgs/turtlebot4_msgs/msg/detail/user_button__rosidl_typesupport_introspection_c.h
[2.236s] -- Up-to-date symlink: /home/rudolfs/ros2_ws/install/turtlebot4_msgs/include/turtlebot4_msgs/turtlebot4_msgs/msg/detail/user_display__rosidl_typesupport_introspection_c.h
[2.236s] -- Up-to-date symlink: /home/rudolfs/ros2_ws/install/turtlebot4_msgs/include/turtlebot4_msgs/turtlebot4_msgs/msg/detail/user_led__rosidl_typesupport_introspection_c.h
[2.236s] -- Up-to-date symlink: /home/rudolfs/ros2_ws/install/turtlebot4_msgs/include/turtlebot4_msgs/turtlebot4_msgs/msg/rosidl_typesupport_introspection_c__visibility_control.h
[2.236s] -- Up-to-date symlink: /home/rudolfs/ros2_ws/install/turtlebot4_msgs/include/turtlebot4_msgs/turtlebot4_msgs/msg/detail/user_button__builder.hpp
[2.236s] -- Up-to-date symlink: /home/rudolfs/ros2_ws/install/turtlebot4_msgs/include/turtlebot4_msgs/turtlebot4_msgs/msg/detail/user_button__struct.hpp
[2.236s] -- Up-to-date symlink: /home/rudolfs/ros2_ws/install/turtlebot4_msgs/include/turtlebot4_msgs/turtlebot4_msgs/msg/detail/user_button__traits.hpp
[2.236s] -- Up-to-date symlink: /home/rudolfs/ros2_ws/install/turtlebot4_msgs/include/turtlebot4_msgs/turtlebot4_msgs/msg/detail/user_button__type_support.hpp
[2.236s] -- Up-to-date symlink: /home/rudolfs/ros2_ws/install/turtlebot4_msgs/include/turtlebot4_msgs/turtlebot4_msgs/msg/detail/user_display__builder.hpp
[2.236s] -- Up-to-date symlink: /home/rudolfs/ros2_ws/install/turtlebot4_msgs/include/turtlebot4_msgs/turtlebot4_msgs/msg/detail/user_display__struct.hpp
[2.236s] -- Up-to-date symlink: /home/rudolfs/ros2_ws/install/turtlebot4_msgs/include/turtlebot4_msgs/turtlebot4_msgs/msg/detail/user_display__traits.hpp
[2.237s] -- Up-to-date symlink: /home/rudolfs/ros2_ws/install/turtlebot4_msgs/include/turtlebot4_msgs/turtlebot4_msgs/msg/detail/user_display__type_support.hpp
[2.239s] -- Up-to-date symlink: /home/rudolfs/ros2_ws/install/turtlebot4_msgs/include/turtlebot4_msgs/turtlebot4_msgs/msg/detail/user_led__builder.hpp
[2.239s] -- Up-to-date symlink: /home/rudolfs/ros2_ws/install/turtlebot4_msgs/include/turtlebot4_msgs/turtlebot4_msgs/msg/detail/user_led__struct.hpp
[2.239s] -- Up-to-date symlink: /home/rudolfs/ros2_ws/install/turtlebot4_msgs/include/turtlebot4_msgs/turtlebot4_msgs/msg/detail/user_led__traits.hpp
[2.239s] -- Up-to-date symlink: /home/rudolfs/ros2_ws/install/turtlebot4_msgs/include/turtlebot4_msgs/turtlebot4_msgs/msg/detail/user_led__type_support.hpp
[2.239s] -- Up-to-date symlink: /home/rudolfs/ros2_ws/install/turtlebot4_msgs/include/turtlebot4_msgs/turtlebot4_msgs/msg/rosidl_generator_cpp__visibility_control.hpp
[2.239s] -- Up-to-date symlink: /home/rudolfs/ros2_ws/install/turtlebot4_msgs/include/turtlebot4_msgs/turtlebot4_msgs/msg/user_button.hpp
[2.239s] -- Up-to-date symlink: /home/rudolfs/ros2_ws/install/turtlebot4_msgs/include/turtlebot4_msgs/turtlebot4_msgs/msg/user_display.hpp
[2.239s] -- Up-to-date symlink: /home/rudolfs/ros2_ws/install/turtlebot4_msgs/include/turtlebot4_msgs/turtlebot4_msgs/msg/user_led.hpp
[2.239s] -- Up-to-date symlink: /home/rudolfs/ros2_ws/install/turtlebot4_msgs/include/turtlebot4_msgs/turtlebot4_msgs/msg/detail/user_button__rosidl_typesupport_fastrtps_cpp.hpp
[2.239s] -- Up-to-date symlink: /home/rudolfs/ros2_ws/install/turtlebot4_msgs/include/turtlebot4_msgs/turtlebot4_msgs/msg/detail/user_display__rosidl_typesupport_fastrtps_cpp.hpp
[2.239s] -- Up-to-date symlink: /home/rudolfs/ros2_ws/install/turtlebot4_msgs/include/turtlebot4_msgs/turtlebot4_msgs/msg/detail/user_led__rosidl_typesupport_fastrtps_cpp.hpp
[2.239s] -- Up-to-date symlink: /home/rudolfs/ros2_ws/install/turtlebot4_msgs/include/turtlebot4_msgs/turtlebot4_msgs/msg/rosidl_typesupport_fastrtps_cpp__visibility_control.h
[2.239s] -- Up-to-date symlink: /home/rudolfs/ros2_ws/install/turtlebot4_msgs/include/turtlebot4_msgs/turtlebot4_msgs/msg/detail/user_button__rosidl_typesupport_introspection_cpp.hpp
[2.240s] -- Up-to-date symlink: /home/rudolfs/ros2_ws/install/turtlebot4_msgs/include/turtlebot4_msgs/turtlebot4_msgs/msg/detail/user_display__rosidl_typesupport_introspection_cpp.hpp
[2.240s] -- Up-to-date symlink: /home/rudolfs/ros2_ws/install/turtlebot4_msgs/include/turtlebot4_msgs/turtlebot4_msgs/msg/detail/user_led__rosidl_typesupport_introspection_cpp.hpp
[2.240s] -- Up-to-date symlink: /home/rudolfs/ros2_ws/install/turtlebot4_msgs/share/turtlebot4_msgs/environment/pythonpath.sh
[2.240s] -- Up-to-date symlink: /home/rudolfs/ros2_ws/install/turtlebot4_msgs/share/turtlebot4_msgs/environment/pythonpath.dsv
[2.240s] -- Up-to-date symlink: /home/rudolfs/ros2_ws/install/turtlebot4_msgs/lib/python3.12/site-packages/turtlebot4_msgs-2.1.0-py3.12.egg-info/PKG-INFO
[2.240s] -- Up-to-date symlink: /home/rudolfs/ros2_ws/install/turtlebot4_msgs/lib/python3.12/site-packages/turtlebot4_msgs-2.1.0-py3.12.egg-info/SOURCES.txt
[2.240s] -- Up-to-date symlink: /home/rudolfs/ros2_ws/install/turtlebot4_msgs/lib/python3.12/site-packages/turtlebot4_msgs-2.1.0-py3.12.egg-info/dependency_links.txt
[2.240s] -- Up-to-date symlink: /home/rudolfs/ros2_ws/install/turtlebot4_msgs/lib/python3.12/site-packages/turtlebot4_msgs-2.1.0-py3.12.egg-info/top_level.txt
[2.240s] -- Up-to-date symlink: /home/rudolfs/ros2_ws/install/turtlebot4_msgs/lib/python3.12/site-packages/turtlebot4_msgs/__init__.py
[2.240s] -- Up-to-date symlink: /home/rudolfs/ros2_ws/install/turtlebot4_msgs/lib/python3.12/site-packages/turtlebot4_msgs/_turtlebot4_msgs_s.ep.rosidl_typesupport_c.c
[2.240s] -- Up-to-date symlink: /home/rudolfs/ros2_ws/install/turtlebot4_msgs/lib/python3.12/site-packages/turtlebot4_msgs/_turtlebot4_msgs_s.ep.rosidl_typesupport_fastrtps_c.c
[2.240s] -- Up-to-date symlink: /home/rudolfs/ros2_ws/install/turtlebot4_msgs/lib/python3.12/site-packages/turtlebot4_msgs/_turtlebot4_msgs_s.ep.rosidl_typesupport_introspection_c.c
[2.240s] -- Up-to-date symlink: /home/rudolfs/ros2_ws/install/turtlebot4_msgs/lib/python3.12/site-packages/turtlebot4_msgs/msg/__init__.py
[2.240s] -- Up-to-date symlink: /home/rudolfs/ros2_ws/install/turtlebot4_msgs/lib/python3.12/site-packages/turtlebot4_msgs/msg/_user_button.py
[2.240s] -- Up-to-date symlink: /home/rudolfs/ros2_ws/install/turtlebot4_msgs/lib/python3.12/site-packages/turtlebot4_msgs/msg/_user_button_s.c
[2.240s] -- Up-to-date symlink: /home/rudolfs/ros2_ws/install/turtlebot4_msgs/lib/python3.12/site-packages/turtlebot4_msgs/msg/_user_display.py
[2.240s] -- Up-to-date symlink: /home/rudolfs/ros2_ws/install/turtlebot4_msgs/lib/python3.12/site-packages/turtlebot4_msgs/msg/_user_display_s.c
[2.241s] -- Up-to-date symlink: /home/rudolfs/ros2_ws/install/turtlebot4_msgs/lib/python3.12/site-packages/turtlebot4_msgs/msg/_user_led.py
[2.241s] -- Up-to-date symlink: /home/rudolfs/ros2_ws/install/turtlebot4_msgs/lib/python3.12/site-packages/turtlebot4_msgs/msg/_user_led_s.c
[2.241s] -- Up-to-date symlink: /home/rudolfs/ros2_ws/install/turtlebot4_msgs/lib/python3.12/site-packages/turtlebot4_msgs/turtlebot4_msgs_s__rosidl_typesupport_c.so
[2.241s] -- Up-to-date symlink: /home/rudolfs/ros2_ws/install/turtlebot4_msgs/lib/python3.12/site-packages/turtlebot4_msgs/turtlebot4_msgs_s__rosidl_typesupport_fastrtps_c.so
[2.241s] -- Up-to-date symlink: /home/rudolfs/ros2_ws/install/turtlebot4_msgs/lib/python3.12/site-packages/turtlebot4_msgs/turtlebot4_msgs_s__rosidl_typesupport_introspection_c.so
[2.241s] -- Up-to-date symlink: /home/rudolfs/ros2_ws/install/turtlebot4_msgs/lib/python3.12/site-packages/turtlebot4_msgs/turtlebot4_msgs_s__rosidl_typesupport_fastrtps_c.so
[2.241s] -- Up-to-date symlink: /home/rudolfs/ros2_ws/install/turtlebot4_msgs/lib/python3.12/site-packages/turtlebot4_msgs/turtlebot4_msgs_s__rosidl_typesupport_introspection_c.so
[2.241s] -- Up-to-date symlink: /home/rudolfs/ros2_ws/install/turtlebot4_msgs/lib/python3.12/site-packages/turtlebot4_msgs/turtlebot4_msgs_s__rosidl_typesupport_c.so
[2.241s] -- Up-to-date symlink: /home/rudolfs/ros2_ws/install/turtlebot4_msgs/share/turtlebot4_msgs/msg/UserLed.idl
[2.241s] -- Up-to-date symlink: /home/rudolfs/ros2_ws/install/turtlebot4_msgs/share/turtlebot4_msgs/msg/UserButton.idl
[2.241s] -- Up-to-date symlink: /home/rudolfs/ros2_ws/install/turtlebot4_msgs/share/turtlebot4_msgs/msg/UserDisplay.idl
[2.241s] -- Up-to-date symlink: /home/rudolfs/ros2_ws/install/turtlebot4_msgs/share/turtlebot4_msgs/msg/UserLed.msg
[2.241s] -- Up-to-date symlink: /home/rudolfs/ros2_ws/install/turtlebot4_msgs/share/turtlebot4_msgs/msg/UserButton.msg
[2.241s] -- Up-to-date symlink: /home/rudolfs/ros2_ws/install/turtlebot4_msgs/share/turtlebot4_msgs/msg/UserDisplay.msg
[2.241s] -- Up-to-date symlink: /home/rudolfs/ros2_ws/install/turtlebot4_msgs/share/ament_index/resource_index/package_run_dependencies/turtlebot4_msgs
[2.241s] -- Up-to-date symlink: /home/rudolfs/ros2_ws/install/turtlebot4_msgs/share/ament_index/resource_index/parent_prefix_path/turtlebot4_msgs
[2.241s] -- Up-to-date symlink: /home/rudolfs/ros2_ws/install/turtlebot4_msgs/share/turtlebot4_msgs/environment/ament_prefix_path.sh
[2.241s] -- Up-to-date symlink: /home/rudolfs/ros2_ws/install/turtlebot4_msgs/share/turtlebot4_msgs/environment/ament_prefix_path.dsv
[2.242s] -- Up-to-date symlink: /home/rudolfs/ros2_ws/install/turtlebot4_msgs/share/turtlebot4_msgs/environment/path.sh
[2.242s] -- Up-to-date symlink: /home/rudolfs/ros2_ws/install/turtlebot4_msgs/share/turtlebot4_msgs/environment/path.dsv
[2.248s] -- Up-to-date symlink: /home/rudolfs/ros2_ws/install/turtlebot4_msgs/share/turtlebot4_msgs/local_setup.bash
[2.248s] -- Up-to-date symlink: /home/rudolfs/ros2_ws/install/turtlebot4_msgs/share/turtlebot4_msgs/local_setup.sh
[2.249s] -- Up-to-date symlink: /home/rudolfs/ros2_ws/install/turtlebot4_msgs/share/turtlebot4_msgs/local_setup.zsh
[2.249s] -- Up-to-date symlink: /home/rudolfs/ros2_ws/install/turtlebot4_msgs/share/turtlebot4_msgs/local_setup.dsv
[2.249s] -- Symlinking: /home/rudolfs/ros2_ws/install/turtlebot4_msgs/share/turtlebot4_msgs/package.dsv
[2.249s] -- Up-to-date symlink: /home/rudolfs/ros2_ws/install/turtlebot4_msgs/share/ament_index/resource_index/packages/turtlebot4_msgs
[2.249s] -- Up-to-date symlink: /home/rudolfs/ros2_ws/install/turtlebot4_msgs/share/turtlebot4_msgs/cmake/rosidl_cmake-extras.cmake
[2.249s] -- Up-to-date symlink: /home/rudolfs/ros2_ws/install/turtlebot4_msgs/share/turtlebot4_msgs/cmake/ament_cmake_export_include_directories-extras.cmake
[2.249s] -- Up-to-date symlink: /home/rudolfs/ros2_ws/install/turtlebot4_msgs/share/turtlebot4_msgs/cmake/ament_cmake_export_libraries-extras.cmake
[2.249s] -- Up-to-date symlink: /home/rudolfs/ros2_ws/install/turtlebot4_msgs/share/turtlebot4_msgs/cmake/ament_cmake_export_targets-extras.cmake
[2.249s] -- Up-to-date symlink: /home/rudolfs/ros2_ws/install/turtlebot4_msgs/share/turtlebot4_msgs/cmake/rosidl_cmake_export_typesupport_targets-extras.cmake
[2.249s] -- Up-to-date symlink: /home/rudolfs/ros2_ws/install/turtlebot4_msgs/share/turtlebot4_msgs/cmake/ament_cmake_export_dependencies-extras.cmake
[2.249s] -- Up-to-date symlink: /home/rudolfs/ros2_ws/install/turtlebot4_msgs/share/turtlebot4_msgs/cmake/rosidl_cmake_export_typesupport_libraries-extras.cmake
[2.249s] -- Up-to-date symlink: /home/rudolfs/ros2_ws/install/turtlebot4_msgs/share/turtlebot4_msgs/cmake/turtlebot4_msgsConfig.cmake
[2.249s] -- Up-to-date symlink: /home/rudolfs/ros2_ws/install/turtlebot4_msgs/share/turtlebot4_msgs/cmake/turtlebot4_msgsConfig-version.cmake
[2.249s] -- Up-to-date symlink: /home/rudolfs/ros2_ws/install/turtlebot4_msgs/share/turtlebot4_msgs/package.xml
[2.249s] -- Up-to-date: /home/rudolfs/ros2_ws/install/turtlebot4_msgs/lib/libturtlebot4_msgs__rosidl_generator_c.so
[2.249s] -- Up-to-date: /home/rudolfs/ros2_ws/install/turtlebot4_msgs/lib/libturtlebot4_msgs__rosidl_typesupport_fastrtps_c.so
[2.249s] -- Up-to-date: /home/rudolfs/ros2_ws/install/turtlebot4_msgs/lib/libturtlebot4_msgs__rosidl_typesupport_introspection_c.so
[2.250s] -- Up-to-date: /home/rudolfs/ros2_ws/install/turtlebot4_msgs/lib/libturtlebot4_msgs__rosidl_typesupport_c.so
[2.250s] -- Up-to-date: /home/rudolfs/ros2_ws/install/turtlebot4_msgs/lib/libturtlebot4_msgs__rosidl_typesupport_fastrtps_cpp.so
[2.250s] -- Up-to-date: /home/rudolfs/ros2_ws/install/turtlebot4_msgs/lib/libturtlebot4_msgs__rosidl_typesupport_introspection_cpp.so
[2.250s] -- Up-to-date: /home/rudolfs/ros2_ws/install/turtlebot4_msgs/lib/libturtlebot4_msgs__rosidl_typesupport_cpp.so
[2.250s] Listing '/home/rudolfs/ros2_ws/install/turtlebot4_msgs/lib/python3.12/site-packages/turtlebot4_msgs'...
[2.250s] Compiling '/home/rudolfs/ros2_ws/install/turtlebot4_msgs/lib/python3.12/site-packages/turtlebot4_msgs/__init__.py'...
[2.250s] Listing '/home/rudolfs/ros2_ws/install/turtlebot4_msgs/lib/python3.12/site-packages/turtlebot4_msgs/msg'...
[2.250s] -- Up-to-date: /home/rudolfs/ros2_ws/install/turtlebot4_msgs/lib/libturtlebot4_msgs__rosidl_generator_py.so
[2.250s] -- Up-to-date: /home/rudolfs/ros2_ws/install/turtlebot4_msgs/share/turtlebot4_msgs/cmake/export_turtlebot4_msgs__rosidl_generator_cExport.cmake
[2.250s] -- Up-to-date: /home/rudolfs/ros2_ws/install/turtlebot4_msgs/share/turtlebot4_msgs/cmake/export_turtlebot4_msgs__rosidl_generator_cExport-noconfig.cmake
[2.250s] -- Up-to-date: /home/rudolfs/ros2_ws/install/turtlebot4_msgs/share/turtlebot4_msgs/cmake/export_turtlebot4_msgs__rosidl_typesupport_fastrtps_cExport.cmake
[2.250s] -- Up-to-date: /home/rudolfs/ros2_ws/install/turtlebot4_msgs/share/turtlebot4_msgs/cmake/export_turtlebot4_msgs__rosidl_typesupport_fastrtps_cExport-noconfig.cmake
[2.250s] -- Up-to-date: /home/rudolfs/ros2_ws/install/turtlebot4_msgs/share/turtlebot4_msgs/cmake/turtlebot4_msgs__rosidl_typesupport_introspection_cExport.cmake
[2.250s] -- Up-to-date: /home/rudolfs/ros2_ws/install/turtlebot4_msgs/share/turtlebot4_msgs/cmake/turtlebot4_msgs__rosidl_typesupport_introspection_cExport-noconfig.cmake
[2.250s] -- Up-to-date: /home/rudolfs/ros2_ws/install/turtlebot4_msgs/share/turtlebot4_msgs/cmake/turtlebot4_msgs__rosidl_typesupport_cExport.cmake
[2.250s] -- Up-to-date: /home/rudolfs/ros2_ws/install/turtlebot4_msgs/share/turtlebot4_msgs/cmake/turtlebot4_msgs__rosidl_typesupport_cExport-noconfig.cmake
[2.250s] -- Up-to-date: /home/rudolfs/ros2_ws/install/turtlebot4_msgs/share/turtlebot4_msgs/cmake/export_turtlebot4_msgs__rosidl_generator_cppExport.cmake
[2.251s] -- Up-to-date: /home/rudolfs/ros2_ws/install/turtlebot4_msgs/share/turtlebot4_msgs/cmake/export_turtlebot4_msgs__rosidl_typesupport_fastrtps_cppExport.cmake
[2.251s] -- Up-to-date: /home/rudolfs/ros2_ws/install/turtlebot4_msgs/share/turtlebot4_msgs/cmake/export_turtlebot4_msgs__rosidl_typesupport_fastrtps_cppExport-noconfig.cmake
[2.254s] -- Up-to-date: /home/rudolfs/ros2_ws/install/turtlebot4_msgs/share/turtlebot4_msgs/cmake/turtlebot4_msgs__rosidl_typesupport_introspection_cppExport.cmake
[2.254s] -- Up-to-date: /home/rudolfs/ros2_ws/install/turtlebot4_msgs/share/turtlebot4_msgs/cmake/turtlebot4_msgs__rosidl_typesupport_introspection_cppExport-noconfig.cmake
[2.254s] -- Up-to-date: /home/rudolfs/ros2_ws/install/turtlebot4_msgs/share/turtlebot4_msgs/cmake/turtlebot4_msgs__rosidl_typesupport_cppExport.cmake
[2.254s] -- Up-to-date: /home/rudolfs/ros2_ws/install/turtlebot4_msgs/share/turtlebot4_msgs/cmake/turtlebot4_msgs__rosidl_typesupport_cppExport-noconfig.cmake
[2.254s] -- Up-to-date: /home/rudolfs/ros2_ws/install/turtlebot4_msgs/share/turtlebot4_msgs/cmake/export_turtlebot4_msgs__rosidl_generator_pyExport.cmake
[2.254s] -- Up-to-date: /home/rudolfs/ros2_ws/install/turtlebot4_msgs/share/turtlebot4_msgs/cmake/export_turtlebot4_msgs__rosidl_generator_pyExport-noconfig.cmake
[2.263s] Invoked command in '/home/rudolfs/ros2_ws/build/turtlebot4_msgs' returned '0': CMAKE_PREFIX_PATH=${CMAKE_PREFIX_PATH}:/home/rudolfs/ros2_ws/install/tb4_nav_to_pose:/home/rudolfs/ros2_ws/install/nav2_simple_commander:/home/rudolfs/ros2_ws/install/nav2_loopback_sim:/home/rudolfs/ros2_ws/install/cmd_vel_tracker:/home/rudolfs/ros2_ws/install/battery_logger:/home/rudolfs/testing_ws/turtlebot4_ws/install/turtlebot4_python_tutorials:/home/rudolfs/testing_ws/install/turtlebot4_python_tutorials:/home/rudolfs/testing_ws/ros2_ws/install/battery_logger:/opt/ros/jazzy DEBUGINFOD_URLS=https://debuginfod.ubuntu.com /usr/bin/cmake --install /home/rudolfs/ros2_ws/build/turtlebot4_msgs
