[0.041s] Invoking command in '/home/rudolfs/ros2_ws/build/nav2_common': CMAKE_PREFIX_PATH=${CMAKE_PREFIX_PATH}:/home/rudolfs/ros2_ws/install/tb4_nav_to_pose:/home/rudolfs/ros2_ws/install/cmd_vel_tracker:/home/rudolfs/ros2_ws/install/battery_logger:/home/rudolfs/testing_ws/turtlebot4_ws/install/turtlebot4_python_tutorials:/home/rudolfs/testing_ws/install/turtlebot4_python_tutorials:/home/rudolfs/testing_ws/ros2_ws/install/battery_logger:/opt/ros/jazzy DEBUGINFOD_URLS=https://debuginfod.ubuntu.com /usr/bin/cmake /home/rudolfs/ros2_ws/src/navigation2/nav2_common -DAMENT_CMAKE_SYMLINK_INSTALL=1 -DCMAKE_INSTALL_PREFIX=/home/rudolfs/ros2_ws/install/nav2_common
[0.767s] -- Found ament_cmake_core: 2.5.4 (/opt/ros/jazzy/share/ament_cmake_core/cmake)
[0.767s] -- Found Python3: /usr/bin/python3 (found version "3.12.3") found components: Interpreter 
[0.768s] -- Override CMake install command with custom implementation using symlinks instead of copying resources
[0.768s] -- Found ament_cmake_python: 2.5.4 (/opt/ros/jazzy/share/ament_cmake_python/cmake)
[0.768s] -- Configuring done (0.6s)
[0.768s] -- Generating done (0.0s)
[0.768s] -- Build files have been written to: /home/rudolfs/ros2_ws/build/nav2_common
[0.998s] Invoked command in '/home/rudolfs/ros2_ws/build/nav2_common' returned '0': CMAKE_PREFIX_PATH=${CMAKE_PREFIX_PATH}:/home/rudolfs/ros2_ws/install/tb4_nav_to_pose:/home/rudolfs/ros2_ws/install/cmd_vel_tracker:/home/rudolfs/ros2_ws/install/battery_logger:/home/rudolfs/testing_ws/turtlebot4_ws/install/turtlebot4_python_tutorials:/home/rudolfs/testing_ws/install/turtlebot4_python_tutorials:/home/rudolfs/testing_ws/ros2_ws/install/battery_logger:/opt/ros/jazzy DEBUGINFOD_URLS=https://debuginfod.ubuntu.com /usr/bin/cmake /home/rudolfs/ros2_ws/src/navigation2/nav2_common -DAMENT_CMAKE_SYMLINK_INSTALL=1 -DCMAKE_INSTALL_PREFIX=/home/rudolfs/ros2_ws/install/nav2_common
[0.999s] Invoking command in '/home/rudolfs/ros2_ws/build/nav2_common': CMAKE_PREFIX_PATH=${CMAKE_PREFIX_PATH}:/home/rudolfs/ros2_ws/install/tb4_nav_to_pose:/home/rudolfs/ros2_ws/install/cmd_vel_tracker:/home/rudolfs/ros2_ws/install/battery_logger:/home/rudolfs/testing_ws/turtlebot4_ws/install/turtlebot4_python_tutorials:/home/rudolfs/testing_ws/install/turtlebot4_python_tutorials:/home/rudolfs/testing_ws/ros2_ws/install/battery_logger:/opt/ros/jazzy DEBUGINFOD_URLS=https://debuginfod.ubuntu.com /usr/bin/cmake --build /home/rudolfs/ros2_ws/build/nav2_common -- -j6 -l6
[1.069s] Built target ament_cmake_python_symlink_nav2_common
[1.283s] running egg_info
[1.284s] creating nav2_common.egg-info
[1.305s] writing nav2_common.egg-info/PKG-INFO
[1.305s] writing dependency_links to nav2_common.egg-info/dependency_links.txt
[1.306s] writing top-level names to nav2_common.egg-info/top_level.txt
[1.307s] writing manifest file 'nav2_common.egg-info/SOURCES.txt'
[1.369s] reading manifest file 'nav2_common.egg-info/SOURCES.txt'
[1.372s] writing manifest file 'nav2_common.egg-info/SOURCES.txt'
[1.435s] Built target ament_cmake_python_build_nav2_common_egg
[1.445s] Invoked command in '/home/rudolfs/ros2_ws/build/nav2_common' returned '0': CMAKE_PREFIX_PATH=${CMAKE_PREFIX_PATH}:/home/rudolfs/ros2_ws/install/tb4_nav_to_pose:/home/rudolfs/ros2_ws/install/cmd_vel_tracker:/home/rudolfs/ros2_ws/install/battery_logger:/home/rudolfs/testing_ws/turtlebot4_ws/install/turtlebot4_python_tutorials:/home/rudolfs/testing_ws/install/turtlebot4_python_tutorials:/home/rudolfs/testing_ws/ros2_ws/install/battery_logger:/opt/ros/jazzy DEBUGINFOD_URLS=https://debuginfod.ubuntu.com /usr/bin/cmake --build /home/rudolfs/ros2_ws/build/nav2_common -- -j6 -l6
[1.456s] Invoking command in '/home/rudolfs/ros2_ws/build/nav2_common': CMAKE_PREFIX_PATH=${CMAKE_PREFIX_PATH}:/home/rudolfs/ros2_ws/install/tb4_nav_to_pose:/home/rudolfs/ros2_ws/install/cmd_vel_tracker:/home/rudolfs/ros2_ws/install/battery_logger:/home/rudolfs/testing_ws/turtlebot4_ws/install/turtlebot4_python_tutorials:/home/rudolfs/testing_ws/install/turtlebot4_python_tutorials:/home/rudolfs/testing_ws/ros2_ws/install/battery_logger:/opt/ros/jazzy DEBUGINFOD_URLS=https://debuginfod.ubuntu.com /usr/bin/cmake --install /home/rudolfs/ros2_ws/build/nav2_common
[1.463s] -- Install configuration: ""
[1.464s] -- Execute custom install script
[1.465s] -- Symlinking: /home/rudolfs/ros2_ws/install/nav2_common/share/nav2_common/environment/pythonpath.sh
[1.474s] -- Symlinking: /home/rudolfs/ros2_ws/install/nav2_common/share/nav2_common/environment/pythonpath.dsv
[1.483s] -- Symlinking: /home/rudolfs/ros2_ws/install/nav2_common/lib/python3.12/site-packages/nav2_common-1.3.7-py3.12.egg-info/PKG-INFO
[1.496s] -- Symlinking: /home/rudolfs/ros2_ws/install/nav2_common/lib/python3.12/site-packages/nav2_common-1.3.7-py3.12.egg-info/SOURCES.txt
[1.505s] -- Symlinking: /home/rudolfs/ros2_ws/install/nav2_common/lib/python3.12/site-packages/nav2_common-1.3.7-py3.12.egg-info/dependency_links.txt
[1.513s] -- Symlinking: /home/rudolfs/ros2_ws/install/nav2_common/lib/python3.12/site-packages/nav2_common-1.3.7-py3.12.egg-info/top_level.txt
[1.523s] -- Symlinking: /home/rudolfs/ros2_ws/install/nav2_common/lib/python3.12/site-packages/nav2_common/__init__.py
[1.531s] -- Symlinking: /home/rudolfs/ros2_ws/install/nav2_common/lib/python3.12/site-packages/nav2_common/launch/__init__.py
[1.540s] -- Symlinking: /home/rudolfs/ros2_ws/install/nav2_common/lib/python3.12/site-packages/nav2_common/launch/has_node_params.py
[1.552s] -- Symlinking: /home/rudolfs/ros2_ws/install/nav2_common/lib/python3.12/site-packages/nav2_common/launch/parse_multirobot_pose.py
[1.558s] -- Symlinking: /home/rudolfs/ros2_ws/install/nav2_common/lib/python3.12/site-packages/nav2_common/launch/replace_string.py
[1.567s] -- Symlinking: /home/rudolfs/ros2_ws/install/nav2_common/lib/python3.12/site-packages/nav2_common/launch/rewritten_yaml.py
[1.576s] -- Symlinking: /home/rudolfs/ros2_ws/install/nav2_common/share/ament_index/resource_index/package_run_dependencies/nav2_common
[1.587s] -- Symlinking: /home/rudolfs/ros2_ws/install/nav2_common/share/ament_index/resource_index/parent_prefix_path/nav2_common
[1.598s] -- Symlinking: /home/rudolfs/ros2_ws/install/nav2_common/share/nav2_common/environment/ament_prefix_path.sh
[1.607s] -- Symlinking: /home/rudolfs/ros2_ws/install/nav2_common/share/nav2_common/environment/ament_prefix_path.dsv
[1.618s] -- Symlinking: /home/rudolfs/ros2_ws/install/nav2_common/share/nav2_common/environment/path.sh
[1.629s] -- Symlinking: /home/rudolfs/ros2_ws/install/nav2_common/share/nav2_common/environment/path.dsv
[1.639s] -- Symlinking: /home/rudolfs/ros2_ws/install/nav2_common/share/nav2_common/local_setup.bash
[1.652s] -- Symlinking: /home/rudolfs/ros2_ws/install/nav2_common/share/nav2_common/local_setup.sh
[1.741s] -- Symlinking: /home/rudolfs/ros2_ws/install/nav2_common/share/nav2_common/local_setup.zsh
[1.741s] -- Symlinking: /home/rudolfs/ros2_ws/install/nav2_common/share/nav2_common/local_setup.dsv
[1.741s] -- Symlinking: /home/rudolfs/ros2_ws/install/nav2_common/share/nav2_common/package.dsv
[1.741s] -- Symlinking: /home/rudolfs/ros2_ws/install/nav2_common/share/ament_index/resource_index/packages/nav2_common
[1.741s] -- Symlinking: /home/rudolfs/ros2_ws/install/nav2_common/share/nav2_common/cmake/nav2_common-extras.cmake
[1.741s] -- Symlinking: /home/rudolfs/ros2_ws/install/nav2_common/share/nav2_common/cmake/nav2_commonConfig.cmake
[1.741s] -- Symlinking: /home/rudolfs/ros2_ws/install/nav2_common/share/nav2_common/cmake/nav2_commonConfig-version.cmake
[1.762s] -- Symlinking: /home/rudolfs/ros2_ws/install/nav2_common/share/nav2_common/package.xml
[1.788s] -- Symlinking: /home/rudolfs/ros2_ws/install/nav2_common/share/nav2_common/cmake/nav2_package.cmake
[1.901s] Listing '/home/rudolfs/ros2_ws/install/nav2_common/lib/python3.12/site-packages/nav2_common'...
[1.901s] Compiling '/home/rudolfs/ros2_ws/install/nav2_common/lib/python3.12/site-packages/nav2_common/__init__.py'...
[1.901s] Listing '/home/rudolfs/ros2_ws/install/nav2_common/lib/python3.12/site-packages/nav2_common/launch'...
[1.901s] Compiling '/home/rudolfs/ros2_ws/install/nav2_common/lib/python3.12/site-packages/nav2_common/launch/__init__.py'...
[1.901s] Compiling '/home/rudolfs/ros2_ws/install/nav2_common/lib/python3.12/site-packages/nav2_common/launch/has_node_params.py'...
[1.901s] Compiling '/home/rudolfs/ros2_ws/install/nav2_common/lib/python3.12/site-packages/nav2_common/launch/parse_multirobot_pose.py'...
[1.901s] Compiling '/home/rudolfs/ros2_ws/install/nav2_common/lib/python3.12/site-packages/nav2_common/launch/replace_string.py'...
[1.901s] Compiling '/home/rudolfs/ros2_ws/install/nav2_common/lib/python3.12/site-packages/nav2_common/launch/rewritten_yaml.py'...
[1.925s] Invoked command in '/home/rudolfs/ros2_ws/build/nav2_common' returned '0': CMAKE_PREFIX_PATH=${CMAKE_PREFIX_PATH}:/home/rudolfs/ros2_ws/install/tb4_nav_to_pose:/home/rudolfs/ros2_ws/install/cmd_vel_tracker:/home/rudolfs/ros2_ws/install/battery_logger:/home/rudolfs/testing_ws/turtlebot4_ws/install/turtlebot4_python_tutorials:/home/rudolfs/testing_ws/install/turtlebot4_python_tutorials:/home/rudolfs/testing_ws/ros2_ws/install/battery_logger:/opt/ros/jazzy DEBUGINFOD_URLS=https://debuginfod.ubuntu.com /usr/bin/cmake --install /home/rudolfs/ros2_ws/build/nav2_common
