[0.950s] Invoking command in '/home/rudolfs/ros2_ws/build/battery_logger': DEBUGINFOD_URLS=https://debuginfod.ubuntu.com PYTHONPATH=/home/rudolfs/ros2_ws/build/battery_logger/prefix_override:/usr/lib/python3/dist-packages/colcon_core/task/python/colcon_distutils_commands:/home/rudolfs/ros2_ws/install/battery_logger/lib/python3.12/site-packages:${PYTHONPATH} /usr/bin/python3 -W ignore:setup.py install is deprecated -W ignore:easy_install command is deprecated setup.py develop --editable --build-directory /home/rudolfs/ros2_ws/build/battery_logger/build --no-deps symlink_data
[1.250s] running develop
[1.438s] running egg_info
[1.438s] creating battery_logger.egg-info
[1.457s] writing battery_logger.egg-info/PKG-INFO
[1.457s] writing dependency_links to battery_logger.egg-info/dependency_links.txt
[1.457s] writing requirements to battery_logger.egg-info/requires.txt
[1.457s] writing top-level names to battery_logger.egg-info/top_level.txt
[1.457s] writing manifest file 'battery_logger.egg-info/SOURCES.txt'
[1.495s] reading manifest file 'battery_logger.egg-info/SOURCES.txt'
[1.495s] writing manifest file 'battery_logger.egg-info/SOURCES.txt'
[1.515s] running build_ext
[1.515s] Creating /home/rudolfs/ros2_ws/install/battery_logger/lib/python3.12/site-packages/battery-logger.egg-link (link to .)
[1.515s] 
[1.515s] Installed /home/rudolfs/ros2_ws/build/battery_logger
[1.515s] running symlink_data
[1.515s] creating /home/rudolfs/ros2_ws/install/battery_logger/share/ament_index
[1.515s] creating /home/rudolfs/ros2_ws/install/battery_logger/share/ament_index/resource_index
[1.516s] creating /home/rudolfs/ros2_ws/install/battery_logger/share/ament_index/resource_index/packages
[1.516s] symbolically linking /home/rudolfs/ros2_ws/build/battery_logger/resource/battery_logger -> /home/rudolfs/ros2_ws/install/battery_logger/share/ament_index/resource_index/packages
[1.516s] symbolically linking /home/rudolfs/ros2_ws/build/battery_logger/package.xml -> /home/rudolfs/ros2_ws/install/battery_logger/share/battery_logger
[1.547s] Invoked command in '/home/rudolfs/ros2_ws/build/battery_logger' returned '0': DEBUGINFOD_URLS=https://debuginfod.ubuntu.com PYTHONPATH=/home/rudolfs/ros2_ws/build/battery_logger/prefix_override:/usr/lib/python3/dist-packages/colcon_core/task/python/colcon_distutils_commands:/home/rudolfs/ros2_ws/install/battery_logger/lib/python3.12/site-packages:${PYTHONPATH} /usr/bin/python3 -W ignore:setup.py install is deprecated -W ignore:easy_install command is deprecated setup.py develop --editable --build-directory /home/rudolfs/ros2_ws/build/battery_logger/build --no-deps symlink_data
