[2.467s] Invoking command in '/home/rudolfs/ros2_ws/src/battery_logger': DEBUGINFOD_URLS=https://debuginfod.ubuntu.com PYTHONPATH=/home/rudolfs/ros2_ws/build/battery_logger/prefix_override:/usr/lib/python3/dist-packages/colcon_core/task/python/colcon_distutils_commands:/home/rudolfs/ros2_ws/install/battery_logger/lib/python3.12/site-packages:${PYTHONPATH} /usr/bin/python3 -W ignore:setup.py install is deprecated -W ignore:easy_install command is deprecated setup.py egg_info --egg-base ../../build/battery_logger build --build-base /home/rudolfs/ros2_ws/build/battery_logger/build install --record /home/rudolfs/ros2_ws/build/battery_logger/install.log --single-version-externally-managed install_data
[2.920s] running egg_info
[2.920s] creating ../../build/battery_logger/battery_logger.egg-info
[2.950s] writing ../../build/battery_logger/battery_logger.egg-info/PKG-INFO
[2.950s] writing dependency_links to ../../build/battery_logger/battery_logger.egg-info/dependency_links.txt
[2.950s] writing entry points to ../../build/battery_logger/battery_logger.egg-info/entry_points.txt
[2.951s] writing requirements to ../../build/battery_logger/battery_logger.egg-info/requires.txt
[2.951s] writing top-level names to ../../build/battery_logger/battery_logger.egg-info/top_level.txt
[2.951s] writing manifest file '../../build/battery_logger/battery_logger.egg-info/SOURCES.txt'
[3.017s] reading manifest file '../../build/battery_logger/battery_logger.egg-info/SOURCES.txt'
[3.018s] writing manifest file '../../build/battery_logger/battery_logger.egg-info/SOURCES.txt'
[3.018s] running build
[3.018s] running build_py
[3.018s] creating /home/rudolfs/ros2_ws/build/battery_logger/build
[3.018s] creating /home/rudolfs/ros2_ws/build/battery_logger/build/lib
[3.018s] creating /home/rudolfs/ros2_ws/build/battery_logger/build/lib/battery_logger
[3.018s] copying battery_logger/__init__.py -> /home/rudolfs/ros2_ws/build/battery_logger/build/lib/battery_logger
[3.019s] copying battery_logger/logger.py -> /home/rudolfs/ros2_ws/build/battery_logger/build/lib/battery_logger
[3.019s] running install
[3.031s] running install_lib
[3.065s] creating /home/rudolfs/ros2_ws/install/battery_logger/lib/python3.12/site-packages/battery_logger
[3.065s] copying /home/rudolfs/ros2_ws/build/battery_logger/build/lib/battery_logger/__init__.py -> /home/rudolfs/ros2_ws/install/battery_logger/lib/python3.12/site-packages/battery_logger
[3.065s] copying /home/rudolfs/ros2_ws/build/battery_logger/build/lib/battery_logger/logger.py -> /home/rudolfs/ros2_ws/install/battery_logger/lib/python3.12/site-packages/battery_logger
[3.066s] byte-compiling /home/rudolfs/ros2_ws/install/battery_logger/lib/python3.12/site-packages/battery_logger/__init__.py to __init__.cpython-312.pyc
[3.068s] byte-compiling /home/rudolfs/ros2_ws/install/battery_logger/lib/python3.12/site-packages/battery_logger/logger.py to logger.cpython-312.pyc
[3.068s] running install_data
[3.069s] creating /home/rudolfs/ros2_ws/install/battery_logger/share/ament_index
[3.069s] creating /home/rudolfs/ros2_ws/install/battery_logger/share/ament_index/resource_index
[3.069s] creating /home/rudolfs/ros2_ws/install/battery_logger/share/ament_index/resource_index/packages
[3.069s] copying resource/battery_logger -> /home/rudolfs/ros2_ws/install/battery_logger/share/ament_index/resource_index/packages
[3.070s] copying package.xml -> /home/rudolfs/ros2_ws/install/battery_logger/share/battery_logger
[3.071s] running install_egg_info
[3.108s] Copying ../../build/battery_logger/battery_logger.egg-info to /home/rudolfs/ros2_ws/install/battery_logger/lib/python3.12/site-packages/battery_logger-0.0.0-py3.12.egg-info
[3.109s] running install_scripts
[3.314s] Installing log_battery script to /home/rudolfs/ros2_ws/install/battery_logger/lib/battery_logger
[3.314s] writing list of installed files to '/home/rudolfs/ros2_ws/build/battery_logger/install.log'
[3.422s] Invoked command in '/home/rudolfs/ros2_ws/src/battery_logger' returned '0': DEBUGINFOD_URLS=https://debuginfod.ubuntu.com PYTHONPATH=/home/rudolfs/ros2_ws/build/battery_logger/prefix_override:/usr/lib/python3/dist-packages/colcon_core/task/python/colcon_distutils_commands:/home/rudolfs/ros2_ws/install/battery_logger/lib/python3.12/site-packages:${PYTHONPATH} /usr/bin/python3 -W ignore:setup.py install is deprecated -W ignore:easy_install command is deprecated setup.py egg_info --egg-base ../../build/battery_logger build --build-base /home/rudolfs/ros2_ws/build/battery_logger/build install --record /home/rudolfs/ros2_ws/build/battery_logger/install.log --single-version-externally-managed install_data
