[0.265s] DEBUG:colcon:Command line arguments: ['/usr/bin/colcon', 'build']
[0.266s] DEBUG:colcon:Parsed command line arguments: Namespace(log_base=None, log_level=None, verb_name='build', build_base='build', install_base='install', merge_install=False, symlink_install=False, test_result_base=None, continue_on_error=False, executor='parallel', parallel_workers=6, event_handlers=None, ignore_user_meta=False, metas=['./colcon.meta'], base_paths=['.'], packages_ignore=None, packages_ignore_regex=None, paths=None, packages_up_to=None, packages_up_to_regex=None, packages_above=None, packages_above_and_dependencies=None, packages_above_depth=None, packages_select_by_dep=None, packages_skip_by_dep=None, packages_skip_up_to=None, packages_select_build_failed=False, packages_skip_build_finished=False, packages_select_test_failures=False, packages_skip_test_passed=False, packages_select=None, packages_skip=None, packages_select_regex=None, packages_skip_regex=None, packages_start=None, packages_end=None, cmake_args=None, cmake_target=None, cmake_target_skip_unavailable=False, cmake_clean_cache=False, cmake_clean_first=False, cmake_force_configure=False, ament_cmake_args=None, catkin_cmake_args=None, catkin_skip_building_tests=False, verb_parser=<colcon_defaults.argument_parser.defaults.DefaultArgumentsDecorator object at 0x7e69cfd0a9c0>, verb_extension=<colcon_core.verb.build.BuildVerb object at 0x7e69cfe33500>, main=<bound method BuildVerb.main of <colcon_core.verb.build.BuildVerb object at 0x7e69cfe33500>>)
[0.338s] Level 1:colcon.colcon_core.package_discovery:discover_packages(colcon_meta) check parameters
[0.339s] Level 1:colcon.colcon_core.package_discovery:discover_packages(recursive) check parameters
[0.339s] Level 1:colcon.colcon_core.package_discovery:discover_packages(ignore) check parameters
[0.339s] Level 1:colcon.colcon_core.package_discovery:discover_packages(path) check parameters
[0.341s] Level 1:colcon.colcon_core.package_discovery:discover_packages(colcon_meta) discover
[0.341s] Level 1:colcon.colcon_core.package_discovery:discover_packages(recursive) discover
[0.341s] INFO:colcon.colcon_core.package_discovery:Crawling recursively for packages in '/home/rudolfs/ros2_ws'
[0.341s] Level 1:colcon.colcon_core.package_identification:_identify(.) by extensions ['ignore', 'ignore_ament_install']
[0.341s] Level 1:colcon.colcon_core.package_identification:_identify(.) by extension 'ignore'
[0.341s] Level 1:colcon.colcon_core.package_identification:_identify(.) by extension 'ignore_ament_install'
[0.341s] Level 1:colcon.colcon_core.package_identification:_identify(.) by extensions ['colcon_pkg']
[0.341s] Level 1:colcon.colcon_core.package_identification:_identify(.) by extension 'colcon_pkg'
[0.342s] Level 1:colcon.colcon_core.package_identification:_identify(.) by extensions ['colcon_meta']
[0.342s] Level 1:colcon.colcon_core.package_identification:_identify(.) by extension 'colcon_meta'
[0.342s] Level 1:colcon.colcon_core.package_identification:_identify(.) by extensions ['ros']
[0.342s] Level 1:colcon.colcon_core.package_identification:_identify(.) by extension 'ros'
[0.387s] Level 1:colcon.colcon_core.package_identification:_identify(.) by extensions ['cmake', 'python']
[0.387s] Level 1:colcon.colcon_core.package_identification:_identify(.) by extension 'cmake'
[0.387s] Level 1:colcon.colcon_core.package_identification:_identify(.) by extension 'python'
[0.387s] Level 1:colcon.colcon_core.package_identification:_identify(.) by extensions ['python_setup_py']
[0.387s] Level 1:colcon.colcon_core.package_identification:_identify(.) by extension 'python_setup_py'
[0.387s] Level 1:colcon.colcon_core.package_identification:_identify(DWB(0.26)+NavFN) by extensions ['ignore', 'ignore_ament_install']
[0.387s] Level 1:colcon.colcon_core.package_identification:_identify(DWB(0.26)+NavFN) by extension 'ignore'
[0.387s] Level 1:colcon.colcon_core.package_identification:_identify(DWB(0.26)+NavFN) by extension 'ignore_ament_install'
[0.388s] Level 1:colcon.colcon_core.package_identification:_identify(DWB(0.26)+NavFN) by extensions ['colcon_pkg']
[0.388s] Level 1:colcon.colcon_core.package_identification:_identify(DWB(0.26)+NavFN) by extension 'colcon_pkg'
[0.388s] Level 1:colcon.colcon_core.package_identification:_identify(DWB(0.26)+NavFN) by extensions ['colcon_meta']
[0.388s] Level 1:colcon.colcon_core.package_identification:_identify(DWB(0.26)+NavFN) by extension 'colcon_meta'
[0.388s] Level 1:colcon.colcon_core.package_identification:_identify(DWB(0.26)+NavFN) by extensions ['ros']
[0.388s] Level 1:colcon.colcon_core.package_identification:_identify(DWB(0.26)+NavFN) by extension 'ros'
[0.388s] Level 1:colcon.colcon_core.package_identification:_identify(DWB(0.26)+NavFN) by extensions ['cmake', 'python']
[0.388s] Level 1:colcon.colcon_core.package_identification:_identify(DWB(0.26)+NavFN) by extension 'cmake'
[0.388s] Level 1:colcon.colcon_core.package_identification:_identify(DWB(0.26)+NavFN) by extension 'python'
[0.388s] Level 1:colcon.colcon_core.package_identification:_identify(DWB(0.26)+NavFN) by extensions ['python_setup_py']
[0.388s] Level 1:colcon.colcon_core.package_identification:_identify(DWB(0.26)+NavFN) by extension 'python_setup_py'
[0.389s] Level 1:colcon.colcon_core.package_identification:_identify(DWB(un-normalised)+NavFn) by extensions ['ignore', 'ignore_ament_install']
[0.389s] Level 1:colcon.colcon_core.package_identification:_identify(DWB(un-normalised)+NavFn) by extension 'ignore'
[0.389s] Level 1:colcon.colcon_core.package_identification:_identify(DWB(un-normalised)+NavFn) by extension 'ignore_ament_install'
[0.389s] Level 1:colcon.colcon_core.package_identification:_identify(DWB(un-normalised)+NavFn) by extensions ['colcon_pkg']
[0.389s] Level 1:colcon.colcon_core.package_identification:_identify(DWB(un-normalised)+NavFn) by extension 'colcon_pkg'
[0.389s] Level 1:colcon.colcon_core.package_identification:_identify(DWB(un-normalised)+NavFn) by extensions ['colcon_meta']
[0.389s] Level 1:colcon.colcon_core.package_identification:_identify(DWB(un-normalised)+NavFn) by extension 'colcon_meta'
[0.389s] Level 1:colcon.colcon_core.package_identification:_identify(DWB(un-normalised)+NavFn) by extensions ['ros']
[0.389s] Level 1:colcon.colcon_core.package_identification:_identify(DWB(un-normalised)+NavFn) by extension 'ros'
[0.389s] Level 1:colcon.colcon_core.package_identification:_identify(DWB(un-normalised)+NavFn) by extensions ['cmake', 'python']
[0.389s] Level 1:colcon.colcon_core.package_identification:_identify(DWB(un-normalised)+NavFn) by extension 'cmake'
[0.389s] Level 1:colcon.colcon_core.package_identification:_identify(DWB(un-normalised)+NavFn) by extension 'python'
[0.389s] Level 1:colcon.colcon_core.package_identification:_identify(DWB(un-normalised)+NavFn) by extensions ['python_setup_py']
[0.389s] Level 1:colcon.colcon_core.package_identification:_identify(DWB(un-normalised)+NavFn) by extension 'python_setup_py'
[0.389s] Level 1:colcon.colcon_core.package_identification:_identify(DWB+NavFn(no smoothener)) by extensions ['ignore', 'ignore_ament_install']
[0.389s] Level 1:colcon.colcon_core.package_identification:_identify(DWB+NavFn(no smoothener)) by extension 'ignore'
[0.390s] Level 1:colcon.colcon_core.package_identification:_identify(DWB+NavFn(no smoothener)) by extension 'ignore_ament_install'
[0.390s] Level 1:colcon.colcon_core.package_identification:_identify(DWB+NavFn(no smoothener)) by extensions ['colcon_pkg']
[0.390s] Level 1:colcon.colcon_core.package_identification:_identify(DWB+NavFn(no smoothener)) by extension 'colcon_pkg'
[0.390s] Level 1:colcon.colcon_core.package_identification:_identify(DWB+NavFn(no smoothener)) by extensions ['colcon_meta']
[0.390s] Level 1:colcon.colcon_core.package_identification:_identify(DWB+NavFn(no smoothener)) by extension 'colcon_meta'
[0.390s] Level 1:colcon.colcon_core.package_identification:_identify(DWB+NavFn(no smoothener)) by extensions ['ros']
[0.390s] Level 1:colcon.colcon_core.package_identification:_identify(DWB+NavFn(no smoothener)) by extension 'ros'
[0.390s] Level 1:colcon.colcon_core.package_identification:_identify(DWB+NavFn(no smoothener)) by extensions ['cmake', 'python']
[0.390s] Level 1:colcon.colcon_core.package_identification:_identify(DWB+NavFn(no smoothener)) by extension 'cmake'
[0.390s] Level 1:colcon.colcon_core.package_identification:_identify(DWB+NavFn(no smoothener)) by extension 'python'
[0.390s] Level 1:colcon.colcon_core.package_identification:_identify(DWB+NavFn(no smoothener)) by extensions ['python_setup_py']
[0.390s] Level 1:colcon.colcon_core.package_identification:_identify(DWB+NavFn(no smoothener)) by extension 'python_setup_py'
[0.390s] Level 1:colcon.colcon_core.package_identification:_identify(NavFn+DWB+SGS) by extensions ['ignore', 'ignore_ament_install']
[0.390s] Level 1:colcon.colcon_core.package_identification:_identify(NavFn+DWB+SGS) by extension 'ignore'
[0.390s] Level 1:colcon.colcon_core.package_identification:_identify(NavFn+DWB+SGS) by extension 'ignore_ament_install'
[0.390s] Level 1:colcon.colcon_core.package_identification:_identify(NavFn+DWB+SGS) by extensions ['colcon_pkg']
[0.390s] Level 1:colcon.colcon_core.package_identification:_identify(NavFn+DWB+SGS) by extension 'colcon_pkg'
[0.390s] Level 1:colcon.colcon_core.package_identification:_identify(NavFn+DWB+SGS) by extensions ['colcon_meta']
[0.390s] Level 1:colcon.colcon_core.package_identification:_identify(NavFn+DWB+SGS) by extension 'colcon_meta'
[0.390s] Level 1:colcon.colcon_core.package_identification:_identify(NavFn+DWB+SGS) by extensions ['ros']
[0.391s] Level 1:colcon.colcon_core.package_identification:_identify(NavFn+DWB+SGS) by extension 'ros'
[0.391s] Level 1:colcon.colcon_core.package_identification:_identify(NavFn+DWB+SGS) by extensions ['cmake', 'python']
[0.391s] Level 1:colcon.colcon_core.package_identification:_identify(NavFn+DWB+SGS) by extension 'cmake'
[0.391s] Level 1:colcon.colcon_core.package_identification:_identify(NavFn+DWB+SGS) by extension 'python'
[0.391s] Level 1:colcon.colcon_core.package_identification:_identify(NavFn+DWB+SGS) by extensions ['python_setup_py']
[0.391s] Level 1:colcon.colcon_core.package_identification:_identify(NavFn+DWB+SGS) by extension 'python_setup_py'
[0.391s] Level 1:colcon.colcon_core.package_identification:_identify(NavFn+DWB+SGS(bad loclizatoin)) by extensions ['ignore', 'ignore_ament_install']
[0.391s] Level 1:colcon.colcon_core.package_identification:_identify(NavFn+DWB+SGS(bad loclizatoin)) by extension 'ignore'
[0.391s] Level 1:colcon.colcon_core.package_identification:_identify(NavFn+DWB+SGS(bad loclizatoin)) by extension 'ignore_ament_install'
[0.391s] Level 1:colcon.colcon_core.package_identification:_identify(NavFn+DWB+SGS(bad loclizatoin)) by extensions ['colcon_pkg']
[0.391s] Level 1:colcon.colcon_core.package_identification:_identify(NavFn+DWB+SGS(bad loclizatoin)) by extension 'colcon_pkg'
[0.391s] Level 1:colcon.colcon_core.package_identification:_identify(NavFn+DWB+SGS(bad loclizatoin)) by extensions ['colcon_meta']
[0.391s] Level 1:colcon.colcon_core.package_identification:_identify(NavFn+DWB+SGS(bad loclizatoin)) by extension 'colcon_meta'
[0.391s] Level 1:colcon.colcon_core.package_identification:_identify(NavFn+DWB+SGS(bad loclizatoin)) by extensions ['ros']
[0.391s] Level 1:colcon.colcon_core.package_identification:_identify(NavFn+DWB+SGS(bad loclizatoin)) by extension 'ros'
[0.391s] Level 1:colcon.colcon_core.package_identification:_identify(NavFn+DWB+SGS(bad loclizatoin)) by extensions ['cmake', 'python']
[0.391s] Level 1:colcon.colcon_core.package_identification:_identify(NavFn+DWB+SGS(bad loclizatoin)) by extension 'cmake'
[0.391s] Level 1:colcon.colcon_core.package_identification:_identify(NavFn+DWB+SGS(bad loclizatoin)) by extension 'python'
[0.391s] Level 1:colcon.colcon_core.package_identification:_identify(NavFn+DWB+SGS(bad loclizatoin)) by extensions ['python_setup_py']
[0.391s] Level 1:colcon.colcon_core.package_identification:_identify(NavFn+DWB+SGS(bad loclizatoin)) by extension 'python_setup_py'
[0.391s] Level 1:colcon.colcon_core.package_identification:_identify(build) by extensions ['ignore', 'ignore_ament_install']
[0.392s] Level 1:colcon.colcon_core.package_identification:_identify(build) by extension 'ignore'
[0.392s] Level 1:colcon.colcon_core.package_identification:_identify(build) ignored
[0.392s] Level 1:colcon.colcon_core.package_identification:_identify(install) by extensions ['ignore', 'ignore_ament_install']
[0.392s] Level 1:colcon.colcon_core.package_identification:_identify(install) by extension 'ignore'
[0.392s] Level 1:colcon.colcon_core.package_identification:_identify(install) ignored
[0.392s] Level 1:colcon.colcon_core.package_identification:_identify(log) by extensions ['ignore', 'ignore_ament_install']
[0.392s] Level 1:colcon.colcon_core.package_identification:_identify(log) by extension 'ignore'
[0.393s] Level 1:colcon.colcon_core.package_identification:_identify(log) ignored
[0.393s] Level 1:colcon.colcon_core.package_identification:_identify(results) by extensions ['ignore', 'ignore_ament_install']
[0.393s] Level 1:colcon.colcon_core.package_identification:_identify(results) by extension 'ignore'
[0.393s] Level 1:colcon.colcon_core.package_identification:_identify(results) by extension 'ignore_ament_install'
[0.393s] Level 1:colcon.colcon_core.package_identification:_identify(results) by extensions ['colcon_pkg']
[0.393s] Level 1:colcon.colcon_core.package_identification:_identify(results) by extension 'colcon_pkg'
[0.393s] Level 1:colcon.colcon_core.package_identification:_identify(results) by extensions ['colcon_meta']
[0.393s] Level 1:colcon.colcon_core.package_identification:_identify(results) by extension 'colcon_meta'
[0.393s] Level 1:colcon.colcon_core.package_identification:_identify(results) by extensions ['ros']
[0.393s] Level 1:colcon.colcon_core.package_identification:_identify(results) by extension 'ros'
[0.393s] Level 1:colcon.colcon_core.package_identification:_identify(results) by extensions ['cmake', 'python']
[0.394s] Level 1:colcon.colcon_core.package_identification:_identify(results) by extension 'cmake'
[0.394s] Level 1:colcon.colcon_core.package_identification:_identify(results) by extension 'python'
[0.394s] Level 1:colcon.colcon_core.package_identification:_identify(results) by extensions ['python_setup_py']
[0.394s] Level 1:colcon.colcon_core.package_identification:_identify(results) by extension 'python_setup_py'
[0.394s] Level 1:colcon.colcon_core.package_identification:_identify(src) by extensions ['ignore', 'ignore_ament_install']
[0.394s] Level 1:colcon.colcon_core.package_identification:_identify(src) by extension 'ignore'
[0.394s] Level 1:colcon.colcon_core.package_identification:_identify(src) by extension 'ignore_ament_install'
[0.394s] Level 1:colcon.colcon_core.package_identification:_identify(src) by extensions ['colcon_pkg']
[0.394s] Level 1:colcon.colcon_core.package_identification:_identify(src) by extension 'colcon_pkg'
[0.394s] Level 1:colcon.colcon_core.package_identification:_identify(src) by extensions ['colcon_meta']
[0.394s] Level 1:colcon.colcon_core.package_identification:_identify(src) by extension 'colcon_meta'
[0.394s] Level 1:colcon.colcon_core.package_identification:_identify(src) by extensions ['ros']
[0.394s] Level 1:colcon.colcon_core.package_identification:_identify(src) by extension 'ros'
[0.394s] Level 1:colcon.colcon_core.package_identification:_identify(src) by extensions ['cmake', 'python']
[0.394s] Level 1:colcon.colcon_core.package_identification:_identify(src) by extension 'cmake'
[0.394s] Level 1:colcon.colcon_core.package_identification:_identify(src) by extension 'python'
[0.394s] Level 1:colcon.colcon_core.package_identification:_identify(src) by extensions ['python_setup_py']
[0.394s] Level 1:colcon.colcon_core.package_identification:_identify(src) by extension 'python_setup_py'
[0.394s] Level 1:colcon.colcon_core.package_identification:_identify(src/battery_logger) by extensions ['ignore', 'ignore_ament_install']
[0.394s] Level 1:colcon.colcon_core.package_identification:_identify(src/battery_logger) by extension 'ignore'
[0.395s] Level 1:colcon.colcon_core.package_identification:_identify(src/battery_logger) by extension 'ignore_ament_install'
[0.395s] Level 1:colcon.colcon_core.package_identification:_identify(src/battery_logger) by extensions ['colcon_pkg']
[0.395s] Level 1:colcon.colcon_core.package_identification:_identify(src/battery_logger) by extension 'colcon_pkg'
[0.395s] Level 1:colcon.colcon_core.package_identification:_identify(src/battery_logger) by extensions ['colcon_meta']
[0.395s] Level 1:colcon.colcon_core.package_identification:_identify(src/battery_logger) by extension 'colcon_meta'
[0.395s] Level 1:colcon.colcon_core.package_identification:_identify(src/battery_logger) by extensions ['ros']
[0.395s] Level 1:colcon.colcon_core.package_identification:_identify(src/battery_logger) by extension 'ros'
[0.400s] DEBUG:colcon.colcon_core.package_identification:Package 'src/battery_logger' with type 'ros.ament_python' and name 'battery_logger'
[0.401s] Level 1:colcon.colcon_core.package_identification:_identify(src/cmd_vel_tracker) by extensions ['ignore', 'ignore_ament_install']
[0.401s] Level 1:colcon.colcon_core.package_identification:_identify(src/cmd_vel_tracker) by extension 'ignore'
[0.401s] Level 1:colcon.colcon_core.package_identification:_identify(src/cmd_vel_tracker) by extension 'ignore_ament_install'
[0.401s] Level 1:colcon.colcon_core.package_identification:_identify(src/cmd_vel_tracker) by extensions ['colcon_pkg']
[0.401s] Level 1:colcon.colcon_core.package_identification:_identify(src/cmd_vel_tracker) by extension 'colcon_pkg'
[0.401s] Level 1:colcon.colcon_core.package_identification:_identify(src/cmd_vel_tracker) by extensions ['colcon_meta']
[0.401s] Level 1:colcon.colcon_core.package_identification:_identify(src/cmd_vel_tracker) by extension 'colcon_meta'
[0.401s] Level 1:colcon.colcon_core.package_identification:_identify(src/cmd_vel_tracker) by extensions ['ros']
[0.401s] Level 1:colcon.colcon_core.package_identification:_identify(src/cmd_vel_tracker) by extension 'ros'
[0.402s] DEBUG:colcon.colcon_core.package_identification:Package 'src/cmd_vel_tracker' with type 'ros.ament_python' and name 'cmd_vel_tracker'
[0.408s] Level 1:colcon.colcon_core.package_identification:_identify(src/tb4_nav_to_pose) by extensions ['ignore', 'ignore_ament_install']
[0.408s] Level 1:colcon.colcon_core.package_identification:_identify(src/tb4_nav_to_pose) by extension 'ignore'
[0.408s] Level 1:colcon.colcon_core.package_identification:_identify(src/tb4_nav_to_pose) by extension 'ignore_ament_install'
[0.408s] Level 1:colcon.colcon_core.package_identification:_identify(src/tb4_nav_to_pose) by extensions ['colcon_pkg']
[0.408s] Level 1:colcon.colcon_core.package_identification:_identify(src/tb4_nav_to_pose) by extension 'colcon_pkg'
[0.408s] Level 1:colcon.colcon_core.package_identification:_identify(src/tb4_nav_to_pose) by extensions ['colcon_meta']
[0.408s] Level 1:colcon.colcon_core.package_identification:_identify(src/tb4_nav_to_pose) by extension 'colcon_meta'
[0.408s] Level 1:colcon.colcon_core.package_identification:_identify(src/tb4_nav_to_pose) by extensions ['ros']
[0.408s] Level 1:colcon.colcon_core.package_identification:_identify(src/tb4_nav_to_pose) by extension 'ros'
[0.411s] DEBUG:colcon.colcon_core.package_identification:Package 'src/tb4_nav_to_pose' with type 'ros.ament_python' and name 'tb4_nav_to_pose'
[0.412s] Level 1:colcon.colcon_core.package_discovery:discover_packages(recursive) using defaults
[0.412s] Level 1:colcon.colcon_core.package_discovery:discover_packages(ignore) discover
[0.412s] Level 1:colcon.colcon_core.package_discovery:discover_packages(ignore) using defaults
[0.412s] Level 1:colcon.colcon_core.package_discovery:discover_packages(path) discover
[0.412s] Level 1:colcon.colcon_core.package_discovery:discover_packages(path) using defaults
[0.453s] Level 5:colcon.colcon_core.verb:set package 'battery_logger' build argument 'cmake_args' from command line to 'None'
[0.453s] Level 5:colcon.colcon_core.verb:set package 'battery_logger' build argument 'cmake_target' from command line to 'None'
[0.453s] Level 5:colcon.colcon_core.verb:set package 'battery_logger' build argument 'cmake_target_skip_unavailable' from command line to 'False'
[0.453s] Level 5:colcon.colcon_core.verb:set package 'battery_logger' build argument 'cmake_clean_cache' from command line to 'False'
[0.453s] Level 5:colcon.colcon_core.verb:set package 'battery_logger' build argument 'cmake_clean_first' from command line to 'False'
[0.454s] Level 5:colcon.colcon_core.verb:set package 'battery_logger' build argument 'cmake_force_configure' from command line to 'False'
[0.454s] Level 5:colcon.colcon_core.verb:set package 'battery_logger' build argument 'ament_cmake_args' from command line to 'None'
[0.454s] Level 5:colcon.colcon_core.verb:set package 'battery_logger' build argument 'catkin_cmake_args' from command line to 'None'
[0.454s] Level 5:colcon.colcon_core.verb:set package 'battery_logger' build argument 'catkin_skip_building_tests' from command line to 'False'
[0.454s] DEBUG:colcon.colcon_core.verb:Building package 'battery_logger' with the following arguments: {'ament_cmake_args': None, 'build_base': '/home/rudolfs/ros2_ws/build/battery_logger', 'catkin_cmake_args': None, 'catkin_skip_building_tests': False, 'cmake_args': None, 'cmake_clean_cache': False, 'cmake_clean_first': False, 'cmake_force_configure': False, 'cmake_target': None, 'cmake_target_skip_unavailable': False, 'install_base': '/home/rudolfs/ros2_ws/install/battery_logger', 'merge_install': False, 'path': '/home/rudolfs/ros2_ws/src/battery_logger', 'symlink_install': False, 'test_result_base': None}
[0.454s] Level 5:colcon.colcon_core.verb:set package 'cmd_vel_tracker' build argument 'cmake_args' from command line to 'None'
[0.454s] Level 5:colcon.colcon_core.verb:set package 'cmd_vel_tracker' build argument 'cmake_target' from command line to 'None'
[0.454s] Level 5:colcon.colcon_core.verb:set package 'cmd_vel_tracker' build argument 'cmake_target_skip_unavailable' from command line to 'False'
[0.454s] Level 5:colcon.colcon_core.verb:set package 'cmd_vel_tracker' build argument 'cmake_clean_cache' from command line to 'False'
[0.454s] Level 5:colcon.colcon_core.verb:set package 'cmd_vel_tracker' build argument 'cmake_clean_first' from command line to 'False'
[0.454s] Level 5:colcon.colcon_core.verb:set package 'cmd_vel_tracker' build argument 'cmake_force_configure' from command line to 'False'
[0.454s] Level 5:colcon.colcon_core.verb:set package 'cmd_vel_tracker' build argument 'ament_cmake_args' from command line to 'None'
[0.454s] Level 5:colcon.colcon_core.verb:set package 'cmd_vel_tracker' build argument 'catkin_cmake_args' from command line to 'None'
[0.454s] Level 5:colcon.colcon_core.verb:set package 'cmd_vel_tracker' build argument 'catkin_skip_building_tests' from command line to 'False'
[0.454s] DEBUG:colcon.colcon_core.verb:Building package 'cmd_vel_tracker' with the following arguments: {'ament_cmake_args': None, 'build_base': '/home/rudolfs/ros2_ws/build/cmd_vel_tracker', 'catkin_cmake_args': None, 'catkin_skip_building_tests': False, 'cmake_args': None, 'cmake_clean_cache': False, 'cmake_clean_first': False, 'cmake_force_configure': False, 'cmake_target': None, 'cmake_target_skip_unavailable': False, 'install_base': '/home/rudolfs/ros2_ws/install/cmd_vel_tracker', 'merge_install': False, 'path': '/home/rudolfs/ros2_ws/src/cmd_vel_tracker', 'symlink_install': False, 'test_result_base': None}
[0.455s] Level 5:colcon.colcon_core.verb:set package 'tb4_nav_to_pose' build argument 'cmake_args' from command line to 'None'
[0.455s] Level 5:colcon.colcon_core.verb:set package 'tb4_nav_to_pose' build argument 'cmake_target' from command line to 'None'
[0.455s] Level 5:colcon.colcon_core.verb:set package 'tb4_nav_to_pose' build argument 'cmake_target_skip_unavailable' from command line to 'False'
[0.455s] Level 5:colcon.colcon_core.verb:set package 'tb4_nav_to_pose' build argument 'cmake_clean_cache' from command line to 'False'
[0.455s] Level 5:colcon.colcon_core.verb:set package 'tb4_nav_to_pose' build argument 'cmake_clean_first' from command line to 'False'
[0.455s] Level 5:colcon.colcon_core.verb:set package 'tb4_nav_to_pose' build argument 'cmake_force_configure' from command line to 'False'
[0.455s] Level 5:colcon.colcon_core.verb:set package 'tb4_nav_to_pose' build argument 'ament_cmake_args' from command line to 'None'
[0.455s] Level 5:colcon.colcon_core.verb:set package 'tb4_nav_to_pose' build argument 'catkin_cmake_args' from command line to 'None'
[0.455s] Level 5:colcon.colcon_core.verb:set package 'tb4_nav_to_pose' build argument 'catkin_skip_building_tests' from command line to 'False'
[0.455s] DEBUG:colcon.colcon_core.verb:Building package 'tb4_nav_to_pose' with the following arguments: {'ament_cmake_args': None, 'build_base': '/home/rudolfs/ros2_ws/build/tb4_nav_to_pose', 'catkin_cmake_args': None, 'catkin_skip_building_tests': False, 'cmake_args': None, 'cmake_clean_cache': False, 'cmake_clean_first': False, 'cmake_force_configure': False, 'cmake_target': None, 'cmake_target_skip_unavailable': False, 'install_base': '/home/rudolfs/ros2_ws/install/tb4_nav_to_pose', 'merge_install': False, 'path': '/home/rudolfs/ros2_ws/src/tb4_nav_to_pose', 'symlink_install': False, 'test_result_base': None}
[0.455s] INFO:colcon.colcon_core.executor:Executing jobs using 'parallel' executor
[0.456s] DEBUG:colcon.colcon_parallel_executor.executor.parallel:run_until_complete
[0.456s] INFO:colcon.colcon_ros.task.ament_python.build:Building ROS package in '/home/rudolfs/ros2_ws/src/battery_logger' with build type 'ament_python'
[0.457s] Level 1:colcon.colcon_core.shell:create_environment_hook('battery_logger', 'ament_prefix_path')
[0.460s] INFO:colcon.colcon_core.plugin_system:Skipping extension 'colcon_core.shell.bat': Not used on non-Windows systems
[0.460s] INFO:colcon.colcon_core.shell:Creating environment descriptor '/home/rudolfs/ros2_ws/install/battery_logger/share/battery_logger/hook/ament_prefix_path.dsv'
[0.462s] INFO:colcon.colcon_core.shell:Creating environment hook '/home/rudolfs/ros2_ws/install/battery_logger/share/battery_logger/hook/ament_prefix_path.sh'
[0.462s] DEBUG:colcon.colcon_core.shell:Skip shell extension 'dsv' for command environment
[0.463s] WARNING:colcon.colcon_ros.prefix_path.ament:The path '/home/rudolfs/ros2_ws/install/tb4_nav_to_pose' in the environment variable AMENT_PREFIX_PATH doesn't exist
[0.464s] WARNING:colcon.colcon_ros.prefix_path.ament:The path '/home/rudolfs/ros2_ws/install/nav2_regulated_pure_pursuit_controller' in the environment variable AMENT_PREFIX_PATH doesn't exist
[0.464s] WARNING:colcon.colcon_ros.prefix_path.ament:The path '/home/rudolfs/ros2_ws/install/cmd_vel_tracker' in the environment variable AMENT_PREFIX_PATH doesn't exist
[0.467s] WARNING:colcon.colcon_ros.prefix_path.catkin:The path '/home/rudolfs/ros2_ws/install/nav2_regulated_pure_pursuit_controller' in the environment variable CMAKE_PREFIX_PATH doesn't exist
[0.483s] INFO:colcon.colcon_ros.task.ament_python.build:Building ROS package in '/home/rudolfs/ros2_ws/src/cmd_vel_tracker' with build type 'ament_python'
[0.483s] Level 1:colcon.colcon_core.shell:create_environment_hook('cmd_vel_tracker', 'ament_prefix_path')
[0.484s] INFO:colcon.colcon_core.shell:Creating environment descriptor '/home/rudolfs/ros2_ws/install/cmd_vel_tracker/share/cmd_vel_tracker/hook/ament_prefix_path.dsv'
[0.485s] INFO:colcon.colcon_core.shell:Creating environment hook '/home/rudolfs/ros2_ws/install/cmd_vel_tracker/share/cmd_vel_tracker/hook/ament_prefix_path.sh'
[0.487s] DEBUG:colcon.colcon_core.shell:Skip shell extension 'dsv' for command environment
[0.503s] INFO:colcon.colcon_ros.task.ament_python.build:Building ROS package in '/home/rudolfs/ros2_ws/src/tb4_nav_to_pose' with build type 'ament_python'
[0.506s] Level 1:colcon.colcon_core.shell:create_environment_hook('tb4_nav_to_pose', 'ament_prefix_path')
[0.507s] INFO:colcon.colcon_core.shell:Creating environment descriptor '/home/rudolfs/ros2_ws/install/tb4_nav_to_pose/share/tb4_nav_to_pose/hook/ament_prefix_path.dsv'
[0.509s] INFO:colcon.colcon_core.shell:Creating environment hook '/home/rudolfs/ros2_ws/install/tb4_nav_to_pose/share/tb4_nav_to_pose/hook/ament_prefix_path.sh'
[0.510s] DEBUG:colcon.colcon_core.shell:Skip shell extension 'dsv' for command environment
[0.969s] INFO:colcon.colcon_core.task.python.build:Building Python package in '/home/rudolfs/ros2_ws/src/battery_logger'
[0.969s] DEBUG:colcon.colcon_core.shell:Skip shell extension 'dsv' for command environment
[1.334s] INFO:colcon.colcon_core.task.python.build:Building Python package in '/home/rudolfs/ros2_ws/src/cmd_vel_tracker'
[1.334s] DEBUG:colcon.colcon_core.shell:Skip shell extension 'dsv' for command environment
[1.736s] INFO:colcon.colcon_core.task.python.build:Building Python package in '/home/rudolfs/ros2_ws/src/tb4_nav_to_pose'
[1.736s] DEBUG:colcon.colcon_core.shell:Skip shell extension 'dsv' for command environment
[2.924s] DEBUG:colcon.colcon_core.event_handler.log_command:Invoking command in '/home/rudolfs/ros2_ws/src/battery_logger': DEBUGINFOD_URLS=https://debuginfod.ubuntu.com PYTHONPATH=/home/rudolfs/ros2_ws/build/battery_logger/prefix_override:/usr/lib/python3/dist-packages/colcon_core/task/python/colcon_distutils_commands:/home/rudolfs/ros2_ws/install/battery_logger/lib/python3.12/site-packages:${PYTHONPATH} /usr/bin/python3 -W ignore:setup.py install is deprecated -W ignore:easy_install command is deprecated setup.py egg_info --egg-base ../../build/battery_logger build --build-base /home/rudolfs/ros2_ws/build/battery_logger/build install --record /home/rudolfs/ros2_ws/build/battery_logger/install.log --single-version-externally-managed install_data
[3.019s] DEBUG:colcon.colcon_core.event_handler.log_command:Invoking command in '/home/rudolfs/ros2_ws/src/tb4_nav_to_pose': DEBUGINFOD_URLS=https://debuginfod.ubuntu.com PYTHONPATH=/home/rudolfs/ros2_ws/build/tb4_nav_to_pose/prefix_override:/usr/lib/python3/dist-packages/colcon_core/task/python/colcon_distutils_commands:/home/rudolfs/ros2_ws/install/tb4_nav_to_pose/lib/python3.12/site-packages:${PYTHONPATH} /usr/bin/python3 -W ignore:setup.py install is deprecated -W ignore:easy_install command is deprecated setup.py egg_info --egg-base ../../build/tb4_nav_to_pose build --build-base /home/rudolfs/ros2_ws/build/tb4_nav_to_pose/build install --record /home/rudolfs/ros2_ws/build/tb4_nav_to_pose/install.log --single-version-externally-managed install_data
[3.024s] DEBUG:colcon.colcon_core.event_handler.log_command:Invoking command in '/home/rudolfs/ros2_ws/src/cmd_vel_tracker': DEBUGINFOD_URLS=https://debuginfod.ubuntu.com PYTHONPATH=/home/rudolfs/ros2_ws/build/cmd_vel_tracker/prefix_override:/usr/lib/python3/dist-packages/colcon_core/task/python/colcon_distutils_commands:/home/rudolfs/ros2_ws/install/cmd_vel_tracker/lib/python3.12/site-packages:${PYTHONPATH} /usr/bin/python3 -W ignore:setup.py install is deprecated -W ignore:easy_install command is deprecated setup.py egg_info --egg-base ../../build/cmd_vel_tracker build --build-base /home/rudolfs/ros2_ws/build/cmd_vel_tracker/build install --record /home/rudolfs/ros2_ws/build/cmd_vel_tracker/install.log --single-version-externally-managed install_data
[3.880s] DEBUG:colcon.colcon_core.event_handler.log_command:Invoked command in '/home/rudolfs/ros2_ws/src/battery_logger' returned '0': DEBUGINFOD_URLS=https://debuginfod.ubuntu.com PYTHONPATH=/home/rudolfs/ros2_ws/build/battery_logger/prefix_override:/usr/lib/python3/dist-packages/colcon_core/task/python/colcon_distutils_commands:/home/rudolfs/ros2_ws/install/battery_logger/lib/python3.12/site-packages:${PYTHONPATH} /usr/bin/python3 -W ignore:setup.py install is deprecated -W ignore:easy_install command is deprecated setup.py egg_info --egg-base ../../build/battery_logger build --build-base /home/rudolfs/ros2_ws/build/battery_logger/build install --record /home/rudolfs/ros2_ws/build/battery_logger/install.log --single-version-externally-managed install_data
[3.882s] Level 1:colcon.colcon_core.environment:checking '/home/rudolfs/ros2_ws/install/battery_logger' for CMake module files
[3.883s] Level 1:colcon.colcon_core.environment:checking '/home/rudolfs/ros2_ws/install/battery_logger' for CMake config files
[3.883s] Level 1:colcon.colcon_core.environment:checking '/home/rudolfs/ros2_ws/install/battery_logger/lib'
[3.884s] Level 1:colcon.colcon_core.environment:checking '/home/rudolfs/ros2_ws/install/battery_logger/bin'
[3.884s] Level 1:colcon.colcon_core.environment:checking '/home/rudolfs/ros2_ws/install/battery_logger/lib/pkgconfig/battery_logger.pc'
[3.884s] Level 1:colcon.colcon_core.environment:checking '/home/rudolfs/ros2_ws/install/battery_logger/lib/python3.12/site-packages'
[3.884s] Level 1:colcon.colcon_core.shell:create_environment_hook('battery_logger', 'pythonpath')
[3.884s] INFO:colcon.colcon_core.shell:Creating environment descriptor '/home/rudolfs/ros2_ws/install/battery_logger/share/battery_logger/hook/pythonpath.dsv'
[3.885s] INFO:colcon.colcon_core.shell:Creating environment hook '/home/rudolfs/ros2_ws/install/battery_logger/share/battery_logger/hook/pythonpath.sh'
[3.886s] Level 1:colcon.colcon_core.environment:checking '/home/rudolfs/ros2_ws/install/battery_logger/bin'
[3.886s] Level 1:colcon.colcon_core.environment:create_environment_scripts_only(battery_logger)
[3.886s] INFO:colcon.colcon_core.shell:Creating package descriptor '/home/rudolfs/ros2_ws/install/battery_logger/share/battery_logger/package.dsv'
[3.887s] INFO:colcon.colcon_core.shell:Creating package script '/home/rudolfs/ros2_ws/install/battery_logger/share/battery_logger/package.sh'
[3.888s] INFO:colcon.colcon_core.shell:Creating package script '/home/rudolfs/ros2_ws/install/battery_logger/share/battery_logger/package.bash'
[3.889s] INFO:colcon.colcon_core.shell:Creating package script '/home/rudolfs/ros2_ws/install/battery_logger/share/battery_logger/package.zsh'
[3.891s] Level 1:colcon.colcon_core.environment:create_file_with_runtime_dependencies(/home/rudolfs/ros2_ws/install/battery_logger/share/colcon-core/packages/battery_logger)
[3.911s] Level 1:colcon.colcon_core.environment:checking '/home/rudolfs/ros2_ws/install/cmd_vel_tracker' for CMake module files
[3.913s] Level 1:colcon.colcon_core.environment:checking '/home/rudolfs/ros2_ws/install/cmd_vel_tracker' for CMake config files
[3.912s] DEBUG:colcon.colcon_core.event_handler.log_command:Invoked command in '/home/rudolfs/ros2_ws/src/cmd_vel_tracker' returned '0': DEBUGINFOD_URLS=https://debuginfod.ubuntu.com PYTHONPATH=/home/rudolfs/ros2_ws/build/cmd_vel_tracker/prefix_override:/usr/lib/python3/dist-packages/colcon_core/task/python/colcon_distutils_commands:/home/rudolfs/ros2_ws/install/cmd_vel_tracker/lib/python3.12/site-packages:${PYTHONPATH} /usr/bin/python3 -W ignore:setup.py install is deprecated -W ignore:easy_install command is deprecated setup.py egg_info --egg-base ../../build/cmd_vel_tracker build --build-base /home/rudolfs/ros2_ws/build/cmd_vel_tracker/build install --record /home/rudolfs/ros2_ws/build/cmd_vel_tracker/install.log --single-version-externally-managed install_data
[3.914s] Level 1:colcon.colcon_core.environment:checking '/home/rudolfs/ros2_ws/install/cmd_vel_tracker/lib'
[3.914s] Level 1:colcon.colcon_core.environment:checking '/home/rudolfs/ros2_ws/install/cmd_vel_tracker/bin'
[3.915s] Level 1:colcon.colcon_core.environment:checking '/home/rudolfs/ros2_ws/install/cmd_vel_tracker/lib/pkgconfig/cmd_vel_tracker.pc'
[3.915s] Level 1:colcon.colcon_core.environment:checking '/home/rudolfs/ros2_ws/install/cmd_vel_tracker/lib/python3.12/site-packages'
[3.915s] Level 1:colcon.colcon_core.shell:create_environment_hook('cmd_vel_tracker', 'pythonpath')
[3.916s] INFO:colcon.colcon_core.shell:Creating environment descriptor '/home/rudolfs/ros2_ws/install/cmd_vel_tracker/share/cmd_vel_tracker/hook/pythonpath.dsv'
[3.916s] INFO:colcon.colcon_core.shell:Creating environment hook '/home/rudolfs/ros2_ws/install/cmd_vel_tracker/share/cmd_vel_tracker/hook/pythonpath.sh'
[3.917s] Level 1:colcon.colcon_core.environment:checking '/home/rudolfs/ros2_ws/install/cmd_vel_tracker/bin'
[3.917s] Level 1:colcon.colcon_core.environment:create_environment_scripts_only(cmd_vel_tracker)
[3.917s] INFO:colcon.colcon_core.shell:Creating package descriptor '/home/rudolfs/ros2_ws/install/cmd_vel_tracker/share/cmd_vel_tracker/package.dsv'
[3.918s] INFO:colcon.colcon_core.shell:Creating package script '/home/rudolfs/ros2_ws/install/cmd_vel_tracker/share/cmd_vel_tracker/package.sh'
[3.918s] INFO:colcon.colcon_core.shell:Creating package script '/home/rudolfs/ros2_ws/install/cmd_vel_tracker/share/cmd_vel_tracker/package.bash'
[3.918s] INFO:colcon.colcon_core.shell:Creating package script '/home/rudolfs/ros2_ws/install/cmd_vel_tracker/share/cmd_vel_tracker/package.zsh'
[3.919s] Level 1:colcon.colcon_core.environment:create_file_with_runtime_dependencies(/home/rudolfs/ros2_ws/install/cmd_vel_tracker/share/colcon-core/packages/cmd_vel_tracker)
[3.939s] Level 1:colcon.colcon_core.environment:checking '/home/rudolfs/ros2_ws/install/tb4_nav_to_pose' for CMake module files
[3.940s] Level 1:colcon.colcon_core.environment:checking '/home/rudolfs/ros2_ws/install/tb4_nav_to_pose' for CMake config files
[3.941s] Level 1:colcon.colcon_core.environment:checking '/home/rudolfs/ros2_ws/install/tb4_nav_to_pose/lib'
[3.941s] Level 1:colcon.colcon_core.environment:checking '/home/rudolfs/ros2_ws/install/tb4_nav_to_pose/bin'
[3.941s] Level 1:colcon.colcon_core.environment:checking '/home/rudolfs/ros2_ws/install/tb4_nav_to_pose/lib/pkgconfig/tb4_nav_to_pose.pc'
[3.941s] Level 1:colcon.colcon_core.environment:checking '/home/rudolfs/ros2_ws/install/tb4_nav_to_pose/lib/python3.12/site-packages'
[3.941s] Level 1:colcon.colcon_core.shell:create_environment_hook('tb4_nav_to_pose', 'pythonpath')
[3.942s] INFO:colcon.colcon_core.shell:Creating environment descriptor '/home/rudolfs/ros2_ws/install/tb4_nav_to_pose/share/tb4_nav_to_pose/hook/pythonpath.dsv'
[3.942s] INFO:colcon.colcon_core.shell:Creating environment hook '/home/rudolfs/ros2_ws/install/tb4_nav_to_pose/share/tb4_nav_to_pose/hook/pythonpath.sh'
[3.943s] Level 1:colcon.colcon_core.environment:checking '/home/rudolfs/ros2_ws/install/tb4_nav_to_pose/bin'
[3.943s] Level 1:colcon.colcon_core.environment:create_environment_scripts_only(tb4_nav_to_pose)
[3.941s] DEBUG:colcon.colcon_core.event_handler.log_command:Invoked command in '/home/rudolfs/ros2_ws/src/tb4_nav_to_pose' returned '0': DEBUGINFOD_URLS=https://debuginfod.ubuntu.com PYTHONPATH=/home/rudolfs/ros2_ws/build/tb4_nav_to_pose/prefix_override:/usr/lib/python3/dist-packages/colcon_core/task/python/colcon_distutils_commands:/home/rudolfs/ros2_ws/install/tb4_nav_to_pose/lib/python3.12/site-packages:${PYTHONPATH} /usr/bin/python3 -W ignore:setup.py install is deprecated -W ignore:easy_install command is deprecated setup.py egg_info --egg-base ../../build/tb4_nav_to_pose build --build-base /home/rudolfs/ros2_ws/build/tb4_nav_to_pose/build install --record /home/rudolfs/ros2_ws/build/tb4_nav_to_pose/install.log --single-version-externally-managed install_data
[3.943s] INFO:colcon.colcon_core.shell:Creating package descriptor '/home/rudolfs/ros2_ws/install/tb4_nav_to_pose/share/tb4_nav_to_pose/package.dsv'
[3.945s] INFO:colcon.colcon_core.shell:Creating package script '/home/rudolfs/ros2_ws/install/tb4_nav_to_pose/share/tb4_nav_to_pose/package.sh'
[3.945s] INFO:colcon.colcon_core.shell:Creating package script '/home/rudolfs/ros2_ws/install/tb4_nav_to_pose/share/tb4_nav_to_pose/package.bash'
[3.946s] INFO:colcon.colcon_core.shell:Creating package script '/home/rudolfs/ros2_ws/install/tb4_nav_to_pose/share/tb4_nav_to_pose/package.zsh'
[3.946s] Level 1:colcon.colcon_core.environment:create_file_with_runtime_dependencies(/home/rudolfs/ros2_ws/install/tb4_nav_to_pose/share/colcon-core/packages/tb4_nav_to_pose)
[3.946s] DEBUG:colcon.colcon_parallel_executor.executor.parallel:closing loop
[3.947s] DEBUG:colcon.colcon_parallel_executor.executor.parallel:loop closed
[3.947s] DEBUG:colcon.colcon_parallel_executor.executor.parallel:run_until_complete finished with '0'
[3.947s] DEBUG:colcon.colcon_core.event_reactor:joining thread
[3.958s] INFO:colcon.colcon_core.plugin_system:Skipping extension 'colcon_notification.desktop_notification.terminal_notifier': Not used on non-Darwin systems
[3.958s] INFO:colcon.colcon_core.plugin_system:Skipping extension 'colcon_notification.desktop_notification.win32': Not used on non-Windows systems
[3.958s] INFO:colcon.colcon_notification.desktop_notification:Sending desktop notification using 'notify2'
[3.978s] DEBUG:colcon.colcon_core.event_reactor:joined thread
[3.979s] INFO:colcon.colcon_core.shell:Creating prefix script '/home/rudolfs/ros2_ws/install/local_setup.sh'
[3.980s] INFO:colcon.colcon_core.shell:Creating prefix util module '/home/rudolfs/ros2_ws/install/_local_setup_util_sh.py'
[3.984s] INFO:colcon.colcon_core.shell:Creating prefix chain script '/home/rudolfs/ros2_ws/install/setup.sh'
[3.987s] INFO:colcon.colcon_core.shell:Creating prefix script '/home/rudolfs/ros2_ws/install/local_setup.bash'
[3.990s] INFO:colcon.colcon_core.shell:Creating prefix chain script '/home/rudolfs/ros2_ws/install/setup.bash'
[3.994s] INFO:colcon.colcon_core.shell:Creating prefix script '/home/rudolfs/ros2_ws/install/local_setup.zsh'
[3.994s] INFO:colcon.colcon_core.shell:Creating prefix chain script '/home/rudolfs/ros2_ws/install/setup.zsh'
