[2.511s] Invoking command in '/home/rudolfs/ros2_ws/src/tb4_nav_to_pose': DEBUGINFOD_URLS=https://debuginfod.ubuntu.com PYTHONPATH=/home/rudolfs/ros2_ws/build/tb4_nav_to_pose/prefix_override:/usr/lib/python3/dist-packages/colcon_core/task/python/colcon_distutils_commands:/home/rudolfs/ros2_ws/install/tb4_nav_to_pose/lib/python3.12/site-packages:${PYTHONPATH} /usr/bin/python3 -W ignore:setup.py install is deprecated -W ignore:easy_install command is deprecated setup.py egg_info --egg-base ../../build/tb4_nav_to_pose build --build-base /home/rudolfs/ros2_ws/build/tb4_nav_to_pose/build install --record /home/rudolfs/ros2_ws/build/tb4_nav_to_pose/install.log --single-version-externally-managed install_data
[2.955s] running egg_info
[2.955s] creating ../../build/tb4_nav_to_pose/tb4_nav_to_pose.egg-info
[2.981s] writing ../../build/tb4_nav_to_pose/tb4_nav_to_pose.egg-info/PKG-INFO
[2.982s] writing dependency_links to ../../build/tb4_nav_to_pose/tb4_nav_to_pose.egg-info/dependency_links.txt
[2.982s] writing entry points to ../../build/tb4_nav_to_pose/tb4_nav_to_pose.egg-info/entry_points.txt
[2.983s] writing requirements to ../../build/tb4_nav_to_pose/tb4_nav_to_pose.egg-info/requires.txt
[2.984s] writing top-level names to ../../build/tb4_nav_to_pose/tb4_nav_to_pose.egg-info/top_level.txt
[2.984s] writing manifest file '../../build/tb4_nav_to_pose/tb4_nav_to_pose.egg-info/SOURCES.txt'
[3.033s] reading manifest file '../../build/tb4_nav_to_pose/tb4_nav_to_pose.egg-info/SOURCES.txt'
[3.034s] writing manifest file '../../build/tb4_nav_to_pose/tb4_nav_to_pose.egg-info/SOURCES.txt'
[3.035s] running build
[3.036s] running build_py
[3.037s] creating /home/rudolfs/ros2_ws/build/tb4_nav_to_pose/build
[3.037s] creating /home/rudolfs/ros2_ws/build/tb4_nav_to_pose/build/lib
[3.037s] creating /home/rudolfs/ros2_ws/build/tb4_nav_to_pose/build/lib/tb4_nav_to_pose
[3.037s] copying tb4_nav_to_pose/__init__.py -> /home/rudolfs/ros2_ws/build/tb4_nav_to_pose/build/lib/tb4_nav_to_pose
[3.038s] copying tb4_nav_to_pose/nav_to_pose.py -> /home/rudolfs/ros2_ws/build/tb4_nav_to_pose/build/lib/tb4_nav_to_pose
[3.038s] running install
[3.045s] running install_lib
[3.075s] creating /home/rudolfs/ros2_ws/install/tb4_nav_to_pose/lib/python3.12/site-packages/tb4_nav_to_pose
[3.076s] copying /home/rudolfs/ros2_ws/build/tb4_nav_to_pose/build/lib/tb4_nav_to_pose/__init__.py -> /home/rudolfs/ros2_ws/install/tb4_nav_to_pose/lib/python3.12/site-packages/tb4_nav_to_pose
[3.076s] copying /home/rudolfs/ros2_ws/build/tb4_nav_to_pose/build/lib/tb4_nav_to_pose/nav_to_pose.py -> /home/rudolfs/ros2_ws/install/tb4_nav_to_pose/lib/python3.12/site-packages/tb4_nav_to_pose
[3.077s] byte-compiling /home/rudolfs/ros2_ws/install/tb4_nav_to_pose/lib/python3.12/site-packages/tb4_nav_to_pose/__init__.py to __init__.cpython-312.pyc
[3.077s] byte-compiling /home/rudolfs/ros2_ws/install/tb4_nav_to_pose/lib/python3.12/site-packages/tb4_nav_to_pose/nav_to_pose.py to nav_to_pose.cpython-312.pyc
[3.079s] running install_data
[3.080s] creating /home/rudolfs/ros2_ws/install/tb4_nav_to_pose/share/ament_index
[3.081s] creating /home/rudolfs/ros2_ws/install/tb4_nav_to_pose/share/ament_index/resource_index
[3.081s] creating /home/rudolfs/ros2_ws/install/tb4_nav_to_pose/share/ament_index/resource_index/packages
[3.081s] copying resource/tb4_nav_to_pose -> /home/rudolfs/ros2_ws/install/tb4_nav_to_pose/share/ament_index/resource_index/packages
[3.081s] copying package.xml -> /home/rudolfs/ros2_ws/install/tb4_nav_to_pose/share/tb4_nav_to_pose
[3.081s] running install_egg_info
[3.120s] Copying ../../build/tb4_nav_to_pose/tb4_nav_to_pose.egg-info to /home/rudolfs/ros2_ws/install/tb4_nav_to_pose/lib/python3.12/site-packages/tb4_nav_to_pose-0.0.0-py3.12.egg-info
[3.122s] running install_scripts
[3.316s] Installing nav_to_pose script to /home/rudolfs/ros2_ws/install/tb4_nav_to_pose/lib/tb4_nav_to_pose
[3.318s] writing list of installed files to '/home/rudolfs/ros2_ws/build/tb4_nav_to_pose/install.log'
[3.433s] Invoked command in '/home/rudolfs/ros2_ws/src/tb4_nav_to_pose' returned '0': DEBUGINFOD_URLS=https://debuginfod.ubuntu.com PYTHONPATH=/home/rudolfs/ros2_ws/build/tb4_nav_to_pose/prefix_override:/usr/lib/python3/dist-packages/colcon_core/task/python/colcon_distutils_commands:/home/rudolfs/ros2_ws/install/tb4_nav_to_pose/lib/python3.12/site-packages:${PYTHONPATH} /usr/bin/python3 -W ignore:setup.py install is deprecated -W ignore:easy_install command is deprecated setup.py egg_info --egg-base ../../build/tb4_nav_to_pose build --build-base /home/rudolfs/ros2_ws/build/tb4_nav_to_pose/build install --record /home/rudolfs/ros2_ws/build/tb4_nav_to_pose/install.log --single-version-externally-managed install_data
