-- Found ament_cmake: 2.5.4 (/opt/ros/jazzy/share/ament_cmake/cmake)
-- Override CMake install command with custom implementation using symlinks instead of copying resources
-- Found nav2_common: 1.3.7 (/home/rudolfs/ros2_ws/install/nav2_common/share/nav2_common/cmake)
-- Found nav2_core: 1.3.7 (/home/rudolfs/ros2_ws/install/nav2_core/share/nav2_core/cmake)
-- Found rosidl_generator_c: 4.6.5 (/opt/ros/jazzy/share/rosidl_generator_c/cmake)
-- Found rosidl_generator_cpp: 4.6.5 (/opt/ros/jazzy/share/rosidl_generator_cpp/cmake)
-- Using all available rosidl_typesupport_c: rosidl_typesupport_fastrtps_c;rosidl_typesupport_introspection_c
-- Using all available rosidl_typesupport_cpp: rosidl_typesupport_fastrtps_cpp;rosidl_typesupport_introspection_cpp
-- Found rmw_implementation_cmake: 7.3.2 (/opt/ros/jazzy/share/rmw_implementation_cmake/cmake)
-- Found rmw_fastrtps_cpp: 8.4.2 (/opt/ros/jazzy/share/rmw_fastrtps_cpp/cmake)
-- Using RMW implementation 'rmw_fastrtps_cpp' as default
-- Found eigen3_cmake_module: 0.3.0 (/opt/ros/jazzy/share/eigen3_cmake_module/cmake)
-- Ensuring Eigen3 include directory is part of orocos-kdl CMake target
-- Found nav_2d_utils: 1.3.7 (/home/rudolfs/ros2_ws/install/nav_2d_utils/share/nav_2d_utils/cmake)
-- Found ament_lint_auto: 0.17.2 (/opt/ros/jazzy/share/ament_lint_auto/cmake)
-- Found gtest sources under '/opt/ros/jazzy/src/gtest_vendor': C++ tests using 'Google Test' will be built
-- Added test 'cppcheck' to perform static code analysis on C / C++ code
-- Configured cppcheck include dirs: /home/rudolfs/ros2_ws/src/navigation2/nav2_graceful_controller/include
-- Configured cppcheck exclude dirs and/or files: 
-- Added test 'cpplint' to check C / C++ code against the Google style
-- Configured cpplint exclude dirs and/or files: 
-- Added test 'lint_cmake' to check CMake code style
-- Added test 'uncrustify' to check C / C++ code style
-- Configured uncrustify additional arguments: 
-- Added test 'xmllint' to check XML markup files
-- Configuring done (2.5s)
-- Generating done (0.3s)
-- Build files have been written to: /home/rudolfs/ros2_ws/build/nav2_graceful_controller
[  6%] [32mBuilding CXX object CMakeFiles/smooth_control_law.dir/src/smooth_control_law.cpp.o[0m
[ 13%] [32m[1mLinking CXX shared library libsmooth_control_law.so[0m
[ 13%] Built target smooth_control_law
[ 26%] Built target gtest
[ 33%] [32mBuilding CXX object CMakeFiles/nav2_graceful_controller.dir/src/graceful_controller.cpp.o[0m
[ 40%] [32mBuilding CXX object CMakeFiles/nav2_graceful_controller.dir/src/utils.cpp.o[0m
[ 46%] [32mBuilding CXX object CMakeFiles/nav2_graceful_controller.dir/src/path_handler.cpp.o[0m
[ 53%] [32mBuilding CXX object CMakeFiles/nav2_graceful_controller.dir/src/parameter_handler.cpp.o[0m
[ 60%] [32m[1mLinking CXX shared library libnav2_graceful_controller.so[0m
[ 60%] Built target nav2_graceful_controller
[ 73%] Built target gtest_main
[ 80%] [32mBuilding CXX object test/CMakeFiles/test_graceful_controller.dir/test_graceful_controller.cpp.o[0m
[ 86%] [32m[1mLinking CXX executable test_graceful_controller[0m
[ 86%] Built target test_graceful_controller
[100%] Built target test_egopolar
-- Install configuration: "Release"
-- Execute custom install script
-- Up-to-date symlink: /home/rudolfs/ros2_ws/install/nav2_graceful_controller/lib/libsmooth_control_law.so
-- Up-to-date symlink: /home/rudolfs/ros2_ws/install/nav2_graceful_controller/lib/libnav2_graceful_controller.so
-- Up-to-date symlink: /home/rudolfs/ros2_ws/install/nav2_graceful_controller/include//nav2_graceful_controller/ego_polar_coords.hpp
-- Up-to-date symlink: /home/rudolfs/ros2_ws/install/nav2_graceful_controller/include//nav2_graceful_controller/graceful_controller.hpp
-- Up-to-date symlink: /home/rudolfs/ros2_ws/install/nav2_graceful_controller/include//nav2_graceful_controller/parameter_handler.hpp
-- Up-to-date symlink: /home/rudolfs/ros2_ws/install/nav2_graceful_controller/include//nav2_graceful_controller/path_handler.hpp
-- Up-to-date symlink: /home/rudolfs/ros2_ws/install/nav2_graceful_controller/include//nav2_graceful_controller/smooth_control_law.hpp
-- Up-to-date symlink: /home/rudolfs/ros2_ws/install/nav2_graceful_controller/include//nav2_graceful_controller/utils.hpp
-- Up-to-date symlink: /home/rudolfs/ros2_ws/install/nav2_graceful_controller/share/nav2_graceful_controller/environment/library_path.sh
-- Up-to-date symlink: /home/rudolfs/ros2_ws/install/nav2_graceful_controller/share/nav2_graceful_controller/environment/library_path.dsv
-- Up-to-date symlink: /home/rudolfs/ros2_ws/install/nav2_graceful_controller/share/nav2_graceful_controller//graceful_controller_plugin.xml
-- Up-to-date symlink: /home/rudolfs/ros2_ws/install/nav2_graceful_controller/share/ament_index/resource_index/package_run_dependencies/nav2_graceful_controller
-- Up-to-date symlink: /home/rudolfs/ros2_ws/install/nav2_graceful_controller/share/ament_index/resource_index/parent_prefix_path/nav2_graceful_controller
-- Up-to-date symlink: /home/rudolfs/ros2_ws/install/nav2_graceful_controller/share/nav2_graceful_controller/environment/ament_prefix_path.sh
-- Up-to-date symlink: /home/rudolfs/ros2_ws/install/nav2_graceful_controller/share/nav2_graceful_controller/environment/ament_prefix_path.dsv
-- Up-to-date symlink: /home/rudolfs/ros2_ws/install/nav2_graceful_controller/share/nav2_graceful_controller/environment/path.sh
-- Up-to-date symlink: /home/rudolfs/ros2_ws/install/nav2_graceful_controller/share/nav2_graceful_controller/environment/path.dsv
-- Up-to-date symlink: /home/rudolfs/ros2_ws/install/nav2_graceful_controller/share/nav2_graceful_controller/local_setup.bash
-- Up-to-date symlink: /home/rudolfs/ros2_ws/install/nav2_graceful_controller/share/nav2_graceful_controller/local_setup.sh
-- Up-to-date symlink: /home/rudolfs/ros2_ws/install/nav2_graceful_controller/share/nav2_graceful_controller/local_setup.zsh
-- Up-to-date symlink: /home/rudolfs/ros2_ws/install/nav2_graceful_controller/share/nav2_graceful_controller/local_setup.dsv
-- Symlinking: /home/rudolfs/ros2_ws/install/nav2_graceful_controller/share/nav2_graceful_controller/package.dsv
-- Up-to-date symlink: /home/rudolfs/ros2_ws/install/nav2_graceful_controller/share/ament_index/resource_index/packages/nav2_graceful_controller
-- Up-to-date symlink: /home/rudolfs/ros2_ws/install/nav2_graceful_controller/share/ament_index/resource_index/nav2_core__pluginlib__plugin/nav2_graceful_controller
-- Up-to-date symlink: /home/rudolfs/ros2_ws/install/nav2_graceful_controller/share/nav2_graceful_controller/cmake/ament_cmake_export_include_directories-extras.cmake
-- Up-to-date symlink: /home/rudolfs/ros2_ws/install/nav2_graceful_controller/share/nav2_graceful_controller/cmake/ament_cmake_export_libraries-extras.cmake
-- Up-to-date symlink: /home/rudolfs/ros2_ws/install/nav2_graceful_controller/share/nav2_graceful_controller/cmake/ament_cmake_export_dependencies-extras.cmake
-- Up-to-date symlink: /home/rudolfs/ros2_ws/install/nav2_graceful_controller/share/nav2_graceful_controller/cmake/nav2_graceful_controllerConfig.cmake
-- Up-to-date symlink: /home/rudolfs/ros2_ws/install/nav2_graceful_controller/share/nav2_graceful_controller/cmake/nav2_graceful_controllerConfig-version.cmake
-- Up-to-date symlink: /home/rudolfs/ros2_ws/install/nav2_graceful_controller/share/nav2_graceful_controller/package.xml
