[0.016s] Invoking command in '/home/rudolfs/ros2_ws/build/nav2_amcl': AMENT_PREFIX_PATH=/home/rudolfs/ros2_ws/install/nav2_util:/home/rudolfs/ros2_ws/install/nav2_msgs:/home/rudolfs/ros2_ws/install/nav2_common:${AMENT_PREFIX_PATH} CMAKE_PREFIX_PATH=/home/rudolfs/ros2_ws/install/nav2_util:/home/rudolfs/ros2_ws/install/nav2_msgs:/home/rudolfs/ros2_ws/install/nav2_common:/opt/ros/jazzy/opt/gz_sim_vendor:/opt/ros/jazzy/opt/gz_sensors_vendor:/opt/ros/jazzy/opt/gz_physics_vendor:/opt/ros/jazzy/opt/sdformat_vendor:/opt/ros/jazzy/opt/gz_gui_vendor:/opt/ros/jazzy/opt/gz_transport_vendor:/opt/ros/jazzy/opt/gz_rendering_vendor:/opt/ros/jazzy/opt/gz_plugin_vendor:/opt/ros/jazzy/opt/gz_fuel_tools_vendor:/opt/ros/jazzy/opt/gz_msgs_vendor:/opt/ros/jazzy/opt/gz_common_vendor:/opt/ros/jazzy/opt/gz_math_vendor:/opt/ros/jazzy/opt/gz_utils_vendor:/opt/ros/jazzy/opt/gz_tools_vendor:/opt/ros/jazzy/opt/gz_ogre_next_vendor:/opt/ros/jazzy/opt/gz_dartsim_vendor:/opt/ros/jazzy/opt/gz_cmake_vendor:/home/rudolfs/ros2_ws/install/tb4_nav_to_pose:/home/rudolfs/ros2_ws/install/cmd_vel_tracker:/home/rudolfs/ros2_ws/install/battery_logger:/home/rudolfs/testing_ws/turtlebot4_ws/install/turtlebot4_python_tutorials:/home/rudolfs/testing_ws/install/turtlebot4_python_tutorials:/home/rudolfs/testing_ws/ros2_ws/install/battery_logger:/opt/ros/jazzy DEBUGINFOD_URLS=https://debuginfod.ubuntu.com LD_LIBRARY_PATH=/home/rudolfs/ros2_ws/install/nav2_util/lib:/home/rudolfs/ros2_ws/install/nav2_msgs/lib:${LD_LIBRARY_PATH} PYTHONPATH=/home/rudolfs/ros2_ws/install/nav2_msgs/lib/python3.12/site-packages:/home/rudolfs/ros2_ws/install/nav2_common/lib/python3.12/site-packages:${PYTHONPATH} /usr/bin/cmake /home/rudolfs/ros2_ws/src/navigation2/nav2_amcl -DAMENT_CMAKE_SYMLINK_INSTALL=1 -DCMAKE_INSTALL_PREFIX=/home/rudolfs/ros2_ws/install/nav2_amcl
[1.831s] -- The C compiler identification is GNU 13.3.0
[1.831s] -- The CXX compiler identification is GNU 13.3.0
[1.831s] -- Detecting C compiler ABI info
[1.831s] -- Detecting C compiler ABI info - done
[1.831s] -- Check for working C compiler: /usr/bin/cc - skipped
[1.831s] -- Detecting C compile features
[1.831s] -- Detecting C compile features - done
[1.831s] -- Detecting CXX compiler ABI info
[1.831s] -- Detecting CXX compiler ABI info - done
[1.831s] -- Check for working CXX compiler: /usr/bin/c++ - skipped
[1.831s] -- Detecting CXX compile features
[1.831s] -- Detecting CXX compile features - done
[1.831s] -- Found ament_cmake: 2.5.4 (/opt/ros/jazzy/share/ament_cmake/cmake)
[1.831s] -- Found Python3: /usr/bin/python3 (found version "3.12.3") found components: Interpreter 
[1.831s] -- Override CMake install command with custom implementation using symlinks instead of copying resources
[1.832s] -- Found nav2_common: 1.3.7 (/home/rudolfs/ros2_ws/install/nav2_common/share/nav2_common/cmake)
[1.832s] -- Found rclcpp: 28.1.9 (/opt/ros/jazzy/share/rclcpp/cmake)
[1.832s] -- Found rosidl_generator_c: 4.6.5 (/opt/ros/jazzy/share/rosidl_generator_c/cmake)
[1.832s] -- Found rosidl_generator_cpp: 4.6.5 (/opt/ros/jazzy/share/rosidl_generator_cpp/cmake)
[1.832s] -- Using all available rosidl_typesupport_c: rosidl_typesupport_fastrtps_c;rosidl_typesupport_introspection_c
[1.832s] -- Using all available rosidl_typesupport_cpp: rosidl_typesupport_fastrtps_cpp;rosidl_typesupport_introspection_cpp
[1.832s] -- Found rmw_implementation_cmake: 7.3.2 (/opt/ros/jazzy/share/rmw_implementation_cmake/cmake)
[1.832s] -- Found rmw_fastrtps_cpp: 8.4.2 (/opt/ros/jazzy/share/rmw_fastrtps_cpp/cmake)
[1.832s] -- Found OpenSSL: /usr/lib/x86_64-linux-gnu/libcrypto.so (found version "3.0.13")  
[1.832s] -- Found FastRTPS: /opt/ros/jazzy/include (Required is at least version "2.13") 
[1.832s] -- Using RMW implementation 'rmw_fastrtps_cpp' as default
[1.832s] -- Found rclcpp_lifecycle: 28.1.9 (/opt/ros/jazzy/share/rclcpp_lifecycle/cmake)
[1.832s] -- Found rclcpp_components: 28.1.9 (/opt/ros/jazzy/share/rclcpp_components/cmake)
[1.832s] -- Found message_filters: 4.11.6 (/opt/ros/jazzy/share/message_filters/cmake)
[1.832s] -- Found tf2_geometry_msgs: 0.36.11 (/opt/ros/jazzy/share/tf2_geometry_msgs/cmake)
[1.832s] -- Found eigen3_cmake_module: 0.3.0 (/opt/ros/jazzy/share/eigen3_cmake_module/cmake)
[1.832s] -- Found Eigen3: TRUE (found version "3.4.0") 
[1.832s] -- Ensuring Eigen3 include directory is part of orocos-kdl CMake target
[1.833s] -- Found nav_msgs: 5.3.6 (/opt/ros/jazzy/share/nav_msgs/cmake)
[1.833s] -- Found sensor_msgs: 5.3.6 (/opt/ros/jazzy/share/sensor_msgs/cmake)
[1.833s] -- Found std_srvs: 5.3.6 (/opt/ros/jazzy/share/std_srvs/cmake)
[1.833s] -- Found nav2_util: 1.3.7 (/home/rudolfs/ros2_ws/install/nav2_util/share/nav2_util/cmake)
[1.833s] -- Found pluginlib: 5.4.2 (/opt/ros/jazzy/share/pluginlib/cmake)
[1.833s] -- Setting build type to Release as none was specified.
[1.833s] -- Looking for drand48
[1.839s] -- Looking for drand48 - found
[1.839s] -- Found ament_lint_auto: 0.17.2 (/opt/ros/jazzy/share/ament_lint_auto/cmake)
[1.883s] -- Added test 'cppcheck' to perform static code analysis on C / C++ code
[1.884s] -- Configured cppcheck include dirs: /home/rudolfs/ros2_ws/src/navigation2/nav2_amcl/include;/home/rudolfs/ros2_ws/src/navigation2/nav2_amcl/src/include
[1.884s] -- Configured cppcheck exclude dirs and/or files: 
[1.887s] -- Added test 'lint_cmake' to check CMake code style
[1.888s] -- Added test 'uncrustify' to check C / C++ code style
[1.888s] -- Configured uncrustify additional arguments: 
[1.889s] -- Added test 'xmllint' to check XML markup files
[1.894s] -- Configuring done (1.9s)
[1.939s] -- Generating done (0.0s)
[1.951s] -- Build files have been written to: /home/rudolfs/ros2_ws/build/nav2_amcl
[1.978s] Invoked command in '/home/rudolfs/ros2_ws/build/nav2_amcl' returned '0': AMENT_PREFIX_PATH=/home/rudolfs/ros2_ws/install/nav2_util:/home/rudolfs/ros2_ws/install/nav2_msgs:/home/rudolfs/ros2_ws/install/nav2_common:${AMENT_PREFIX_PATH} CMAKE_PREFIX_PATH=/home/rudolfs/ros2_ws/install/nav2_util:/home/rudolfs/ros2_ws/install/nav2_msgs:/home/rudolfs/ros2_ws/install/nav2_common:/opt/ros/jazzy/opt/gz_sim_vendor:/opt/ros/jazzy/opt/gz_sensors_vendor:/opt/ros/jazzy/opt/gz_physics_vendor:/opt/ros/jazzy/opt/sdformat_vendor:/opt/ros/jazzy/opt/gz_gui_vendor:/opt/ros/jazzy/opt/gz_transport_vendor:/opt/ros/jazzy/opt/gz_rendering_vendor:/opt/ros/jazzy/opt/gz_plugin_vendor:/opt/ros/jazzy/opt/gz_fuel_tools_vendor:/opt/ros/jazzy/opt/gz_msgs_vendor:/opt/ros/jazzy/opt/gz_common_vendor:/opt/ros/jazzy/opt/gz_math_vendor:/opt/ros/jazzy/opt/gz_utils_vendor:/opt/ros/jazzy/opt/gz_tools_vendor:/opt/ros/jazzy/opt/gz_ogre_next_vendor:/opt/ros/jazzy/opt/gz_dartsim_vendor:/opt/ros/jazzy/opt/gz_cmake_vendor:/home/rudolfs/ros2_ws/install/tb4_nav_to_pose:/home/rudolfs/ros2_ws/install/cmd_vel_tracker:/home/rudolfs/ros2_ws/install/battery_logger:/home/rudolfs/testing_ws/turtlebot4_ws/install/turtlebot4_python_tutorials:/home/rudolfs/testing_ws/install/turtlebot4_python_tutorials:/home/rudolfs/testing_ws/ros2_ws/install/battery_logger:/opt/ros/jazzy DEBUGINFOD_URLS=https://debuginfod.ubuntu.com LD_LIBRARY_PATH=/home/rudolfs/ros2_ws/install/nav2_util/lib:/home/rudolfs/ros2_ws/install/nav2_msgs/lib:${LD_LIBRARY_PATH} PYTHONPATH=/home/rudolfs/ros2_ws/install/nav2_msgs/lib/python3.12/site-packages:/home/rudolfs/ros2_ws/install/nav2_common/lib/python3.12/site-packages:${PYTHONPATH} /usr/bin/cmake /home/rudolfs/ros2_ws/src/navigation2/nav2_amcl -DAMENT_CMAKE_SYMLINK_INSTALL=1 -DCMAKE_INSTALL_PREFIX=/home/rudolfs/ros2_ws/install/nav2_amcl
[1.979s] Invoking command in '/home/rudolfs/ros2_ws/build/nav2_amcl': AMENT_PREFIX_PATH=/home/rudolfs/ros2_ws/install/nav2_util:/home/rudolfs/ros2_ws/install/nav2_msgs:/home/rudolfs/ros2_ws/install/nav2_common:${AMENT_PREFIX_PATH} CMAKE_PREFIX_PATH=/home/rudolfs/ros2_ws/install/nav2_util:/home/rudolfs/ros2_ws/install/nav2_msgs:/home/rudolfs/ros2_ws/install/nav2_common:/opt/ros/jazzy/opt/gz_sim_vendor:/opt/ros/jazzy/opt/gz_sensors_vendor:/opt/ros/jazzy/opt/gz_physics_vendor:/opt/ros/jazzy/opt/sdformat_vendor:/opt/ros/jazzy/opt/gz_gui_vendor:/opt/ros/jazzy/opt/gz_transport_vendor:/opt/ros/jazzy/opt/gz_rendering_vendor:/opt/ros/jazzy/opt/gz_plugin_vendor:/opt/ros/jazzy/opt/gz_fuel_tools_vendor:/opt/ros/jazzy/opt/gz_msgs_vendor:/opt/ros/jazzy/opt/gz_common_vendor:/opt/ros/jazzy/opt/gz_math_vendor:/opt/ros/jazzy/opt/gz_utils_vendor:/opt/ros/jazzy/opt/gz_tools_vendor:/opt/ros/jazzy/opt/gz_ogre_next_vendor:/opt/ros/jazzy/opt/gz_dartsim_vendor:/opt/ros/jazzy/opt/gz_cmake_vendor:/home/rudolfs/ros2_ws/install/tb4_nav_to_pose:/home/rudolfs/ros2_ws/install/cmd_vel_tracker:/home/rudolfs/ros2_ws/install/battery_logger:/home/rudolfs/testing_ws/turtlebot4_ws/install/turtlebot4_python_tutorials:/home/rudolfs/testing_ws/install/turtlebot4_python_tutorials:/home/rudolfs/testing_ws/ros2_ws/install/battery_logger:/opt/ros/jazzy DEBUGINFOD_URLS=https://debuginfod.ubuntu.com LD_LIBRARY_PATH=/home/rudolfs/ros2_ws/install/nav2_util/lib:/home/rudolfs/ros2_ws/install/nav2_msgs/lib:${LD_LIBRARY_PATH} PYTHONPATH=/home/rudolfs/ros2_ws/install/nav2_msgs/lib/python3.12/site-packages:/home/rudolfs/ros2_ws/install/nav2_common/lib/python3.12/site-packages:${PYTHONPATH} /usr/bin/cmake --build /home/rudolfs/ros2_ws/build/nav2_amcl -- -j6 -l6
[2.053s] [  4%] [32mBuilding CXX object src/map/CMakeFiles/map_lib.dir/map_cspace.cpp.o[0m
[2.054s] [  8%] [32mBuilding C object src/map/CMakeFiles/map_lib.dir/map_draw.c.o[0m
[2.058s] [ 12%] [32mBuilding C object src/map/CMakeFiles/map_lib.dir/map_range.c.o[0m
[2.061s] [ 16%] [32mBuilding C object src/map/CMakeFiles/map_lib.dir/map.c.o[0m
[2.069s] [ 20%] [32mBuilding C object src/pf/CMakeFiles/pf_lib.dir/pf.c.o[0m
[2.075s] [ 25%] [32mBuilding C object src/pf/CMakeFiles/pf_lib.dir/pf_kdtree.c.o[0m
[2.101s] [ 29%] [32mBuilding C object src/pf/CMakeFiles/pf_lib.dir/pf_pdf.c.o[0m
[2.168s] [ 33%] [32mBuilding C object src/pf/CMakeFiles/pf_lib.dir/pf_vector.c.o[0m
[2.282s] [ 37%] [32mBuilding C object src/pf/CMakeFiles/pf_lib.dir/eig3.c.o[0m
[2.305s] [ 41%] [32mBuilding C object src/pf/CMakeFiles/pf_lib.dir/pf_draw.c.o[0m
[2.668s] [ 45%] [32m[1mLinking C shared library libpf_lib.so[0m
[2.774s] [ 45%] Built target pf_lib
[2.814s] [ 50%] [32mBuilding CXX object src/motion_model/CMakeFiles/motions_lib.dir/omni_motion_model.cpp.o[0m
[2.833s] [ 54%] [32mBuilding CXX object src/motion_model/CMakeFiles/motions_lib.dir/differential_motion_model.cpp.o[0m
[3.288s] [ 58%] [32m[1mLinking CXX shared library libmap_lib.so[0m
[3.751s] [ 58%] Built target map_lib
[3.813s] [ 62%] [32mBuilding CXX object src/sensors/CMakeFiles/sensors_lib.dir/laser/laser.cpp.o[0m
[3.828s] [ 66%] [32mBuilding CXX object src/sensors/CMakeFiles/sensors_lib.dir/laser/beam_model.cpp.o[0m
[3.830s] [ 70%] [32mBuilding CXX object src/sensors/CMakeFiles/sensors_lib.dir/laser/likelihood_field_model_prob.cpp.o[0m
[3.844s] [ 75%] [32mBuilding CXX object src/sensors/CMakeFiles/sensors_lib.dir/laser/likelihood_field_model.cpp.o[0m
[5.250s] [ 79%] [32m[1mLinking CXX shared library libsensors_lib.so[0m
[5.574s] [ 79%] Built target sensors_lib
[5.645s] [ 83%] [32mBuilding CXX object CMakeFiles/amcl_core.dir/src/amcl_node.cpp.o[0m
[6.023s] [ 87%] [32m[1mLinking CXX shared library libmotions_lib.so[0m
[6.578s] [ 87%] Built target motions_lib
[69.450s] [ 91%] [32m[1mLinking CXX shared library libamcl_core.so[0m
[70.005s] [ 91%] Built target amcl_core
[70.031s] [ 95%] [32mBuilding CXX object CMakeFiles/amcl.dir/src/main.cpp.o[0m
[75.593s] [100%] [32m[1mLinking CXX executable amcl[0m
[76.009s] [100%] Built target amcl
[76.026s] Invoked command in '/home/rudolfs/ros2_ws/build/nav2_amcl' returned '0': AMENT_PREFIX_PATH=/home/rudolfs/ros2_ws/install/nav2_util:/home/rudolfs/ros2_ws/install/nav2_msgs:/home/rudolfs/ros2_ws/install/nav2_common:${AMENT_PREFIX_PATH} CMAKE_PREFIX_PATH=/home/rudolfs/ros2_ws/install/nav2_util:/home/rudolfs/ros2_ws/install/nav2_msgs:/home/rudolfs/ros2_ws/install/nav2_common:/opt/ros/jazzy/opt/gz_sim_vendor:/opt/ros/jazzy/opt/gz_sensors_vendor:/opt/ros/jazzy/opt/gz_physics_vendor:/opt/ros/jazzy/opt/sdformat_vendor:/opt/ros/jazzy/opt/gz_gui_vendor:/opt/ros/jazzy/opt/gz_transport_vendor:/opt/ros/jazzy/opt/gz_rendering_vendor:/opt/ros/jazzy/opt/gz_plugin_vendor:/opt/ros/jazzy/opt/gz_fuel_tools_vendor:/opt/ros/jazzy/opt/gz_msgs_vendor:/opt/ros/jazzy/opt/gz_common_vendor:/opt/ros/jazzy/opt/gz_math_vendor:/opt/ros/jazzy/opt/gz_utils_vendor:/opt/ros/jazzy/opt/gz_tools_vendor:/opt/ros/jazzy/opt/gz_ogre_next_vendor:/opt/ros/jazzy/opt/gz_dartsim_vendor:/opt/ros/jazzy/opt/gz_cmake_vendor:/home/rudolfs/ros2_ws/install/tb4_nav_to_pose:/home/rudolfs/ros2_ws/install/cmd_vel_tracker:/home/rudolfs/ros2_ws/install/battery_logger:/home/rudolfs/testing_ws/turtlebot4_ws/install/turtlebot4_python_tutorials:/home/rudolfs/testing_ws/install/turtlebot4_python_tutorials:/home/rudolfs/testing_ws/ros2_ws/install/battery_logger:/opt/ros/jazzy DEBUGINFOD_URLS=https://debuginfod.ubuntu.com LD_LIBRARY_PATH=/home/rudolfs/ros2_ws/install/nav2_util/lib:/home/rudolfs/ros2_ws/install/nav2_msgs/lib:${LD_LIBRARY_PATH} PYTHONPATH=/home/rudolfs/ros2_ws/install/nav2_msgs/lib/python3.12/site-packages:/home/rudolfs/ros2_ws/install/nav2_common/lib/python3.12/site-packages:${PYTHONPATH} /usr/bin/cmake --build /home/rudolfs/ros2_ws/build/nav2_amcl -- -j6 -l6
[76.028s] Invoking command in '/home/rudolfs/ros2_ws/build/nav2_amcl': AMENT_PREFIX_PATH=/home/rudolfs/ros2_ws/install/nav2_util:/home/rudolfs/ros2_ws/install/nav2_msgs:/home/rudolfs/ros2_ws/install/nav2_common:${AMENT_PREFIX_PATH} CMAKE_PREFIX_PATH=/home/rudolfs/ros2_ws/install/nav2_util:/home/rudolfs/ros2_ws/install/nav2_msgs:/home/rudolfs/ros2_ws/install/nav2_common:/opt/ros/jazzy/opt/gz_sim_vendor:/opt/ros/jazzy/opt/gz_sensors_vendor:/opt/ros/jazzy/opt/gz_physics_vendor:/opt/ros/jazzy/opt/sdformat_vendor:/opt/ros/jazzy/opt/gz_gui_vendor:/opt/ros/jazzy/opt/gz_transport_vendor:/opt/ros/jazzy/opt/gz_rendering_vendor:/opt/ros/jazzy/opt/gz_plugin_vendor:/opt/ros/jazzy/opt/gz_fuel_tools_vendor:/opt/ros/jazzy/opt/gz_msgs_vendor:/opt/ros/jazzy/opt/gz_common_vendor:/opt/ros/jazzy/opt/gz_math_vendor:/opt/ros/jazzy/opt/gz_utils_vendor:/opt/ros/jazzy/opt/gz_tools_vendor:/opt/ros/jazzy/opt/gz_ogre_next_vendor:/opt/ros/jazzy/opt/gz_dartsim_vendor:/opt/ros/jazzy/opt/gz_cmake_vendor:/home/rudolfs/ros2_ws/install/tb4_nav_to_pose:/home/rudolfs/ros2_ws/install/cmd_vel_tracker:/home/rudolfs/ros2_ws/install/battery_logger:/home/rudolfs/testing_ws/turtlebot4_ws/install/turtlebot4_python_tutorials:/home/rudolfs/testing_ws/install/turtlebot4_python_tutorials:/home/rudolfs/testing_ws/ros2_ws/install/battery_logger:/opt/ros/jazzy DEBUGINFOD_URLS=https://debuginfod.ubuntu.com LD_LIBRARY_PATH=/home/rudolfs/ros2_ws/install/nav2_util/lib:/home/rudolfs/ros2_ws/install/nav2_msgs/lib:${LD_LIBRARY_PATH} PYTHONPATH=/home/rudolfs/ros2_ws/install/nav2_msgs/lib/python3.12/site-packages:/home/rudolfs/ros2_ws/install/nav2_common/lib/python3.12/site-packages:${PYTHONPATH} /usr/bin/cmake --install /home/rudolfs/ros2_ws/build/nav2_amcl
[76.039s] -- Install configuration: "Release"
[76.043s] -- Execute custom install script
[76.043s] -- Symlinking: /home/rudolfs/ros2_ws/install/nav2_amcl/lib/libpf_lib.so
[76.055s] -- Symlinking: /home/rudolfs/ros2_ws/install/nav2_amcl/lib/libmap_lib.so
[76.067s] -- Symlinking: /home/rudolfs/ros2_ws/install/nav2_amcl/lib/libmotions_lib.so
[76.079s] -- Symlinking: /home/rudolfs/ros2_ws/install/nav2_amcl/lib/libsensors_lib.so
[76.090s] -- Symlinking: /home/rudolfs/ros2_ws/install/nav2_amcl/lib/libamcl_core.so
[76.106s] -- Symlinking: /home/rudolfs/ros2_ws/install/nav2_amcl/lib/nav2_amcl/amcl
[76.119s] -- Symlinking: /home/rudolfs/ros2_ws/install/nav2_amcl/include//nav2_amcl/amcl_node.hpp
[76.135s] -- Symlinking: /home/rudolfs/ros2_ws/install/nav2_amcl/include//nav2_amcl/angleutils.hpp
[76.146s] -- Symlinking: /home/rudolfs/ros2_ws/install/nav2_amcl/include//nav2_amcl/map/map.hpp
[76.160s] -- Symlinking: /home/rudolfs/ros2_ws/install/nav2_amcl/include//nav2_amcl/motion_model/differential_motion_model.hpp
[76.176s] -- Symlinking: /home/rudolfs/ros2_ws/install/nav2_amcl/include//nav2_amcl/motion_model/motion_model.hpp
[76.194s] -- Symlinking: /home/rudolfs/ros2_ws/install/nav2_amcl/include//nav2_amcl/motion_model/omni_motion_model.hpp
[76.207s] -- Symlinking: /home/rudolfs/ros2_ws/install/nav2_amcl/include//nav2_amcl/pf/eig3.hpp
[76.218s] -- Symlinking: /home/rudolfs/ros2_ws/install/nav2_amcl/include//nav2_amcl/pf/pf.hpp
[76.232s] -- Symlinking: /home/rudolfs/ros2_ws/install/nav2_amcl/include//nav2_amcl/pf/pf_kdtree.hpp
[76.245s] -- Symlinking: /home/rudolfs/ros2_ws/install/nav2_amcl/include//nav2_amcl/pf/pf_pdf.hpp
[76.257s] -- Symlinking: /home/rudolfs/ros2_ws/install/nav2_amcl/include//nav2_amcl/pf/pf_vector.hpp
[76.271s] -- Symlinking: /home/rudolfs/ros2_ws/install/nav2_amcl/include//nav2_amcl/portable_utils.hpp
[76.285s] -- Symlinking: /home/rudolfs/ros2_ws/install/nav2_amcl/include//nav2_amcl/sensors/laser/laser.hpp
[76.294s] -- Symlinking: /home/rudolfs/ros2_ws/install/nav2_amcl/share/nav2_amcl/environment/library_path.sh
[76.306s] -- Symlinking: /home/rudolfs/ros2_ws/install/nav2_amcl/share/nav2_amcl/environment/library_path.dsv
[76.323s] -- Symlinking: /home/rudolfs/ros2_ws/install/nav2_amcl/share/nav2_amcl//plugins.xml
[76.335s] -- Symlinking: /home/rudolfs/ros2_ws/install/nav2_amcl/share/ament_index/resource_index/package_run_dependencies/nav2_amcl
[76.352s] -- Symlinking: /home/rudolfs/ros2_ws/install/nav2_amcl/share/ament_index/resource_index/parent_prefix_path/nav2_amcl
[76.370s] -- Symlinking: /home/rudolfs/ros2_ws/install/nav2_amcl/share/nav2_amcl/environment/ament_prefix_path.sh
[76.381s] -- Symlinking: /home/rudolfs/ros2_ws/install/nav2_amcl/share/nav2_amcl/environment/ament_prefix_path.dsv
[76.395s] -- Symlinking: /home/rudolfs/ros2_ws/install/nav2_amcl/share/nav2_amcl/environment/path.sh
[76.410s] -- Symlinking: /home/rudolfs/ros2_ws/install/nav2_amcl/share/nav2_amcl/environment/path.dsv
[76.427s] -- Symlinking: /home/rudolfs/ros2_ws/install/nav2_amcl/share/nav2_amcl/local_setup.bash
[76.449s] -- Symlinking: /home/rudolfs/ros2_ws/install/nav2_amcl/share/nav2_amcl/local_setup.sh
[76.463s] -- Symlinking: /home/rudolfs/ros2_ws/install/nav2_amcl/share/nav2_amcl/local_setup.zsh
[76.477s] -- Symlinking: /home/rudolfs/ros2_ws/install/nav2_amcl/share/nav2_amcl/local_setup.dsv
[76.490s] -- Symlinking: /home/rudolfs/ros2_ws/install/nav2_amcl/share/nav2_amcl/package.dsv
[76.503s] -- Symlinking: /home/rudolfs/ros2_ws/install/nav2_amcl/share/ament_index/resource_index/packages/nav2_amcl
[76.511s] -- Symlinking: /home/rudolfs/ros2_ws/install/nav2_amcl/share/ament_index/resource_index/nav2_amcl__pluginlib__plugin/nav2_amcl
[76.524s] -- Symlinking: /home/rudolfs/ros2_ws/install/nav2_amcl/share/ament_index/resource_index/rclcpp_components/nav2_amcl
[76.534s] -- Symlinking: /home/rudolfs/ros2_ws/install/nav2_amcl/share/nav2_amcl/cmake/ament_cmake_export_include_directories-extras.cmake
[76.545s] -- Symlinking: /home/rudolfs/ros2_ws/install/nav2_amcl/share/nav2_amcl/cmake/ament_cmake_export_libraries-extras.cmake
[76.555s] -- Symlinking: /home/rudolfs/ros2_ws/install/nav2_amcl/share/nav2_amcl/cmake/ament_cmake_export_dependencies-extras.cmake
[76.566s] -- Symlinking: /home/rudolfs/ros2_ws/install/nav2_amcl/share/nav2_amcl/cmake/nav2_amclConfig.cmake
[76.577s] -- Symlinking: /home/rudolfs/ros2_ws/install/nav2_amcl/share/nav2_amcl/cmake/nav2_amclConfig-version.cmake
[76.588s] -- Symlinking: /home/rudolfs/ros2_ws/install/nav2_amcl/share/nav2_amcl/package.xml
[76.606s] Invoked command in '/home/rudolfs/ros2_ws/build/nav2_amcl' returned '0': AMENT_PREFIX_PATH=/home/rudolfs/ros2_ws/install/nav2_util:/home/rudolfs/ros2_ws/install/nav2_msgs:/home/rudolfs/ros2_ws/install/nav2_common:${AMENT_PREFIX_PATH} CMAKE_PREFIX_PATH=/home/rudolfs/ros2_ws/install/nav2_util:/home/rudolfs/ros2_ws/install/nav2_msgs:/home/rudolfs/ros2_ws/install/nav2_common:/opt/ros/jazzy/opt/gz_sim_vendor:/opt/ros/jazzy/opt/gz_sensors_vendor:/opt/ros/jazzy/opt/gz_physics_vendor:/opt/ros/jazzy/opt/sdformat_vendor:/opt/ros/jazzy/opt/gz_gui_vendor:/opt/ros/jazzy/opt/gz_transport_vendor:/opt/ros/jazzy/opt/gz_rendering_vendor:/opt/ros/jazzy/opt/gz_plugin_vendor:/opt/ros/jazzy/opt/gz_fuel_tools_vendor:/opt/ros/jazzy/opt/gz_msgs_vendor:/opt/ros/jazzy/opt/gz_common_vendor:/opt/ros/jazzy/opt/gz_math_vendor:/opt/ros/jazzy/opt/gz_utils_vendor:/opt/ros/jazzy/opt/gz_tools_vendor:/opt/ros/jazzy/opt/gz_ogre_next_vendor:/opt/ros/jazzy/opt/gz_dartsim_vendor:/opt/ros/jazzy/opt/gz_cmake_vendor:/home/rudolfs/ros2_ws/install/tb4_nav_to_pose:/home/rudolfs/ros2_ws/install/cmd_vel_tracker:/home/rudolfs/ros2_ws/install/battery_logger:/home/rudolfs/testing_ws/turtlebot4_ws/install/turtlebot4_python_tutorials:/home/rudolfs/testing_ws/install/turtlebot4_python_tutorials:/home/rudolfs/testing_ws/ros2_ws/install/battery_logger:/opt/ros/jazzy DEBUGINFOD_URLS=https://debuginfod.ubuntu.com LD_LIBRARY_PATH=/home/rudolfs/ros2_ws/install/nav2_util/lib:/home/rudolfs/ros2_ws/install/nav2_msgs/lib:${LD_LIBRARY_PATH} PYTHONPATH=/home/rudolfs/ros2_ws/install/nav2_msgs/lib/python3.12/site-packages:/home/rudolfs/ros2_ws/install/nav2_common/lib/python3.12/site-packages:${PYTHONPATH} /usr/bin/cmake --install /home/rudolfs/ros2_ws/build/nav2_amcl
