[0.074s] Invoking command in '/home/rudolfs/ros2_ws/build/nav2_behavior_tree': CMAKE_PREFIX_PATH=/home/rudolfs/ros2_ws/install/nav2_util:/home/rudolfs/ros2_ws/install/nav2_msgs:/home/rudolfs/ros2_ws/install/nav2_common:/home/rudolfs/ros2_ws/install/turtlebot4_node:/home/rudolfs/ros2_ws/install/turtlebot4_navigation:/home/rudolfs/ros2_ws/install/turtlebot4_msgs:/home/rudolfs/ros2_ws/install/turtlebot4_description:/home/rudolfs/ros2_ws/install/nav2_system_tests:/home/rudolfs/ros2_ws/install/nav2_bringup:/home/rudolfs/ros2_ws/install/navigation2:/home/rudolfs/ros2_ws/install/opennav_docking:/home/rudolfs/ros2_ws/install/opennav_docking_core:/home/rudolfs/ros2_ws/install/opennav_docking_bt:/home/rudolfs/ros2_ws/install/nav2_smoother:/home/rudolfs/ros2_ws/install/nav2_rotation_shim_controller:/home/rudolfs/ros2_ws/install/nav2_graceful_controller:/home/rudolfs/ros2_ws/install/nav2_dwb_controller:/home/rudolfs/ros2_ws/install/nav2_controller:/home/rudolfs/ros2_ws/install/dwb_plugins:/home/rudolfs/ros2_ws/install/dwb_critics:/home/rudolfs/ros2_ws/install/dwb_core:/home/rudolfs/ros2_ws/install/nav_2d_utils:/home/rudolfs/ros2_ws/install/dwb_msgs:/home/rudolfs/ros2_ws/install/nav_2d_msgs:/home/rudolfs/ros2_ws/install/nav2_waypoint_follower:/home/rudolfs/ros2_ws/install/nav2_theta_star_planner:/home/rudolfs/ros2_ws/install/nav2_smac_planner:/home/rudolfs/ros2_ws/install/nav2_regulated_pure_pursuit_controller:/home/rudolfs/ros2_ws/install/nav2_planner:/home/rudolfs/ros2_ws/install/nav2_navfn_planner:/home/rudolfs/ros2_ws/install/nav2_mppi_controller:/home/rudolfs/ros2_ws/install/nav2_constrained_smoother:/home/rudolfs/ros2_ws/install/nav2_bt_navigator:/home/rudolfs/ros2_ws/install/nav2_behaviors:/home/rudolfs/ros2_ws/install/nav2_core:/home/rudolfs/ros2_ws/install/nav2_collision_monitor:/home/rudolfs/ros2_ws/install/costmap_queue:/home/rudolfs/ros2_ws/install/nav2_costmap_2d:/home/rudolfs/ros2_ws/install/nav2_voxel_grid:/home/rudolfs/ros2_ws/install/nav2_velocity_smoother:/home/rudolfs/ros2_ws/install/nav2_rviz_plugins:/home/rudolfs/ros2_ws/install/nav2_map_server:/home/rudolfs/ros2_ws/install/nav2_lifecycle_manager:/home/rudolfs/ros2_ws/install/nav2_behavior_tree:/home/rudolfs/ros2_ws/install/nav2_amcl:/opt/ros/jazzy/opt/gz_sim_vendor:/opt/ros/jazzy/opt/gz_sensors_vendor:/opt/ros/jazzy/opt/gz_physics_vendor:/opt/ros/jazzy/opt/sdformat_vendor:/opt/ros/jazzy/opt/gz_gui_vendor:/opt/ros/jazzy/opt/gz_transport_vendor:/opt/ros/jazzy/opt/gz_rendering_vendor:/opt/ros/jazzy/opt/gz_plugin_vendor:/opt/ros/jazzy/opt/gz_fuel_tools_vendor:/opt/ros/jazzy/opt/gz_msgs_vendor:/opt/ros/jazzy/opt/gz_common_vendor:/opt/ros/jazzy/opt/gz_math_vendor:/opt/ros/jazzy/opt/gz_utils_vendor:/opt/ros/jazzy/opt/gz_tools_vendor:/opt/ros/jazzy/opt/gz_ogre_next_vendor:/opt/ros/jazzy/opt/gz_dartsim_vendor:/opt/ros/jazzy/opt/gz_cmake_vendor:/home/rudolfs/ros2_ws/install/tb4_nav_to_pose:/home/rudolfs/ros2_ws/install/nav2_simple_commander:/home/rudolfs/ros2_ws/install/nav2_loopback_sim:/home/rudolfs/ros2_ws/install/cmd_vel_tracker:/home/rudolfs/ros2_ws/install/battery_logger:/home/rudolfs/testing_ws/turtlebot4_ws/install/turtlebot4_python_tutorials:/home/rudolfs/testing_ws/install/turtlebot4_python_tutorials:/home/rudolfs/testing_ws/ros2_ws/install/battery_logger:/opt/ros/jazzy DEBUGINFOD_URLS=https://debuginfod.ubuntu.com LD_LIBRARY_PATH=/home/rudolfs/ros2_ws/install/nav2_util/lib:/home/rudolfs/ros2_ws/install/nav2_msgs/lib:/home/rudolfs/ros2_ws/install/turtlebot4_msgs/lib:/home/rudolfs/ros2_ws/install/nav2_system_tests/lib:/home/rudolfs/ros2_ws/install/opennav_docking/lib:/home/rudolfs/ros2_ws/install/opennav_docking_bt/lib:/home/rudolfs/ros2_ws/install/nav2_smoother/lib:/home/rudolfs/ros2_ws/install/nav2_rotation_shim_controller/lib:/home/rudolfs/ros2_ws/install/nav2_graceful_controller/lib:/home/rudolfs/ros2_ws/install/nav2_controller/lib:/home/rudolfs/ros2_ws/install/dwb_plugins/lib:/home/rudolfs/ros2_ws/install/dwb_critics/lib:/home/rudolfs/ros2_ws/install/dwb_core/lib:/home/rudolfs/ros2_ws/install/nav_2d_utils/lib:/home/rudolfs/ros2_ws/install/dwb_msgs/lib:/home/rudolfs/ros2_ws/install/nav_2d_msgs/lib:/home/rudolfs/ros2_ws/install/nav2_waypoint_follower/lib:/home/rudolfs/ros2_ws/install/nav2_theta_star_planner/lib:/home/rudolfs/ros2_ws/install/nav2_smac_planner/lib:/home/rudolfs/ros2_ws/install/nav2_regulated_pure_pursuit_controller/lib:/home/rudolfs/ros2_ws/install/nav2_planner/lib:/home/rudolfs/ros2_ws/install/nav2_navfn_planner/lib:/home/rudolfs/ros2_ws/install/nav2_mppi_controller/lib:/home/rudolfs/ros2_ws/install/nav2_constrained_smoother/lib:/home/rudolfs/ros2_ws/install/nav2_bt_navigator/lib:/home/rudolfs/ros2_ws/install/nav2_behaviors/lib:/home/rudolfs/ros2_ws/install/nav2_collision_monitor/lib:/home/rudolfs/ros2_ws/install/costmap_queue/lib:/home/rudolfs/ros2_ws/install/nav2_costmap_2d/lib:/home/rudolfs/ros2_ws/install/nav2_voxel_grid/lib:/home/rudolfs/ros2_ws/install/nav2_velocity_smoother/lib:/home/rudolfs/ros2_ws/install/nav2_rviz_plugins/lib:/home/rudolfs/ros2_ws/install/nav2_map_server/lib:/home/rudolfs/ros2_ws/install/nav2_lifecycle_manager/lib:/home/rudolfs/ros2_ws/install/nav2_behavior_tree/lib:/home/rudolfs/ros2_ws/install/nav2_amcl/lib:/opt/ros/jazzy/opt/gz_sim_vendor/lib:/opt/ros/jazzy/opt/gz_sensors_vendor/lib:/opt/ros/jazzy/opt/gz_physics_vendor/lib:/opt/ros/jazzy/opt/sdformat_vendor/lib:/opt/ros/jazzy/opt/rviz_ogre_vendor/lib:/opt/ros/jazzy/lib/x86_64-linux-gnu:/opt/ros/jazzy/opt/gz_gui_vendor/lib:/opt/ros/jazzy/opt/gz_transport_vendor/lib:/opt/ros/jazzy/opt/gz_rendering_vendor/lib:/opt/ros/jazzy/opt/gz_plugin_vendor/lib:/opt/ros/jazzy/opt/gz_fuel_tools_vendor/lib:/opt/ros/jazzy/opt/gz_msgs_vendor/lib:/opt/ros/jazzy/opt/gz_common_vendor/lib:/opt/ros/jazzy/opt/gz_math_vendor/lib:/opt/ros/jazzy/opt/gz_utils_vendor/lib:/opt/ros/jazzy/opt/gz_tools_vendor/lib:/opt/ros/jazzy/opt/gz_ogre_next_vendor/lib:/opt/ros/jazzy/opt/gz_dartsim_vendor/lib:/opt/ros/jazzy/opt/gz_cmake_vendor/lib:/opt/ros/jazzy/lib PYTHONPATH=/home/rudolfs/ros2_ws/install/nav2_msgs/lib/python3.12/site-packages:/home/rudolfs/ros2_ws/install/nav2_common/lib/python3.12/site-packages:/home/rudolfs/ros2_ws/install/turtlebot4_navigation/lib/python3.12/site-packages:/home/rudolfs/ros2_ws/install/turtlebot4_msgs/lib/python3.12/site-packages:/home/rudolfs/ros2_ws/install/tb4_nav_to_pose/lib/python3.12/site-packages:/home/rudolfs/ros2_ws/install/dwb_msgs/lib/python3.12/site-packages:/home/rudolfs/ros2_ws/install/nav_2d_msgs/lib/python3.12/site-packages:/home/rudolfs/ros2_ws/build/nav2_simple_commander:/home/rudolfs/ros2_ws/install/nav2_simple_commander/lib/python3.12/site-packages:/home/rudolfs/ros2_ws/build/nav2_loopback_sim:/home/rudolfs/ros2_ws/install/nav2_loopback_sim/lib/python3.12/site-packages:/home/rudolfs/ros2_ws/build/cmd_vel_tracker:/home/rudolfs/ros2_ws/install/cmd_vel_tracker/lib/python3.12/site-packages:/home/rudolfs/ros2_ws/build/battery_logger:/home/rudolfs/ros2_ws/install/battery_logger/lib/python3.12/site-packages:/home/rudolfs/testing_ws/turtlebot4_ws/build/turtlebot4_python_tutorials:/home/rudolfs/testing_ws/turtlebot4_ws/install/turtlebot4_python_tutorials/lib/python3.12/site-packages:/home/rudolfs/testing_ws/install/turtlebot4_python_tutorials/lib/python3.12/site-packages:/home/rudolfs/testing_ws/ros2_ws/install/battery_logger/lib/python3.12/site-packages:/opt/ros/jazzy/lib/python3.12/site-packages /usr/bin/cmake --build /home/rudolfs/ros2_ws/build/nav2_behavior_tree -- -j6 -l6
[0.235s] [  0%] Built target nav2_behavior_tree
[0.235s] [  1%] Built target nav2_controller_cancel_bt_node
[0.236s] [  2%] Built target nav2_compute_path_to_pose_action_bt_node
[0.239s] [  3%] Built target nav2_compute_path_through_poses_action_bt_node
[0.243s] [  4%] Built target nav2_wait_cancel_bt_node
[0.266s] [  4%] Built target nav2_spin_cancel_bt_node
[0.304s] [  5%] Built target nav2_assisted_teleop_cancel_bt_node
[0.304s] [  6%] Built target nav2_back_up_cancel_bt_node
[0.326s] [  7%] Built target nav2_follow_path_action_bt_node
[0.334s] [  8%] Built target nav2_smooth_path_action_bt_node
[0.338s] [  9%] Built target nav2_drive_on_heading_cancel_bt_node
[0.358s] [ 10%] Built target nav2_back_up_action_bt_node
[0.388s] [ 10%] Built target nav2_drive_on_heading_bt_node
[0.403s] [ 11%] Built target nav2_spin_action_bt_node
[0.421s] [ 12%] Built target nav2_wait_action_bt_node
[0.426s] [ 13%] Built target nav2_assisted_teleop_action_bt_node
[0.433s] [ 14%] Built target nav2_clear_costmap_service_bt_node
[0.434s] [ 15%] Built target nav2_is_stuck_condition_bt_node
[0.479s] [ 16%] Built target nav2_transform_available_condition_bt_node
[0.495s] [ 17%] Built target nav2_goal_reached_condition_bt_node
[0.504s] [ 18%] Built target nav2_is_path_valid_condition_bt_node
[0.505s] [ 19%] Built target nav2_globally_updated_goal_condition_bt_node
[0.505s] [ 20%] Built target nav2_goal_updated_condition_bt_node
[0.523s] [ 21%] Built target nav2_time_expired_condition_bt_node
[0.545s] [ 22%] Built target nav2_path_expiring_timer_condition
[0.572s] [ 23%] Built target nav2_initial_pose_received_condition_bt_node
[0.583s] [ 24%] Built target nav2_distance_traveled_condition_bt_node
[0.583s] [ 25%] Built target nav2_is_battery_charging_condition_bt_node
[0.610s] [ 26%] Built target nav2_is_battery_low_condition_bt_node
[0.636s] [ 27%] Built target nav2_are_error_codes_active_condition_bt_node
[0.644s] [ 28%] Built target nav2_would_a_controller_recovery_help_condition_bt_node
[0.654s] [ 28%] Built target nav2_would_a_smoother_recovery_help_condition_bt_node
[0.670s] [ 29%] Built target nav2_would_a_planner_recovery_help_condition_bt_node
[0.685s] [ 30%] Built target nav2_rate_controller_bt_node
[0.699s] [ 30%] Built target nav2_reinitialize_global_localization_service_bt_node
[0.735s] [ 31%] Built target nav2_distance_controller_bt_node
[0.765s] [ 32%] Built target nav2_truncate_path_action_bt_node
[0.773s] [ 33%] Built target nav2_truncate_path_local_action_bt_node
[0.777s] [ 34%] Built target nav2_goal_updater_node_bt_node
[0.790s] [ 35%] Built target nav2_speed_controller_bt_node
[0.810s] [ 36%] Built target nav2_path_longer_on_approach_bt_node
[0.824s] [ 37%] Built target nav2_recovery_node_bt_node
[0.843s] [ 37%] Built target nav2_navigate_to_pose_action_bt_node
[0.876s] [ 38%] Built target nav2_navigate_through_poses_action_bt_node
[0.889s] [ 39%] Built target nav2_remove_passed_goals_action_bt_node
[0.909s] [ 40%] Built target nav2_get_pose_from_path_action_bt_node
[0.917s] [ 41%] Built target nav2_single_trigger_bt_node
[0.928s] [ 42%] Built target nav2_pipeline_sequence_bt_node
[0.930s] [ 43%] Built target nav2_round_robin_node_bt_node
[1.007s] [ 44%] Built target nav2_smoother_selector_bt_node
[1.013s] [ 45%] Built target nav2_progress_checker_selector_bt_node
[1.024s] [ 46%] Built target nav2_planner_selector_bt_node
[1.036s] [ 47%] Built target nav2_controller_selector_bt_node
[1.052s] [ 47%] Built target nav2_goal_updated_controller_bt_node
[1.058s] [ 48%] Built target nav2_goal_checker_selector_bt_node
[1.095s] [ 49%] Built target generate_nav2_tree_nodes_xml
[1.097s] [ 50%] Built target gtest
[1.097s] [ 50%] Built target gtest_main
[1.169s] [ 51%] Built target test_bt_utils
[1.225s] [ 52%] Built target test_condition_time_expired
[1.225s] [ 52%] Built target test_condition_path_expiring_timer
[1.251s] [ 53%] Built target test_condition_goal_updated
[1.251s] [ 54%] Built target test_condition_distance_traveled
[1.251s] [ 55%] Built target test_condition_goal_reached
[1.267s] [ 55%] Built target test_condition_globally_updated_goal
[1.315s] [ 56%] Built target test_condition_initial_pose_received
[1.331s] [ 57%] Built target test_condition_transform_available
[1.335s] [ 58%] Built target test_condition_is_battery_low
[1.342s] [ 59%] Built target test_condition_is_stuck
[1.352s] [ 60%] Built target test_condition_is_battery_charging
[1.378s] [ 61%] Built target test_condition_is_path_valid
[1.398s] [ 62%] Built target test_are_error_codes_present
[1.426s] [ 63%] Built target test_would_a_controller_recovery_help
[1.433s] [ 64%] Built target test_would_a_smoother_recovery_help
[1.438s] [ 65%] Built target test_would_a_planner_recovery_help
[1.440s] [ 66%] Built target test_decorator_distance_controller
[1.471s] [ 67%] Built target test_decorator_speed_controller
[1.484s] [ 68%] Built target test_decorator_rate_controller
[1.506s] [ 69%] Built target test_goal_updated_controller
[1.511s] [ 69%] Built target test_decorator_path_longer_on_approach
[1.518s] [ 70%] Built target test_goal_updater_node
[1.551s] [ 71%] Built target test_single_trigger_node
[1.551s] [ 72%] Built target test_control_recovery_node
[1.561s] [ 73%] Built target test_control_round_robin_node
[1.570s] [ 74%] Built target test_control_pipeline_sequence
[1.590s] [ 74%] Built target test_action_spin_action
[1.593s] [ 75%] Built target test_bt_action_node
[1.616s] [ 76%] Built target test_action_drive_on_heading
[1.618s] [ 77%] Built target test_action_back_up_action
[1.646s] [ 78%] Built target test_action_wait_action
[1.651s] [ 79%] Built target test_action_wait_cancel_action
[1.651s] [ 79%] Built target test_action_controller_cancel_action
[1.658s] [ 80%] Built target test_action_assisted_teleop_action
[1.702s] [ 81%] Built target test_action_spin_cancel_action
[1.702s] [ 82%] Built target test_action_back_up_cancel_action
[1.702s] [ 83%] Built target test_action_assisted_teleop_cancel_action
[1.735s] [ 84%] Built target test_action_clear_costmap_service
[1.746s] [ 85%] Built target test_action_drive_on_heading_cancel_action
[1.756s] [ 86%] Built target test_action_reinitialize_global_localization_service
[1.779s] [ 87%] Built target test_action_compute_path_to_pose_action
[1.782s] [ 88%] Built target test_action_compute_path_through_poses_action
[1.803s] [ 89%] Built target test_action_smooth_path_action
[1.817s] [ 90%] Built target test_action_follow_path_action
[1.840s] [ 92%] Built target test_action_navigate_through_poses_action
[1.840s] [ 92%] Built target test_action_navigate_to_pose_action
[1.869s] [ 93%] Built target test_truncate_path_action
[1.880s] [ 94%] Built target test_truncate_path_local_action
[1.910s] [ 95%] Built target test_remove_passed_goals_action
[1.917s] [ 96%] Built target test_get_pose_from_path_action
[1.930s] [ 97%] Built target test_controller_selector_node
[1.936s] [ 98%] Built target test_planner_selector_node
[1.956s] [ 99%] Built target test_smoother_selector_node
[1.962s] [100%] Built target test_goal_checker_selector_node
[1.980s] [100%] Built target test_progress_checker_selector_node
[2.000s] Invoked command in '/home/rudolfs/ros2_ws/build/nav2_behavior_tree' returned '0': CMAKE_PREFIX_PATH=/home/rudolfs/ros2_ws/install/nav2_util:/home/rudolfs/ros2_ws/install/nav2_msgs:/home/rudolfs/ros2_ws/install/nav2_common:/home/rudolfs/ros2_ws/install/turtlebot4_node:/home/rudolfs/ros2_ws/install/turtlebot4_navigation:/home/rudolfs/ros2_ws/install/turtlebot4_msgs:/home/rudolfs/ros2_ws/install/turtlebot4_description:/home/rudolfs/ros2_ws/install/nav2_system_tests:/home/rudolfs/ros2_ws/install/nav2_bringup:/home/rudolfs/ros2_ws/install/navigation2:/home/rudolfs/ros2_ws/install/opennav_docking:/home/rudolfs/ros2_ws/install/opennav_docking_core:/home/rudolfs/ros2_ws/install/opennav_docking_bt:/home/rudolfs/ros2_ws/install/nav2_smoother:/home/rudolfs/ros2_ws/install/nav2_rotation_shim_controller:/home/rudolfs/ros2_ws/install/nav2_graceful_controller:/home/rudolfs/ros2_ws/install/nav2_dwb_controller:/home/rudolfs/ros2_ws/install/nav2_controller:/home/rudolfs/ros2_ws/install/dwb_plugins:/home/rudolfs/ros2_ws/install/dwb_critics:/home/rudolfs/ros2_ws/install/dwb_core:/home/rudolfs/ros2_ws/install/nav_2d_utils:/home/rudolfs/ros2_ws/install/dwb_msgs:/home/rudolfs/ros2_ws/install/nav_2d_msgs:/home/rudolfs/ros2_ws/install/nav2_waypoint_follower:/home/rudolfs/ros2_ws/install/nav2_theta_star_planner:/home/rudolfs/ros2_ws/install/nav2_smac_planner:/home/rudolfs/ros2_ws/install/nav2_regulated_pure_pursuit_controller:/home/rudolfs/ros2_ws/install/nav2_planner:/home/rudolfs/ros2_ws/install/nav2_navfn_planner:/home/rudolfs/ros2_ws/install/nav2_mppi_controller:/home/rudolfs/ros2_ws/install/nav2_constrained_smoother:/home/rudolfs/ros2_ws/install/nav2_bt_navigator:/home/rudolfs/ros2_ws/install/nav2_behaviors:/home/rudolfs/ros2_ws/install/nav2_core:/home/rudolfs/ros2_ws/install/nav2_collision_monitor:/home/rudolfs/ros2_ws/install/costmap_queue:/home/rudolfs/ros2_ws/install/nav2_costmap_2d:/home/rudolfs/ros2_ws/install/nav2_voxel_grid:/home/rudolfs/ros2_ws/install/nav2_velocity_smoother:/home/rudolfs/ros2_ws/install/nav2_rviz_plugins:/home/rudolfs/ros2_ws/install/nav2_map_server:/home/rudolfs/ros2_ws/install/nav2_lifecycle_manager:/home/rudolfs/ros2_ws/install/nav2_behavior_tree:/home/rudolfs/ros2_ws/install/nav2_amcl:/opt/ros/jazzy/opt/gz_sim_vendor:/opt/ros/jazzy/opt/gz_sensors_vendor:/opt/ros/jazzy/opt/gz_physics_vendor:/opt/ros/jazzy/opt/sdformat_vendor:/opt/ros/jazzy/opt/gz_gui_vendor:/opt/ros/jazzy/opt/gz_transport_vendor:/opt/ros/jazzy/opt/gz_rendering_vendor:/opt/ros/jazzy/opt/gz_plugin_vendor:/opt/ros/jazzy/opt/gz_fuel_tools_vendor:/opt/ros/jazzy/opt/gz_msgs_vendor:/opt/ros/jazzy/opt/gz_common_vendor:/opt/ros/jazzy/opt/gz_math_vendor:/opt/ros/jazzy/opt/gz_utils_vendor:/opt/ros/jazzy/opt/gz_tools_vendor:/opt/ros/jazzy/opt/gz_ogre_next_vendor:/opt/ros/jazzy/opt/gz_dartsim_vendor:/opt/ros/jazzy/opt/gz_cmake_vendor:/home/rudolfs/ros2_ws/install/tb4_nav_to_pose:/home/rudolfs/ros2_ws/install/nav2_simple_commander:/home/rudolfs/ros2_ws/install/nav2_loopback_sim:/home/rudolfs/ros2_ws/install/cmd_vel_tracker:/home/rudolfs/ros2_ws/install/battery_logger:/home/rudolfs/testing_ws/turtlebot4_ws/install/turtlebot4_python_tutorials:/home/rudolfs/testing_ws/install/turtlebot4_python_tutorials:/home/rudolfs/testing_ws/ros2_ws/install/battery_logger:/opt/ros/jazzy DEBUGINFOD_URLS=https://debuginfod.ubuntu.com LD_LIBRARY_PATH=/home/rudolfs/ros2_ws/install/nav2_util/lib:/home/rudolfs/ros2_ws/install/nav2_msgs/lib:/home/rudolfs/ros2_ws/install/turtlebot4_msgs/lib:/home/rudolfs/ros2_ws/install/nav2_system_tests/lib:/home/rudolfs/ros2_ws/install/opennav_docking/lib:/home/rudolfs/ros2_ws/install/opennav_docking_bt/lib:/home/rudolfs/ros2_ws/install/nav2_smoother/lib:/home/rudolfs/ros2_ws/install/nav2_rotation_shim_controller/lib:/home/rudolfs/ros2_ws/install/nav2_graceful_controller/lib:/home/rudolfs/ros2_ws/install/nav2_controller/lib:/home/rudolfs/ros2_ws/install/dwb_plugins/lib:/home/rudolfs/ros2_ws/install/dwb_critics/lib:/home/rudolfs/ros2_ws/install/dwb_core/lib:/home/rudolfs/ros2_ws/install/nav_2d_utils/lib:/home/rudolfs/ros2_ws/install/dwb_msgs/lib:/home/rudolfs/ros2_ws/install/nav_2d_msgs/lib:/home/rudolfs/ros2_ws/install/nav2_waypoint_follower/lib:/home/rudolfs/ros2_ws/install/nav2_theta_star_planner/lib:/home/rudolfs/ros2_ws/install/nav2_smac_planner/lib:/home/rudolfs/ros2_ws/install/nav2_regulated_pure_pursuit_controller/lib:/home/rudolfs/ros2_ws/install/nav2_planner/lib:/home/rudolfs/ros2_ws/install/nav2_navfn_planner/lib:/home/rudolfs/ros2_ws/install/nav2_mppi_controller/lib:/home/rudolfs/ros2_ws/install/nav2_constrained_smoother/lib:/home/rudolfs/ros2_ws/install/nav2_bt_navigator/lib:/home/rudolfs/ros2_ws/install/nav2_behaviors/lib:/home/rudolfs/ros2_ws/install/nav2_collision_monitor/lib:/home/rudolfs/ros2_ws/install/costmap_queue/lib:/home/rudolfs/ros2_ws/install/nav2_costmap_2d/lib:/home/rudolfs/ros2_ws/install/nav2_voxel_grid/lib:/home/rudolfs/ros2_ws/install/nav2_velocity_smoother/lib:/home/rudolfs/ros2_ws/install/nav2_rviz_plugins/lib:/home/rudolfs/ros2_ws/install/nav2_map_server/lib:/home/rudolfs/ros2_ws/install/nav2_lifecycle_manager/lib:/home/rudolfs/ros2_ws/install/nav2_behavior_tree/lib:/home/rudolfs/ros2_ws/install/nav2_amcl/lib:/opt/ros/jazzy/opt/gz_sim_vendor/lib:/opt/ros/jazzy/opt/gz_sensors_vendor/lib:/opt/ros/jazzy/opt/gz_physics_vendor/lib:/opt/ros/jazzy/opt/sdformat_vendor/lib:/opt/ros/jazzy/opt/rviz_ogre_vendor/lib:/opt/ros/jazzy/lib/x86_64-linux-gnu:/opt/ros/jazzy/opt/gz_gui_vendor/lib:/opt/ros/jazzy/opt/gz_transport_vendor/lib:/opt/ros/jazzy/opt/gz_rendering_vendor/lib:/opt/ros/jazzy/opt/gz_plugin_vendor/lib:/opt/ros/jazzy/opt/gz_fuel_tools_vendor/lib:/opt/ros/jazzy/opt/gz_msgs_vendor/lib:/opt/ros/jazzy/opt/gz_common_vendor/lib:/opt/ros/jazzy/opt/gz_math_vendor/lib:/opt/ros/jazzy/opt/gz_utils_vendor/lib:/opt/ros/jazzy/opt/gz_tools_vendor/lib:/opt/ros/jazzy/opt/gz_ogre_next_vendor/lib:/opt/ros/jazzy/opt/gz_dartsim_vendor/lib:/opt/ros/jazzy/opt/gz_cmake_vendor/lib:/opt/ros/jazzy/lib PYTHONPATH=/home/rudolfs/ros2_ws/install/nav2_msgs/lib/python3.12/site-packages:/home/rudolfs/ros2_ws/install/nav2_common/lib/python3.12/site-packages:/home/rudolfs/ros2_ws/install/turtlebot4_navigation/lib/python3.12/site-packages:/home/rudolfs/ros2_ws/install/turtlebot4_msgs/lib/python3.12/site-packages:/home/rudolfs/ros2_ws/install/tb4_nav_to_pose/lib/python3.12/site-packages:/home/rudolfs/ros2_ws/install/dwb_msgs/lib/python3.12/site-packages:/home/rudolfs/ros2_ws/install/nav_2d_msgs/lib/python3.12/site-packages:/home/rudolfs/ros2_ws/build/nav2_simple_commander:/home/rudolfs/ros2_ws/install/nav2_simple_commander/lib/python3.12/site-packages:/home/rudolfs/ros2_ws/build/nav2_loopback_sim:/home/rudolfs/ros2_ws/install/nav2_loopback_sim/lib/python3.12/site-packages:/home/rudolfs/ros2_ws/build/cmd_vel_tracker:/home/rudolfs/ros2_ws/install/cmd_vel_tracker/lib/python3.12/site-packages:/home/rudolfs/ros2_ws/build/battery_logger:/home/rudolfs/ros2_ws/install/battery_logger/lib/python3.12/site-packages:/home/rudolfs/testing_ws/turtlebot4_ws/build/turtlebot4_python_tutorials:/home/rudolfs/testing_ws/turtlebot4_ws/install/turtlebot4_python_tutorials/lib/python3.12/site-packages:/home/rudolfs/testing_ws/install/turtlebot4_python_tutorials/lib/python3.12/site-packages:/home/rudolfs/testing_ws/ros2_ws/install/battery_logger/lib/python3.12/site-packages:/opt/ros/jazzy/lib/python3.12/site-packages /usr/bin/cmake --build /home/rudolfs/ros2_ws/build/nav2_behavior_tree -- -j6 -l6
[2.000s] Invoking command in '/home/rudolfs/ros2_ws/build/nav2_behavior_tree': CMAKE_PREFIX_PATH=/home/rudolfs/ros2_ws/install/nav2_util:/home/rudolfs/ros2_ws/install/nav2_msgs:/home/rudolfs/ros2_ws/install/nav2_common:/home/rudolfs/ros2_ws/install/turtlebot4_node:/home/rudolfs/ros2_ws/install/turtlebot4_navigation:/home/rudolfs/ros2_ws/install/turtlebot4_msgs:/home/rudolfs/ros2_ws/install/turtlebot4_description:/home/rudolfs/ros2_ws/install/nav2_system_tests:/home/rudolfs/ros2_ws/install/nav2_bringup:/home/rudolfs/ros2_ws/install/navigation2:/home/rudolfs/ros2_ws/install/opennav_docking:/home/rudolfs/ros2_ws/install/opennav_docking_core:/home/rudolfs/ros2_ws/install/opennav_docking_bt:/home/rudolfs/ros2_ws/install/nav2_smoother:/home/rudolfs/ros2_ws/install/nav2_rotation_shim_controller:/home/rudolfs/ros2_ws/install/nav2_graceful_controller:/home/rudolfs/ros2_ws/install/nav2_dwb_controller:/home/rudolfs/ros2_ws/install/nav2_controller:/home/rudolfs/ros2_ws/install/dwb_plugins:/home/rudolfs/ros2_ws/install/dwb_critics:/home/rudolfs/ros2_ws/install/dwb_core:/home/rudolfs/ros2_ws/install/nav_2d_utils:/home/rudolfs/ros2_ws/install/dwb_msgs:/home/rudolfs/ros2_ws/install/nav_2d_msgs:/home/rudolfs/ros2_ws/install/nav2_waypoint_follower:/home/rudolfs/ros2_ws/install/nav2_theta_star_planner:/home/rudolfs/ros2_ws/install/nav2_smac_planner:/home/rudolfs/ros2_ws/install/nav2_regulated_pure_pursuit_controller:/home/rudolfs/ros2_ws/install/nav2_planner:/home/rudolfs/ros2_ws/install/nav2_navfn_planner:/home/rudolfs/ros2_ws/install/nav2_mppi_controller:/home/rudolfs/ros2_ws/install/nav2_constrained_smoother:/home/rudolfs/ros2_ws/install/nav2_bt_navigator:/home/rudolfs/ros2_ws/install/nav2_behaviors:/home/rudolfs/ros2_ws/install/nav2_core:/home/rudolfs/ros2_ws/install/nav2_collision_monitor:/home/rudolfs/ros2_ws/install/costmap_queue:/home/rudolfs/ros2_ws/install/nav2_costmap_2d:/home/rudolfs/ros2_ws/install/nav2_voxel_grid:/home/rudolfs/ros2_ws/install/nav2_velocity_smoother:/home/rudolfs/ros2_ws/install/nav2_rviz_plugins:/home/rudolfs/ros2_ws/install/nav2_map_server:/home/rudolfs/ros2_ws/install/nav2_lifecycle_manager:/home/rudolfs/ros2_ws/install/nav2_behavior_tree:/home/rudolfs/ros2_ws/install/nav2_amcl:/opt/ros/jazzy/opt/gz_sim_vendor:/opt/ros/jazzy/opt/gz_sensors_vendor:/opt/ros/jazzy/opt/gz_physics_vendor:/opt/ros/jazzy/opt/sdformat_vendor:/opt/ros/jazzy/opt/gz_gui_vendor:/opt/ros/jazzy/opt/gz_transport_vendor:/opt/ros/jazzy/opt/gz_rendering_vendor:/opt/ros/jazzy/opt/gz_plugin_vendor:/opt/ros/jazzy/opt/gz_fuel_tools_vendor:/opt/ros/jazzy/opt/gz_msgs_vendor:/opt/ros/jazzy/opt/gz_common_vendor:/opt/ros/jazzy/opt/gz_math_vendor:/opt/ros/jazzy/opt/gz_utils_vendor:/opt/ros/jazzy/opt/gz_tools_vendor:/opt/ros/jazzy/opt/gz_ogre_next_vendor:/opt/ros/jazzy/opt/gz_dartsim_vendor:/opt/ros/jazzy/opt/gz_cmake_vendor:/home/rudolfs/ros2_ws/install/tb4_nav_to_pose:/home/rudolfs/ros2_ws/install/nav2_simple_commander:/home/rudolfs/ros2_ws/install/nav2_loopback_sim:/home/rudolfs/ros2_ws/install/cmd_vel_tracker:/home/rudolfs/ros2_ws/install/battery_logger:/home/rudolfs/testing_ws/turtlebot4_ws/install/turtlebot4_python_tutorials:/home/rudolfs/testing_ws/install/turtlebot4_python_tutorials:/home/rudolfs/testing_ws/ros2_ws/install/battery_logger:/opt/ros/jazzy DEBUGINFOD_URLS=https://debuginfod.ubuntu.com LD_LIBRARY_PATH=/home/rudolfs/ros2_ws/install/nav2_util/lib:/home/rudolfs/ros2_ws/install/nav2_msgs/lib:/home/rudolfs/ros2_ws/install/turtlebot4_msgs/lib:/home/rudolfs/ros2_ws/install/nav2_system_tests/lib:/home/rudolfs/ros2_ws/install/opennav_docking/lib:/home/rudolfs/ros2_ws/install/opennav_docking_bt/lib:/home/rudolfs/ros2_ws/install/nav2_smoother/lib:/home/rudolfs/ros2_ws/install/nav2_rotation_shim_controller/lib:/home/rudolfs/ros2_ws/install/nav2_graceful_controller/lib:/home/rudolfs/ros2_ws/install/nav2_controller/lib:/home/rudolfs/ros2_ws/install/dwb_plugins/lib:/home/rudolfs/ros2_ws/install/dwb_critics/lib:/home/rudolfs/ros2_ws/install/dwb_core/lib:/home/rudolfs/ros2_ws/install/nav_2d_utils/lib:/home/rudolfs/ros2_ws/install/dwb_msgs/lib:/home/rudolfs/ros2_ws/install/nav_2d_msgs/lib:/home/rudolfs/ros2_ws/install/nav2_waypoint_follower/lib:/home/rudolfs/ros2_ws/install/nav2_theta_star_planner/lib:/home/rudolfs/ros2_ws/install/nav2_smac_planner/lib:/home/rudolfs/ros2_ws/install/nav2_regulated_pure_pursuit_controller/lib:/home/rudolfs/ros2_ws/install/nav2_planner/lib:/home/rudolfs/ros2_ws/install/nav2_navfn_planner/lib:/home/rudolfs/ros2_ws/install/nav2_mppi_controller/lib:/home/rudolfs/ros2_ws/install/nav2_constrained_smoother/lib:/home/rudolfs/ros2_ws/install/nav2_bt_navigator/lib:/home/rudolfs/ros2_ws/install/nav2_behaviors/lib:/home/rudolfs/ros2_ws/install/nav2_collision_monitor/lib:/home/rudolfs/ros2_ws/install/costmap_queue/lib:/home/rudolfs/ros2_ws/install/nav2_costmap_2d/lib:/home/rudolfs/ros2_ws/install/nav2_voxel_grid/lib:/home/rudolfs/ros2_ws/install/nav2_velocity_smoother/lib:/home/rudolfs/ros2_ws/install/nav2_rviz_plugins/lib:/home/rudolfs/ros2_ws/install/nav2_map_server/lib:/home/rudolfs/ros2_ws/install/nav2_lifecycle_manager/lib:/home/rudolfs/ros2_ws/install/nav2_behavior_tree/lib:/home/rudolfs/ros2_ws/install/nav2_amcl/lib:/opt/ros/jazzy/opt/gz_sim_vendor/lib:/opt/ros/jazzy/opt/gz_sensors_vendor/lib:/opt/ros/jazzy/opt/gz_physics_vendor/lib:/opt/ros/jazzy/opt/sdformat_vendor/lib:/opt/ros/jazzy/opt/rviz_ogre_vendor/lib:/opt/ros/jazzy/lib/x86_64-linux-gnu:/opt/ros/jazzy/opt/gz_gui_vendor/lib:/opt/ros/jazzy/opt/gz_transport_vendor/lib:/opt/ros/jazzy/opt/gz_rendering_vendor/lib:/opt/ros/jazzy/opt/gz_plugin_vendor/lib:/opt/ros/jazzy/opt/gz_fuel_tools_vendor/lib:/opt/ros/jazzy/opt/gz_msgs_vendor/lib:/opt/ros/jazzy/opt/gz_common_vendor/lib:/opt/ros/jazzy/opt/gz_math_vendor/lib:/opt/ros/jazzy/opt/gz_utils_vendor/lib:/opt/ros/jazzy/opt/gz_tools_vendor/lib:/opt/ros/jazzy/opt/gz_ogre_next_vendor/lib:/opt/ros/jazzy/opt/gz_dartsim_vendor/lib:/opt/ros/jazzy/opt/gz_cmake_vendor/lib:/opt/ros/jazzy/lib PYTHONPATH=/home/rudolfs/ros2_ws/install/nav2_msgs/lib/python3.12/site-packages:/home/rudolfs/ros2_ws/install/nav2_common/lib/python3.12/site-packages:/home/rudolfs/ros2_ws/install/turtlebot4_navigation/lib/python3.12/site-packages:/home/rudolfs/ros2_ws/install/turtlebot4_msgs/lib/python3.12/site-packages:/home/rudolfs/ros2_ws/install/tb4_nav_to_pose/lib/python3.12/site-packages:/home/rudolfs/ros2_ws/install/dwb_msgs/lib/python3.12/site-packages:/home/rudolfs/ros2_ws/install/nav_2d_msgs/lib/python3.12/site-packages:/home/rudolfs/ros2_ws/build/nav2_simple_commander:/home/rudolfs/ros2_ws/install/nav2_simple_commander/lib/python3.12/site-packages:/home/rudolfs/ros2_ws/build/nav2_loopback_sim:/home/rudolfs/ros2_ws/install/nav2_loopback_sim/lib/python3.12/site-packages:/home/rudolfs/ros2_ws/build/cmd_vel_tracker:/home/rudolfs/ros2_ws/install/cmd_vel_tracker/lib/python3.12/site-packages:/home/rudolfs/ros2_ws/build/battery_logger:/home/rudolfs/ros2_ws/install/battery_logger/lib/python3.12/site-packages:/home/rudolfs/testing_ws/turtlebot4_ws/build/turtlebot4_python_tutorials:/home/rudolfs/testing_ws/turtlebot4_ws/install/turtlebot4_python_tutorials/lib/python3.12/site-packages:/home/rudolfs/testing_ws/install/turtlebot4_python_tutorials/lib/python3.12/site-packages:/home/rudolfs/testing_ws/ros2_ws/install/battery_logger/lib/python3.12/site-packages:/opt/ros/jazzy/lib/python3.12/site-packages /usr/bin/cmake --install /home/rudolfs/ros2_ws/build/nav2_behavior_tree
[2.013s] -- Install configuration: "Release"
[2.014s] -- Execute custom install script
[2.015s] -- Up-to-date symlink: /home/rudolfs/ros2_ws/install/nav2_behavior_tree/lib/libnav2_behavior_tree.so
[2.015s] -- Up-to-date symlink: /home/rudolfs/ros2_ws/install/nav2_behavior_tree/lib/libnav2_compute_path_to_pose_action_bt_node.so
[2.015s] -- Up-to-date symlink: /home/rudolfs/ros2_ws/install/nav2_behavior_tree/lib/libnav2_compute_path_through_poses_action_bt_node.so
[2.015s] -- Up-to-date symlink: /home/rudolfs/ros2_ws/install/nav2_behavior_tree/lib/libnav2_controller_cancel_bt_node.so
[2.016s] -- Up-to-date symlink: /home/rudolfs/ros2_ws/install/nav2_behavior_tree/lib/libnav2_wait_cancel_bt_node.so
[2.016s] -- Up-to-date symlink: /home/rudolfs/ros2_ws/install/nav2_behavior_tree/lib/libnav2_spin_cancel_bt_node.so
[2.016s] -- Up-to-date symlink: /home/rudolfs/ros2_ws/install/nav2_behavior_tree/lib/libnav2_back_up_cancel_bt_node.so
[2.016s] -- Up-to-date symlink: /home/rudolfs/ros2_ws/install/nav2_behavior_tree/lib/libnav2_assisted_teleop_cancel_bt_node.so
[2.017s] -- Up-to-date symlink: /home/rudolfs/ros2_ws/install/nav2_behavior_tree/lib/libnav2_drive_on_heading_cancel_bt_node.so
[2.017s] -- Up-to-date symlink: /home/rudolfs/ros2_ws/install/nav2_behavior_tree/lib/libnav2_smooth_path_action_bt_node.so
[2.017s] -- Up-to-date symlink: /home/rudolfs/ros2_ws/install/nav2_behavior_tree/lib/libnav2_follow_path_action_bt_node.so
[2.017s] -- Up-to-date symlink: /home/rudolfs/ros2_ws/install/nav2_behavior_tree/lib/libnav2_back_up_action_bt_node.so
[2.018s] -- Up-to-date symlink: /home/rudolfs/ros2_ws/install/nav2_behavior_tree/lib/libnav2_drive_on_heading_bt_node.so
[2.018s] -- Up-to-date symlink: /home/rudolfs/ros2_ws/install/nav2_behavior_tree/lib/libnav2_spin_action_bt_node.so
[2.018s] -- Up-to-date symlink: /home/rudolfs/ros2_ws/install/nav2_behavior_tree/lib/libnav2_wait_action_bt_node.so
[2.018s] -- Up-to-date symlink: /home/rudolfs/ros2_ws/install/nav2_behavior_tree/lib/libnav2_assisted_teleop_action_bt_node.so
[2.019s] -- Up-to-date symlink: /home/rudolfs/ros2_ws/install/nav2_behavior_tree/lib/libnav2_clear_costmap_service_bt_node.so
[2.019s] -- Up-to-date symlink: /home/rudolfs/ros2_ws/install/nav2_behavior_tree/lib/libnav2_is_stuck_condition_bt_node.so
[2.019s] -- Up-to-date symlink: /home/rudolfs/ros2_ws/install/nav2_behavior_tree/lib/libnav2_transform_available_condition_bt_node.so
[2.019s] -- Up-to-date symlink: /home/rudolfs/ros2_ws/install/nav2_behavior_tree/lib/libnav2_goal_reached_condition_bt_node.so
[2.020s] -- Up-to-date symlink: /home/rudolfs/ros2_ws/install/nav2_behavior_tree/lib/libnav2_globally_updated_goal_condition_bt_node.so
[2.020s] -- Up-to-date symlink: /home/rudolfs/ros2_ws/install/nav2_behavior_tree/lib/libnav2_goal_updated_condition_bt_node.so
[2.020s] -- Up-to-date symlink: /home/rudolfs/ros2_ws/install/nav2_behavior_tree/lib/libnav2_is_path_valid_condition_bt_node.so
[2.020s] -- Up-to-date symlink: /home/rudolfs/ros2_ws/install/nav2_behavior_tree/lib/libnav2_time_expired_condition_bt_node.so
[2.021s] -- Up-to-date symlink: /home/rudolfs/ros2_ws/install/nav2_behavior_tree/lib/libnav2_path_expiring_timer_condition.so
[2.021s] -- Up-to-date symlink: /home/rudolfs/ros2_ws/install/nav2_behavior_tree/lib/libnav2_distance_traveled_condition_bt_node.so
[2.021s] -- Up-to-date symlink: /home/rudolfs/ros2_ws/install/nav2_behavior_tree/lib/libnav2_initial_pose_received_condition_bt_node.so
[2.021s] -- Up-to-date symlink: /home/rudolfs/ros2_ws/install/nav2_behavior_tree/lib/libnav2_is_battery_charging_condition_bt_node.so
[2.022s] -- Up-to-date symlink: /home/rudolfs/ros2_ws/install/nav2_behavior_tree/lib/libnav2_is_battery_low_condition_bt_node.so
[2.022s] -- Up-to-date symlink: /home/rudolfs/ros2_ws/install/nav2_behavior_tree/lib/libnav2_are_error_codes_active_condition_bt_node.so
[2.022s] -- Up-to-date symlink: /home/rudolfs/ros2_ws/install/nav2_behavior_tree/lib/libnav2_would_a_controller_recovery_help_condition_bt_node.so
[2.023s] -- Up-to-date symlink: /home/rudolfs/ros2_ws/install/nav2_behavior_tree/lib/libnav2_would_a_planner_recovery_help_condition_bt_node.so
[2.023s] -- Up-to-date symlink: /home/rudolfs/ros2_ws/install/nav2_behavior_tree/lib/libnav2_would_a_smoother_recovery_help_condition_bt_node.so
[2.023s] -- Up-to-date symlink: /home/rudolfs/ros2_ws/install/nav2_behavior_tree/lib/libnav2_reinitialize_global_localization_service_bt_node.so
[2.024s] -- Up-to-date symlink: /home/rudolfs/ros2_ws/install/nav2_behavior_tree/lib/libnav2_rate_controller_bt_node.so
[2.024s] -- Up-to-date symlink: /home/rudolfs/ros2_ws/install/nav2_behavior_tree/lib/libnav2_distance_controller_bt_node.so
[2.025s] -- Up-to-date symlink: /home/rudolfs/ros2_ws/install/nav2_behavior_tree/lib/libnav2_speed_controller_bt_node.so
[2.025s] -- Up-to-date symlink: /home/rudolfs/ros2_ws/install/nav2_behavior_tree/lib/libnav2_truncate_path_action_bt_node.so
[2.028s] -- Up-to-date symlink: /home/rudolfs/ros2_ws/install/nav2_behavior_tree/lib/libnav2_truncate_path_local_action_bt_node.so
[2.028s] -- Up-to-date symlink: /home/rudolfs/ros2_ws/install/nav2_behavior_tree/lib/libnav2_goal_updater_node_bt_node.so
[2.028s] -- Up-to-date symlink: /home/rudolfs/ros2_ws/install/nav2_behavior_tree/lib/libnav2_path_longer_on_approach_bt_node.so
[2.029s] -- Up-to-date symlink: /home/rudolfs/ros2_ws/install/nav2_behavior_tree/lib/libnav2_recovery_node_bt_node.so
[2.029s] -- Up-to-date symlink: /home/rudolfs/ros2_ws/install/nav2_behavior_tree/lib/libnav2_navigate_to_pose_action_bt_node.so
[2.029s] -- Up-to-date symlink: /home/rudolfs/ros2_ws/install/nav2_behavior_tree/lib/libnav2_navigate_through_poses_action_bt_node.so
[2.029s] -- Up-to-date symlink: /home/rudolfs/ros2_ws/install/nav2_behavior_tree/lib/libnav2_remove_passed_goals_action_bt_node.so
[2.029s] -- Up-to-date symlink: /home/rudolfs/ros2_ws/install/nav2_behavior_tree/lib/libnav2_get_pose_from_path_action_bt_node.so
[2.029s] -- Up-to-date symlink: /home/rudolfs/ros2_ws/install/nav2_behavior_tree/lib/libnav2_pipeline_sequence_bt_node.so
[2.029s] -- Up-to-date symlink: /home/rudolfs/ros2_ws/install/nav2_behavior_tree/lib/libnav2_round_robin_node_bt_node.so
[2.029s] -- Up-to-date symlink: /home/rudolfs/ros2_ws/install/nav2_behavior_tree/lib/libnav2_single_trigger_bt_node.so
[2.029s] -- Up-to-date symlink: /home/rudolfs/ros2_ws/install/nav2_behavior_tree/lib/libnav2_planner_selector_bt_node.so
[2.029s] -- Up-to-date symlink: /home/rudolfs/ros2_ws/install/nav2_behavior_tree/lib/libnav2_controller_selector_bt_node.so
[2.029s] -- Up-to-date symlink: /home/rudolfs/ros2_ws/install/nav2_behavior_tree/lib/libnav2_smoother_selector_bt_node.so
[2.029s] -- Up-to-date symlink: /home/rudolfs/ros2_ws/install/nav2_behavior_tree/lib/libnav2_goal_checker_selector_bt_node.so
[2.029s] -- Up-to-date symlink: /home/rudolfs/ros2_ws/install/nav2_behavior_tree/lib/libnav2_progress_checker_selector_bt_node.so
[2.030s] -- Up-to-date symlink: /home/rudolfs/ros2_ws/install/nav2_behavior_tree/lib/libnav2_goal_updated_controller_bt_node.so
[2.030s] -- Up-to-date symlink: /home/rudolfs/ros2_ws/install/nav2_behavior_tree/lib/nav2_behavior_tree/generate_nav2_tree_nodes_xml
[2.030s] -- Up-to-date symlink: /home/rudolfs/ros2_ws/install/nav2_behavior_tree/include//nav2_behavior_tree/behavior_tree_engine.hpp
[2.030s] -- Up-to-date symlink: /home/rudolfs/ros2_ws/install/nav2_behavior_tree/include//nav2_behavior_tree/bt_action_node.hpp
[2.030s] -- Up-to-date symlink: /home/rudolfs/ros2_ws/install/nav2_behavior_tree/include//nav2_behavior_tree/bt_action_server.hpp
[2.030s] -- Up-to-date symlink: /home/rudolfs/ros2_ws/install/nav2_behavior_tree/include//nav2_behavior_tree/bt_action_server_impl.hpp
[2.031s] -- Up-to-date symlink: /home/rudolfs/ros2_ws/install/nav2_behavior_tree/include//nav2_behavior_tree/bt_cancel_action_node.hpp
[2.031s] -- Up-to-date symlink: /home/rudolfs/ros2_ws/install/nav2_behavior_tree/include//nav2_behavior_tree/bt_service_node.hpp
[2.031s] -- Up-to-date symlink: /home/rudolfs/ros2_ws/install/nav2_behavior_tree/include//nav2_behavior_tree/bt_utils.hpp
[2.031s] -- Up-to-date symlink: /home/rudolfs/ros2_ws/install/nav2_behavior_tree/include//nav2_behavior_tree/plugins/action/assisted_teleop_action.hpp
[2.031s] -- Up-to-date symlink: /home/rudolfs/ros2_ws/install/nav2_behavior_tree/include//nav2_behavior_tree/plugins/action/assisted_teleop_cancel_node.hpp
[2.031s] -- Up-to-date symlink: /home/rudolfs/ros2_ws/install/nav2_behavior_tree/include//nav2_behavior_tree/plugins/action/back_up_action.hpp
[2.031s] -- Up-to-date symlink: /home/rudolfs/ros2_ws/install/nav2_behavior_tree/include//nav2_behavior_tree/plugins/action/back_up_cancel_node.hpp
[2.031s] -- Up-to-date symlink: /home/rudolfs/ros2_ws/install/nav2_behavior_tree/include//nav2_behavior_tree/plugins/action/clear_costmap_service.hpp
[2.031s] -- Up-to-date symlink: /home/rudolfs/ros2_ws/install/nav2_behavior_tree/include//nav2_behavior_tree/plugins/action/compute_path_through_poses_action.hpp
[2.031s] -- Up-to-date symlink: /home/rudolfs/ros2_ws/install/nav2_behavior_tree/include//nav2_behavior_tree/plugins/action/compute_path_to_pose_action.hpp
[2.034s] -- Up-to-date symlink: /home/rudolfs/ros2_ws/install/nav2_behavior_tree/include//nav2_behavior_tree/plugins/action/controller_cancel_node.hpp
[2.034s] -- Up-to-date symlink: /home/rudolfs/ros2_ws/install/nav2_behavior_tree/include//nav2_behavior_tree/plugins/action/controller_selector_node.hpp
[2.034s] -- Up-to-date symlink: /home/rudolfs/ros2_ws/install/nav2_behavior_tree/include//nav2_behavior_tree/plugins/action/drive_on_heading_action.hpp
[2.034s] -- Up-to-date symlink: /home/rudolfs/ros2_ws/install/nav2_behavior_tree/include//nav2_behavior_tree/plugins/action/drive_on_heading_cancel_node.hpp
[2.034s] -- Up-to-date symlink: /home/rudolfs/ros2_ws/install/nav2_behavior_tree/include//nav2_behavior_tree/plugins/action/follow_path_action.hpp
[2.034s] -- Up-to-date symlink: /home/rudolfs/ros2_ws/install/nav2_behavior_tree/include//nav2_behavior_tree/plugins/action/get_pose_from_path_action.hpp
[2.034s] -- Up-to-date symlink: /home/rudolfs/ros2_ws/install/nav2_behavior_tree/include//nav2_behavior_tree/plugins/action/goal_checker_selector_node.hpp
[2.034s] -- Up-to-date symlink: /home/rudolfs/ros2_ws/install/nav2_behavior_tree/include//nav2_behavior_tree/plugins/action/navigate_through_poses_action.hpp
[2.034s] -- Up-to-date symlink: /home/rudolfs/ros2_ws/install/nav2_behavior_tree/include//nav2_behavior_tree/plugins/action/navigate_to_pose_action.hpp
[2.034s] -- Up-to-date symlink: /home/rudolfs/ros2_ws/install/nav2_behavior_tree/include//nav2_behavior_tree/plugins/action/planner_selector_node.hpp
[2.034s] -- Up-to-date symlink: /home/rudolfs/ros2_ws/install/nav2_behavior_tree/include//nav2_behavior_tree/plugins/action/progress_checker_selector_node.hpp
[2.034s] -- Up-to-date symlink: /home/rudolfs/ros2_ws/install/nav2_behavior_tree/include//nav2_behavior_tree/plugins/action/reinitialize_global_localization_service.hpp
[2.035s] -- Up-to-date symlink: /home/rudolfs/ros2_ws/install/nav2_behavior_tree/include//nav2_behavior_tree/plugins/action/remove_passed_goals_action.hpp
[2.035s] -- Up-to-date symlink: /home/rudolfs/ros2_ws/install/nav2_behavior_tree/include//nav2_behavior_tree/plugins/action/smooth_path_action.hpp
[2.035s] -- Up-to-date symlink: /home/rudolfs/ros2_ws/install/nav2_behavior_tree/include//nav2_behavior_tree/plugins/action/smoother_selector_node.hpp
[2.035s] -- Up-to-date symlink: /home/rudolfs/ros2_ws/install/nav2_behavior_tree/include//nav2_behavior_tree/plugins/action/spin_action.hpp
[2.035s] -- Up-to-date symlink: /home/rudolfs/ros2_ws/install/nav2_behavior_tree/include//nav2_behavior_tree/plugins/action/spin_cancel_node.hpp
[2.035s] -- Up-to-date symlink: /home/rudolfs/ros2_ws/install/nav2_behavior_tree/include//nav2_behavior_tree/plugins/action/truncate_path_action.hpp
[2.035s] -- Up-to-date symlink: /home/rudolfs/ros2_ws/install/nav2_behavior_tree/include//nav2_behavior_tree/plugins/action/truncate_path_local_action.hpp
[2.035s] -- Up-to-date symlink: /home/rudolfs/ros2_ws/install/nav2_behavior_tree/include//nav2_behavior_tree/plugins/action/wait_action.hpp
[2.035s] -- Up-to-date symlink: /home/rudolfs/ros2_ws/install/nav2_behavior_tree/include//nav2_behavior_tree/plugins/action/wait_cancel_node.hpp
[2.035s] -- Up-to-date symlink: /home/rudolfs/ros2_ws/install/nav2_behavior_tree/include//nav2_behavior_tree/plugins/condition/are_error_codes_present_condition.hpp
[2.035s] -- Up-to-date symlink: /home/rudolfs/ros2_ws/install/nav2_behavior_tree/include//nav2_behavior_tree/plugins/condition/distance_traveled_condition.hpp
[2.035s] -- Up-to-date symlink: /home/rudolfs/ros2_ws/install/nav2_behavior_tree/include//nav2_behavior_tree/plugins/condition/globally_updated_goal_condition.hpp
[2.035s] -- Up-to-date symlink: /home/rudolfs/ros2_ws/install/nav2_behavior_tree/include//nav2_behavior_tree/plugins/condition/goal_reached_condition.hpp
[2.035s] -- Up-to-date symlink: /home/rudolfs/ros2_ws/install/nav2_behavior_tree/include//nav2_behavior_tree/plugins/condition/goal_updated_condition.hpp
[2.035s] -- Up-to-date symlink: /home/rudolfs/ros2_ws/install/nav2_behavior_tree/include//nav2_behavior_tree/plugins/condition/initial_pose_received_condition.hpp
[2.035s] -- Up-to-date symlink: /home/rudolfs/ros2_ws/install/nav2_behavior_tree/include//nav2_behavior_tree/plugins/condition/is_battery_charging_condition.hpp
[2.035s] -- Up-to-date symlink: /home/rudolfs/ros2_ws/install/nav2_behavior_tree/include//nav2_behavior_tree/plugins/condition/is_battery_low_condition.hpp
[2.036s] -- Up-to-date symlink: /home/rudolfs/ros2_ws/install/nav2_behavior_tree/include//nav2_behavior_tree/plugins/condition/is_path_valid_condition.hpp
[2.036s] -- Up-to-date symlink: /home/rudolfs/ros2_ws/install/nav2_behavior_tree/include//nav2_behavior_tree/plugins/condition/is_stuck_condition.hpp
[2.036s] -- Up-to-date symlink: /home/rudolfs/ros2_ws/install/nav2_behavior_tree/include//nav2_behavior_tree/plugins/condition/path_expiring_timer_condition.hpp
[2.036s] -- Up-to-date symlink: /home/rudolfs/ros2_ws/install/nav2_behavior_tree/include//nav2_behavior_tree/plugins/condition/time_expired_condition.hpp
[2.036s] -- Up-to-date symlink: /home/rudolfs/ros2_ws/install/nav2_behavior_tree/include//nav2_behavior_tree/plugins/condition/transform_available_condition.hpp
[2.036s] -- Up-to-date symlink: /home/rudolfs/ros2_ws/install/nav2_behavior_tree/include//nav2_behavior_tree/plugins/condition/would_a_controller_recovery_help_condition.hpp
[2.036s] -- Up-to-date symlink: /home/rudolfs/ros2_ws/install/nav2_behavior_tree/include//nav2_behavior_tree/plugins/condition/would_a_planner_recovery_help_condition.hpp
[2.036s] -- Up-to-date symlink: /home/rudolfs/ros2_ws/install/nav2_behavior_tree/include//nav2_behavior_tree/plugins/condition/would_a_smoother_recovery_help_condition.hpp
[2.036s] -- Up-to-date symlink: /home/rudolfs/ros2_ws/install/nav2_behavior_tree/include//nav2_behavior_tree/plugins/control/pipeline_sequence.hpp
[2.036s] -- Up-to-date symlink: /home/rudolfs/ros2_ws/install/nav2_behavior_tree/include//nav2_behavior_tree/plugins/control/recovery_node.hpp
[2.037s] -- Up-to-date symlink: /home/rudolfs/ros2_ws/install/nav2_behavior_tree/include//nav2_behavior_tree/plugins/control/round_robin_node.hpp
[2.039s] -- Up-to-date symlink: /home/rudolfs/ros2_ws/install/nav2_behavior_tree/include//nav2_behavior_tree/plugins/decorator/distance_controller.hpp
[2.040s] -- Up-to-date symlink: /home/rudolfs/ros2_ws/install/nav2_behavior_tree/include//nav2_behavior_tree/plugins/decorator/goal_updated_controller.hpp
[2.040s] -- Up-to-date symlink: /home/rudolfs/ros2_ws/install/nav2_behavior_tree/include//nav2_behavior_tree/plugins/decorator/goal_updater_node.hpp
[2.040s] -- Up-to-date symlink: /home/rudolfs/ros2_ws/install/nav2_behavior_tree/include//nav2_behavior_tree/plugins/decorator/path_longer_on_approach.hpp
[2.040s] -- Up-to-date symlink: /home/rudolfs/ros2_ws/install/nav2_behavior_tree/include//nav2_behavior_tree/plugins/decorator/rate_controller.hpp
[2.040s] -- Up-to-date symlink: /home/rudolfs/ros2_ws/install/nav2_behavior_tree/include//nav2_behavior_tree/plugins/decorator/single_trigger_node.hpp
[2.040s] -- Up-to-date symlink: /home/rudolfs/ros2_ws/install/nav2_behavior_tree/include//nav2_behavior_tree/plugins/decorator/speed_controller.hpp
[2.040s] -- Up-to-date symlink: /home/rudolfs/ros2_ws/install/nav2_behavior_tree/include//nav2_behavior_tree/ros_topic_logger.hpp
[2.040s] -- Up-to-date symlink: /home/rudolfs/ros2_ws/install/nav2_behavior_tree/include/nav2_behavior_tree/utils//test_action_server.hpp
[2.040s] -- Up-to-date symlink: /home/rudolfs/ros2_ws/install/nav2_behavior_tree/include/nav2_behavior_tree/utils//test_behavior_tree_fixture.hpp
[2.040s] -- Up-to-date symlink: /home/rudolfs/ros2_ws/install/nav2_behavior_tree/include/nav2_behavior_tree/utils//test_dummy_tree_node.hpp
[2.040s] -- Up-to-date symlink: /home/rudolfs/ros2_ws/install/nav2_behavior_tree/include/nav2_behavior_tree/utils//test_service.hpp
[2.040s] -- Up-to-date symlink: /home/rudolfs/ros2_ws/install/nav2_behavior_tree/include/nav2_behavior_tree/utils//test_transform_handler.hpp
[2.040s] -- Up-to-date symlink: /home/rudolfs/ros2_ws/install/nav2_behavior_tree/include/nav2_behavior_tree/nav2_behavior_tree/test/utils/test_action_server.hpp
[2.040s] -- Up-to-date symlink: /home/rudolfs/ros2_ws/install/nav2_behavior_tree/include/nav2_behavior_tree/nav2_behavior_tree/test/utils/test_behavior_tree_fixture.hpp
[2.040s] -- Up-to-date symlink: /home/rudolfs/ros2_ws/install/nav2_behavior_tree/include/nav2_behavior_tree/nav2_behavior_tree/test/utils/test_dummy_tree_node.hpp
[2.040s] -- Up-to-date symlink: /home/rudolfs/ros2_ws/install/nav2_behavior_tree/include/nav2_behavior_tree/nav2_behavior_tree/test/utils/test_service.hpp
[2.041s] -- Up-to-date symlink: /home/rudolfs/ros2_ws/install/nav2_behavior_tree/include/nav2_behavior_tree/nav2_behavior_tree/test/utils/test_transform_handler.hpp
[2.041s] -- Up-to-date symlink: /home/rudolfs/ros2_ws/install/nav2_behavior_tree/share/nav2_behavior_tree/nav2_tree_nodes.xml
[2.041s] -- Up-to-date symlink: /home/rudolfs/ros2_ws/install/nav2_behavior_tree/include/nav2_behavior_tree/plugins_list.hpp
[2.041s] -- Up-to-date symlink: /home/rudolfs/ros2_ws/install/nav2_behavior_tree/share/nav2_behavior_tree/environment/library_path.sh
[2.041s] -- Up-to-date symlink: /home/rudolfs/ros2_ws/install/nav2_behavior_tree/share/nav2_behavior_tree/environment/library_path.dsv
[2.041s] -- Up-to-date symlink: /home/rudolfs/ros2_ws/install/nav2_behavior_tree/share/ament_index/resource_index/package_run_dependencies/nav2_behavior_tree
[2.041s] -- Up-to-date symlink: /home/rudolfs/ros2_ws/install/nav2_behavior_tree/share/ament_index/resource_index/parent_prefix_path/nav2_behavior_tree
[2.041s] -- Up-to-date symlink: /home/rudolfs/ros2_ws/install/nav2_behavior_tree/share/nav2_behavior_tree/environment/ament_prefix_path.sh
[2.041s] -- Up-to-date symlink: /home/rudolfs/ros2_ws/install/nav2_behavior_tree/share/nav2_behavior_tree/environment/ament_prefix_path.dsv
[2.041s] -- Up-to-date symlink: /home/rudolfs/ros2_ws/install/nav2_behavior_tree/share/nav2_behavior_tree/environment/path.sh
[2.042s] -- Up-to-date symlink: /home/rudolfs/ros2_ws/install/nav2_behavior_tree/share/nav2_behavior_tree/environment/path.dsv
[2.042s] -- Up-to-date symlink: /home/rudolfs/ros2_ws/install/nav2_behavior_tree/share/nav2_behavior_tree/local_setup.bash
[2.042s] -- Up-to-date symlink: /home/rudolfs/ros2_ws/install/nav2_behavior_tree/share/nav2_behavior_tree/local_setup.sh
[2.046s] -- Up-to-date symlink: /home/rudolfs/ros2_ws/install/nav2_behavior_tree/share/nav2_behavior_tree/local_setup.zsh
[2.046s] -- Up-to-date symlink: /home/rudolfs/ros2_ws/install/nav2_behavior_tree/share/nav2_behavior_tree/local_setup.dsv
[2.046s] -- Symlinking: /home/rudolfs/ros2_ws/install/nav2_behavior_tree/share/nav2_behavior_tree/package.dsv
[2.048s] -- Up-to-date symlink: /home/rudolfs/ros2_ws/install/nav2_behavior_tree/share/ament_index/resource_index/packages/nav2_behavior_tree
[2.048s] -- Up-to-date symlink: /home/rudolfs/ros2_ws/install/nav2_behavior_tree/share/nav2_behavior_tree/cmake/ament_cmake_export_include_directories-extras.cmake
[2.049s] -- Up-to-date symlink: /home/rudolfs/ros2_ws/install/nav2_behavior_tree/share/nav2_behavior_tree/cmake/ament_cmake_export_libraries-extras.cmake
[2.049s] -- Up-to-date symlink: /home/rudolfs/ros2_ws/install/nav2_behavior_tree/share/nav2_behavior_tree/cmake/ament_cmake_export_dependencies-extras.cmake
[2.049s] -- Up-to-date symlink: /home/rudolfs/ros2_ws/install/nav2_behavior_tree/share/nav2_behavior_tree/cmake/nav2_behavior_treeConfig.cmake
[2.049s] -- Up-to-date symlink: /home/rudolfs/ros2_ws/install/nav2_behavior_tree/share/nav2_behavior_tree/cmake/nav2_behavior_treeConfig-version.cmake
[2.049s] -- Up-to-date symlink: /home/rudolfs/ros2_ws/install/nav2_behavior_tree/share/nav2_behavior_tree/package.xml
[2.052s] Invoked command in '/home/rudolfs/ros2_ws/build/nav2_behavior_tree' returned '0': CMAKE_PREFIX_PATH=/home/rudolfs/ros2_ws/install/nav2_util:/home/rudolfs/ros2_ws/install/nav2_msgs:/home/rudolfs/ros2_ws/install/nav2_common:/home/rudolfs/ros2_ws/install/turtlebot4_node:/home/rudolfs/ros2_ws/install/turtlebot4_navigation:/home/rudolfs/ros2_ws/install/turtlebot4_msgs:/home/rudolfs/ros2_ws/install/turtlebot4_description:/home/rudolfs/ros2_ws/install/nav2_system_tests:/home/rudolfs/ros2_ws/install/nav2_bringup:/home/rudolfs/ros2_ws/install/navigation2:/home/rudolfs/ros2_ws/install/opennav_docking:/home/rudolfs/ros2_ws/install/opennav_docking_core:/home/rudolfs/ros2_ws/install/opennav_docking_bt:/home/rudolfs/ros2_ws/install/nav2_smoother:/home/rudolfs/ros2_ws/install/nav2_rotation_shim_controller:/home/rudolfs/ros2_ws/install/nav2_graceful_controller:/home/rudolfs/ros2_ws/install/nav2_dwb_controller:/home/rudolfs/ros2_ws/install/nav2_controller:/home/rudolfs/ros2_ws/install/dwb_plugins:/home/rudolfs/ros2_ws/install/dwb_critics:/home/rudolfs/ros2_ws/install/dwb_core:/home/rudolfs/ros2_ws/install/nav_2d_utils:/home/rudolfs/ros2_ws/install/dwb_msgs:/home/rudolfs/ros2_ws/install/nav_2d_msgs:/home/rudolfs/ros2_ws/install/nav2_waypoint_follower:/home/rudolfs/ros2_ws/install/nav2_theta_star_planner:/home/rudolfs/ros2_ws/install/nav2_smac_planner:/home/rudolfs/ros2_ws/install/nav2_regulated_pure_pursuit_controller:/home/rudolfs/ros2_ws/install/nav2_planner:/home/rudolfs/ros2_ws/install/nav2_navfn_planner:/home/rudolfs/ros2_ws/install/nav2_mppi_controller:/home/rudolfs/ros2_ws/install/nav2_constrained_smoother:/home/rudolfs/ros2_ws/install/nav2_bt_navigator:/home/rudolfs/ros2_ws/install/nav2_behaviors:/home/rudolfs/ros2_ws/install/nav2_core:/home/rudolfs/ros2_ws/install/nav2_collision_monitor:/home/rudolfs/ros2_ws/install/costmap_queue:/home/rudolfs/ros2_ws/install/nav2_costmap_2d:/home/rudolfs/ros2_ws/install/nav2_voxel_grid:/home/rudolfs/ros2_ws/install/nav2_velocity_smoother:/home/rudolfs/ros2_ws/install/nav2_rviz_plugins:/home/rudolfs/ros2_ws/install/nav2_map_server:/home/rudolfs/ros2_ws/install/nav2_lifecycle_manager:/home/rudolfs/ros2_ws/install/nav2_behavior_tree:/home/rudolfs/ros2_ws/install/nav2_amcl:/opt/ros/jazzy/opt/gz_sim_vendor:/opt/ros/jazzy/opt/gz_sensors_vendor:/opt/ros/jazzy/opt/gz_physics_vendor:/opt/ros/jazzy/opt/sdformat_vendor:/opt/ros/jazzy/opt/gz_gui_vendor:/opt/ros/jazzy/opt/gz_transport_vendor:/opt/ros/jazzy/opt/gz_rendering_vendor:/opt/ros/jazzy/opt/gz_plugin_vendor:/opt/ros/jazzy/opt/gz_fuel_tools_vendor:/opt/ros/jazzy/opt/gz_msgs_vendor:/opt/ros/jazzy/opt/gz_common_vendor:/opt/ros/jazzy/opt/gz_math_vendor:/opt/ros/jazzy/opt/gz_utils_vendor:/opt/ros/jazzy/opt/gz_tools_vendor:/opt/ros/jazzy/opt/gz_ogre_next_vendor:/opt/ros/jazzy/opt/gz_dartsim_vendor:/opt/ros/jazzy/opt/gz_cmake_vendor:/home/rudolfs/ros2_ws/install/tb4_nav_to_pose:/home/rudolfs/ros2_ws/install/nav2_simple_commander:/home/rudolfs/ros2_ws/install/nav2_loopback_sim:/home/rudolfs/ros2_ws/install/cmd_vel_tracker:/home/rudolfs/ros2_ws/install/battery_logger:/home/rudolfs/testing_ws/turtlebot4_ws/install/turtlebot4_python_tutorials:/home/rudolfs/testing_ws/install/turtlebot4_python_tutorials:/home/rudolfs/testing_ws/ros2_ws/install/battery_logger:/opt/ros/jazzy DEBUGINFOD_URLS=https://debuginfod.ubuntu.com LD_LIBRARY_PATH=/home/rudolfs/ros2_ws/install/nav2_util/lib:/home/rudolfs/ros2_ws/install/nav2_msgs/lib:/home/rudolfs/ros2_ws/install/turtlebot4_msgs/lib:/home/rudolfs/ros2_ws/install/nav2_system_tests/lib:/home/rudolfs/ros2_ws/install/opennav_docking/lib:/home/rudolfs/ros2_ws/install/opennav_docking_bt/lib:/home/rudolfs/ros2_ws/install/nav2_smoother/lib:/home/rudolfs/ros2_ws/install/nav2_rotation_shim_controller/lib:/home/rudolfs/ros2_ws/install/nav2_graceful_controller/lib:/home/rudolfs/ros2_ws/install/nav2_controller/lib:/home/rudolfs/ros2_ws/install/dwb_plugins/lib:/home/rudolfs/ros2_ws/install/dwb_critics/lib:/home/rudolfs/ros2_ws/install/dwb_core/lib:/home/rudolfs/ros2_ws/install/nav_2d_utils/lib:/home/rudolfs/ros2_ws/install/dwb_msgs/lib:/home/rudolfs/ros2_ws/install/nav_2d_msgs/lib:/home/rudolfs/ros2_ws/install/nav2_waypoint_follower/lib:/home/rudolfs/ros2_ws/install/nav2_theta_star_planner/lib:/home/rudolfs/ros2_ws/install/nav2_smac_planner/lib:/home/rudolfs/ros2_ws/install/nav2_regulated_pure_pursuit_controller/lib:/home/rudolfs/ros2_ws/install/nav2_planner/lib:/home/rudolfs/ros2_ws/install/nav2_navfn_planner/lib:/home/rudolfs/ros2_ws/install/nav2_mppi_controller/lib:/home/rudolfs/ros2_ws/install/nav2_constrained_smoother/lib:/home/rudolfs/ros2_ws/install/nav2_bt_navigator/lib:/home/rudolfs/ros2_ws/install/nav2_behaviors/lib:/home/rudolfs/ros2_ws/install/nav2_collision_monitor/lib:/home/rudolfs/ros2_ws/install/costmap_queue/lib:/home/rudolfs/ros2_ws/install/nav2_costmap_2d/lib:/home/rudolfs/ros2_ws/install/nav2_voxel_grid/lib:/home/rudolfs/ros2_ws/install/nav2_velocity_smoother/lib:/home/rudolfs/ros2_ws/install/nav2_rviz_plugins/lib:/home/rudolfs/ros2_ws/install/nav2_map_server/lib:/home/rudolfs/ros2_ws/install/nav2_lifecycle_manager/lib:/home/rudolfs/ros2_ws/install/nav2_behavior_tree/lib:/home/rudolfs/ros2_ws/install/nav2_amcl/lib:/opt/ros/jazzy/opt/gz_sim_vendor/lib:/opt/ros/jazzy/opt/gz_sensors_vendor/lib:/opt/ros/jazzy/opt/gz_physics_vendor/lib:/opt/ros/jazzy/opt/sdformat_vendor/lib:/opt/ros/jazzy/opt/rviz_ogre_vendor/lib:/opt/ros/jazzy/lib/x86_64-linux-gnu:/opt/ros/jazzy/opt/gz_gui_vendor/lib:/opt/ros/jazzy/opt/gz_transport_vendor/lib:/opt/ros/jazzy/opt/gz_rendering_vendor/lib:/opt/ros/jazzy/opt/gz_plugin_vendor/lib:/opt/ros/jazzy/opt/gz_fuel_tools_vendor/lib:/opt/ros/jazzy/opt/gz_msgs_vendor/lib:/opt/ros/jazzy/opt/gz_common_vendor/lib:/opt/ros/jazzy/opt/gz_math_vendor/lib:/opt/ros/jazzy/opt/gz_utils_vendor/lib:/opt/ros/jazzy/opt/gz_tools_vendor/lib:/opt/ros/jazzy/opt/gz_ogre_next_vendor/lib:/opt/ros/jazzy/opt/gz_dartsim_vendor/lib:/opt/ros/jazzy/opt/gz_cmake_vendor/lib:/opt/ros/jazzy/lib PYTHONPATH=/home/rudolfs/ros2_ws/install/nav2_msgs/lib/python3.12/site-packages:/home/rudolfs/ros2_ws/install/nav2_common/lib/python3.12/site-packages:/home/rudolfs/ros2_ws/install/turtlebot4_navigation/lib/python3.12/site-packages:/home/rudolfs/ros2_ws/install/turtlebot4_msgs/lib/python3.12/site-packages:/home/rudolfs/ros2_ws/install/tb4_nav_to_pose/lib/python3.12/site-packages:/home/rudolfs/ros2_ws/install/dwb_msgs/lib/python3.12/site-packages:/home/rudolfs/ros2_ws/install/nav_2d_msgs/lib/python3.12/site-packages:/home/rudolfs/ros2_ws/build/nav2_simple_commander:/home/rudolfs/ros2_ws/install/nav2_simple_commander/lib/python3.12/site-packages:/home/rudolfs/ros2_ws/build/nav2_loopback_sim:/home/rudolfs/ros2_ws/install/nav2_loopback_sim/lib/python3.12/site-packages:/home/rudolfs/ros2_ws/build/cmd_vel_tracker:/home/rudolfs/ros2_ws/install/cmd_vel_tracker/lib/python3.12/site-packages:/home/rudolfs/ros2_ws/build/battery_logger:/home/rudolfs/ros2_ws/install/battery_logger/lib/python3.12/site-packages:/home/rudolfs/testing_ws/turtlebot4_ws/build/turtlebot4_python_tutorials:/home/rudolfs/testing_ws/turtlebot4_ws/install/turtlebot4_python_tutorials/lib/python3.12/site-packages:/home/rudolfs/testing_ws/install/turtlebot4_python_tutorials/lib/python3.12/site-packages:/home/rudolfs/testing_ws/ros2_ws/install/battery_logger/lib/python3.12/site-packages:/opt/ros/jazzy/lib/python3.12/site-packages /usr/bin/cmake --install /home/rudolfs/ros2_ws/build/nav2_behavior_tree
