[0.126s] DEBUG:colcon:Command line arguments: ['/usr/bin/colcon', 'build', '--packages-select', 'battery_logger']
[0.126s] DEBUG:colcon:Parsed command line arguments: Namespace(log_base=None, log_level=None, verb_name='build', build_base='build', install_base='install', merge_install=False, symlink_install=False, test_result_base=None, continue_on_error=False, executor='parallel', parallel_workers=6, event_handlers=None, ignore_user_meta=False, metas=['./colcon.meta'], base_paths=['.'], packages_ignore=None, packages_ignore_regex=None, paths=None, packages_up_to=None, packages_up_to_regex=None, packages_above=None, packages_above_and_dependencies=None, packages_above_depth=None, packages_select_by_dep=None, packages_skip_by_dep=None, packages_skip_up_to=None, packages_select_build_failed=False, packages_skip_build_finished=False, packages_select_test_failures=False, packages_skip_test_passed=False, packages_select=['battery_logger'], packages_skip=None, packages_select_regex=None, packages_skip_regex=None, packages_start=None, packages_end=None, cmake_args=None, cmake_target=None, cmake_target_skip_unavailable=False, cmake_clean_cache=False, cmake_clean_first=False, cmake_force_configure=False, ament_cmake_args=None, catkin_cmake_args=None, catkin_skip_building_tests=False, verb_parser=<colcon_defaults.argument_parser.defaults.DefaultArgumentsDecorator object at 0x753f50ba8ef0>, verb_extension=<colcon_core.verb.build.BuildVerb object at 0x753f514fb0b0>, main=<bound method BuildVerb.main of <colcon_core.verb.build.BuildVerb object at 0x753f514fb0b0>>)
[0.174s] Level 1:colcon.colcon_core.package_discovery:discover_packages(colcon_meta) check parameters
[0.174s] Level 1:colcon.colcon_core.package_discovery:discover_packages(recursive) check parameters
[0.174s] Level 1:colcon.colcon_core.package_discovery:discover_packages(ignore) check parameters
[0.174s] Level 1:colcon.colcon_core.package_discovery:discover_packages(path) check parameters
[0.174s] Level 1:colcon.colcon_core.package_discovery:discover_packages(colcon_meta) discover
[0.175s] Level 1:colcon.colcon_core.package_discovery:discover_packages(recursive) discover
[0.175s] INFO:colcon.colcon_core.package_discovery:Crawling recursively for packages in '/home/rudolfs/ros2_ws'
[0.175s] Level 1:colcon.colcon_core.package_identification:_identify(.) by extensions ['ignore', 'ignore_ament_install']
[0.175s] Level 1:colcon.colcon_core.package_identification:_identify(.) by extension 'ignore'
[0.175s] Level 1:colcon.colcon_core.package_identification:_identify(.) by extension 'ignore_ament_install'
[0.175s] Level 1:colcon.colcon_core.package_identification:_identify(.) by extensions ['colcon_pkg']
[0.176s] Level 1:colcon.colcon_core.package_identification:_identify(.) by extension 'colcon_pkg'
[0.176s] Level 1:colcon.colcon_core.package_identification:_identify(.) by extensions ['colcon_meta']
[0.176s] Level 1:colcon.colcon_core.package_identification:_identify(.) by extension 'colcon_meta'
[0.176s] Level 1:colcon.colcon_core.package_identification:_identify(.) by extensions ['ros']
[0.176s] Level 1:colcon.colcon_core.package_identification:_identify(.) by extension 'ros'
[0.209s] Level 1:colcon.colcon_core.package_identification:_identify(.) by extensions ['cmake', 'python']
[0.209s] Level 1:colcon.colcon_core.package_identification:_identify(.) by extension 'cmake'
[0.209s] Level 1:colcon.colcon_core.package_identification:_identify(.) by extension 'python'
[0.209s] Level 1:colcon.colcon_core.package_identification:_identify(.) by extensions ['python_setup_py']
[0.209s] Level 1:colcon.colcon_core.package_identification:_identify(.) by extension 'python_setup_py'
[0.209s] Level 1:colcon.colcon_core.package_identification:_identify(DWB(0.26)+NavFN) by extensions ['ignore', 'ignore_ament_install']
[0.209s] Level 1:colcon.colcon_core.package_identification:_identify(DWB(0.26)+NavFN) by extension 'ignore'
[0.210s] Level 1:colcon.colcon_core.package_identification:_identify(DWB(0.26)+NavFN) by extension 'ignore_ament_install'
[0.210s] Level 1:colcon.colcon_core.package_identification:_identify(DWB(0.26)+NavFN) by extensions ['colcon_pkg']
[0.210s] Level 1:colcon.colcon_core.package_identification:_identify(DWB(0.26)+NavFN) by extension 'colcon_pkg'
[0.210s] Level 1:colcon.colcon_core.package_identification:_identify(DWB(0.26)+NavFN) by extensions ['colcon_meta']
[0.210s] Level 1:colcon.colcon_core.package_identification:_identify(DWB(0.26)+NavFN) by extension 'colcon_meta'
[0.210s] Level 1:colcon.colcon_core.package_identification:_identify(DWB(0.26)+NavFN) by extensions ['ros']
[0.210s] Level 1:colcon.colcon_core.package_identification:_identify(DWB(0.26)+NavFN) by extension 'ros'
[0.210s] Level 1:colcon.colcon_core.package_identification:_identify(DWB(0.26)+NavFN) by extensions ['cmake', 'python']
[0.210s] Level 1:colcon.colcon_core.package_identification:_identify(DWB(0.26)+NavFN) by extension 'cmake'
[0.210s] Level 1:colcon.colcon_core.package_identification:_identify(DWB(0.26)+NavFN) by extension 'python'
[0.210s] Level 1:colcon.colcon_core.package_identification:_identify(DWB(0.26)+NavFN) by extensions ['python_setup_py']
[0.210s] Level 1:colcon.colcon_core.package_identification:_identify(DWB(0.26)+NavFN) by extension 'python_setup_py'
[0.210s] Level 1:colcon.colcon_core.package_identification:_identify(build) by extensions ['ignore', 'ignore_ament_install']
[0.210s] Level 1:colcon.colcon_core.package_identification:_identify(build) by extension 'ignore'
[0.210s] Level 1:colcon.colcon_core.package_identification:_identify(build) ignored
[0.210s] Level 1:colcon.colcon_core.package_identification:_identify(install) by extensions ['ignore', 'ignore_ament_install']
[0.210s] Level 1:colcon.colcon_core.package_identification:_identify(install) by extension 'ignore'
[0.210s] Level 1:colcon.colcon_core.package_identification:_identify(install) ignored
[0.210s] Level 1:colcon.colcon_core.package_identification:_identify(log) by extensions ['ignore', 'ignore_ament_install']
[0.211s] Level 1:colcon.colcon_core.package_identification:_identify(log) by extension 'ignore'
[0.211s] Level 1:colcon.colcon_core.package_identification:_identify(log) ignored
[0.211s] Level 1:colcon.colcon_core.package_identification:_identify(results) by extensions ['ignore', 'ignore_ament_install']
[0.211s] Level 1:colcon.colcon_core.package_identification:_identify(results) by extension 'ignore'
[0.211s] Level 1:colcon.colcon_core.package_identification:_identify(results) by extension 'ignore_ament_install'
[0.211s] Level 1:colcon.colcon_core.package_identification:_identify(results) by extensions ['colcon_pkg']
[0.211s] Level 1:colcon.colcon_core.package_identification:_identify(results) by extension 'colcon_pkg'
[0.211s] Level 1:colcon.colcon_core.package_identification:_identify(results) by extensions ['colcon_meta']
[0.211s] Level 1:colcon.colcon_core.package_identification:_identify(results) by extension 'colcon_meta'
[0.211s] Level 1:colcon.colcon_core.package_identification:_identify(results) by extensions ['ros']
[0.211s] Level 1:colcon.colcon_core.package_identification:_identify(results) by extension 'ros'
[0.211s] Level 1:colcon.colcon_core.package_identification:_identify(results) by extensions ['cmake', 'python']
[0.211s] Level 1:colcon.colcon_core.package_identification:_identify(results) by extension 'cmake'
[0.211s] Level 1:colcon.colcon_core.package_identification:_identify(results) by extension 'python'
[0.211s] Level 1:colcon.colcon_core.package_identification:_identify(results) by extensions ['python_setup_py']
[0.211s] Level 1:colcon.colcon_core.package_identification:_identify(results) by extension 'python_setup_py'
[0.211s] Level 1:colcon.colcon_core.package_identification:_identify(src) by extensions ['ignore', 'ignore_ament_install']
[0.211s] Level 1:colcon.colcon_core.package_identification:_identify(src) by extension 'ignore'
[0.211s] Level 1:colcon.colcon_core.package_identification:_identify(src) by extension 'ignore_ament_install'
[0.212s] Level 1:colcon.colcon_core.package_identification:_identify(src) by extensions ['colcon_pkg']
[0.212s] Level 1:colcon.colcon_core.package_identification:_identify(src) by extension 'colcon_pkg'
[0.212s] Level 1:colcon.colcon_core.package_identification:_identify(src) by extensions ['colcon_meta']
[0.212s] Level 1:colcon.colcon_core.package_identification:_identify(src) by extension 'colcon_meta'
[0.212s] Level 1:colcon.colcon_core.package_identification:_identify(src) by extensions ['ros']
[0.212s] Level 1:colcon.colcon_core.package_identification:_identify(src) by extension 'ros'
[0.212s] Level 1:colcon.colcon_core.package_identification:_identify(src) by extensions ['cmake', 'python']
[0.212s] Level 1:colcon.colcon_core.package_identification:_identify(src) by extension 'cmake'
[0.212s] Level 1:colcon.colcon_core.package_identification:_identify(src) by extension 'python'
[0.212s] Level 1:colcon.colcon_core.package_identification:_identify(src) by extensions ['python_setup_py']
[0.212s] Level 1:colcon.colcon_core.package_identification:_identify(src) by extension 'python_setup_py'
[0.212s] Level 1:colcon.colcon_core.package_identification:_identify(src/battery_logger) by extensions ['ignore', 'ignore_ament_install']
[0.212s] Level 1:colcon.colcon_core.package_identification:_identify(src/battery_logger) by extension 'ignore'
[0.212s] Level 1:colcon.colcon_core.package_identification:_identify(src/battery_logger) by extension 'ignore_ament_install'
[0.212s] Level 1:colcon.colcon_core.package_identification:_identify(src/battery_logger) by extensions ['colcon_pkg']
[0.212s] Level 1:colcon.colcon_core.package_identification:_identify(src/battery_logger) by extension 'colcon_pkg'
[0.212s] Level 1:colcon.colcon_core.package_identification:_identify(src/battery_logger) by extensions ['colcon_meta']
[0.212s] Level 1:colcon.colcon_core.package_identification:_identify(src/battery_logger) by extension 'colcon_meta'
[0.213s] Level 1:colcon.colcon_core.package_identification:_identify(src/battery_logger) by extensions ['ros']
[0.213s] Level 1:colcon.colcon_core.package_identification:_identify(src/battery_logger) by extension 'ros'
[0.219s] DEBUG:colcon.colcon_core.package_identification:Package 'src/battery_logger' with type 'ros.ament_python' and name 'battery_logger'
[0.219s] Level 1:colcon.colcon_core.package_identification:_identify(src/tb4_nav_to_pose) by extensions ['ignore', 'ignore_ament_install']
[0.219s] Level 1:colcon.colcon_core.package_identification:_identify(src/tb4_nav_to_pose) by extension 'ignore'
[0.219s] Level 1:colcon.colcon_core.package_identification:_identify(src/tb4_nav_to_pose) by extension 'ignore_ament_install'
[0.220s] Level 1:colcon.colcon_core.package_identification:_identify(src/tb4_nav_to_pose) by extensions ['colcon_pkg']
[0.220s] Level 1:colcon.colcon_core.package_identification:_identify(src/tb4_nav_to_pose) by extension 'colcon_pkg'
[0.220s] Level 1:colcon.colcon_core.package_identification:_identify(src/tb4_nav_to_pose) by extensions ['colcon_meta']
[0.220s] Level 1:colcon.colcon_core.package_identification:_identify(src/tb4_nav_to_pose) by extension 'colcon_meta'
[0.220s] Level 1:colcon.colcon_core.package_identification:_identify(src/tb4_nav_to_pose) by extensions ['ros']
[0.220s] Level 1:colcon.colcon_core.package_identification:_identify(src/tb4_nav_to_pose) by extension 'ros'
[0.220s] DEBUG:colcon.colcon_core.package_identification:Package 'src/tb4_nav_to_pose' with type 'ros.ament_python' and name 'tb4_nav_to_pose'
[0.221s] Level 1:colcon.colcon_core.package_discovery:discover_packages(recursive) using defaults
[0.221s] Level 1:colcon.colcon_core.package_discovery:discover_packages(ignore) discover
[0.221s] Level 1:colcon.colcon_core.package_discovery:discover_packages(ignore) using defaults
[0.221s] Level 1:colcon.colcon_core.package_discovery:discover_packages(path) discover
[0.221s] Level 1:colcon.colcon_core.package_discovery:discover_packages(path) using defaults
[0.241s] INFO:colcon.colcon_core.package_selection:Skipping not selected package 'tb4_nav_to_pose' in 'src/tb4_nav_to_pose'
[0.241s] Level 5:colcon.colcon_core.verb:set package 'battery_logger' build argument 'cmake_args' from command line to 'None'
[0.242s] Level 5:colcon.colcon_core.verb:set package 'battery_logger' build argument 'cmake_target' from command line to 'None'
[0.242s] Level 5:colcon.colcon_core.verb:set package 'battery_logger' build argument 'cmake_target_skip_unavailable' from command line to 'False'
[0.242s] Level 5:colcon.colcon_core.verb:set package 'battery_logger' build argument 'cmake_clean_cache' from command line to 'False'
[0.242s] Level 5:colcon.colcon_core.verb:set package 'battery_logger' build argument 'cmake_clean_first' from command line to 'False'
[0.242s] Level 5:colcon.colcon_core.verb:set package 'battery_logger' build argument 'cmake_force_configure' from command line to 'False'
[0.242s] Level 5:colcon.colcon_core.verb:set package 'battery_logger' build argument 'ament_cmake_args' from command line to 'None'
[0.242s] Level 5:colcon.colcon_core.verb:set package 'battery_logger' build argument 'catkin_cmake_args' from command line to 'None'
[0.242s] Level 5:colcon.colcon_core.verb:set package 'battery_logger' build argument 'catkin_skip_building_tests' from command line to 'False'
[0.242s] DEBUG:colcon.colcon_core.verb:Building package 'battery_logger' with the following arguments: {'ament_cmake_args': None, 'build_base': '/home/rudolfs/ros2_ws/build/battery_logger', 'catkin_cmake_args': None, 'catkin_skip_building_tests': False, 'cmake_args': None, 'cmake_clean_cache': False, 'cmake_clean_first': False, 'cmake_force_configure': False, 'cmake_target': None, 'cmake_target_skip_unavailable': False, 'install_base': '/home/rudolfs/ros2_ws/install/battery_logger', 'merge_install': False, 'path': '/home/rudolfs/ros2_ws/src/battery_logger', 'symlink_install': False, 'test_result_base': None}
[0.242s] INFO:colcon.colcon_core.executor:Executing jobs using 'parallel' executor
[0.244s] DEBUG:colcon.colcon_parallel_executor.executor.parallel:run_until_complete
[0.244s] INFO:colcon.colcon_ros.task.ament_python.build:Building ROS package in '/home/rudolfs/ros2_ws/src/battery_logger' with build type 'ament_python'
[0.244s] Level 1:colcon.colcon_core.shell:create_environment_hook('battery_logger', 'ament_prefix_path')
[0.248s] INFO:colcon.colcon_core.plugin_system:Skipping extension 'colcon_core.shell.bat': Not used on non-Windows systems
[0.249s] INFO:colcon.colcon_core.shell:Creating environment descriptor '/home/rudolfs/ros2_ws/install/battery_logger/share/battery_logger/hook/ament_prefix_path.dsv'
[0.249s] INFO:colcon.colcon_core.shell:Creating environment hook '/home/rudolfs/ros2_ws/install/battery_logger/share/battery_logger/hook/ament_prefix_path.sh'
[0.250s] DEBUG:colcon.colcon_core.shell:Skip shell extension 'dsv' for command environment
[0.565s] INFO:colcon.colcon_core.task.python.build:Building Python package in '/home/rudolfs/ros2_ws/src/battery_logger'
[0.565s] DEBUG:colcon.colcon_core.shell:Skip shell extension 'dsv' for command environment
[1.315s] DEBUG:colcon.colcon_core.event_handler.log_command:Invoking command in '/home/rudolfs/ros2_ws/build/battery_logger': DEBUGINFOD_URLS=https://debuginfod.ubuntu.com PYTHONPATH=/home/rudolfs/ros2_ws/build/battery_logger/prefix_override:/usr/lib/python3/dist-packages/colcon_core/task/python/colcon_distutils_commands:/home/rudolfs/ros2_ws/install/battery_logger/lib/python3.12/site-packages:${PYTHONPATH} /usr/bin/python3 -W ignore:setup.py install is deprecated -W ignore:easy_install command is deprecated setup.py develop --uninstall --editable --build-directory /home/rudolfs/ros2_ws/build/battery_logger/build
[1.980s] DEBUG:colcon.colcon_core.event_handler.log_command:Invoked command in '/home/rudolfs/ros2_ws/build/battery_logger' returned '0': DEBUGINFOD_URLS=https://debuginfod.ubuntu.com PYTHONPATH=/home/rudolfs/ros2_ws/build/battery_logger/prefix_override:/usr/lib/python3/dist-packages/colcon_core/task/python/colcon_distutils_commands:/home/rudolfs/ros2_ws/install/battery_logger/lib/python3.12/site-packages:${PYTHONPATH} /usr/bin/python3 -W ignore:setup.py install is deprecated -W ignore:easy_install command is deprecated setup.py develop --uninstall --editable --build-directory /home/rudolfs/ros2_ws/build/battery_logger/build
[1.981s] DEBUG:colcon.colcon_core.event_handler.log_command:Invoking command in '/home/rudolfs/ros2_ws/src/battery_logger': DEBUGINFOD_URLS=https://debuginfod.ubuntu.com PYTHONPATH=/home/rudolfs/ros2_ws/build/battery_logger/prefix_override:/usr/lib/python3/dist-packages/colcon_core/task/python/colcon_distutils_commands:/home/rudolfs/ros2_ws/install/battery_logger/lib/python3.12/site-packages:${PYTHONPATH} /usr/bin/python3 -W ignore:setup.py install is deprecated -W ignore:easy_install command is deprecated setup.py egg_info --egg-base ../../build/battery_logger build --build-base /home/rudolfs/ros2_ws/build/battery_logger/build install --record /home/rudolfs/ros2_ws/build/battery_logger/install.log --single-version-externally-managed install_data --force
[2.649s] DEBUG:colcon.colcon_core.event_handler.log_command:Invoked command in '/home/rudolfs/ros2_ws/src/battery_logger' returned '0': DEBUGINFOD_URLS=https://debuginfod.ubuntu.com PYTHONPATH=/home/rudolfs/ros2_ws/build/battery_logger/prefix_override:/usr/lib/python3/dist-packages/colcon_core/task/python/colcon_distutils_commands:/home/rudolfs/ros2_ws/install/battery_logger/lib/python3.12/site-packages:${PYTHONPATH} /usr/bin/python3 -W ignore:setup.py install is deprecated -W ignore:easy_install command is deprecated setup.py egg_info --egg-base ../../build/battery_logger build --build-base /home/rudolfs/ros2_ws/build/battery_logger/build install --record /home/rudolfs/ros2_ws/build/battery_logger/install.log --single-version-externally-managed install_data --force
[2.652s] Level 1:colcon.colcon_core.environment:checking '/home/rudolfs/ros2_ws/install/battery_logger' for CMake module files
[2.652s] Level 1:colcon.colcon_core.environment:checking '/home/rudolfs/ros2_ws/install/battery_logger' for CMake config files
[2.653s] Level 1:colcon.colcon_core.environment:checking '/home/rudolfs/ros2_ws/install/battery_logger/lib'
[2.653s] Level 1:colcon.colcon_core.environment:checking '/home/rudolfs/ros2_ws/install/battery_logger/bin'
[2.653s] Level 1:colcon.colcon_core.environment:checking '/home/rudolfs/ros2_ws/install/battery_logger/lib/pkgconfig/battery_logger.pc'
[2.653s] Level 1:colcon.colcon_core.environment:checking '/home/rudolfs/ros2_ws/install/battery_logger/lib/python3.12/site-packages'
[2.654s] Level 1:colcon.colcon_core.shell:create_environment_hook('battery_logger', 'pythonpath')
[2.654s] INFO:colcon.colcon_core.shell:Creating environment descriptor '/home/rudolfs/ros2_ws/install/battery_logger/share/battery_logger/hook/pythonpath.dsv'
[2.655s] INFO:colcon.colcon_core.shell:Creating environment hook '/home/rudolfs/ros2_ws/install/battery_logger/share/battery_logger/hook/pythonpath.sh'
[2.655s] Level 1:colcon.colcon_core.environment:checking '/home/rudolfs/ros2_ws/install/battery_logger/bin'
[2.655s] Level 1:colcon.colcon_core.environment:create_environment_scripts_only(battery_logger)
[2.656s] INFO:colcon.colcon_core.shell:Creating package descriptor '/home/rudolfs/ros2_ws/install/battery_logger/share/battery_logger/package.dsv'
[2.657s] INFO:colcon.colcon_core.shell:Creating package script '/home/rudolfs/ros2_ws/install/battery_logger/share/battery_logger/package.sh'
[2.658s] INFO:colcon.colcon_core.shell:Creating package script '/home/rudolfs/ros2_ws/install/battery_logger/share/battery_logger/package.bash'
[2.661s] INFO:colcon.colcon_core.shell:Creating package script '/home/rudolfs/ros2_ws/install/battery_logger/share/battery_logger/package.zsh'
[2.662s] Level 1:colcon.colcon_core.environment:create_file_with_runtime_dependencies(/home/rudolfs/ros2_ws/install/battery_logger/share/colcon-core/packages/battery_logger)
[2.667s] DEBUG:colcon.colcon_parallel_executor.executor.parallel:closing loop
[2.667s] DEBUG:colcon.colcon_parallel_executor.executor.parallel:loop closed
[2.667s] DEBUG:colcon.colcon_parallel_executor.executor.parallel:run_until_complete finished with '0'
[2.667s] DEBUG:colcon.colcon_core.event_reactor:joining thread
[2.674s] INFO:colcon.colcon_core.plugin_system:Skipping extension 'colcon_notification.desktop_notification.terminal_notifier': Not used on non-Darwin systems
[2.674s] INFO:colcon.colcon_core.plugin_system:Skipping extension 'colcon_notification.desktop_notification.win32': Not used on non-Windows systems
[2.674s] INFO:colcon.colcon_notification.desktop_notification:Sending desktop notification using 'notify2'
[2.690s] DEBUG:colcon.colcon_core.event_reactor:joined thread
[2.691s] INFO:colcon.colcon_core.shell:Creating prefix script '/home/rudolfs/ros2_ws/install/local_setup.sh'
[2.692s] INFO:colcon.colcon_core.shell:Creating prefix util module '/home/rudolfs/ros2_ws/install/_local_setup_util_sh.py'
[2.693s] INFO:colcon.colcon_core.shell:Creating prefix chain script '/home/rudolfs/ros2_ws/install/setup.sh'
[2.696s] INFO:colcon.colcon_core.shell:Creating prefix script '/home/rudolfs/ros2_ws/install/local_setup.bash'
[2.697s] INFO:colcon.colcon_core.shell:Creating prefix chain script '/home/rudolfs/ros2_ws/install/setup.bash'
[2.699s] INFO:colcon.colcon_core.shell:Creating prefix script '/home/rudolfs/ros2_ws/install/local_setup.zsh'
[2.700s] INFO:colcon.colcon_core.shell:Creating prefix chain script '/home/rudolfs/ros2_ws/install/setup.zsh'
