[2.052s] Invoking command in '/home/rudolfs/ros2_ws/src/navigation2/nav2_loopback_sim': DEBUGINFOD_URLS=https://debuginfod.ubuntu.com PYTHONPATH=/home/rudolfs/ros2_ws/build/nav2_loopback_sim/prefix_override:/usr/lib/python3/dist-packages/colcon_core/task/python/colcon_distutils_commands:/home/rudolfs/ros2_ws/install/nav2_loopback_sim/lib/python3.12/site-packages:${PYTHONPATH} /usr/bin/python3 -W ignore:setup.py install is deprecated -W ignore:easy_install command is deprecated setup.py egg_info --egg-base ../../../build/nav2_loopback_sim build --build-base /home/rudolfs/ros2_ws/build/nav2_loopback_sim/build install --record /home/rudolfs/ros2_ws/build/nav2_loopback_sim/install.log --single-version-externally-managed install_data
[2.540s] running egg_info
[2.561s] writing ../../../build/nav2_loopback_sim/nav2_loopback_sim.egg-info/PKG-INFO
[2.562s] writing dependency_links to ../../../build/nav2_loopback_sim/nav2_loopback_sim.egg-info/dependency_links.txt
[2.562s] writing entry points to ../../../build/nav2_loopback_sim/nav2_loopback_sim.egg-info/entry_points.txt
[2.562s] writing requirements to ../../../build/nav2_loopback_sim/nav2_loopback_sim.egg-info/requires.txt
[2.563s] writing top-level names to ../../../build/nav2_loopback_sim/nav2_loopback_sim.egg-info/top_level.txt
[2.606s] reading manifest file '../../../build/nav2_loopback_sim/nav2_loopback_sim.egg-info/SOURCES.txt'
[2.610s] writing manifest file '../../../build/nav2_loopback_sim/nav2_loopback_sim.egg-info/SOURCES.txt'
[2.610s] running build
[2.611s] running build_py
[2.611s] running install
[2.616s] running install_lib
[2.643s] running install_data
[2.646s] running install_egg_info
[2.667s] removing '/home/rudolfs/ros2_ws/install/nav2_loopback_sim/lib/python3.12/site-packages/nav2_loopback_sim-1.0.0-py3.12.egg-info' (and everything under it)
[2.672s] Copying ../../../build/nav2_loopback_sim/nav2_loopback_sim.egg-info to /home/rudolfs/ros2_ws/install/nav2_loopback_sim/lib/python3.12/site-packages/nav2_loopback_sim-1.0.0-py3.12.egg-info
[2.675s] running install_scripts
[2.847s] Installing loopback_simulator script to /home/rudolfs/ros2_ws/install/nav2_loopback_sim/lib/nav2_loopback_sim
[2.848s] writing list of installed files to '/home/rudolfs/ros2_ws/build/nav2_loopback_sim/install.log'
[2.940s] Invoked command in '/home/rudolfs/ros2_ws/src/navigation2/nav2_loopback_sim' returned '0': DEBUGINFOD_URLS=https://debuginfod.ubuntu.com PYTHONPATH=/home/rudolfs/ros2_ws/build/nav2_loopback_sim/prefix_override:/usr/lib/python3/dist-packages/colcon_core/task/python/colcon_distutils_commands:/home/rudolfs/ros2_ws/install/nav2_loopback_sim/lib/python3.12/site-packages:${PYTHONPATH} /usr/bin/python3 -W ignore:setup.py install is deprecated -W ignore:easy_install command is deprecated setup.py egg_info --egg-base ../../../build/nav2_loopback_sim build --build-base /home/rudolfs/ros2_ws/build/nav2_loopback_sim/build install --record /home/rudolfs/ros2_ws/build/nav2_loopback_sim/install.log --single-version-externally-managed install_data
