running egg_info
creating ../../build/cmd_vel_tracker/cmd_vel_tracker.egg-info
writing ../../build/cmd_vel_tracker/cmd_vel_tracker.egg-info/PKG-INFO
writing dependency_links to ../../build/cmd_vel_tracker/cmd_vel_tracker.egg-info/dependency_links.txt
writing entry points to ../../build/cmd_vel_tracker/cmd_vel_tracker.egg-info/entry_points.txt
writing requirements to ../../build/cmd_vel_tracker/cmd_vel_tracker.egg-info/requires.txt
writing top-level names to ../../build/cmd_vel_tracker/cmd_vel_tracker.egg-info/top_level.txt
writing manifest file '../../build/cmd_vel_tracker/cmd_vel_tracker.egg-info/SOURCES.txt'
reading manifest file '../../build/cmd_vel_tracker/cmd_vel_tracker.egg-info/SOURCES.txt'
writing manifest file '../../build/cmd_vel_tracker/cmd_vel_tracker.egg-info/SOURCES.txt'
running build
running build_py
creating /home/rudolfs/ros2_ws/build/cmd_vel_tracker/build
creating /home/rudolfs/ros2_ws/build/cmd_vel_tracker/build/lib
creating /home/rudolfs/ros2_ws/build/cmd_vel_tracker/build/lib/cmd_vel_tracker
copying cmd_vel_tracker/__init__.py -> /home/rudolfs/ros2_ws/build/cmd_vel_tracker/build/lib/cmd_vel_tracker
copying cmd_vel_tracker/cmd_vel_logger.py -> /home/rudolfs/ros2_ws/build/cmd_vel_tracker/build/lib/cmd_vel_tracker
running install
running install_lib
creating /home/rudolfs/ros2_ws/install/cmd_vel_tracker/lib/python3.12/site-packages/cmd_vel_tracker
copying /home/rudolfs/ros2_ws/build/cmd_vel_tracker/build/lib/cmd_vel_tracker/__init__.py -> /home/rudolfs/ros2_ws/install/cmd_vel_tracker/lib/python3.12/site-packages/cmd_vel_tracker
copying /home/rudolfs/ros2_ws/build/cmd_vel_tracker/build/lib/cmd_vel_tracker/cmd_vel_logger.py -> /home/rudolfs/ros2_ws/install/cmd_vel_tracker/lib/python3.12/site-packages/cmd_vel_tracker
byte-compiling /home/rudolfs/ros2_ws/install/cmd_vel_tracker/lib/python3.12/site-packages/cmd_vel_tracker/__init__.py to __init__.cpython-312.pyc
byte-compiling /home/rudolfs/ros2_ws/install/cmd_vel_tracker/lib/python3.12/site-packages/cmd_vel_tracker/cmd_vel_logger.py to cmd_vel_logger.cpython-312.pyc
running install_data
creating /home/rudolfs/ros2_ws/install/cmd_vel_tracker/share/ament_index
creating /home/rudolfs/ros2_ws/install/cmd_vel_tracker/share/ament_index/resource_index
creating /home/rudolfs/ros2_ws/install/cmd_vel_tracker/share/ament_index/resource_index/packages
copying resource/cmd_vel_tracker -> /home/rudolfs/ros2_ws/install/cmd_vel_tracker/share/ament_index/resource_index/packages
copying package.xml -> /home/rudolfs/ros2_ws/install/cmd_vel_tracker/share/cmd_vel_tracker
running install_egg_info
Copying ../../build/cmd_vel_tracker/cmd_vel_tracker.egg-info to /home/rudolfs/ros2_ws/install/cmd_vel_tracker/lib/python3.12/site-packages/cmd_vel_tracker-0.0.0-py3.12.egg-info
running install_scripts
Installing cmd_vel_logger script to /home/rudolfs/ros2_ws/install/cmd_vel_tracker/lib/cmd_vel_tracker
writing list of installed files to '/home/rudolfs/ros2_ws/build/cmd_vel_tracker/install.log'
