[0.801s] Invoking command in '/home/rudolfs/ros2_ws/src/tb4_nav_to_pose': DEBUGINFOD_URLS=https://debuginfod.ubuntu.com PYTHONPATH=/home/rudolfs/ros2_ws/build/tb4_nav_to_pose/prefix_override:/usr/lib/python3/dist-packages/colcon_core/task/python/colcon_distutils_commands:/home/rudolfs/ros2_ws/install/tb4_nav_to_pose/lib/python3.12/site-packages:${PYTHONPATH} /usr/bin/python3 -W ignore:setup.py install is deprecated -W ignore:easy_install command is deprecated setup.py egg_info --egg-base ../../build/tb4_nav_to_pose build --build-base /home/rudolfs/ros2_ws/build/tb4_nav_to_pose/build install --record /home/rudolfs/ros2_ws/build/tb4_nav_to_pose/install.log --single-version-externally-managed install_data
[1.069s] running egg_info
[1.089s] writing ../../build/tb4_nav_to_pose/tb4_nav_to_pose.egg-info/PKG-INFO
[1.090s] writing dependency_links to ../../build/tb4_nav_to_pose/tb4_nav_to_pose.egg-info/dependency_links.txt
[1.090s] writing entry points to ../../build/tb4_nav_to_pose/tb4_nav_to_pose.egg-info/entry_points.txt
[1.090s] writing requirements to ../../build/tb4_nav_to_pose/tb4_nav_to_pose.egg-info/requires.txt
[1.090s] writing top-level names to ../../build/tb4_nav_to_pose/tb4_nav_to_pose.egg-info/top_level.txt
[1.131s] reading manifest file '../../build/tb4_nav_to_pose/tb4_nav_to_pose.egg-info/SOURCES.txt'
[1.131s] writing manifest file '../../build/tb4_nav_to_pose/tb4_nav_to_pose.egg-info/SOURCES.txt'
[1.131s] running build
[1.132s] running build_py
[1.132s] running install
[1.137s] running install_lib
[1.158s] running install_data
[1.159s] running install_egg_info
[1.180s] removing '/home/rudolfs/ros2_ws/install/tb4_nav_to_pose/lib/python3.12/site-packages/tb4_nav_to_pose-0.0.0-py3.12.egg-info' (and everything under it)
[1.180s] Copying ../../build/tb4_nav_to_pose/tb4_nav_to_pose.egg-info to /home/rudolfs/ros2_ws/install/tb4_nav_to_pose/lib/python3.12/site-packages/tb4_nav_to_pose-0.0.0-py3.12.egg-info
[1.181s] running install_scripts
[1.312s] Installing min_nav_to_pose script to /home/rudolfs/ros2_ws/install/tb4_nav_to_pose/lib/tb4_nav_to_pose
[1.312s] Installing nav_to_pose script to /home/rudolfs/ros2_ws/install/tb4_nav_to_pose/lib/tb4_nav_to_pose
[1.313s] writing list of installed files to '/home/rudolfs/ros2_ws/build/tb4_nav_to_pose/install.log'
[1.342s] Invoked command in '/home/rudolfs/ros2_ws/src/tb4_nav_to_pose' returned '0': DEBUGINFOD_URLS=https://debuginfod.ubuntu.com PYTHONPATH=/home/rudolfs/ros2_ws/build/tb4_nav_to_pose/prefix_override:/usr/lib/python3/dist-packages/colcon_core/task/python/colcon_distutils_commands:/home/rudolfs/ros2_ws/install/tb4_nav_to_pose/lib/python3.12/site-packages:${PYTHONPATH} /usr/bin/python3 -W ignore:setup.py install is deprecated -W ignore:easy_install command is deprecated setup.py egg_info --egg-base ../../build/tb4_nav_to_pose build --build-base /home/rudolfs/ros2_ws/build/tb4_nav_to_pose/build install --record /home/rudolfs/ros2_ws/build/tb4_nav_to_pose/install.log --single-version-externally-managed install_data
