[  8%] Built target gtest_main
[  8%] Built target gtest
[ 33%] Built target mppi_critics
[ 35%] [32mBuilding CXX object CMakeFiles/mppi_controller.dir/src/controller.cpp.o[0m
[01m[K/home/rudolfs/ros2_ws/src/navigation2/nav2_mppi_controller/src/controller.cpp:[m[K In member function ‘[01m[Kvirtual void nav2_mppi_controller::MPPIController::[01;32m[Kconfigure[m[K(const rclcpp_lifecycle::LifecycleNode::WeakPtr&, std::string, std::shared_ptr<tf2_ros::Buffer>, std::shared_ptr<nav2_costmap_2d::Costmap2DROS>)[m[K’:
[01m[K/home/rudolfs/ros2_ws/src/navigation2/nav2_mppi_controller/src/controller.cpp:51:5:[m[K [01;31m[Kerror: [m[K‘[01m[Kopt_traj_pub_[m[K’ was not declared in this scope
   51 |     [01;31m[Kopt_traj_pub_[m[K = node->create_publisher<nav2_msgs::msg::Trajectory>(
      |     [01;31m[K^~~~~~~~~~~~~[m[K
[01m[K/home/rudolfs/ros2_ws/src/navigation2/nav2_mppi_controller/src/controller.cpp:51:60:[m[K [01;31m[Kerror: [m[K‘[01m[KTrajectory[m[K’ is not a member of ‘[01m[Knav2_msgs::msg[m[K’
   51 |     opt_traj_pub_ = node->create_publisher<nav2_msgs::msg::[01;31m[KTrajectory[m[K>(
      |                                                            [01;31m[K^~~~~~~~~~[m[K
[01m[K/home/rudolfs/ros2_ws/src/navigation2/nav2_mppi_controller/src/controller.cpp:51:71:[m[K [01;31m[Kerror: [m[Kno matching function for call to ‘[01m[Krclcpp_lifecycle::LifecycleNode::create_publisher<<expression error> >(const char [21], rclcpp::SystemDefaultsQoS)[m[K’
   51 |     opt_traj_pub_ = [01;31m[Knode->create_publisher<nav2_msgs::msg::Trajectory>([m[K
      |                     [01;31m[K~~~~~~~~~~~~~~~~~~~~~~~~~~~~~~~~~~~~~~~~~~~~~~~~~~^[m[K
   52 | [01;31m[K      "~/optimal_trajectory", rclcpp::SystemDefaultsQoS())[m[K;
      |       [01;31m[K~~~~~~~~~~~~~~~~~~~~~~~~~~~~~~~~~~~~~~~~~~~~~~~~~~~~[m[K             
In file included from [01m[K/home/rudolfs/ros2_ws/src/navigation2/nav2_mppi_controller/include/nav2_mppi_controller/tools/path_handler.hpp:25[m[K,
                 from [01m[K/home/rudolfs/ros2_ws/src/navigation2/nav2_mppi_controller/include/nav2_mppi_controller/controller.hpp:21[m[K,
                 from [01m[K/home/rudolfs/ros2_ws/src/navigation2/nav2_mppi_controller/src/controller.cpp:17[m[K:
[01m[K/opt/ros/jazzy/include/rclcpp_lifecycle/rclcpp_lifecycle/lifecycle_node.hpp:222:3:[m[K [01;36m[Knote: [m[Kcandidate: ‘[01m[Ktemplate<class MessageT, class AllocatorT> std::shared_ptr<rclcpp_lifecycle::LifecyclePublisher<MessageT, Alloc> > rclcpp_lifecycle::LifecycleNode::[01;32m[Kcreate_publisher[m[K(const std::string&, const rclcpp::QoS&, const rclcpp::PublisherOptionsWithAllocator<AllocatorT>&)[m[K’
  222 |   [01;36m[Kcreate_publisher[m[K(
      |   [01;36m[K^~~~~~~~~~~~~~~~[m[K
[01m[K/opt/ros/jazzy/include/rclcpp_lifecycle/rclcpp_lifecycle/lifecycle_node.hpp:222:3:[m[K [01;36m[Knote: [m[K  template argument deduction/substitution failed:
[01m[K/home/rudolfs/ros2_ws/src/navigation2/nav2_mppi_controller/src/controller.cpp:51:71:[m[K [01;31m[Kerror: [m[Ktemplate argument 1 is invalid
   51 |     opt_traj_pub_ = [01;31m[Knode->create_publisher<nav2_msgs::msg::Trajectory>([m[K
      |                     [01;31m[K~~~~~~~~~~~~~~~~~~~~~~~~~~~~~~~~~~~~~~~~~~~~~~~~~~^[m[K
   52 | [01;31m[K      "~/optimal_trajectory", rclcpp::SystemDefaultsQoS())[m[K;
      |       [01;31m[K~~~~~~~~~~~~~~~~~~~~~~~~~~~~~~~~~~~~~~~~~~~~~~~~~~~~[m[K             
[01m[K/home/rudolfs/ros2_ws/src/navigation2/nav2_mppi_controller/src/controller.cpp:[m[K In member function ‘[01m[Kvirtual geometry_msgs::msg::TwistStamped nav2_mppi_controller::MPPIController::[01;32m[KcomputeVelocityCommands[m[K(const geometry_msgs::msg::PoseStamped&, const geometry_msgs::msg::Twist&, nav2_core::GoalChecker*)[m[K’:
[01m[K/home/rudolfs/ros2_ws/src/navigation2/nav2_mppi_controller/src/controller.cpp:110:3:[m[K [01;31m[Kerror: [m[K‘[01m[KEigen[m[K’ has not been declared
  110 |   [01;31m[KEigen[m[K::ArrayXXf optimal_trajectory;
      |   [01;31m[K^~~~~[m[K
[01m[K/home/rudolfs/ros2_ws/src/navigation2/nav2_mppi_controller/src/controller.cpp:111:38:[m[K [01;31m[Kerror: [m[K‘[01m[Kopt_traj_pub_[m[K’ was not declared in this scope
  111 |   if (publish_optimal_trajectory_ && [01;31m[Kopt_traj_pub_[m[K->get_subscription_count() > 0) {
      |                                      [01;31m[K^~~~~~~~~~~~~[m[K
[01m[K/home/rudolfs/ros2_ws/src/navigation2/nav2_mppi_controller/src/controller.cpp:112:5:[m[K [01;31m[Kerror: [m[K‘[01m[Koptimal_trajectory[m[K’ was not declared in this scope; did you mean ‘[01m[Kpublish_optimal_trajectory_[m[K’?
  112 |     [01;31m[Koptimal_trajectory[m[K = optimizer_.getOptimizedTrajectory();
      |     [01;31m[K^~~~~~~~~~~~~~~~~~[m[K
      |     [32m[Kpublish_optimal_trajectory_[m[K
[01m[K/home/rudolfs/ros2_ws/src/navigation2/nav2_mppi_controller/src/controller.cpp:113:34:[m[K [01;31m[Kerror: [m[K‘[01m[KtoTrajectoryMsg[m[K’ is not a member of ‘[01m[Kmppi::utils[m[K’
  113 |     auto trajectory_msg = utils::[01;31m[KtoTrajectoryMsg[m[K(
      |                                  [01;31m[K^~~~~~~~~~~~~~~[m[K
[01m[K/home/rudolfs/ros2_ws/src/navigation2/nav2_mppi_controller/src/controller.cpp:115:18:[m[K [01;31m[Kerror: [m[K‘[01m[Kclass mppi::Optimizer[m[K’ has no member named ‘[01m[KgetOptimalControlSequence[m[K’; did you mean ‘[01m[KshiftControlSequence[m[K’?
  115 |       optimizer_.[01;31m[KgetOptimalControlSequence[m[K(),
      |                  [01;31m[K^~~~~~~~~~~~~~~~~~~~~~~~~[m[K
      |                  [32m[KshiftControlSequence[m[K
[01m[K/home/rudolfs/ros2_ws/src/navigation2/nav2_mppi_controller/src/controller.cpp:116:18:[m[K [01;31m[Kerror: [m[K‘[01m[Kclass mppi::Optimizer[m[K’ has no member named ‘[01m[KgetSettings[m[K’
  116 |       optimizer_.[01;31m[KgetSettings[m[K().model_dt,
      |                  [01;31m[K^~~~~~~~~~~[m[K
gmake[2]: *** [CMakeFiles/mppi_controller.dir/build.make:76: CMakeFiles/mppi_controller.dir/src/controller.cpp.o] Error 1
gmake[1]: *** [CMakeFiles/Makefile2:196: CMakeFiles/mppi_controller.dir/all] Error 2
gmake: *** [Makefile:146: all] Error 2
