[1.070s] Invoking command in '/home/rudolfs/ros2_ws/build/battery_logger': DEBUGINFOD_URLS=https://debuginfod.ubuntu.com PYTHONPATH=/home/rudolfs/ros2_ws/build/battery_logger/prefix_override:/usr/lib/python3/dist-packages/colcon_core/task/python/colcon_distutils_commands:/home/rudolfs/ros2_ws/install/battery_logger/lib/python3.12/site-packages:${PYTHONPATH} /usr/bin/python3 -W ignore:setup.py install is deprecated -W ignore:easy_install command is deprecated setup.py develop --uninstall --editable --build-directory /home/rudolfs/ros2_ws/build/battery_logger/build
[1.447s] running develop
[1.671s] Removing /home/rudolfs/ros2_ws/install/battery_logger/lib/python3.12/site-packages/battery-logger.egg-link (link to .)
[1.735s] Invoked command in '/home/rudolfs/ros2_ws/build/battery_logger' returned '0': DEBUGINFOD_URLS=https://debuginfod.ubuntu.com PYTHONPATH=/home/rudolfs/ros2_ws/build/battery_logger/prefix_override:/usr/lib/python3/dist-packages/colcon_core/task/python/colcon_distutils_commands:/home/rudolfs/ros2_ws/install/battery_logger/lib/python3.12/site-packages:${PYTHONPATH} /usr/bin/python3 -W ignore:setup.py install is deprecated -W ignore:easy_install command is deprecated setup.py develop --uninstall --editable --build-directory /home/rudolfs/ros2_ws/build/battery_logger/build
[1.736s] Invoking command in '/home/rudolfs/ros2_ws/src/battery_logger': DEBUGINFOD_URLS=https://debuginfod.ubuntu.com PYTHONPATH=/home/rudolfs/ros2_ws/build/battery_logger/prefix_override:/usr/lib/python3/dist-packages/colcon_core/task/python/colcon_distutils_commands:/home/rudolfs/ros2_ws/install/battery_logger/lib/python3.12/site-packages:${PYTHONPATH} /usr/bin/python3 -W ignore:setup.py install is deprecated -W ignore:easy_install command is deprecated setup.py egg_info --egg-base ../../build/battery_logger build --build-base /home/rudolfs/ros2_ws/build/battery_logger/build install --record /home/rudolfs/ros2_ws/build/battery_logger/install.log --single-version-externally-managed install_data --force
[2.065s] running egg_info
[2.088s] writing ../../build/battery_logger/battery_logger.egg-info/PKG-INFO
[2.088s] writing dependency_links to ../../build/battery_logger/battery_logger.egg-info/dependency_links.txt
[2.089s] writing entry points to ../../build/battery_logger/battery_logger.egg-info/entry_points.txt
[2.089s] writing requirements to ../../build/battery_logger/battery_logger.egg-info/requires.txt
[2.089s] writing top-level names to ../../build/battery_logger/battery_logger.egg-info/top_level.txt
[2.136s] reading manifest file '../../build/battery_logger/battery_logger.egg-info/SOURCES.txt'
[2.138s] writing manifest file '../../build/battery_logger/battery_logger.egg-info/SOURCES.txt'
[2.139s] running build
[2.139s] running build_py
[2.139s] creating /home/rudolfs/ros2_ws/build/battery_logger/build
[2.139s] creating /home/rudolfs/ros2_ws/build/battery_logger/build/lib
[2.139s] creating /home/rudolfs/ros2_ws/build/battery_logger/build/lib/battery_logger
[2.139s] copying battery_logger/__init__.py -> /home/rudolfs/ros2_ws/build/battery_logger/build/lib/battery_logger
[2.139s] copying battery_logger/logger.py -> /home/rudolfs/ros2_ws/build/battery_logger/build/lib/battery_logger
[2.139s] running install
[2.147s] running install_lib
[2.169s] creating /home/rudolfs/ros2_ws/install/battery_logger/lib/python3.12/site-packages/battery_logger
[2.169s] copying /home/rudolfs/ros2_ws/build/battery_logger/build/lib/battery_logger/__init__.py -> /home/rudolfs/ros2_ws/install/battery_logger/lib/python3.12/site-packages/battery_logger
[2.169s] copying /home/rudolfs/ros2_ws/build/battery_logger/build/lib/battery_logger/logger.py -> /home/rudolfs/ros2_ws/install/battery_logger/lib/python3.12/site-packages/battery_logger
[2.170s] byte-compiling /home/rudolfs/ros2_ws/install/battery_logger/lib/python3.12/site-packages/battery_logger/__init__.py to __init__.cpython-312.pyc
[2.170s] byte-compiling /home/rudolfs/ros2_ws/install/battery_logger/lib/python3.12/site-packages/battery_logger/logger.py to logger.cpython-312.pyc
[2.171s] running install_data
[2.171s] copying resource/battery_logger -> /home/rudolfs/ros2_ws/install/battery_logger/share/ament_index/resource_index/packages
[2.171s] copying package.xml -> /home/rudolfs/ros2_ws/install/battery_logger/share/battery_logger
[2.171s] running install_egg_info
[2.195s] Copying ../../build/battery_logger/battery_logger.egg-info to /home/rudolfs/ros2_ws/install/battery_logger/lib/python3.12/site-packages/battery_logger-0.0.0-py3.12.egg-info
[2.195s] running install_scripts
[2.346s] Installing log_battery script to /home/rudolfs/ros2_ws/install/battery_logger/lib/battery_logger
[2.346s] writing list of installed files to '/home/rudolfs/ros2_ws/build/battery_logger/install.log'
[2.404s] Invoked command in '/home/rudolfs/ros2_ws/src/battery_logger' returned '0': DEBUGINFOD_URLS=https://debuginfod.ubuntu.com PYTHONPATH=/home/rudolfs/ros2_ws/build/battery_logger/prefix_override:/usr/lib/python3/dist-packages/colcon_core/task/python/colcon_distutils_commands:/home/rudolfs/ros2_ws/install/battery_logger/lib/python3.12/site-packages:${PYTHONPATH} /usr/bin/python3 -W ignore:setup.py install is deprecated -W ignore:easy_install command is deprecated setup.py egg_info --egg-base ../../build/battery_logger build --build-base /home/rudolfs/ros2_ws/build/battery_logger/build install --record /home/rudolfs/ros2_ws/build/battery_logger/install.log --single-version-externally-managed install_data --force
