[0.053s] Invoking command in '/home/rudolfs/ros2_ws/build/nav2_common': CMAKE_PREFIX_PATH=${CMAKE_PREFIX_PATH}:/home/rudolfs/ros2_ws/install/tb4_nav_to_pose:/home/rudolfs/ros2_ws/install/nav2_simple_commander:/home/rudolfs/ros2_ws/install/nav2_loopback_sim:/home/rudolfs/ros2_ws/install/cmd_vel_tracker:/home/rudolfs/ros2_ws/install/battery_logger:/home/rudolfs/testing_ws/turtlebot4_ws/install/turtlebot4_python_tutorials:/home/rudolfs/testing_ws/install/turtlebot4_python_tutorials:/home/rudolfs/testing_ws/ros2_ws/install/battery_logger:/opt/ros/jazzy DEBUGINFOD_URLS=https://debuginfod.ubuntu.com /usr/bin/cmake --build /home/rudolfs/ros2_ws/build/nav2_common -- -j6 -l6
[0.717s] Built target ament_cmake_python_symlink_nav2_common
[0.717s] running egg_info
[0.717s] writing nav2_common.egg-info/PKG-INFO
[0.717s] writing dependency_links to nav2_common.egg-info/dependency_links.txt
[0.718s] writing top-level names to nav2_common.egg-info/top_level.txt
[0.718s] reading manifest file 'nav2_common.egg-info/SOURCES.txt'
[0.718s] writing manifest file 'nav2_common.egg-info/SOURCES.txt'
[0.718s] Built target ament_cmake_python_build_nav2_common_egg
[1.011s] Invoked command in '/home/rudolfs/ros2_ws/build/nav2_common' returned '0': CMAKE_PREFIX_PATH=${CMAKE_PREFIX_PATH}:/home/rudolfs/ros2_ws/install/tb4_nav_to_pose:/home/rudolfs/ros2_ws/install/nav2_simple_commander:/home/rudolfs/ros2_ws/install/nav2_loopback_sim:/home/rudolfs/ros2_ws/install/cmd_vel_tracker:/home/rudolfs/ros2_ws/install/battery_logger:/home/rudolfs/testing_ws/turtlebot4_ws/install/turtlebot4_python_tutorials:/home/rudolfs/testing_ws/install/turtlebot4_python_tutorials:/home/rudolfs/testing_ws/ros2_ws/install/battery_logger:/opt/ros/jazzy DEBUGINFOD_URLS=https://debuginfod.ubuntu.com /usr/bin/cmake --build /home/rudolfs/ros2_ws/build/nav2_common -- -j6 -l6
[1.012s] Invoking command in '/home/rudolfs/ros2_ws/build/nav2_common': CMAKE_PREFIX_PATH=${CMAKE_PREFIX_PATH}:/home/rudolfs/ros2_ws/install/tb4_nav_to_pose:/home/rudolfs/ros2_ws/install/nav2_simple_commander:/home/rudolfs/ros2_ws/install/nav2_loopback_sim:/home/rudolfs/ros2_ws/install/cmd_vel_tracker:/home/rudolfs/ros2_ws/install/battery_logger:/home/rudolfs/testing_ws/turtlebot4_ws/install/turtlebot4_python_tutorials:/home/rudolfs/testing_ws/install/turtlebot4_python_tutorials:/home/rudolfs/testing_ws/ros2_ws/install/battery_logger:/opt/ros/jazzy DEBUGINFOD_URLS=https://debuginfod.ubuntu.com /usr/bin/cmake --install /home/rudolfs/ros2_ws/build/nav2_common
[1.038s] -- Install configuration: ""
[1.038s] -- Execute custom install script
[1.038s] -- Up-to-date symlink: /home/rudolfs/ros2_ws/install/nav2_common/share/nav2_common/environment/pythonpath.sh
[1.038s] -- Up-to-date symlink: /home/rudolfs/ros2_ws/install/nav2_common/share/nav2_common/environment/pythonpath.dsv
[1.038s] -- Up-to-date symlink: /home/rudolfs/ros2_ws/install/nav2_common/lib/python3.12/site-packages/nav2_common-1.3.7-py3.12.egg-info/PKG-INFO
[1.038s] -- Up-to-date symlink: /home/rudolfs/ros2_ws/install/nav2_common/lib/python3.12/site-packages/nav2_common-1.3.7-py3.12.egg-info/SOURCES.txt
[1.038s] -- Up-to-date symlink: /home/rudolfs/ros2_ws/install/nav2_common/lib/python3.12/site-packages/nav2_common-1.3.7-py3.12.egg-info/dependency_links.txt
[1.038s] -- Up-to-date symlink: /home/rudolfs/ros2_ws/install/nav2_common/lib/python3.12/site-packages/nav2_common-1.3.7-py3.12.egg-info/top_level.txt
[1.039s] -- Up-to-date symlink: /home/rudolfs/ros2_ws/install/nav2_common/lib/python3.12/site-packages/nav2_common/__init__.py
[1.039s] -- Up-to-date symlink: /home/rudolfs/ros2_ws/install/nav2_common/lib/python3.12/site-packages/nav2_common/launch/__init__.py
[1.039s] -- Up-to-date symlink: /home/rudolfs/ros2_ws/install/nav2_common/lib/python3.12/site-packages/nav2_common/launch/has_node_params.py
[1.039s] -- Up-to-date symlink: /home/rudolfs/ros2_ws/install/nav2_common/lib/python3.12/site-packages/nav2_common/launch/parse_multirobot_pose.py
[1.039s] -- Up-to-date symlink: /home/rudolfs/ros2_ws/install/nav2_common/lib/python3.12/site-packages/nav2_common/launch/replace_string.py
[1.039s] -- Up-to-date symlink: /home/rudolfs/ros2_ws/install/nav2_common/lib/python3.12/site-packages/nav2_common/launch/rewritten_yaml.py
[1.039s] -- Up-to-date symlink: /home/rudolfs/ros2_ws/install/nav2_common/share/ament_index/resource_index/package_run_dependencies/nav2_common
[1.039s] -- Up-to-date symlink: /home/rudolfs/ros2_ws/install/nav2_common/share/ament_index/resource_index/parent_prefix_path/nav2_common
[1.039s] -- Up-to-date symlink: /home/rudolfs/ros2_ws/install/nav2_common/share/nav2_common/environment/ament_prefix_path.sh
[1.039s] -- Up-to-date symlink: /home/rudolfs/ros2_ws/install/nav2_common/share/nav2_common/environment/ament_prefix_path.dsv
[1.039s] -- Up-to-date symlink: /home/rudolfs/ros2_ws/install/nav2_common/share/nav2_common/environment/path.sh
[1.039s] -- Up-to-date symlink: /home/rudolfs/ros2_ws/install/nav2_common/share/nav2_common/environment/path.dsv
[1.039s] -- Up-to-date symlink: /home/rudolfs/ros2_ws/install/nav2_common/share/nav2_common/local_setup.bash
[1.039s] -- Up-to-date symlink: /home/rudolfs/ros2_ws/install/nav2_common/share/nav2_common/local_setup.sh
[1.039s] -- Up-to-date symlink: /home/rudolfs/ros2_ws/install/nav2_common/share/nav2_common/local_setup.zsh
[1.039s] -- Up-to-date symlink: /home/rudolfs/ros2_ws/install/nav2_common/share/nav2_common/local_setup.dsv
[1.039s] -- Symlinking: /home/rudolfs/ros2_ws/install/nav2_common/share/nav2_common/package.dsv
[1.064s] -- Up-to-date symlink: /home/rudolfs/ros2_ws/install/nav2_common/share/ament_index/resource_index/packages/nav2_common
[1.064s] -- Up-to-date symlink: /home/rudolfs/ros2_ws/install/nav2_common/share/nav2_common/cmake/nav2_common-extras.cmake
[1.065s] -- Up-to-date symlink: /home/rudolfs/ros2_ws/install/nav2_common/share/nav2_common/cmake/nav2_commonConfig.cmake
[1.065s] -- Up-to-date symlink: /home/rudolfs/ros2_ws/install/nav2_common/share/nav2_common/cmake/nav2_commonConfig-version.cmake
[1.065s] -- Up-to-date symlink: /home/rudolfs/ros2_ws/install/nav2_common/share/nav2_common/package.xml
[1.065s] -- Up-to-date symlink: /home/rudolfs/ros2_ws/install/nav2_common/share/nav2_common/cmake/nav2_package.cmake
[1.153s] Listing '/home/rudolfs/ros2_ws/install/nav2_common/lib/python3.12/site-packages/nav2_common'...
[1.153s] Listing '/home/rudolfs/ros2_ws/install/nav2_common/lib/python3.12/site-packages/nav2_common/launch'...
[1.366s] Invoked command in '/home/rudolfs/ros2_ws/build/nav2_common' returned '0': CMAKE_PREFIX_PATH=${CMAKE_PREFIX_PATH}:/home/rudolfs/ros2_ws/install/tb4_nav_to_pose:/home/rudolfs/ros2_ws/install/nav2_simple_commander:/home/rudolfs/ros2_ws/install/nav2_loopback_sim:/home/rudolfs/ros2_ws/install/cmd_vel_tracker:/home/rudolfs/ros2_ws/install/battery_logger:/home/rudolfs/testing_ws/turtlebot4_ws/install/turtlebot4_python_tutorials:/home/rudolfs/testing_ws/install/turtlebot4_python_tutorials:/home/rudolfs/testing_ws/ros2_ws/install/battery_logger:/opt/ros/jazzy DEBUGINFOD_URLS=https://debuginfod.ubuntu.com /usr/bin/cmake --install /home/rudolfs/ros2_ws/build/nav2_common
