[0.740s] Invoking command in '/home/rudolfs/ros2_ws/build/nav2_simple_commander': AMENT_PREFIX_PATH=/home/rudolfs/ros2_ws/install/nav2_msgs:/home/rudolfs/ros2_ws/install/nav2_common:${AMENT_PREFIX_PATH} CMAKE_PREFIX_PATH=/home/rudolfs/ros2_ws/install/nav2_msgs:/home/rudolfs/ros2_ws/install/nav2_common:${CMAKE_PREFIX_PATH} DEBUGINFOD_URLS=https://debuginfod.ubuntu.com LD_LIBRARY_PATH=/home/rudolfs/ros2_ws/install/nav2_msgs/lib:${LD_LIBRARY_PATH} PYTHONPATH=/home/rudolfs/ros2_ws/build/nav2_simple_commander/prefix_override:/usr/lib/python3/dist-packages/colcon_core/task/python/colcon_distutils_commands:/home/rudolfs/ros2_ws/install/nav2_simple_commander/lib/python3.12/site-packages:/home/rudolfs/ros2_ws/install/nav2_msgs/lib/python3.12/site-packages:/home/rudolfs/ros2_ws/install/nav2_common/lib/python3.12/site-packages:${PYTHONPATH} /usr/bin/python3 -W ignore:setup.py install is deprecated -W ignore:easy_install command is deprecated setup.py develop --editable --build-directory /home/rudolfs/ros2_ws/build/nav2_simple_commander/build --no-deps symlink_data
[1.031s] running develop
[1.222s] running egg_info
[1.222s] creating nav2_simple_commander.egg-info
[1.241s] writing nav2_simple_commander.egg-info/PKG-INFO
[1.242s] writing dependency_links to nav2_simple_commander.egg-info/dependency_links.txt
[1.242s] writing entry points to nav2_simple_commander.egg-info/entry_points.txt
[1.242s] writing requirements to nav2_simple_commander.egg-info/requires.txt
[1.242s] writing top-level names to nav2_simple_commander.egg-info/top_level.txt
[1.242s] writing manifest file 'nav2_simple_commander.egg-info/SOURCES.txt'
[1.283s] reading manifest file 'nav2_simple_commander.egg-info/SOURCES.txt'
[1.283s] writing manifest file 'nav2_simple_commander.egg-info/SOURCES.txt'
[1.303s] running build_ext
[1.303s] Creating /home/rudolfs/ros2_ws/install/nav2_simple_commander/lib/python3.12/site-packages/nav2-simple-commander.egg-link (link to .)
[1.304s] Installing demo_inspection script to /home/rudolfs/ros2_ws/install/nav2_simple_commander/lib/nav2_simple_commander
[1.304s] Installing demo_picking script to /home/rudolfs/ros2_ws/install/nav2_simple_commander/lib/nav2_simple_commander
[1.304s] Installing demo_recoveries script to /home/rudolfs/ros2_ws/install/nav2_simple_commander/lib/nav2_simple_commander
[1.304s] Installing demo_security script to /home/rudolfs/ros2_ws/install/nav2_simple_commander/lib/nav2_simple_commander
[1.304s] Installing example_assisted_teleop script to /home/rudolfs/ros2_ws/install/nav2_simple_commander/lib/nav2_simple_commander
[1.304s] Installing example_follow_path script to /home/rudolfs/ros2_ws/install/nav2_simple_commander/lib/nav2_simple_commander
[1.304s] Installing example_nav_through_poses script to /home/rudolfs/ros2_ws/install/nav2_simple_commander/lib/nav2_simple_commander
[1.305s] Installing example_nav_to_pose script to /home/rudolfs/ros2_ws/install/nav2_simple_commander/lib/nav2_simple_commander
[1.305s] Installing example_waypoint_follower script to /home/rudolfs/ros2_ws/install/nav2_simple_commander/lib/nav2_simple_commander
[1.305s] 
[1.305s] Installed /home/rudolfs/ros2_ws/build/nav2_simple_commander
[1.305s] running symlink_data
[1.305s] creating /home/rudolfs/ros2_ws/install/nav2_simple_commander/share/ament_index
[1.305s] creating /home/rudolfs/ros2_ws/install/nav2_simple_commander/share/ament_index/resource_index
[1.305s] creating /home/rudolfs/ros2_ws/install/nav2_simple_commander/share/ament_index/resource_index/packages
[1.305s] symbolically linking /home/rudolfs/ros2_ws/build/nav2_simple_commander/resource/nav2_simple_commander -> /home/rudolfs/ros2_ws/install/nav2_simple_commander/share/ament_index/resource_index/packages
[1.305s] symbolically linking /home/rudolfs/ros2_ws/build/nav2_simple_commander/package.xml -> /home/rudolfs/ros2_ws/install/nav2_simple_commander/share/nav2_simple_commander
[1.305s] symbolically linking /home/rudolfs/ros2_ws/build/nav2_simple_commander/launch/nav_through_poses_example_launch.py -> /home/rudolfs/ros2_ws/install/nav2_simple_commander/share/nav2_simple_commander
[1.305s] symbolically linking /home/rudolfs/ros2_ws/build/nav2_simple_commander/launch/recoveries_example_launch.py -> /home/rudolfs/ros2_ws/install/nav2_simple_commander/share/nav2_simple_commander
[1.305s] symbolically linking /home/rudolfs/ros2_ws/build/nav2_simple_commander/launch/security_demo_launch.py -> /home/rudolfs/ros2_ws/install/nav2_simple_commander/share/nav2_simple_commander
[1.305s] symbolically linking /home/rudolfs/ros2_ws/build/nav2_simple_commander/launch/waypoint_follower_example_launch.py -> /home/rudolfs/ros2_ws/install/nav2_simple_commander/share/nav2_simple_commander
[1.306s] symbolically linking /home/rudolfs/ros2_ws/build/nav2_simple_commander/launch/nav_to_pose_example_launch.py -> /home/rudolfs/ros2_ws/install/nav2_simple_commander/share/nav2_simple_commander
[1.306s] symbolically linking /home/rudolfs/ros2_ws/build/nav2_simple_commander/launch/assisted_teleop_example_launch.py -> /home/rudolfs/ros2_ws/install/nav2_simple_commander/share/nav2_simple_commander
[1.306s] symbolically linking /home/rudolfs/ros2_ws/build/nav2_simple_commander/launch/picking_demo_launch.py -> /home/rudolfs/ros2_ws/install/nav2_simple_commander/share/nav2_simple_commander
[1.306s] symbolically linking /home/rudolfs/ros2_ws/build/nav2_simple_commander/launch/follow_path_example_launch.py -> /home/rudolfs/ros2_ws/install/nav2_simple_commander/share/nav2_simple_commander
[1.306s] symbolically linking /home/rudolfs/ros2_ws/build/nav2_simple_commander/launch/inspection_demo_launch.py -> /home/rudolfs/ros2_ws/install/nav2_simple_commander/share/nav2_simple_commander
[1.336s] Invoked command in '/home/rudolfs/ros2_ws/build/nav2_simple_commander' returned '0': AMENT_PREFIX_PATH=/home/rudolfs/ros2_ws/install/nav2_msgs:/home/rudolfs/ros2_ws/install/nav2_common:${AMENT_PREFIX_PATH} CMAKE_PREFIX_PATH=/home/rudolfs/ros2_ws/install/nav2_msgs:/home/rudolfs/ros2_ws/install/nav2_common:${CMAKE_PREFIX_PATH} DEBUGINFOD_URLS=https://debuginfod.ubuntu.com LD_LIBRARY_PATH=/home/rudolfs/ros2_ws/install/nav2_msgs/lib:${LD_LIBRARY_PATH} PYTHONPATH=/home/rudolfs/ros2_ws/build/nav2_simple_commander/prefix_override:/usr/lib/python3/dist-packages/colcon_core/task/python/colcon_distutils_commands:/home/rudolfs/ros2_ws/install/nav2_simple_commander/lib/python3.12/site-packages:/home/rudolfs/ros2_ws/install/nav2_msgs/lib/python3.12/site-packages:/home/rudolfs/ros2_ws/install/nav2_common/lib/python3.12/site-packages:${PYTHONPATH} /usr/bin/python3 -W ignore:setup.py install is deprecated -W ignore:easy_install command is deprecated setup.py develop --editable --build-directory /home/rudolfs/ros2_ws/build/nav2_simple_commander/build --no-deps symlink_data
