-- Found ament_cmake: 2.5.4 (/opt/ros/jazzy/share/ament_cmake/cmake)
-- Override CMake install command with custom implementation using symlinks instead of copying resources
-- Found nav2_common: 1.3.7 (/home/rudolfs/ros2_ws/install/nav2_common/share/nav2_common/cmake)
-- Found rclcpp: 28.1.9 (/opt/ros/jazzy/share/rclcpp/cmake)
-- Found rosidl_generator_c: 4.6.5 (/opt/ros/jazzy/share/rosidl_generator_c/cmake)
-- Found rosidl_generator_cpp: 4.6.5 (/opt/ros/jazzy/share/rosidl_generator_cpp/cmake)
-- Using all available rosidl_typesupport_c: rosidl_typesupport_fastrtps_c;rosidl_typesupport_introspection_c
-- Using all available rosidl_typesupport_cpp: rosidl_typesupport_fastrtps_cpp;rosidl_typesupport_introspection_cpp
-- Found rmw_implementation_cmake: 7.3.2 (/opt/ros/jazzy/share/rmw_implementation_cmake/cmake)
-- Found rmw_fastrtps_cpp: 8.4.2 (/opt/ros/jazzy/share/rmw_fastrtps_cpp/cmake)
-- Using RMW implementation 'rmw_fastrtps_cpp' as default
-- Found rclcpp_action: 28.1.9 (/opt/ros/jazzy/share/rclcpp_action/cmake)
-- Found rclcpp_lifecycle: 28.1.9 (/opt/ros/jazzy/share/rclcpp_lifecycle/cmake)
-- Found rclcpp_components: 28.1.9 (/opt/ros/jazzy/share/rclcpp_components/cmake)
-- Found std_msgs: 5.3.6 (/opt/ros/jazzy/share/std_msgs/cmake)
-- Found nav2_behavior_tree: 1.3.7 (/home/rudolfs/ros2_ws/install/nav2_behavior_tree/share/nav2_behavior_tree/cmake)
-- Found eigen3_cmake_module: 0.3.0 (/opt/ros/jazzy/share/eigen3_cmake_module/cmake)
-- Ensuring Eigen3 include directory is part of orocos-kdl CMake target
-- Found nav2_costmap_2d: 1.3.7 (/home/rudolfs/ros2_ws/install/nav2_costmap_2d/share/nav2_costmap_2d/cmake)
-- Found nav2_core: 1.3.7 (/home/rudolfs/ros2_ws/install/nav2_core/share/nav2_core/cmake)
-- Found ament_lint_auto: 0.17.2 (/opt/ros/jazzy/share/ament_lint_auto/cmake)
-- Found gtest sources under '/opt/ros/jazzy/src/gtest_vendor': C++ tests using 'Google Test' will be built
-- Added test 'copyright' to check source files copyright and LICENSE
-- Added test 'cppcheck' to perform static code analysis on C / C++ code
-- Configured cppcheck include dirs: /home/rudolfs/ros2_ws/src/navigation2/nav2_behaviors/include
-- Configured cppcheck exclude dirs and/or files: 
-- Added test 'cpplint' to check C / C++ code against the Google style
-- Configured cpplint exclude dirs and/or files: 
-- Added test 'lint_cmake' to check CMake code style
-- Added test 'uncrustify' to check C / C++ code style
-- Configured uncrustify additional arguments: 
-- Added test 'xmllint' to check XML markup files
-- Configuring done (3.9s)
-- Generating done (0.8s)
-- Build files have been written to: /home/rudolfs/ros2_ws/build/nav2_behaviors
[  5%] [32mBuilding CXX object CMakeFiles/nav2_spin_behavior.dir/plugins/spin.cpp.o[0m
[ 15%] [32mBuilding CXX object CMakeFiles/nav2_back_up_behavior.dir/plugins/back_up.cpp.o[0m
[ 20%] [32mBuilding CXX object CMakeFiles/nav2_wait_behavior.dir/plugins/wait.cpp.o[0m
[ 15%] [32mBuilding CXX object CMakeFiles/behavior_server_core.dir/src/behavior_server.cpp.o[0m
[ 25%] [32mBuilding CXX object CMakeFiles/nav2_drive_on_heading_behavior.dir/plugins/drive_on_heading.cpp.o[0m
[ 30%] [32mBuilding CXX object CMakeFiles/nav2_assisted_teleop_behavior.dir/plugins/assisted_teleop.cpp.o[0m
[ 35%] [32m[1mLinking CXX shared library libnav2_drive_on_heading_behavior.so[0m
[ 40%] [32m[1mLinking CXX shared library libnav2_back_up_behavior.so[0m
[ 45%] [32m[1mLinking CXX shared library libnav2_spin_behavior.so[0m
[ 45%] Built target nav2_drive_on_heading_behavior
[ 45%] Built target nav2_back_up_behavior
[ 45%] Built target nav2_spin_behavior
[ 50%] [32m[1mLinking CXX shared library libnav2_wait_behavior.so[0m
[ 55%] [32m[1mLinking CXX shared library libbehavior_server_core.so[0m
[ 55%] Built target behavior_server_core
[ 55%] Built target nav2_wait_behavior
[ 60%] [32m[1mLinking CXX shared library libnav2_assisted_teleop_behavior.so[0m
[ 60%] Built target nav2_assisted_teleop_behavior
[ 65%] [32mBuilding CXX object CMakeFiles/behavior_server.dir/src/main.cpp.o[0m
[ 70%] [32m[1mLinking CXX executable behavior_server[0m
[ 70%] Built target behavior_server
[ 80%] Built target gtest
[ 90%] Built target gtest_main
[ 95%] [32mBuilding CXX object test/CMakeFiles/test_behaviors.dir/test_behaviors.cpp.o[0m
[100%] [32m[1mLinking CXX executable test_behaviors[0m
[100%] Built target test_behaviors
-- Install configuration: "Release"
-- Execute custom install script
-- Up-to-date symlink: /home/rudolfs/ros2_ws/install/nav2_behaviors/share/nav2_behaviors//behavior_plugin.xml
-- Up-to-date symlink: /home/rudolfs/ros2_ws/install/nav2_behaviors/lib/libbehavior_server_core.so
-- Up-to-date symlink: /home/rudolfs/ros2_ws/install/nav2_behaviors/lib/libnav2_spin_behavior.so
-- Up-to-date symlink: /home/rudolfs/ros2_ws/install/nav2_behaviors/lib/libnav2_wait_behavior.so
-- Up-to-date symlink: /home/rudolfs/ros2_ws/install/nav2_behaviors/lib/libnav2_assisted_teleop_behavior.so
-- Up-to-date symlink: /home/rudolfs/ros2_ws/install/nav2_behaviors/lib/libnav2_drive_on_heading_behavior.so
-- Up-to-date symlink: /home/rudolfs/ros2_ws/install/nav2_behaviors/lib/libnav2_back_up_behavior.so
-- Up-to-date symlink: /home/rudolfs/ros2_ws/install/nav2_behaviors/lib/nav2_behaviors/behavior_server
-- Up-to-date symlink: /home/rudolfs/ros2_ws/install/nav2_behaviors/include//nav2_behaviors/behavior_server.hpp
-- Up-to-date symlink: /home/rudolfs/ros2_ws/install/nav2_behaviors/include//nav2_behaviors/plugins/assisted_teleop.hpp
-- Up-to-date symlink: /home/rudolfs/ros2_ws/install/nav2_behaviors/include//nav2_behaviors/plugins/back_up.hpp
-- Up-to-date symlink: /home/rudolfs/ros2_ws/install/nav2_behaviors/include//nav2_behaviors/plugins/drive_on_heading.hpp
-- Up-to-date symlink: /home/rudolfs/ros2_ws/install/nav2_behaviors/include//nav2_behaviors/plugins/spin.hpp
-- Up-to-date symlink: /home/rudolfs/ros2_ws/install/nav2_behaviors/include//nav2_behaviors/plugins/wait.hpp
-- Up-to-date symlink: /home/rudolfs/ros2_ws/install/nav2_behaviors/include//nav2_behaviors/timed_behavior.hpp
-- Up-to-date symlink: /home/rudolfs/ros2_ws/install/nav2_behaviors/share/nav2_behaviors/behavior_plugin.xml
-- Up-to-date symlink: /home/rudolfs/ros2_ws/install/nav2_behaviors/share/nav2_behaviors/plugins//assisted_teleop.cpp
-- Up-to-date symlink: /home/rudolfs/ros2_ws/install/nav2_behaviors/share/nav2_behaviors/plugins//back_up.cpp
-- Up-to-date symlink: /home/rudolfs/ros2_ws/install/nav2_behaviors/share/nav2_behaviors/plugins//drive_on_heading.cpp
-- Up-to-date symlink: /home/rudolfs/ros2_ws/install/nav2_behaviors/share/nav2_behaviors/plugins//spin.cpp
-- Up-to-date symlink: /home/rudolfs/ros2_ws/install/nav2_behaviors/share/nav2_behaviors/plugins//wait.cpp
-- Up-to-date symlink: /home/rudolfs/ros2_ws/install/nav2_behaviors/share/nav2_behaviors/environment/library_path.sh
-- Up-to-date symlink: /home/rudolfs/ros2_ws/install/nav2_behaviors/share/nav2_behaviors/environment/library_path.dsv
-- Up-to-date symlink: /home/rudolfs/ros2_ws/install/nav2_behaviors/share/ament_index/resource_index/package_run_dependencies/nav2_behaviors
-- Up-to-date symlink: /home/rudolfs/ros2_ws/install/nav2_behaviors/share/ament_index/resource_index/parent_prefix_path/nav2_behaviors
-- Up-to-date symlink: /home/rudolfs/ros2_ws/install/nav2_behaviors/share/nav2_behaviors/environment/ament_prefix_path.sh
-- Up-to-date symlink: /home/rudolfs/ros2_ws/install/nav2_behaviors/share/nav2_behaviors/environment/ament_prefix_path.dsv
-- Up-to-date symlink: /home/rudolfs/ros2_ws/install/nav2_behaviors/share/nav2_behaviors/environment/path.sh
-- Up-to-date symlink: /home/rudolfs/ros2_ws/install/nav2_behaviors/share/nav2_behaviors/environment/path.dsv
-- Up-to-date symlink: /home/rudolfs/ros2_ws/install/nav2_behaviors/share/nav2_behaviors/local_setup.bash
-- Up-to-date symlink: /home/rudolfs/ros2_ws/install/nav2_behaviors/share/nav2_behaviors/local_setup.sh
-- Up-to-date symlink: /home/rudolfs/ros2_ws/install/nav2_behaviors/share/nav2_behaviors/local_setup.zsh
-- Up-to-date symlink: /home/rudolfs/ros2_ws/install/nav2_behaviors/share/nav2_behaviors/local_setup.dsv
-- Symlinking: /home/rudolfs/ros2_ws/install/nav2_behaviors/share/nav2_behaviors/package.dsv
-- Up-to-date symlink: /home/rudolfs/ros2_ws/install/nav2_behaviors/share/ament_index/resource_index/packages/nav2_behaviors
-- Up-to-date symlink: /home/rudolfs/ros2_ws/install/nav2_behaviors/share/ament_index/resource_index/nav2_core__pluginlib__plugin/nav2_behaviors
-- Up-to-date symlink: /home/rudolfs/ros2_ws/install/nav2_behaviors/share/ament_index/resource_index/rclcpp_components/nav2_behaviors
-- Up-to-date symlink: /home/rudolfs/ros2_ws/install/nav2_behaviors/share/nav2_behaviors/cmake/ament_cmake_export_include_directories-extras.cmake
-- Up-to-date symlink: /home/rudolfs/ros2_ws/install/nav2_behaviors/share/nav2_behaviors/cmake/ament_cmake_export_libraries-extras.cmake
-- Up-to-date symlink: /home/rudolfs/ros2_ws/install/nav2_behaviors/share/nav2_behaviors/cmake/ament_cmake_export_dependencies-extras.cmake
-- Up-to-date symlink: /home/rudolfs/ros2_ws/install/nav2_behaviors/share/nav2_behaviors/cmake/nav2_behaviorsConfig.cmake
-- Up-to-date symlink: /home/rudolfs/ros2_ws/install/nav2_behaviors/share/nav2_behaviors/cmake/nav2_behaviorsConfig-version.cmake
-- Up-to-date symlink: /home/rudolfs/ros2_ws/install/nav2_behaviors/share/nav2_behaviors/package.xml
