-- Found ament_cmake: 2.5.4 (/opt/ros/jazzy/share/ament_cmake/cmake)
-- Override CMake install command with custom implementation using symlinks instead of copying resources
-- Found angles: 1.16.0 (/opt/ros/jazzy/share/angles/cmake)
-- Found rclcpp: 28.1.9 (/opt/ros/jazzy/share/rclcpp/cmake)
-- Found rosidl_generator_c: 4.6.5 (/opt/ros/jazzy/share/rosidl_generator_c/cmake)
-- Found rosidl_generator_cpp: 4.6.5 (/opt/ros/jazzy/share/rosidl_generator_cpp/cmake)
-- Using all available rosidl_typesupport_c: rosidl_typesupport_fastrtps_c;rosidl_typesupport_introspection_c
-- Using all available rosidl_typesupport_cpp: rosidl_typesupport_fastrtps_cpp;rosidl_typesupport_introspection_cpp
-- Found rmw_implementation_cmake: 7.3.2 (/opt/ros/jazzy/share/rmw_implementation_cmake/cmake)
-- Found rmw_fastrtps_cpp: 8.4.2 (/opt/ros/jazzy/share/rmw_fastrtps_cpp/cmake)
-- Using RMW implementation 'rmw_fastrtps_cpp' as default
-- Found rclcpp_action: 28.1.9 (/opt/ros/jazzy/share/rclcpp_action/cmake)
-- Found rclcpp_lifecycle: 28.1.9 (/opt/ros/jazzy/share/rclcpp_lifecycle/cmake)
-- Found rclcpp_components: 28.1.9 (/opt/ros/jazzy/share/rclcpp_components/cmake)
-- Found std_msgs: 5.3.6 (/opt/ros/jazzy/share/std_msgs/cmake)
-- Found sensor_msgs: 5.3.6 (/opt/ros/jazzy/share/sensor_msgs/cmake)
-- Found visualization_msgs: 5.3.6 (/opt/ros/jazzy/share/visualization_msgs/cmake)
-- Found nav2_graceful_controller: 1.3.7 (/home/rudolfs/ros2_ws/install/nav2_graceful_controller/share/nav2_graceful_controller/cmake)
-- Found eigen3_cmake_module: 0.3.0 (/opt/ros/jazzy/share/eigen3_cmake_module/cmake)
-- Ensuring Eigen3 include directory is part of orocos-kdl CMake target
-- Found yaml_cpp_vendor: 9.0.1 (/opt/ros/jazzy/share/yaml_cpp_vendor/cmake)
-- Setting yaml-cpp_DIR to: '/opt/ros/jazzy/share/yaml_cpp_vendor/cmake/../../../opt/yaml_cpp_vendor/share/cmake/yaml-cpp'
-- Found opennav_docking_core: 1.3.7 (/home/rudolfs/ros2_ws/install/opennav_docking_core/share/opennav_docking_core/cmake)
-- Found ament_lint_auto: 0.17.2 (/opt/ros/jazzy/share/ament_lint_auto/cmake)
-- Found ament_cmake_gtest: 2.5.4 (/opt/ros/jazzy/share/ament_cmake_gtest/cmake)
-- Found ament_cmake_pytest: 2.5.4 (/opt/ros/jazzy/share/ament_cmake_pytest/cmake)
-- Found gtest sources under '/opt/ros/jazzy/src/gtest_vendor': C++ tests using 'Google Test' will be built
-- Added test 'copyright' to check source files copyright and LICENSE
-- Added test 'cppcheck' to perform static code analysis on C / C++ code
-- Configured cppcheck include dirs: /home/rudolfs/ros2_ws/src/navigation2/nav2_docking/opennav_docking/include
-- Configured cppcheck exclude dirs and/or files: 
-- Added test 'cpplint' to check C / C++ code against the Google style
-- Configured cpplint exclude dirs and/or files: 
-- Added test 'flake8' to check Python code syntax and style conventions
-- Configured 'flake8' exclude dirs and/or files: 
-- Added test 'lint_cmake' to check CMake code style
-- Added test 'pep257' to check Python code against some of the docstring style conventions in PEP 257
-- Added test 'uncrustify' to check C / C++ code style
-- Configured uncrustify additional arguments: 
-- Added test 'xmllint' to check XML markup files
-- Configuring done (3.2s)
-- Generating done (0.7s)
-- Build files have been written to: /home/rudolfs/ros2_ws/build/opennav_docking
[  2%] [32mBuilding CXX object CMakeFiles/controller.dir/src/controller.cpp.o[0m
[  5%] [32m[1mLinking CXX shared library libcontroller.so[0m
[  5%] Built target controller
[  8%] [32mBuilding CXX object test/CMakeFiles/test_dock.dir/testing_dock.cpp.o[0m
[ 11%] [32m[1mLinking CXX shared library libtest_dock.so[0m
[ 11%] Built target test_dock
[ 13%] [32mBuilding CXX object CMakeFiles/opennav_docking_core.dir/src/docking_server.cpp.o[0m
[ 16%] [32mBuilding CXX object CMakeFiles/opennav_docking_core.dir/src/navigator.cpp.o[0m
[ 19%] [32mBuilding CXX object CMakeFiles/opennav_docking_core.dir/src/dock_database.cpp.o[0m
[ 22%] [32m[1mLinking CXX shared library libopennav_docking_core.so[0m
[ 22%] Built target opennav_docking_core
[ 27%] Built target gtest
[ 30%] [32mBuilding CXX object CMakeFiles/opennav_docking.dir/src/main.cpp.o[0m
[ 33%] [32m[1mLinking CXX executable opennav_docking[0m
[ 33%] Built target opennav_docking
[ 38%] Built target gtest_main
[ 41%] [32mBuilding CXX object CMakeFiles/pose_filter.dir/src/pose_filter.cpp.o[0m
[ 44%] [32m[1mLinking CXX shared library libpose_filter.so[0m
[ 44%] Built target pose_filter
[ 47%] [32mBuilding CXX object test/CMakeFiles/test_docking_server_unit.dir/test_docking_server_unit.cpp.o[0m
[ 50%] [32m[1mLinking CXX executable test_docking_server_unit[0m
[ 50%] Built target test_docking_server_unit
[ 52%] [32mBuilding CXX object CMakeFiles/simple_charging_dock.dir/src/simple_charging_dock.cpp.o[0m
[ 55%] [32m[1mLinking CXX shared library libsimple_charging_dock.so[0m
[ 55%] Built target simple_charging_dock
[ 58%] [32mBuilding CXX object CMakeFiles/simple_non_charging_dock.dir/src/simple_non_charging_dock.cpp.o[0m
[ 61%] [32m[1mLinking CXX shared library libsimple_non_charging_dock.so[0m
[ 61%] Built target simple_non_charging_dock
[ 63%] [32mBuilding CXX object test/CMakeFiles/test_pose_filter.dir/test_pose_filter.cpp.o[0m
[ 66%] [32mBuilding CXX object test/CMakeFiles/test_controller.dir/test_controller.cpp.o[0m
[ 69%] [32mBuilding CXX object test/CMakeFiles/test_simple_charging_dock.dir/test_simple_charging_dock.cpp.o[0m
[ 72%] [32mBuilding CXX object test/CMakeFiles/test_navigator.dir/test_navigator.cpp.o[0m
[ 75%] [32mBuilding CXX object test/CMakeFiles/test_dock_database.dir/test_dock_database.cpp.o[0m
[ 77%] [32m[1mLinking CXX executable test_pose_filter[0m
[ 77%] Built target test_pose_filter
[ 80%] [32m[1mLinking CXX executable test_dock_database[0m
[ 83%] [32m[1mLinking CXX executable test_simple_charging_dock[0m
[ 86%] [32m[1mLinking CXX executable test_navigator[0m
[ 88%] [32m[1mLinking CXX executable test_controller[0m
[ 88%] Built target test_navigator
[ 88%] Built target test_dock_database
[ 88%] Built target test_controller
[ 88%] Built target test_simple_charging_dock
[ 91%] [32mBuilding CXX object test/CMakeFiles/test_simple_non_charging_dock.dir/test_simple_non_charging_dock.cpp.o[0m
[ 94%] [32m[1mLinking CXX executable test_simple_non_charging_dock[0m
[ 94%] Built target test_simple_non_charging_dock
[ 97%] [32mBuilding CXX object test/CMakeFiles/test_utils.dir/test_utils.cpp.o[0m
[100%] [32m[1mLinking CXX executable test_utils[0m
[100%] Built target test_utils
-- Install configuration: ""
-- Execute custom install script
-- Up-to-date symlink: /home/rudolfs/ros2_ws/install/opennav_docking/share/opennav_docking//plugins.xml
-- Up-to-date symlink: /home/rudolfs/ros2_ws/install/opennav_docking/lib/opennav_docking/opennav_docking
-- Up-to-date symlink: /home/rudolfs/ros2_ws/install/opennav_docking/include//opennav_docking/controller.hpp
-- Up-to-date symlink: /home/rudolfs/ros2_ws/install/opennav_docking/include//opennav_docking/dock_database.hpp
-- Up-to-date symlink: /home/rudolfs/ros2_ws/install/opennav_docking/include//opennav_docking/docking_server.hpp
-- Up-to-date symlink: /home/rudolfs/ros2_ws/install/opennav_docking/include//opennav_docking/navigator.hpp
-- Up-to-date symlink: /home/rudolfs/ros2_ws/install/opennav_docking/include//opennav_docking/pose_filter.hpp
-- Up-to-date symlink: /home/rudolfs/ros2_ws/install/opennav_docking/include//opennav_docking/simple_charging_dock.hpp
-- Up-to-date symlink: /home/rudolfs/ros2_ws/install/opennav_docking/include//opennav_docking/simple_non_charging_dock.hpp
-- Up-to-date symlink: /home/rudolfs/ros2_ws/install/opennav_docking/include//opennav_docking/types.hpp
-- Up-to-date symlink: /home/rudolfs/ros2_ws/install/opennav_docking/include//opennav_docking/utils.hpp
-- Up-to-date symlink: /home/rudolfs/ros2_ws/install/opennav_docking/share/opennav_docking//test_dock_file.yaml
-- Up-to-date symlink: /home/rudolfs/ros2_ws/install/opennav_docking/lib/libtest_dock.so
-- Up-to-date symlink: /home/rudolfs/ros2_ws/install/opennav_docking/share/opennav_docking/environment/library_path.sh
-- Symlinking: /home/rudolfs/ros2_ws/install/opennav_docking/share/opennav_docking/environment/library_path.dsv
-- Up-to-date symlink: /home/rudolfs/ros2_ws/install/opennav_docking/share/opennav_docking/environment/library_path.sh
-- Symlinking: /home/rudolfs/ros2_ws/install/opennav_docking/share/opennav_docking/environment/library_path.dsv
-- Up-to-date symlink: /home/rudolfs/ros2_ws/install/opennav_docking/share/ament_index/resource_index/package_run_dependencies/opennav_docking
-- Up-to-date symlink: /home/rudolfs/ros2_ws/install/opennav_docking/share/ament_index/resource_index/parent_prefix_path/opennav_docking
-- Up-to-date symlink: /home/rudolfs/ros2_ws/install/opennav_docking/share/opennav_docking/environment/ament_prefix_path.sh
-- Up-to-date symlink: /home/rudolfs/ros2_ws/install/opennav_docking/share/opennav_docking/environment/ament_prefix_path.dsv
-- Up-to-date symlink: /home/rudolfs/ros2_ws/install/opennav_docking/share/opennav_docking/environment/path.sh
-- Up-to-date symlink: /home/rudolfs/ros2_ws/install/opennav_docking/share/opennav_docking/environment/path.dsv
-- Up-to-date symlink: /home/rudolfs/ros2_ws/install/opennav_docking/share/opennav_docking/local_setup.bash
-- Up-to-date symlink: /home/rudolfs/ros2_ws/install/opennav_docking/share/opennav_docking/local_setup.sh
-- Up-to-date symlink: /home/rudolfs/ros2_ws/install/opennav_docking/share/opennav_docking/local_setup.zsh
-- Up-to-date symlink: /home/rudolfs/ros2_ws/install/opennav_docking/share/opennav_docking/local_setup.dsv
-- Symlinking: /home/rudolfs/ros2_ws/install/opennav_docking/share/opennav_docking/package.dsv
-- Up-to-date symlink: /home/rudolfs/ros2_ws/install/opennav_docking/share/ament_index/resource_index/packages/opennav_docking
-- Up-to-date symlink: /home/rudolfs/ros2_ws/install/opennav_docking/share/ament_index/resource_index/opennav_docking_core__pluginlib__plugin/opennav_docking
-- Up-to-date symlink: /home/rudolfs/ros2_ws/install/opennav_docking/share/ament_index/resource_index/rclcpp_components/opennav_docking
-- Up-to-date symlink: /home/rudolfs/ros2_ws/install/opennav_docking/share/opennav_docking/cmake/ament_cmake_export_include_directories-extras.cmake
-- Up-to-date symlink: /home/rudolfs/ros2_ws/install/opennav_docking/share/opennav_docking/cmake/ament_cmake_export_libraries-extras.cmake
-- Up-to-date symlink: /home/rudolfs/ros2_ws/install/opennav_docking/share/opennav_docking/cmake/ament_cmake_export_dependencies-extras.cmake
-- Up-to-date symlink: /home/rudolfs/ros2_ws/install/opennav_docking/share/opennav_docking/cmake/opennav_dockingConfig.cmake
-- Up-to-date symlink: /home/rudolfs/ros2_ws/install/opennav_docking/share/opennav_docking/cmake/opennav_dockingConfig-version.cmake
-- Up-to-date symlink: /home/rudolfs/ros2_ws/install/opennav_docking/share/opennav_docking/package.xml
-- Installing: /home/rudolfs/ros2_ws/install/opennav_docking/lib/libopennav_docking_core.so
-- Set non-toolchain portion of runtime path of "/home/rudolfs/ros2_ws/install/opennav_docking/lib/libopennav_docking_core.so" to ""
-- Installing: /home/rudolfs/ros2_ws/install/opennav_docking/lib/libcontroller.so
-- Set non-toolchain portion of runtime path of "/home/rudolfs/ros2_ws/install/opennav_docking/lib/libcontroller.so" to ""
-- Installing: /home/rudolfs/ros2_ws/install/opennav_docking/lib/libpose_filter.so
-- Set non-toolchain portion of runtime path of "/home/rudolfs/ros2_ws/install/opennav_docking/lib/libpose_filter.so" to ""
-- Installing: /home/rudolfs/ros2_ws/install/opennav_docking/lib/libsimple_charging_dock.so
-- Set non-toolchain portion of runtime path of "/home/rudolfs/ros2_ws/install/opennav_docking/lib/libsimple_charging_dock.so" to ""
-- Installing: /home/rudolfs/ros2_ws/install/opennav_docking/lib/libsimple_non_charging_dock.so
-- Set non-toolchain portion of runtime path of "/home/rudolfs/ros2_ws/install/opennav_docking/lib/libsimple_non_charging_dock.so" to ""
