[0.025s] Invoking command in '/home/rudolfs/ros2_ws/build/opennav_docking_bt': AMENT_PREFIX_PATH=/home/rudolfs/ros2_ws/install/nav2_core:/home/rudolfs/ros2_ws/install/nav2_costmap_2d:/home/rudolfs/ros2_ws/install/nav2_map_server:/home/rudolfs/ros2_ws/install/nav2_lifecycle_manager:/home/rudolfs/ros2_ws/install/nav2_behavior_tree:/home/rudolfs/ros2_ws/install/nav2_util:/home/rudolfs/ros2_ws/install/nav2_voxel_grid:/home/rudolfs/ros2_ws/install/nav2_msgs:/home/rudolfs/ros2_ws/install/nav2_common:${AMENT_PREFIX_PATH} CMAKE_PREFIX_PATH=/home/rudolfs/ros2_ws/install/nav2_core:/home/rudolfs/ros2_ws/install/nav2_costmap_2d:/home/rudolfs/ros2_ws/install/nav2_map_server:/home/rudolfs/ros2_ws/install/nav2_lifecycle_manager:/home/rudolfs/ros2_ws/install/nav2_behavior_tree:/home/rudolfs/ros2_ws/install/nav2_util:/home/rudolfs/ros2_ws/install/nav2_voxel_grid:/home/rudolfs/ros2_ws/install/nav2_msgs:/home/rudolfs/ros2_ws/install/nav2_common:/opt/ros/jazzy/opt/gz_sim_vendor:/opt/ros/jazzy/opt/gz_sensors_vendor:/opt/ros/jazzy/opt/gz_physics_vendor:/opt/ros/jazzy/opt/sdformat_vendor:/opt/ros/jazzy/opt/gz_gui_vendor:/opt/ros/jazzy/opt/gz_transport_vendor:/opt/ros/jazzy/opt/gz_rendering_vendor:/opt/ros/jazzy/opt/gz_plugin_vendor:/opt/ros/jazzy/opt/gz_fuel_tools_vendor:/opt/ros/jazzy/opt/gz_msgs_vendor:/opt/ros/jazzy/opt/gz_common_vendor:/opt/ros/jazzy/opt/gz_math_vendor:/opt/ros/jazzy/opt/gz_utils_vendor:/opt/ros/jazzy/opt/gz_tools_vendor:/opt/ros/jazzy/opt/gz_ogre_next_vendor:/opt/ros/jazzy/opt/gz_dartsim_vendor:/opt/ros/jazzy/opt/gz_cmake_vendor:/home/rudolfs/ros2_ws/install/tb4_nav_to_pose:/home/rudolfs/ros2_ws/install/cmd_vel_tracker:/home/rudolfs/ros2_ws/install/battery_logger:/home/rudolfs/testing_ws/turtlebot4_ws/install/turtlebot4_python_tutorials:/home/rudolfs/testing_ws/install/turtlebot4_python_tutorials:/home/rudolfs/testing_ws/ros2_ws/install/battery_logger:/opt/ros/jazzy DEBUGINFOD_URLS=https://debuginfod.ubuntu.com LD_LIBRARY_PATH=/home/rudolfs/ros2_ws/install/nav2_costmap_2d/lib:/home/rudolfs/ros2_ws/install/nav2_map_server/lib:/home/rudolfs/ros2_ws/install/nav2_lifecycle_manager/lib:/home/rudolfs/ros2_ws/install/nav2_behavior_tree/lib:/home/rudolfs/ros2_ws/install/nav2_util/lib:/home/rudolfs/ros2_ws/install/nav2_voxel_grid/lib:/home/rudolfs/ros2_ws/install/nav2_msgs/lib:${LD_LIBRARY_PATH} PYTHONPATH=/home/rudolfs/ros2_ws/install/nav2_msgs/lib/python3.12/site-packages:/home/rudolfs/ros2_ws/install/nav2_common/lib/python3.12/site-packages:${PYTHONPATH} /usr/bin/cmake /home/rudolfs/ros2_ws/src/navigation2/nav2_docking/opennav_docking_bt -DAMENT_CMAKE_SYMLINK_INSTALL=1 -DCMAKE_INSTALL_PREFIX=/home/rudolfs/ros2_ws/install/opennav_docking_bt
[0.306s] -- The C compiler identification is GNU 13.3.0
[0.306s] -- The CXX compiler identification is GNU 13.3.0
[0.306s] -- Detecting C compiler ABI info
[0.306s] -- Detecting C compiler ABI info - done
[0.306s] -- Check for working C compiler: /usr/bin/cc - skipped
[0.306s] -- Detecting C compile features
[0.307s] -- Detecting C compile features - done
[0.319s] -- Detecting CXX compiler ABI info
[0.431s] -- Detecting CXX compiler ABI info - done
[0.444s] -- Check for working CXX compiler: /usr/bin/c++ - skipped
[0.445s] -- Detecting CXX compile features
[0.446s] -- Detecting CXX compile features - done
[0.451s] -- Found ament_cmake: 2.5.4 (/opt/ros/jazzy/share/ament_cmake/cmake)
[0.695s] -- Found Python3: /usr/bin/python3 (found version "3.12.3") found components: Interpreter 
[0.846s] -- Override CMake install command with custom implementation using symlinks instead of copying resources
[0.915s] -- Found rclcpp: 28.1.9 (/opt/ros/jazzy/share/rclcpp/cmake)
[0.977s] -- Found rosidl_generator_c: 4.6.5 (/opt/ros/jazzy/share/rosidl_generator_c/cmake)
[0.997s] -- Found rosidl_generator_cpp: 4.6.5 (/opt/ros/jazzy/share/rosidl_generator_cpp/cmake)
[1.021s] -- Using all available rosidl_typesupport_c: rosidl_typesupport_fastrtps_c;rosidl_typesupport_introspection_c
[1.046s] -- Using all available rosidl_typesupport_cpp: rosidl_typesupport_fastrtps_cpp;rosidl_typesupport_introspection_cpp
[1.151s] -- Found rmw_implementation_cmake: 7.3.2 (/opt/ros/jazzy/share/rmw_implementation_cmake/cmake)
[1.158s] -- Found rmw_fastrtps_cpp: 8.4.2 (/opt/ros/jazzy/share/rmw_fastrtps_cpp/cmake)
[1.267s] -- Found OpenSSL: /usr/lib/x86_64-linux-gnu/libcrypto.so (found version "3.0.13")  
[1.300s] -- Found FastRTPS: /opt/ros/jazzy/include (Required is at least version "2.13") 
[1.324s] -- Using RMW implementation 'rmw_fastrtps_cpp' as default
[1.422s] -- Found rclcpp_action: 28.1.9 (/opt/ros/jazzy/share/rclcpp_action/cmake)
[1.478s] -- Found std_msgs: 5.3.6 (/opt/ros/jazzy/share/std_msgs/cmake)
[1.497s] -- Found nav2_util: 1.3.7 (/home/rudolfs/ros2_ws/install/nav2_util/share/nav2_util/cmake)
[1.771s] -- Found eigen3_cmake_module: 0.3.0 (/opt/ros/jazzy/share/eigen3_cmake_module/cmake)
[1.772s] -- Found Eigen3: TRUE (found version "3.4.0") 
[1.772s] -- Ensuring Eigen3 include directory is part of orocos-kdl CMake target
[1.878s] -- Found nav2_core: 1.3.7 (/home/rudolfs/ros2_ws/install/nav2_core/share/nav2_core/cmake)
[2.227s] -- Found ament_lint_auto: 0.17.2 (/opt/ros/jazzy/share/ament_lint_auto/cmake)
[2.229s] -- Found ament_cmake_gtest: 2.5.4 (/opt/ros/jazzy/share/ament_cmake_gtest/cmake)
[2.373s] -- Found gtest sources under '/opt/ros/jazzy/src/gtest_vendor': C++ tests using 'Google Test' will be built
[2.376s] -- Performing Test CMAKE_HAVE_LIBC_PTHREAD
[2.471s] -- Performing Test CMAKE_HAVE_LIBC_PTHREAD - Success
[2.473s] -- Found Threads: TRUE  
[2.605s] -- Added test 'copyright' to check source files copyright and LICENSE
[2.609s] -- Added test 'cppcheck' to perform static code analysis on C / C++ code
[2.609s] -- Configured cppcheck include dirs: /home/rudolfs/ros2_ws/src/navigation2/nav2_docking/opennav_docking_bt/include
[2.611s] -- Configured cppcheck exclude dirs and/or files: 
[2.612s] -- Added test 'cpplint' to check C / C++ code against the Google style
[2.613s] -- Configured cpplint exclude dirs and/or files: 
[2.615s] -- Added test 'lint_cmake' to check CMake code style
[2.617s] -- Added test 'uncrustify' to check C / C++ code style
[2.618s] -- Configured uncrustify additional arguments: 
[2.620s] -- Added test 'xmllint' to check XML markup files
[2.627s] -- Configuring done (2.6s)
[2.830s] -- Generating done (0.2s)
[2.849s] -- Build files have been written to: /home/rudolfs/ros2_ws/build/opennav_docking_bt
[2.881s] Invoked command in '/home/rudolfs/ros2_ws/build/opennav_docking_bt' returned '0': AMENT_PREFIX_PATH=/home/rudolfs/ros2_ws/install/nav2_core:/home/rudolfs/ros2_ws/install/nav2_costmap_2d:/home/rudolfs/ros2_ws/install/nav2_map_server:/home/rudolfs/ros2_ws/install/nav2_lifecycle_manager:/home/rudolfs/ros2_ws/install/nav2_behavior_tree:/home/rudolfs/ros2_ws/install/nav2_util:/home/rudolfs/ros2_ws/install/nav2_voxel_grid:/home/rudolfs/ros2_ws/install/nav2_msgs:/home/rudolfs/ros2_ws/install/nav2_common:${AMENT_PREFIX_PATH} CMAKE_PREFIX_PATH=/home/rudolfs/ros2_ws/install/nav2_core:/home/rudolfs/ros2_ws/install/nav2_costmap_2d:/home/rudolfs/ros2_ws/install/nav2_map_server:/home/rudolfs/ros2_ws/install/nav2_lifecycle_manager:/home/rudolfs/ros2_ws/install/nav2_behavior_tree:/home/rudolfs/ros2_ws/install/nav2_util:/home/rudolfs/ros2_ws/install/nav2_voxel_grid:/home/rudolfs/ros2_ws/install/nav2_msgs:/home/rudolfs/ros2_ws/install/nav2_common:/opt/ros/jazzy/opt/gz_sim_vendor:/opt/ros/jazzy/opt/gz_sensors_vendor:/opt/ros/jazzy/opt/gz_physics_vendor:/opt/ros/jazzy/opt/sdformat_vendor:/opt/ros/jazzy/opt/gz_gui_vendor:/opt/ros/jazzy/opt/gz_transport_vendor:/opt/ros/jazzy/opt/gz_rendering_vendor:/opt/ros/jazzy/opt/gz_plugin_vendor:/opt/ros/jazzy/opt/gz_fuel_tools_vendor:/opt/ros/jazzy/opt/gz_msgs_vendor:/opt/ros/jazzy/opt/gz_common_vendor:/opt/ros/jazzy/opt/gz_math_vendor:/opt/ros/jazzy/opt/gz_utils_vendor:/opt/ros/jazzy/opt/gz_tools_vendor:/opt/ros/jazzy/opt/gz_ogre_next_vendor:/opt/ros/jazzy/opt/gz_dartsim_vendor:/opt/ros/jazzy/opt/gz_cmake_vendor:/home/rudolfs/ros2_ws/install/tb4_nav_to_pose:/home/rudolfs/ros2_ws/install/cmd_vel_tracker:/home/rudolfs/ros2_ws/install/battery_logger:/home/rudolfs/testing_ws/turtlebot4_ws/install/turtlebot4_python_tutorials:/home/rudolfs/testing_ws/install/turtlebot4_python_tutorials:/home/rudolfs/testing_ws/ros2_ws/install/battery_logger:/opt/ros/jazzy DEBUGINFOD_URLS=https://debuginfod.ubuntu.com LD_LIBRARY_PATH=/home/rudolfs/ros2_ws/install/nav2_costmap_2d/lib:/home/rudolfs/ros2_ws/install/nav2_map_server/lib:/home/rudolfs/ros2_ws/install/nav2_lifecycle_manager/lib:/home/rudolfs/ros2_ws/install/nav2_behavior_tree/lib:/home/rudolfs/ros2_ws/install/nav2_util/lib:/home/rudolfs/ros2_ws/install/nav2_voxel_grid/lib:/home/rudolfs/ros2_ws/install/nav2_msgs/lib:${LD_LIBRARY_PATH} PYTHONPATH=/home/rudolfs/ros2_ws/install/nav2_msgs/lib/python3.12/site-packages:/home/rudolfs/ros2_ws/install/nav2_common/lib/python3.12/site-packages:${PYTHONPATH} /usr/bin/cmake /home/rudolfs/ros2_ws/src/navigation2/nav2_docking/opennav_docking_bt -DAMENT_CMAKE_SYMLINK_INSTALL=1 -DCMAKE_INSTALL_PREFIX=/home/rudolfs/ros2_ws/install/opennav_docking_bt
[2.882s] Invoking command in '/home/rudolfs/ros2_ws/build/opennav_docking_bt': AMENT_PREFIX_PATH=/home/rudolfs/ros2_ws/install/nav2_core:/home/rudolfs/ros2_ws/install/nav2_costmap_2d:/home/rudolfs/ros2_ws/install/nav2_map_server:/home/rudolfs/ros2_ws/install/nav2_lifecycle_manager:/home/rudolfs/ros2_ws/install/nav2_behavior_tree:/home/rudolfs/ros2_ws/install/nav2_util:/home/rudolfs/ros2_ws/install/nav2_voxel_grid:/home/rudolfs/ros2_ws/install/nav2_msgs:/home/rudolfs/ros2_ws/install/nav2_common:${AMENT_PREFIX_PATH} CMAKE_PREFIX_PATH=/home/rudolfs/ros2_ws/install/nav2_core:/home/rudolfs/ros2_ws/install/nav2_costmap_2d:/home/rudolfs/ros2_ws/install/nav2_map_server:/home/rudolfs/ros2_ws/install/nav2_lifecycle_manager:/home/rudolfs/ros2_ws/install/nav2_behavior_tree:/home/rudolfs/ros2_ws/install/nav2_util:/home/rudolfs/ros2_ws/install/nav2_voxel_grid:/home/rudolfs/ros2_ws/install/nav2_msgs:/home/rudolfs/ros2_ws/install/nav2_common:/opt/ros/jazzy/opt/gz_sim_vendor:/opt/ros/jazzy/opt/gz_sensors_vendor:/opt/ros/jazzy/opt/gz_physics_vendor:/opt/ros/jazzy/opt/sdformat_vendor:/opt/ros/jazzy/opt/gz_gui_vendor:/opt/ros/jazzy/opt/gz_transport_vendor:/opt/ros/jazzy/opt/gz_rendering_vendor:/opt/ros/jazzy/opt/gz_plugin_vendor:/opt/ros/jazzy/opt/gz_fuel_tools_vendor:/opt/ros/jazzy/opt/gz_msgs_vendor:/opt/ros/jazzy/opt/gz_common_vendor:/opt/ros/jazzy/opt/gz_math_vendor:/opt/ros/jazzy/opt/gz_utils_vendor:/opt/ros/jazzy/opt/gz_tools_vendor:/opt/ros/jazzy/opt/gz_ogre_next_vendor:/opt/ros/jazzy/opt/gz_dartsim_vendor:/opt/ros/jazzy/opt/gz_cmake_vendor:/home/rudolfs/ros2_ws/install/tb4_nav_to_pose:/home/rudolfs/ros2_ws/install/cmd_vel_tracker:/home/rudolfs/ros2_ws/install/battery_logger:/home/rudolfs/testing_ws/turtlebot4_ws/install/turtlebot4_python_tutorials:/home/rudolfs/testing_ws/install/turtlebot4_python_tutorials:/home/rudolfs/testing_ws/ros2_ws/install/battery_logger:/opt/ros/jazzy DEBUGINFOD_URLS=https://debuginfod.ubuntu.com LD_LIBRARY_PATH=/home/rudolfs/ros2_ws/install/nav2_costmap_2d/lib:/home/rudolfs/ros2_ws/install/nav2_map_server/lib:/home/rudolfs/ros2_ws/install/nav2_lifecycle_manager/lib:/home/rudolfs/ros2_ws/install/nav2_behavior_tree/lib:/home/rudolfs/ros2_ws/install/nav2_util/lib:/home/rudolfs/ros2_ws/install/nav2_voxel_grid/lib:/home/rudolfs/ros2_ws/install/nav2_msgs/lib:${LD_LIBRARY_PATH} PYTHONPATH=/home/rudolfs/ros2_ws/install/nav2_msgs/lib/python3.12/site-packages:/home/rudolfs/ros2_ws/install/nav2_common/lib/python3.12/site-packages:${PYTHONPATH} /usr/bin/cmake --build /home/rudolfs/ros2_ws/build/opennav_docking_bt -- -j6 -l6
[3.425s] [  8%] [32mBuilding CXX object CMakeFiles/opennav_dock_action_bt_node.dir/src/dock_robot.cpp.o[0m
[10.547s] [ 16%] [32m[1mLinking CXX shared library libopennav_dock_action_bt_node.so[0m
[11.321s] [ 16%] Built target opennav_dock_action_bt_node
[11.343s] [ 25%] [32mBuilding CXX object gtest/CMakeFiles/gtest.dir/src/gtest-all.cc.o[0m
[15.573s] [ 33%] [32m[1mLinking CXX static library libgtest.a[0m
[15.662s] [ 33%] Built target gtest
[15.693s] [ 41%] [32mBuilding CXX object gtest/CMakeFiles/gtest_main.dir/src/gtest_main.cc.o[0m
[16.622s] [ 50%] [32m[1mLinking CXX static library libgtest_main.a[0m
[16.659s] [ 50%] Built target gtest_main
[16.690s] [ 58%] [32mBuilding CXX object CMakeFiles/opennav_undock_action_bt_node.dir/src/undock_robot.cpp.o[0m
[24.226s] [ 66%] [32m[1mLinking CXX shared library libopennav_undock_action_bt_node.so[0m
[25.073s] [ 66%] Built target opennav_undock_action_bt_node
[25.099s] [ 75%] [32mBuilding CXX object test/CMakeFiles/test_dock_robot.dir/test_dock_robot.cpp.o[0m
[32.798s] [ 83%] [32m[1mLinking CXX executable test_dock_robot[0m
[34.105s] [ 83%] Built target test_dock_robot
[34.128s] [ 91%] [32mBuilding CXX object test/CMakeFiles/test_undock_robot.dir/test_undock_robot.cpp.o[0m
[41.029s] [100%] [32m[1mLinking CXX executable test_undock_robot[0m
[42.215s] [100%] Built target test_undock_robot
[42.229s] Invoked command in '/home/rudolfs/ros2_ws/build/opennav_docking_bt' returned '0': AMENT_PREFIX_PATH=/home/rudolfs/ros2_ws/install/nav2_core:/home/rudolfs/ros2_ws/install/nav2_costmap_2d:/home/rudolfs/ros2_ws/install/nav2_map_server:/home/rudolfs/ros2_ws/install/nav2_lifecycle_manager:/home/rudolfs/ros2_ws/install/nav2_behavior_tree:/home/rudolfs/ros2_ws/install/nav2_util:/home/rudolfs/ros2_ws/install/nav2_voxel_grid:/home/rudolfs/ros2_ws/install/nav2_msgs:/home/rudolfs/ros2_ws/install/nav2_common:${AMENT_PREFIX_PATH} CMAKE_PREFIX_PATH=/home/rudolfs/ros2_ws/install/nav2_core:/home/rudolfs/ros2_ws/install/nav2_costmap_2d:/home/rudolfs/ros2_ws/install/nav2_map_server:/home/rudolfs/ros2_ws/install/nav2_lifecycle_manager:/home/rudolfs/ros2_ws/install/nav2_behavior_tree:/home/rudolfs/ros2_ws/install/nav2_util:/home/rudolfs/ros2_ws/install/nav2_voxel_grid:/home/rudolfs/ros2_ws/install/nav2_msgs:/home/rudolfs/ros2_ws/install/nav2_common:/opt/ros/jazzy/opt/gz_sim_vendor:/opt/ros/jazzy/opt/gz_sensors_vendor:/opt/ros/jazzy/opt/gz_physics_vendor:/opt/ros/jazzy/opt/sdformat_vendor:/opt/ros/jazzy/opt/gz_gui_vendor:/opt/ros/jazzy/opt/gz_transport_vendor:/opt/ros/jazzy/opt/gz_rendering_vendor:/opt/ros/jazzy/opt/gz_plugin_vendor:/opt/ros/jazzy/opt/gz_fuel_tools_vendor:/opt/ros/jazzy/opt/gz_msgs_vendor:/opt/ros/jazzy/opt/gz_common_vendor:/opt/ros/jazzy/opt/gz_math_vendor:/opt/ros/jazzy/opt/gz_utils_vendor:/opt/ros/jazzy/opt/gz_tools_vendor:/opt/ros/jazzy/opt/gz_ogre_next_vendor:/opt/ros/jazzy/opt/gz_dartsim_vendor:/opt/ros/jazzy/opt/gz_cmake_vendor:/home/rudolfs/ros2_ws/install/tb4_nav_to_pose:/home/rudolfs/ros2_ws/install/cmd_vel_tracker:/home/rudolfs/ros2_ws/install/battery_logger:/home/rudolfs/testing_ws/turtlebot4_ws/install/turtlebot4_python_tutorials:/home/rudolfs/testing_ws/install/turtlebot4_python_tutorials:/home/rudolfs/testing_ws/ros2_ws/install/battery_logger:/opt/ros/jazzy DEBUGINFOD_URLS=https://debuginfod.ubuntu.com LD_LIBRARY_PATH=/home/rudolfs/ros2_ws/install/nav2_costmap_2d/lib:/home/rudolfs/ros2_ws/install/nav2_map_server/lib:/home/rudolfs/ros2_ws/install/nav2_lifecycle_manager/lib:/home/rudolfs/ros2_ws/install/nav2_behavior_tree/lib:/home/rudolfs/ros2_ws/install/nav2_util/lib:/home/rudolfs/ros2_ws/install/nav2_voxel_grid/lib:/home/rudolfs/ros2_ws/install/nav2_msgs/lib:${LD_LIBRARY_PATH} PYTHONPATH=/home/rudolfs/ros2_ws/install/nav2_msgs/lib/python3.12/site-packages:/home/rudolfs/ros2_ws/install/nav2_common/lib/python3.12/site-packages:${PYTHONPATH} /usr/bin/cmake --build /home/rudolfs/ros2_ws/build/opennav_docking_bt -- -j6 -l6
[42.236s] Invoking command in '/home/rudolfs/ros2_ws/build/opennav_docking_bt': AMENT_PREFIX_PATH=/home/rudolfs/ros2_ws/install/nav2_core:/home/rudolfs/ros2_ws/install/nav2_costmap_2d:/home/rudolfs/ros2_ws/install/nav2_map_server:/home/rudolfs/ros2_ws/install/nav2_lifecycle_manager:/home/rudolfs/ros2_ws/install/nav2_behavior_tree:/home/rudolfs/ros2_ws/install/nav2_util:/home/rudolfs/ros2_ws/install/nav2_voxel_grid:/home/rudolfs/ros2_ws/install/nav2_msgs:/home/rudolfs/ros2_ws/install/nav2_common:${AMENT_PREFIX_PATH} CMAKE_PREFIX_PATH=/home/rudolfs/ros2_ws/install/nav2_core:/home/rudolfs/ros2_ws/install/nav2_costmap_2d:/home/rudolfs/ros2_ws/install/nav2_map_server:/home/rudolfs/ros2_ws/install/nav2_lifecycle_manager:/home/rudolfs/ros2_ws/install/nav2_behavior_tree:/home/rudolfs/ros2_ws/install/nav2_util:/home/rudolfs/ros2_ws/install/nav2_voxel_grid:/home/rudolfs/ros2_ws/install/nav2_msgs:/home/rudolfs/ros2_ws/install/nav2_common:/opt/ros/jazzy/opt/gz_sim_vendor:/opt/ros/jazzy/opt/gz_sensors_vendor:/opt/ros/jazzy/opt/gz_physics_vendor:/opt/ros/jazzy/opt/sdformat_vendor:/opt/ros/jazzy/opt/gz_gui_vendor:/opt/ros/jazzy/opt/gz_transport_vendor:/opt/ros/jazzy/opt/gz_rendering_vendor:/opt/ros/jazzy/opt/gz_plugin_vendor:/opt/ros/jazzy/opt/gz_fuel_tools_vendor:/opt/ros/jazzy/opt/gz_msgs_vendor:/opt/ros/jazzy/opt/gz_common_vendor:/opt/ros/jazzy/opt/gz_math_vendor:/opt/ros/jazzy/opt/gz_utils_vendor:/opt/ros/jazzy/opt/gz_tools_vendor:/opt/ros/jazzy/opt/gz_ogre_next_vendor:/opt/ros/jazzy/opt/gz_dartsim_vendor:/opt/ros/jazzy/opt/gz_cmake_vendor:/home/rudolfs/ros2_ws/install/tb4_nav_to_pose:/home/rudolfs/ros2_ws/install/cmd_vel_tracker:/home/rudolfs/ros2_ws/install/battery_logger:/home/rudolfs/testing_ws/turtlebot4_ws/install/turtlebot4_python_tutorials:/home/rudolfs/testing_ws/install/turtlebot4_python_tutorials:/home/rudolfs/testing_ws/ros2_ws/install/battery_logger:/opt/ros/jazzy DEBUGINFOD_URLS=https://debuginfod.ubuntu.com LD_LIBRARY_PATH=/home/rudolfs/ros2_ws/install/nav2_costmap_2d/lib:/home/rudolfs/ros2_ws/install/nav2_map_server/lib:/home/rudolfs/ros2_ws/install/nav2_lifecycle_manager/lib:/home/rudolfs/ros2_ws/install/nav2_behavior_tree/lib:/home/rudolfs/ros2_ws/install/nav2_util/lib:/home/rudolfs/ros2_ws/install/nav2_voxel_grid/lib:/home/rudolfs/ros2_ws/install/nav2_msgs/lib:${LD_LIBRARY_PATH} PYTHONPATH=/home/rudolfs/ros2_ws/install/nav2_msgs/lib/python3.12/site-packages:/home/rudolfs/ros2_ws/install/nav2_common/lib/python3.12/site-packages:${PYTHONPATH} /usr/bin/cmake --install /home/rudolfs/ros2_ws/build/opennav_docking_bt
[42.249s] -- Install configuration: ""
[42.249s] -- Execute custom install script
[42.250s] -- Symlinking: /home/rudolfs/ros2_ws/install/opennav_docking_bt/lib/libopennav_dock_action_bt_node.so
[42.262s] -- Symlinking: /home/rudolfs/ros2_ws/install/opennav_docking_bt/lib/libopennav_undock_action_bt_node.so
[42.272s] -- Symlinking: /home/rudolfs/ros2_ws/install/opennav_docking_bt/include//opennav_docking_bt/dock_robot.hpp
[42.282s] -- Symlinking: /home/rudolfs/ros2_ws/install/opennav_docking_bt/include//opennav_docking_bt/undock_robot.hpp
[42.293s] -- Symlinking: /home/rudolfs/ros2_ws/install/opennav_docking_bt/share/opennav_docking_bt/behavior_trees/application_example.xml
[42.305s] -- Symlinking: /home/rudolfs/ros2_ws/install/opennav_docking_bt/share/opennav_docking_bt/environment/library_path.sh
[42.316s] -- Symlinking: /home/rudolfs/ros2_ws/install/opennav_docking_bt/share/opennav_docking_bt/environment/library_path.dsv
[42.325s] -- Symlinking: /home/rudolfs/ros2_ws/install/opennav_docking_bt/share/ament_index/resource_index/package_run_dependencies/opennav_docking_bt
[42.335s] -- Symlinking: /home/rudolfs/ros2_ws/install/opennav_docking_bt/share/ament_index/resource_index/parent_prefix_path/opennav_docking_bt
[42.345s] -- Symlinking: /home/rudolfs/ros2_ws/install/opennav_docking_bt/share/opennav_docking_bt/environment/ament_prefix_path.sh
[42.357s] -- Symlinking: /home/rudolfs/ros2_ws/install/opennav_docking_bt/share/opennav_docking_bt/environment/ament_prefix_path.dsv
[42.365s] -- Symlinking: /home/rudolfs/ros2_ws/install/opennav_docking_bt/share/opennav_docking_bt/environment/path.sh
[42.375s] -- Symlinking: /home/rudolfs/ros2_ws/install/opennav_docking_bt/share/opennav_docking_bt/environment/path.dsv
[42.386s] -- Symlinking: /home/rudolfs/ros2_ws/install/opennav_docking_bt/share/opennav_docking_bt/local_setup.bash
[42.396s] -- Symlinking: /home/rudolfs/ros2_ws/install/opennav_docking_bt/share/opennav_docking_bt/local_setup.sh
[42.411s] -- Symlinking: /home/rudolfs/ros2_ws/install/opennav_docking_bt/share/opennav_docking_bt/local_setup.zsh
[42.424s] -- Symlinking: /home/rudolfs/ros2_ws/install/opennav_docking_bt/share/opennav_docking_bt/local_setup.dsv
[42.439s] -- Symlinking: /home/rudolfs/ros2_ws/install/opennav_docking_bt/share/opennav_docking_bt/package.dsv
[42.450s] -- Symlinking: /home/rudolfs/ros2_ws/install/opennav_docking_bt/share/ament_index/resource_index/packages/opennav_docking_bt
[42.460s] -- Symlinking: /home/rudolfs/ros2_ws/install/opennav_docking_bt/share/opennav_docking_bt/cmake/ament_cmake_export_include_directories-extras.cmake
[42.470s] -- Symlinking: /home/rudolfs/ros2_ws/install/opennav_docking_bt/share/opennav_docking_bt/cmake/ament_cmake_export_libraries-extras.cmake
[42.484s] -- Symlinking: /home/rudolfs/ros2_ws/install/opennav_docking_bt/share/opennav_docking_bt/cmake/ament_cmake_export_dependencies-extras.cmake
[42.504s] -- Symlinking: /home/rudolfs/ros2_ws/install/opennav_docking_bt/share/opennav_docking_bt/cmake/opennav_docking_btConfig.cmake
[42.511s] -- Symlinking: /home/rudolfs/ros2_ws/install/opennav_docking_bt/share/opennav_docking_bt/cmake/opennav_docking_btConfig-version.cmake
[42.522s] -- Symlinking: /home/rudolfs/ros2_ws/install/opennav_docking_bt/share/opennav_docking_bt/package.xml
[42.539s] Invoked command in '/home/rudolfs/ros2_ws/build/opennav_docking_bt' returned '0': AMENT_PREFIX_PATH=/home/rudolfs/ros2_ws/install/nav2_core:/home/rudolfs/ros2_ws/install/nav2_costmap_2d:/home/rudolfs/ros2_ws/install/nav2_map_server:/home/rudolfs/ros2_ws/install/nav2_lifecycle_manager:/home/rudolfs/ros2_ws/install/nav2_behavior_tree:/home/rudolfs/ros2_ws/install/nav2_util:/home/rudolfs/ros2_ws/install/nav2_voxel_grid:/home/rudolfs/ros2_ws/install/nav2_msgs:/home/rudolfs/ros2_ws/install/nav2_common:${AMENT_PREFIX_PATH} CMAKE_PREFIX_PATH=/home/rudolfs/ros2_ws/install/nav2_core:/home/rudolfs/ros2_ws/install/nav2_costmap_2d:/home/rudolfs/ros2_ws/install/nav2_map_server:/home/rudolfs/ros2_ws/install/nav2_lifecycle_manager:/home/rudolfs/ros2_ws/install/nav2_behavior_tree:/home/rudolfs/ros2_ws/install/nav2_util:/home/rudolfs/ros2_ws/install/nav2_voxel_grid:/home/rudolfs/ros2_ws/install/nav2_msgs:/home/rudolfs/ros2_ws/install/nav2_common:/opt/ros/jazzy/opt/gz_sim_vendor:/opt/ros/jazzy/opt/gz_sensors_vendor:/opt/ros/jazzy/opt/gz_physics_vendor:/opt/ros/jazzy/opt/sdformat_vendor:/opt/ros/jazzy/opt/gz_gui_vendor:/opt/ros/jazzy/opt/gz_transport_vendor:/opt/ros/jazzy/opt/gz_rendering_vendor:/opt/ros/jazzy/opt/gz_plugin_vendor:/opt/ros/jazzy/opt/gz_fuel_tools_vendor:/opt/ros/jazzy/opt/gz_msgs_vendor:/opt/ros/jazzy/opt/gz_common_vendor:/opt/ros/jazzy/opt/gz_math_vendor:/opt/ros/jazzy/opt/gz_utils_vendor:/opt/ros/jazzy/opt/gz_tools_vendor:/opt/ros/jazzy/opt/gz_ogre_next_vendor:/opt/ros/jazzy/opt/gz_dartsim_vendor:/opt/ros/jazzy/opt/gz_cmake_vendor:/home/rudolfs/ros2_ws/install/tb4_nav_to_pose:/home/rudolfs/ros2_ws/install/cmd_vel_tracker:/home/rudolfs/ros2_ws/install/battery_logger:/home/rudolfs/testing_ws/turtlebot4_ws/install/turtlebot4_python_tutorials:/home/rudolfs/testing_ws/install/turtlebot4_python_tutorials:/home/rudolfs/testing_ws/ros2_ws/install/battery_logger:/opt/ros/jazzy DEBUGINFOD_URLS=https://debuginfod.ubuntu.com LD_LIBRARY_PATH=/home/rudolfs/ros2_ws/install/nav2_costmap_2d/lib:/home/rudolfs/ros2_ws/install/nav2_map_server/lib:/home/rudolfs/ros2_ws/install/nav2_lifecycle_manager/lib:/home/rudolfs/ros2_ws/install/nav2_behavior_tree/lib:/home/rudolfs/ros2_ws/install/nav2_util/lib:/home/rudolfs/ros2_ws/install/nav2_voxel_grid/lib:/home/rudolfs/ros2_ws/install/nav2_msgs/lib:${LD_LIBRARY_PATH} PYTHONPATH=/home/rudolfs/ros2_ws/install/nav2_msgs/lib/python3.12/site-packages:/home/rudolfs/ros2_ws/install/nav2_common/lib/python3.12/site-packages:${PYTHONPATH} /usr/bin/cmake --install /home/rudolfs/ros2_ws/build/opennav_docking_bt
