[0.798s] Invoking command in '/home/rudolfs/ros2_ws/build/tb4_nav_to_pose': DEBUGINFOD_URLS=https://debuginfod.ubuntu.com PYTHONPATH=/home/rudolfs/ros2_ws/build/tb4_nav_to_pose/prefix_override:/usr/lib/python3/dist-packages/colcon_core/task/python/colcon_distutils_commands:/home/rudolfs/ros2_ws/install/tb4_nav_to_pose/lib/python3.12/site-packages:${PYTHONPATH} /usr/bin/python3 -W ignore:setup.py install is deprecated -W ignore:easy_install command is deprecated setup.py develop --uninstall --editable --build-directory /home/rudolfs/ros2_ws/build/tb4_nav_to_pose/build
[1.076s] running develop
[1.270s] Removing /home/rudolfs/ros2_ws/install/tb4_nav_to_pose/lib/python3.12/site-packages/tb4-nav-to-pose.egg-link (link to .)
[1.293s] Invoked command in '/home/rudolfs/ros2_ws/build/tb4_nav_to_pose' returned '0': DEBUGINFOD_URLS=https://debuginfod.ubuntu.com PYTHONPATH=/home/rudolfs/ros2_ws/build/tb4_nav_to_pose/prefix_override:/usr/lib/python3/dist-packages/colcon_core/task/python/colcon_distutils_commands:/home/rudolfs/ros2_ws/install/tb4_nav_to_pose/lib/python3.12/site-packages:${PYTHONPATH} /usr/bin/python3 -W ignore:setup.py install is deprecated -W ignore:easy_install command is deprecated setup.py develop --uninstall --editable --build-directory /home/rudolfs/ros2_ws/build/tb4_nav_to_pose/build
[1.294s] Invoking command in '/home/rudolfs/ros2_ws/src/tb4_nav_to_pose': DEBUGINFOD_URLS=https://debuginfod.ubuntu.com PYTHONPATH=/home/rudolfs/ros2_ws/build/tb4_nav_to_pose/prefix_override:/usr/lib/python3/dist-packages/colcon_core/task/python/colcon_distutils_commands:/home/rudolfs/ros2_ws/install/tb4_nav_to_pose/lib/python3.12/site-packages:${PYTHONPATH} /usr/bin/python3 -W ignore:setup.py install is deprecated -W ignore:easy_install command is deprecated setup.py egg_info --egg-base ../../build/tb4_nav_to_pose build --build-base /home/rudolfs/ros2_ws/build/tb4_nav_to_pose/build install --record /home/rudolfs/ros2_ws/build/tb4_nav_to_pose/install.log --single-version-externally-managed install_data --force
[1.543s] running egg_info
[1.562s] writing ../../build/tb4_nav_to_pose/tb4_nav_to_pose.egg-info/PKG-INFO
[1.562s] writing dependency_links to ../../build/tb4_nav_to_pose/tb4_nav_to_pose.egg-info/dependency_links.txt
[1.562s] writing entry points to ../../build/tb4_nav_to_pose/tb4_nav_to_pose.egg-info/entry_points.txt
[1.563s] writing requirements to ../../build/tb4_nav_to_pose/tb4_nav_to_pose.egg-info/requires.txt
[1.563s] writing top-level names to ../../build/tb4_nav_to_pose/tb4_nav_to_pose.egg-info/top_level.txt
[1.601s] reading manifest file '../../build/tb4_nav_to_pose/tb4_nav_to_pose.egg-info/SOURCES.txt'
[1.602s] writing manifest file '../../build/tb4_nav_to_pose/tb4_nav_to_pose.egg-info/SOURCES.txt'
[1.602s] running build
[1.602s] running build_py
[1.602s] copying tb4_nav_to_pose/nav_to_pose.py -> /home/rudolfs/ros2_ws/build/tb4_nav_to_pose/build/lib/tb4_nav_to_pose
[1.602s] running install
[1.608s] running install_lib
[1.627s] creating /home/rudolfs/ros2_ws/install/tb4_nav_to_pose/lib/python3.12/site-packages/tb4_nav_to_pose
[1.627s] copying /home/rudolfs/ros2_ws/build/tb4_nav_to_pose/build/lib/tb4_nav_to_pose/__init__.py -> /home/rudolfs/ros2_ws/install/tb4_nav_to_pose/lib/python3.12/site-packages/tb4_nav_to_pose
[1.627s] copying /home/rudolfs/ros2_ws/build/tb4_nav_to_pose/build/lib/tb4_nav_to_pose/nav_to_pose.py -> /home/rudolfs/ros2_ws/install/tb4_nav_to_pose/lib/python3.12/site-packages/tb4_nav_to_pose
[1.627s] byte-compiling /home/rudolfs/ros2_ws/install/tb4_nav_to_pose/lib/python3.12/site-packages/tb4_nav_to_pose/__init__.py to __init__.cpython-312.pyc
[1.628s] byte-compiling /home/rudolfs/ros2_ws/install/tb4_nav_to_pose/lib/python3.12/site-packages/tb4_nav_to_pose/nav_to_pose.py to nav_to_pose.cpython-312.pyc
[1.629s] running install_data
[1.629s] copying resource/tb4_nav_to_pose -> /home/rudolfs/ros2_ws/install/tb4_nav_to_pose/share/ament_index/resource_index/packages
[1.629s] copying package.xml -> /home/rudolfs/ros2_ws/install/tb4_nav_to_pose/share/tb4_nav_to_pose
[1.629s] running install_egg_info
[1.649s] Copying ../../build/tb4_nav_to_pose/tb4_nav_to_pose.egg-info to /home/rudolfs/ros2_ws/install/tb4_nav_to_pose/lib/python3.12/site-packages/tb4_nav_to_pose-0.0.0-py3.12.egg-info
[1.650s] running install_scripts
[1.772s] Installing nav_to_pose script to /home/rudolfs/ros2_ws/install/tb4_nav_to_pose/lib/tb4_nav_to_pose
[1.773s] writing list of installed files to '/home/rudolfs/ros2_ws/build/tb4_nav_to_pose/install.log'
[1.796s] Invoked command in '/home/rudolfs/ros2_ws/src/tb4_nav_to_pose' returned '0': DEBUGINFOD_URLS=https://debuginfod.ubuntu.com PYTHONPATH=/home/rudolfs/ros2_ws/build/tb4_nav_to_pose/prefix_override:/usr/lib/python3/dist-packages/colcon_core/task/python/colcon_distutils_commands:/home/rudolfs/ros2_ws/install/tb4_nav_to_pose/lib/python3.12/site-packages:${PYTHONPATH} /usr/bin/python3 -W ignore:setup.py install is deprecated -W ignore:easy_install command is deprecated setup.py egg_info --egg-base ../../build/tb4_nav_to_pose build --build-base /home/rudolfs/ros2_ws/build/tb4_nav_to_pose/build install --record /home/rudolfs/ros2_ws/build/tb4_nav_to_pose/install.log --single-version-externally-managed install_data --force
