[0.058s] Invoking command in '/home/rudolfs/ros2_ws/build/nav2_common': CMAKE_PREFIX_PATH=${CMAKE_PREFIX_PATH}:/home/rudolfs/ros2_ws/install/tb4_nav_to_pose:/home/rudolfs/ros2_ws/install/nav2_simple_commander:/home/rudolfs/ros2_ws/install/nav2_loopback_sim:/home/rudolfs/ros2_ws/install/cmd_vel_tracker:/home/rudolfs/ros2_ws/install/battery_logger:/home/rudolfs/testing_ws/turtlebot4_ws/install/turtlebot4_python_tutorials:/home/rudolfs/testing_ws/install/turtlebot4_python_tutorials:/home/rudolfs/testing_ws/ros2_ws/install/battery_logger:/opt/ros/jazzy DEBUGINFOD_URLS=https://debuginfod.ubuntu.com /usr/bin/cmake --build /home/rudolfs/ros2_ws/build/nav2_common -- -j6 -l6
[0.536s] Built target ament_cmake_python_symlink_nav2_common
[0.536s] running egg_info
[0.537s] writing nav2_common.egg-info/PKG-INFO
[0.537s] writing dependency_links to nav2_common.egg-info/dependency_links.txt
[0.537s] writing top-level names to nav2_common.egg-info/top_level.txt
[0.537s] reading manifest file 'nav2_common.egg-info/SOURCES.txt'
[0.537s] writing manifest file 'nav2_common.egg-info/SOURCES.txt'
[0.537s] Built target ament_cmake_python_build_nav2_common_egg
[0.539s] Invoked command in '/home/rudolfs/ros2_ws/build/nav2_common' returned '0': CMAKE_PREFIX_PATH=${CMAKE_PREFIX_PATH}:/home/rudolfs/ros2_ws/install/tb4_nav_to_pose:/home/rudolfs/ros2_ws/install/nav2_simple_commander:/home/rudolfs/ros2_ws/install/nav2_loopback_sim:/home/rudolfs/ros2_ws/install/cmd_vel_tracker:/home/rudolfs/ros2_ws/install/battery_logger:/home/rudolfs/testing_ws/turtlebot4_ws/install/turtlebot4_python_tutorials:/home/rudolfs/testing_ws/install/turtlebot4_python_tutorials:/home/rudolfs/testing_ws/ros2_ws/install/battery_logger:/opt/ros/jazzy DEBUGINFOD_URLS=https://debuginfod.ubuntu.com /usr/bin/cmake --build /home/rudolfs/ros2_ws/build/nav2_common -- -j6 -l6
[0.549s] Invoking command in '/home/rudolfs/ros2_ws/build/nav2_common': CMAKE_PREFIX_PATH=${CMAKE_PREFIX_PATH}:/home/rudolfs/ros2_ws/install/tb4_nav_to_pose:/home/rudolfs/ros2_ws/install/nav2_simple_commander:/home/rudolfs/ros2_ws/install/nav2_loopback_sim:/home/rudolfs/ros2_ws/install/cmd_vel_tracker:/home/rudolfs/ros2_ws/install/battery_logger:/home/rudolfs/testing_ws/turtlebot4_ws/install/turtlebot4_python_tutorials:/home/rudolfs/testing_ws/install/turtlebot4_python_tutorials:/home/rudolfs/testing_ws/ros2_ws/install/battery_logger:/opt/ros/jazzy DEBUGINFOD_URLS=https://debuginfod.ubuntu.com /usr/bin/cmake --install /home/rudolfs/ros2_ws/build/nav2_common
[0.768s] -- Install configuration: ""
[0.768s] -- Execute custom install script
[0.768s] -- Up-to-date symlink: /home/rudolfs/ros2_ws/install/nav2_common/share/nav2_common/environment/pythonpath.sh
[0.768s] -- Up-to-date symlink: /home/rudolfs/ros2_ws/install/nav2_common/share/nav2_common/environment/pythonpath.dsv
[0.769s] -- Up-to-date symlink: /home/rudolfs/ros2_ws/install/nav2_common/lib/python3.12/site-packages/nav2_common-1.3.7-py3.12.egg-info/PKG-INFO
[0.769s] -- Up-to-date symlink: /home/rudolfs/ros2_ws/install/nav2_common/lib/python3.12/site-packages/nav2_common-1.3.7-py3.12.egg-info/SOURCES.txt
[0.769s] -- Up-to-date symlink: /home/rudolfs/ros2_ws/install/nav2_common/lib/python3.12/site-packages/nav2_common-1.3.7-py3.12.egg-info/dependency_links.txt
[0.769s] -- Up-to-date symlink: /home/rudolfs/ros2_ws/install/nav2_common/lib/python3.12/site-packages/nav2_common-1.3.7-py3.12.egg-info/top_level.txt
[0.769s] -- Up-to-date symlink: /home/rudolfs/ros2_ws/install/nav2_common/lib/python3.12/site-packages/nav2_common/__init__.py
[0.769s] -- Up-to-date symlink: /home/rudolfs/ros2_ws/install/nav2_common/lib/python3.12/site-packages/nav2_common/launch/__init__.py
[0.769s] -- Up-to-date symlink: /home/rudolfs/ros2_ws/install/nav2_common/lib/python3.12/site-packages/nav2_common/launch/has_node_params.py
[0.769s] -- Up-to-date symlink: /home/rudolfs/ros2_ws/install/nav2_common/lib/python3.12/site-packages/nav2_common/launch/parse_multirobot_pose.py
[0.769s] -- Up-to-date symlink: /home/rudolfs/ros2_ws/install/nav2_common/lib/python3.12/site-packages/nav2_common/launch/replace_string.py
[0.770s] -- Up-to-date symlink: /home/rudolfs/ros2_ws/install/nav2_common/lib/python3.12/site-packages/nav2_common/launch/rewritten_yaml.py
[0.770s] -- Up-to-date symlink: /home/rudolfs/ros2_ws/install/nav2_common/share/ament_index/resource_index/package_run_dependencies/nav2_common
[0.770s] -- Up-to-date symlink: /home/rudolfs/ros2_ws/install/nav2_common/share/ament_index/resource_index/parent_prefix_path/nav2_common
[0.770s] -- Up-to-date symlink: /home/rudolfs/ros2_ws/install/nav2_common/share/nav2_common/environment/ament_prefix_path.sh
[0.770s] -- Up-to-date symlink: /home/rudolfs/ros2_ws/install/nav2_common/share/nav2_common/environment/ament_prefix_path.dsv
[0.770s] -- Up-to-date symlink: /home/rudolfs/ros2_ws/install/nav2_common/share/nav2_common/environment/path.sh
[0.770s] -- Up-to-date symlink: /home/rudolfs/ros2_ws/install/nav2_common/share/nav2_common/environment/path.dsv
[0.770s] -- Up-to-date symlink: /home/rudolfs/ros2_ws/install/nav2_common/share/nav2_common/local_setup.bash
[0.770s] -- Up-to-date symlink: /home/rudolfs/ros2_ws/install/nav2_common/share/nav2_common/local_setup.sh
[0.770s] -- Up-to-date symlink: /home/rudolfs/ros2_ws/install/nav2_common/share/nav2_common/local_setup.zsh
[0.770s] -- Up-to-date symlink: /home/rudolfs/ros2_ws/install/nav2_common/share/nav2_common/local_setup.dsv
[0.770s] -- Symlinking: /home/rudolfs/ros2_ws/install/nav2_common/share/nav2_common/package.dsv
[0.771s] -- Up-to-date symlink: /home/rudolfs/ros2_ws/install/nav2_common/share/ament_index/resource_index/packages/nav2_common
[0.771s] -- Up-to-date symlink: /home/rudolfs/ros2_ws/install/nav2_common/share/nav2_common/cmake/nav2_common-extras.cmake
[0.771s] -- Up-to-date symlink: /home/rudolfs/ros2_ws/install/nav2_common/share/nav2_common/cmake/nav2_commonConfig.cmake
[0.771s] -- Up-to-date symlink: /home/rudolfs/ros2_ws/install/nav2_common/share/nav2_common/cmake/nav2_commonConfig-version.cmake
[0.771s] -- Up-to-date symlink: /home/rudolfs/ros2_ws/install/nav2_common/share/nav2_common/package.xml
[0.771s] -- Up-to-date symlink: /home/rudolfs/ros2_ws/install/nav2_common/share/nav2_common/cmake/nav2_package.cmake
[0.771s] Listing '/home/rudolfs/ros2_ws/install/nav2_common/lib/python3.12/site-packages/nav2_common'...
[0.771s] Listing '/home/rudolfs/ros2_ws/install/nav2_common/lib/python3.12/site-packages/nav2_common/launch'...
[0.781s] Invoked command in '/home/rudolfs/ros2_ws/build/nav2_common' returned '0': CMAKE_PREFIX_PATH=${CMAKE_PREFIX_PATH}:/home/rudolfs/ros2_ws/install/tb4_nav_to_pose:/home/rudolfs/ros2_ws/install/nav2_simple_commander:/home/rudolfs/ros2_ws/install/nav2_loopback_sim:/home/rudolfs/ros2_ws/install/cmd_vel_tracker:/home/rudolfs/ros2_ws/install/battery_logger:/home/rudolfs/testing_ws/turtlebot4_ws/install/turtlebot4_python_tutorials:/home/rudolfs/testing_ws/install/turtlebot4_python_tutorials:/home/rudolfs/testing_ws/ros2_ws/install/battery_logger:/opt/ros/jazzy DEBUGINFOD_URLS=https://debuginfod.ubuntu.com /usr/bin/cmake --install /home/rudolfs/ros2_ws/build/nav2_common
