[0.053s] Invoking command in '/home/rudolfs/ros2_ws/build/nav2_behavior_tree': CMAKE_PREFIX_PATH=/home/rudolfs/ros2_ws/install/nav2_util:/home/rudolfs/ros2_ws/install/nav2_msgs:/home/rudolfs/ros2_ws/install/nav2_common:/home/rudolfs/ros2_ws/install/turtlebot4_node:/home/rudolfs/ros2_ws/install/turtlebot4_navigation:/home/rudolfs/ros2_ws/install/turtlebot4_msgs:/home/rudolfs/ros2_ws/install/turtlebot4_description:/home/rudolfs/ros2_ws/install/nav2_system_tests:/home/rudolfs/ros2_ws/install/nav2_bringup:/home/rudolfs/ros2_ws/install/navigation2:/home/rudolfs/ros2_ws/install/opennav_docking:/home/rudolfs/ros2_ws/install/opennav_docking_core:/home/rudolfs/ros2_ws/install/opennav_docking_bt:/home/rudolfs/ros2_ws/install/nav2_smoother:/home/rudolfs/ros2_ws/install/nav2_rotation_shim_controller:/home/rudolfs/ros2_ws/install/nav2_graceful_controller:/home/rudolfs/ros2_ws/install/nav2_dwb_controller:/home/rudolfs/ros2_ws/install/nav2_controller:/home/rudolfs/ros2_ws/install/dwb_plugins:/home/rudolfs/ros2_ws/install/dwb_critics:/home/rudolfs/ros2_ws/install/dwb_core:/home/rudolfs/ros2_ws/install/nav_2d_utils:/home/rudolfs/ros2_ws/install/dwb_msgs:/home/rudolfs/ros2_ws/install/nav_2d_msgs:/home/rudolfs/ros2_ws/install/nav2_waypoint_follower:/home/rudolfs/ros2_ws/install/nav2_theta_star_planner:/home/rudolfs/ros2_ws/install/nav2_smac_planner:/home/rudolfs/ros2_ws/install/nav2_regulated_pure_pursuit_controller:/home/rudolfs/ros2_ws/install/nav2_planner:/home/rudolfs/ros2_ws/install/nav2_navfn_planner:/home/rudolfs/ros2_ws/install/nav2_mppi_controller:/home/rudolfs/ros2_ws/install/nav2_constrained_smoother:/home/rudolfs/ros2_ws/install/nav2_bt_navigator:/home/rudolfs/ros2_ws/install/nav2_behaviors:/home/rudolfs/ros2_ws/install/nav2_core:/home/rudolfs/ros2_ws/install/nav2_collision_monitor:/home/rudolfs/ros2_ws/install/costmap_queue:/home/rudolfs/ros2_ws/install/nav2_costmap_2d:/home/rudolfs/ros2_ws/install/nav2_voxel_grid:/home/rudolfs/ros2_ws/install/nav2_velocity_smoother:/home/rudolfs/ros2_ws/install/nav2_rviz_plugins:/home/rudolfs/ros2_ws/install/nav2_map_server:/home/rudolfs/ros2_ws/install/nav2_lifecycle_manager:/home/rudolfs/ros2_ws/install/nav2_behavior_tree:/home/rudolfs/ros2_ws/install/nav2_amcl:/opt/ros/jazzy/opt/gz_sim_vendor:/opt/ros/jazzy/opt/gz_sensors_vendor:/opt/ros/jazzy/opt/gz_physics_vendor:/opt/ros/jazzy/opt/sdformat_vendor:/opt/ros/jazzy/opt/gz_gui_vendor:/opt/ros/jazzy/opt/gz_transport_vendor:/opt/ros/jazzy/opt/gz_rendering_vendor:/opt/ros/jazzy/opt/gz_plugin_vendor:/opt/ros/jazzy/opt/gz_fuel_tools_vendor:/opt/ros/jazzy/opt/gz_msgs_vendor:/opt/ros/jazzy/opt/gz_common_vendor:/opt/ros/jazzy/opt/gz_math_vendor:/opt/ros/jazzy/opt/gz_utils_vendor:/opt/ros/jazzy/opt/gz_tools_vendor:/opt/ros/jazzy/opt/gz_ogre_next_vendor:/opt/ros/jazzy/opt/gz_dartsim_vendor:/opt/ros/jazzy/opt/gz_cmake_vendor:/home/rudolfs/ros2_ws/install/tb4_nav_to_pose:/home/rudolfs/ros2_ws/install/nav2_simple_commander:/home/rudolfs/ros2_ws/install/nav2_loopback_sim:/home/rudolfs/ros2_ws/install/cmd_vel_tracker:/home/rudolfs/ros2_ws/install/battery_logger:/home/rudolfs/testing_ws/turtlebot4_ws/install/turtlebot4_python_tutorials:/home/rudolfs/testing_ws/install/turtlebot4_python_tutorials:/home/rudolfs/testing_ws/ros2_ws/install/battery_logger:/opt/ros/jazzy DEBUGINFOD_URLS=https://debuginfod.ubuntu.com LD_LIBRARY_PATH=/home/rudolfs/ros2_ws/install/nav2_util/lib:/home/rudolfs/ros2_ws/install/nav2_msgs/lib:/home/rudolfs/ros2_ws/install/turtlebot4_msgs/lib:/home/rudolfs/ros2_ws/install/nav2_system_tests/lib:/home/rudolfs/ros2_ws/install/opennav_docking/lib:/home/rudolfs/ros2_ws/install/opennav_docking_bt/lib:/home/rudolfs/ros2_ws/install/nav2_smoother/lib:/home/rudolfs/ros2_ws/install/nav2_rotation_shim_controller/lib:/home/rudolfs/ros2_ws/install/nav2_graceful_controller/lib:/home/rudolfs/ros2_ws/install/nav2_controller/lib:/home/rudolfs/ros2_ws/install/dwb_plugins/lib:/home/rudolfs/ros2_ws/install/dwb_critics/lib:/home/rudolfs/ros2_ws/install/dwb_core/lib:/home/rudolfs/ros2_ws/install/nav_2d_utils/lib:/home/rudolfs/ros2_ws/install/dwb_msgs/lib:/home/rudolfs/ros2_ws/install/nav_2d_msgs/lib:/home/rudolfs/ros2_ws/install/nav2_waypoint_follower/lib:/home/rudolfs/ros2_ws/install/nav2_theta_star_planner/lib:/home/rudolfs/ros2_ws/install/nav2_smac_planner/lib:/home/rudolfs/ros2_ws/install/nav2_regulated_pure_pursuit_controller/lib:/home/rudolfs/ros2_ws/install/nav2_planner/lib:/home/rudolfs/ros2_ws/install/nav2_navfn_planner/lib:/home/rudolfs/ros2_ws/install/nav2_mppi_controller/lib:/home/rudolfs/ros2_ws/install/nav2_constrained_smoother/lib:/home/rudolfs/ros2_ws/install/nav2_bt_navigator/lib:/home/rudolfs/ros2_ws/install/nav2_behaviors/lib:/home/rudolfs/ros2_ws/install/nav2_collision_monitor/lib:/home/rudolfs/ros2_ws/install/costmap_queue/lib:/home/rudolfs/ros2_ws/install/nav2_costmap_2d/lib:/home/rudolfs/ros2_ws/install/nav2_voxel_grid/lib:/home/rudolfs/ros2_ws/install/nav2_velocity_smoother/lib:/home/rudolfs/ros2_ws/install/nav2_rviz_plugins/lib:/home/rudolfs/ros2_ws/install/nav2_map_server/lib:/home/rudolfs/ros2_ws/install/nav2_lifecycle_manager/lib:/home/rudolfs/ros2_ws/install/nav2_behavior_tree/lib:/home/rudolfs/ros2_ws/install/nav2_amcl/lib:/opt/ros/jazzy/opt/gz_sim_vendor/lib:/opt/ros/jazzy/opt/gz_sensors_vendor/lib:/opt/ros/jazzy/opt/gz_physics_vendor/lib:/opt/ros/jazzy/opt/sdformat_vendor/lib:/opt/ros/jazzy/opt/rviz_ogre_vendor/lib:/opt/ros/jazzy/lib/x86_64-linux-gnu:/opt/ros/jazzy/opt/gz_gui_vendor/lib:/opt/ros/jazzy/opt/gz_transport_vendor/lib:/opt/ros/jazzy/opt/gz_rendering_vendor/lib:/opt/ros/jazzy/opt/gz_plugin_vendor/lib:/opt/ros/jazzy/opt/gz_fuel_tools_vendor/lib:/opt/ros/jazzy/opt/gz_msgs_vendor/lib:/opt/ros/jazzy/opt/gz_common_vendor/lib:/opt/ros/jazzy/opt/gz_math_vendor/lib:/opt/ros/jazzy/opt/gz_utils_vendor/lib:/opt/ros/jazzy/opt/gz_tools_vendor/lib:/opt/ros/jazzy/opt/gz_ogre_next_vendor/lib:/opt/ros/jazzy/opt/gz_dartsim_vendor/lib:/opt/ros/jazzy/opt/gz_cmake_vendor/lib:/opt/ros/jazzy/lib PYTHONPATH=/home/rudolfs/ros2_ws/install/nav2_msgs/lib/python3.12/site-packages:/home/rudolfs/ros2_ws/install/nav2_common/lib/python3.12/site-packages:/home/rudolfs/ros2_ws/install/turtlebot4_navigation/lib/python3.12/site-packages:/home/rudolfs/ros2_ws/install/turtlebot4_msgs/lib/python3.12/site-packages:/home/rudolfs/ros2_ws/install/tb4_nav_to_pose/lib/python3.12/site-packages:/home/rudolfs/ros2_ws/install/dwb_msgs/lib/python3.12/site-packages:/home/rudolfs/ros2_ws/install/nav_2d_msgs/lib/python3.12/site-packages:/home/rudolfs/ros2_ws/build/nav2_simple_commander:/home/rudolfs/ros2_ws/install/nav2_simple_commander/lib/python3.12/site-packages:/home/rudolfs/ros2_ws/build/nav2_loopback_sim:/home/rudolfs/ros2_ws/install/nav2_loopback_sim/lib/python3.12/site-packages:/home/rudolfs/ros2_ws/build/cmd_vel_tracker:/home/rudolfs/ros2_ws/install/cmd_vel_tracker/lib/python3.12/site-packages:/home/rudolfs/ros2_ws/build/battery_logger:/home/rudolfs/ros2_ws/install/battery_logger/lib/python3.12/site-packages:/home/rudolfs/testing_ws/turtlebot4_ws/build/turtlebot4_python_tutorials:/home/rudolfs/testing_ws/turtlebot4_ws/install/turtlebot4_python_tutorials/lib/python3.12/site-packages:/home/rudolfs/testing_ws/install/turtlebot4_python_tutorials/lib/python3.12/site-packages:/home/rudolfs/testing_ws/ros2_ws/install/battery_logger/lib/python3.12/site-packages:/opt/ros/jazzy/lib/python3.12/site-packages /usr/bin/cmake --build /home/rudolfs/ros2_ws/build/nav2_behavior_tree -- -j6 -l6
[0.243s] [  0%] Built target nav2_behavior_tree
[0.285s] [  0%] Built target nav2_spin_cancel_bt_node
[0.343s] [  1%] Built target nav2_back_up_cancel_bt_node
[0.382s] [  2%] Built target nav2_assisted_teleop_cancel_bt_node
[0.446s] [  3%] Built target nav2_drive_on_heading_cancel_bt_node
[0.490s] [  4%] Built target nav2_smooth_path_action_bt_node
[0.521s] [  5%] Built target nav2_follow_path_action_bt_node
[0.567s] [  6%] Built target nav2_back_up_action_bt_node
[0.607s] [  6%] Built target nav2_drive_on_heading_bt_node
[0.647s] [  7%] Built target nav2_spin_action_bt_node
[0.699s] [  8%] Built target nav2_wait_action_bt_node
[0.732s] [  9%] Built target nav2_assisted_teleop_action_bt_node
[0.773s] [ 10%] Built target nav2_clear_costmap_service_bt_node
[0.816s] [ 11%] Built target nav2_is_stuck_condition_bt_node
[0.865s] [ 12%] Built target nav2_transform_available_condition_bt_node
[0.909s] [ 13%] Built target nav2_goal_reached_condition_bt_node
[0.954s] [ 14%] Built target nav2_globally_updated_goal_condition_bt_node
[0.990s] [ 15%] Built target nav2_goal_updated_condition_bt_node
[1.025s] [ 16%] Built target nav2_is_path_valid_condition_bt_node
[1.054s] [ 17%] Built target nav2_time_expired_condition_bt_node
[1.085s] [ 18%] Built target nav2_path_expiring_timer_condition
[1.118s] [ 19%] Built target nav2_distance_traveled_condition_bt_node
[1.147s] [ 20%] Built target nav2_initial_pose_received_condition_bt_node
[1.177s] [ 21%] Built target nav2_is_battery_charging_condition_bt_node
[1.206s] [ 22%] Built target nav2_is_battery_low_condition_bt_node
[1.240s] [ 23%] Built target nav2_are_error_codes_active_condition_bt_node
[1.273s] [ 24%] Built target nav2_would_a_controller_recovery_help_condition_bt_node
[1.302s] [ 25%] Built target nav2_would_a_planner_recovery_help_condition_bt_node
[1.333s] [ 25%] Built target nav2_would_a_smoother_recovery_help_condition_bt_node
[1.365s] [ 25%] Built target nav2_reinitialize_global_localization_service_bt_node
[1.390s] [ 26%] Built target nav2_rate_controller_bt_node
[1.427s] [ 27%] Built target nav2_distance_controller_bt_node
[1.455s] [ 28%] Built target nav2_speed_controller_bt_node
[1.485s] [ 29%] Built target nav2_truncate_path_action_bt_node
[1.515s] [ 30%] Built target nav2_truncate_path_local_action_bt_node
[1.544s] [ 31%] Built target nav2_goal_updater_node_bt_node
[1.572s] [ 32%] Built target nav2_path_longer_on_approach_bt_node
[1.599s] [ 33%] Built target nav2_recovery_node_bt_node
[1.631s] [ 33%] Built target nav2_navigate_to_pose_action_bt_node
[1.671s] [ 34%] Built target nav2_navigate_through_poses_action_bt_node
[1.704s] [ 35%] Built target nav2_remove_passed_goals_action_bt_node
[1.734s] [ 36%] Built target nav2_get_pose_from_path_action_bt_node
[1.759s] [ 37%] Built target nav2_pipeline_sequence_bt_node
[1.784s] [ 38%] Built target nav2_round_robin_node_bt_node
[1.816s] [ 39%] Built target nav2_single_trigger_bt_node
[1.844s] [ 40%] Built target nav2_planner_selector_bt_node
[1.874s] [ 41%] Built target nav2_controller_selector_bt_node
[1.904s] [ 42%] Built target nav2_smoother_selector_bt_node
[1.933s] [ 43%] Built target nav2_goal_checker_selector_bt_node
[1.973s] [ 44%] Built target nav2_progress_checker_selector_bt_node
[2.002s] [ 44%] Built target nav2_goal_updated_controller_bt_node
[2.030s] [ 44%] Built target generate_nav2_tree_nodes_xml
[2.056s] [ 45%] Built target gtest_main
[2.088s] [ 46%] Built target gtest
[2.125s] [ 47%] Built target nav2_wait_cancel_bt_node
[2.159s] [ 48%] Built target test_condition_distance_traveled
[2.193s] [ 49%] Built target test_condition_time_expired
[2.224s] [ 49%] Built target test_condition_path_expiring_timer
[2.257s] [ 50%] Built target test_condition_goal_reached
[2.288s] [ 51%] Built target test_condition_goal_updated
[2.320s] [ 51%] Built target test_condition_globally_updated_goal
[2.350s] [ 52%] Built target test_condition_initial_pose_received
[2.381s] [ 53%] Built target test_condition_transform_available
[2.412s] [ 54%] Built target test_condition_is_stuck
[2.444s] [ 55%] Built target test_condition_is_battery_charging
[2.474s] [ 56%] Built target test_condition_is_battery_low
[2.504s] [ 57%] Built target test_condition_is_path_valid
[2.533s] [ 58%] Built target test_are_error_codes_present
[2.564s] [ 59%] Built target test_would_a_controller_recovery_help
[2.594s] [ 60%] Built target test_would_a_planner_recovery_help
[2.628s] [ 61%] Built target test_would_a_smoother_recovery_help
[2.658s] [ 62%] Built target test_decorator_distance_controller
[2.690s] [ 63%] Built target test_decorator_speed_controller
[2.720s] [ 64%] Built target test_decorator_rate_controller
[2.749s] [ 65%] Built target test_goal_updater_node
[2.778s] [ 66%] Built target test_single_trigger_node
[2.809s] [ 67%] Built target test_goal_updated_controller
[2.838s] [ 67%] Built target test_decorator_path_longer_on_approach
[2.867s] [ 68%] Built target test_control_recovery_node
[2.899s] [ 69%] Built target test_control_pipeline_sequence
[2.930s] [ 70%] Built target test_control_round_robin_node
[2.961s] [ 71%] Built target test_bt_action_node
[2.991s] [ 71%] Built target test_action_spin_action
[3.018s] [ 72%] Built target test_action_back_up_action
[3.045s] [ 73%] Built target test_action_drive_on_heading
[3.072s] [ 74%] Built target test_action_wait_action
[3.099s] [ 75%] Built target test_action_assisted_teleop_action
[3.129s] [ 76%] Built target test_action_wait_cancel_action
[3.156s] [ 77%] Built target test_action_spin_cancel_action
[3.183s] [ 78%] Built target test_action_back_up_cancel_action
[3.211s] [ 79%] Built target test_action_assisted_teleop_cancel_action
[3.239s] [ 80%] Built target test_action_drive_on_heading_cancel_action
[3.269s] [ 81%] Built target test_action_clear_costmap_service
[3.301s] [ 82%] Built target test_action_reinitialize_global_localization_service
[3.334s] [ 83%] Built target test_action_smooth_path_action
[3.367s] [ 84%] Built target test_action_follow_path_action
[3.401s] [ 85%] Built target test_action_navigate_to_pose_action
[3.434s] [ 86%] Built target test_action_navigate_through_poses_action
[3.468s] [ 87%] Built target test_truncate_path_action
[3.503s] [ 88%] Built target test_truncate_path_local_action
[3.537s] [ 89%] Built target test_remove_passed_goals_action
[3.571s] [ 90%] Built target test_get_pose_from_path_action
[3.608s] [ 91%] Built target test_planner_selector_node
[3.645s] [ 92%] Built target test_controller_selector_node
[3.683s] [ 93%] Built target test_smoother_selector_node
[3.718s] [ 94%] Built target test_goal_checker_selector_node
[3.747s] [ 94%] Built target test_progress_checker_selector_node
[3.774s] [ 95%] Built target test_bt_utils
[3.802s] [ 96%] Built target nav2_controller_cancel_bt_node
[3.828s] [ 97%] Built target nav2_compute_path_through_poses_action_bt_node
[3.855s] [ 97%] Built target test_action_controller_cancel_action
[3.883s] [ 98%] Built target test_action_compute_path_through_poses_action
[3.910s] [ 99%] Built target nav2_compute_path_to_pose_action_bt_node
[3.938s] [100%] Built target test_action_compute_path_to_pose_action
[3.951s] Invoked command in '/home/rudolfs/ros2_ws/build/nav2_behavior_tree' returned '0': CMAKE_PREFIX_PATH=/home/rudolfs/ros2_ws/install/nav2_util:/home/rudolfs/ros2_ws/install/nav2_msgs:/home/rudolfs/ros2_ws/install/nav2_common:/home/rudolfs/ros2_ws/install/turtlebot4_node:/home/rudolfs/ros2_ws/install/turtlebot4_navigation:/home/rudolfs/ros2_ws/install/turtlebot4_msgs:/home/rudolfs/ros2_ws/install/turtlebot4_description:/home/rudolfs/ros2_ws/install/nav2_system_tests:/home/rudolfs/ros2_ws/install/nav2_bringup:/home/rudolfs/ros2_ws/install/navigation2:/home/rudolfs/ros2_ws/install/opennav_docking:/home/rudolfs/ros2_ws/install/opennav_docking_core:/home/rudolfs/ros2_ws/install/opennav_docking_bt:/home/rudolfs/ros2_ws/install/nav2_smoother:/home/rudolfs/ros2_ws/install/nav2_rotation_shim_controller:/home/rudolfs/ros2_ws/install/nav2_graceful_controller:/home/rudolfs/ros2_ws/install/nav2_dwb_controller:/home/rudolfs/ros2_ws/install/nav2_controller:/home/rudolfs/ros2_ws/install/dwb_plugins:/home/rudolfs/ros2_ws/install/dwb_critics:/home/rudolfs/ros2_ws/install/dwb_core:/home/rudolfs/ros2_ws/install/nav_2d_utils:/home/rudolfs/ros2_ws/install/dwb_msgs:/home/rudolfs/ros2_ws/install/nav_2d_msgs:/home/rudolfs/ros2_ws/install/nav2_waypoint_follower:/home/rudolfs/ros2_ws/install/nav2_theta_star_planner:/home/rudolfs/ros2_ws/install/nav2_smac_planner:/home/rudolfs/ros2_ws/install/nav2_regulated_pure_pursuit_controller:/home/rudolfs/ros2_ws/install/nav2_planner:/home/rudolfs/ros2_ws/install/nav2_navfn_planner:/home/rudolfs/ros2_ws/install/nav2_mppi_controller:/home/rudolfs/ros2_ws/install/nav2_constrained_smoother:/home/rudolfs/ros2_ws/install/nav2_bt_navigator:/home/rudolfs/ros2_ws/install/nav2_behaviors:/home/rudolfs/ros2_ws/install/nav2_core:/home/rudolfs/ros2_ws/install/nav2_collision_monitor:/home/rudolfs/ros2_ws/install/costmap_queue:/home/rudolfs/ros2_ws/install/nav2_costmap_2d:/home/rudolfs/ros2_ws/install/nav2_voxel_grid:/home/rudolfs/ros2_ws/install/nav2_velocity_smoother:/home/rudolfs/ros2_ws/install/nav2_rviz_plugins:/home/rudolfs/ros2_ws/install/nav2_map_server:/home/rudolfs/ros2_ws/install/nav2_lifecycle_manager:/home/rudolfs/ros2_ws/install/nav2_behavior_tree:/home/rudolfs/ros2_ws/install/nav2_amcl:/opt/ros/jazzy/opt/gz_sim_vendor:/opt/ros/jazzy/opt/gz_sensors_vendor:/opt/ros/jazzy/opt/gz_physics_vendor:/opt/ros/jazzy/opt/sdformat_vendor:/opt/ros/jazzy/opt/gz_gui_vendor:/opt/ros/jazzy/opt/gz_transport_vendor:/opt/ros/jazzy/opt/gz_rendering_vendor:/opt/ros/jazzy/opt/gz_plugin_vendor:/opt/ros/jazzy/opt/gz_fuel_tools_vendor:/opt/ros/jazzy/opt/gz_msgs_vendor:/opt/ros/jazzy/opt/gz_common_vendor:/opt/ros/jazzy/opt/gz_math_vendor:/opt/ros/jazzy/opt/gz_utils_vendor:/opt/ros/jazzy/opt/gz_tools_vendor:/opt/ros/jazzy/opt/gz_ogre_next_vendor:/opt/ros/jazzy/opt/gz_dartsim_vendor:/opt/ros/jazzy/opt/gz_cmake_vendor:/home/rudolfs/ros2_ws/install/tb4_nav_to_pose:/home/rudolfs/ros2_ws/install/nav2_simple_commander:/home/rudolfs/ros2_ws/install/nav2_loopback_sim:/home/rudolfs/ros2_ws/install/cmd_vel_tracker:/home/rudolfs/ros2_ws/install/battery_logger:/home/rudolfs/testing_ws/turtlebot4_ws/install/turtlebot4_python_tutorials:/home/rudolfs/testing_ws/install/turtlebot4_python_tutorials:/home/rudolfs/testing_ws/ros2_ws/install/battery_logger:/opt/ros/jazzy DEBUGINFOD_URLS=https://debuginfod.ubuntu.com LD_LIBRARY_PATH=/home/rudolfs/ros2_ws/install/nav2_util/lib:/home/rudolfs/ros2_ws/install/nav2_msgs/lib:/home/rudolfs/ros2_ws/install/turtlebot4_msgs/lib:/home/rudolfs/ros2_ws/install/nav2_system_tests/lib:/home/rudolfs/ros2_ws/install/opennav_docking/lib:/home/rudolfs/ros2_ws/install/opennav_docking_bt/lib:/home/rudolfs/ros2_ws/install/nav2_smoother/lib:/home/rudolfs/ros2_ws/install/nav2_rotation_shim_controller/lib:/home/rudolfs/ros2_ws/install/nav2_graceful_controller/lib:/home/rudolfs/ros2_ws/install/nav2_controller/lib:/home/rudolfs/ros2_ws/install/dwb_plugins/lib:/home/rudolfs/ros2_ws/install/dwb_critics/lib:/home/rudolfs/ros2_ws/install/dwb_core/lib:/home/rudolfs/ros2_ws/install/nav_2d_utils/lib:/home/rudolfs/ros2_ws/install/dwb_msgs/lib:/home/rudolfs/ros2_ws/install/nav_2d_msgs/lib:/home/rudolfs/ros2_ws/install/nav2_waypoint_follower/lib:/home/rudolfs/ros2_ws/install/nav2_theta_star_planner/lib:/home/rudolfs/ros2_ws/install/nav2_smac_planner/lib:/home/rudolfs/ros2_ws/install/nav2_regulated_pure_pursuit_controller/lib:/home/rudolfs/ros2_ws/install/nav2_planner/lib:/home/rudolfs/ros2_ws/install/nav2_navfn_planner/lib:/home/rudolfs/ros2_ws/install/nav2_mppi_controller/lib:/home/rudolfs/ros2_ws/install/nav2_constrained_smoother/lib:/home/rudolfs/ros2_ws/install/nav2_bt_navigator/lib:/home/rudolfs/ros2_ws/install/nav2_behaviors/lib:/home/rudolfs/ros2_ws/install/nav2_collision_monitor/lib:/home/rudolfs/ros2_ws/install/costmap_queue/lib:/home/rudolfs/ros2_ws/install/nav2_costmap_2d/lib:/home/rudolfs/ros2_ws/install/nav2_voxel_grid/lib:/home/rudolfs/ros2_ws/install/nav2_velocity_smoother/lib:/home/rudolfs/ros2_ws/install/nav2_rviz_plugins/lib:/home/rudolfs/ros2_ws/install/nav2_map_server/lib:/home/rudolfs/ros2_ws/install/nav2_lifecycle_manager/lib:/home/rudolfs/ros2_ws/install/nav2_behavior_tree/lib:/home/rudolfs/ros2_ws/install/nav2_amcl/lib:/opt/ros/jazzy/opt/gz_sim_vendor/lib:/opt/ros/jazzy/opt/gz_sensors_vendor/lib:/opt/ros/jazzy/opt/gz_physics_vendor/lib:/opt/ros/jazzy/opt/sdformat_vendor/lib:/opt/ros/jazzy/opt/rviz_ogre_vendor/lib:/opt/ros/jazzy/lib/x86_64-linux-gnu:/opt/ros/jazzy/opt/gz_gui_vendor/lib:/opt/ros/jazzy/opt/gz_transport_vendor/lib:/opt/ros/jazzy/opt/gz_rendering_vendor/lib:/opt/ros/jazzy/opt/gz_plugin_vendor/lib:/opt/ros/jazzy/opt/gz_fuel_tools_vendor/lib:/opt/ros/jazzy/opt/gz_msgs_vendor/lib:/opt/ros/jazzy/opt/gz_common_vendor/lib:/opt/ros/jazzy/opt/gz_math_vendor/lib:/opt/ros/jazzy/opt/gz_utils_vendor/lib:/opt/ros/jazzy/opt/gz_tools_vendor/lib:/opt/ros/jazzy/opt/gz_ogre_next_vendor/lib:/opt/ros/jazzy/opt/gz_dartsim_vendor/lib:/opt/ros/jazzy/opt/gz_cmake_vendor/lib:/opt/ros/jazzy/lib PYTHONPATH=/home/rudolfs/ros2_ws/install/nav2_msgs/lib/python3.12/site-packages:/home/rudolfs/ros2_ws/install/nav2_common/lib/python3.12/site-packages:/home/rudolfs/ros2_ws/install/turtlebot4_navigation/lib/python3.12/site-packages:/home/rudolfs/ros2_ws/install/turtlebot4_msgs/lib/python3.12/site-packages:/home/rudolfs/ros2_ws/install/tb4_nav_to_pose/lib/python3.12/site-packages:/home/rudolfs/ros2_ws/install/dwb_msgs/lib/python3.12/site-packages:/home/rudolfs/ros2_ws/install/nav_2d_msgs/lib/python3.12/site-packages:/home/rudolfs/ros2_ws/build/nav2_simple_commander:/home/rudolfs/ros2_ws/install/nav2_simple_commander/lib/python3.12/site-packages:/home/rudolfs/ros2_ws/build/nav2_loopback_sim:/home/rudolfs/ros2_ws/install/nav2_loopback_sim/lib/python3.12/site-packages:/home/rudolfs/ros2_ws/build/cmd_vel_tracker:/home/rudolfs/ros2_ws/install/cmd_vel_tracker/lib/python3.12/site-packages:/home/rudolfs/ros2_ws/build/battery_logger:/home/rudolfs/ros2_ws/install/battery_logger/lib/python3.12/site-packages:/home/rudolfs/testing_ws/turtlebot4_ws/build/turtlebot4_python_tutorials:/home/rudolfs/testing_ws/turtlebot4_ws/install/turtlebot4_python_tutorials/lib/python3.12/site-packages:/home/rudolfs/testing_ws/install/turtlebot4_python_tutorials/lib/python3.12/site-packages:/home/rudolfs/testing_ws/ros2_ws/install/battery_logger/lib/python3.12/site-packages:/opt/ros/jazzy/lib/python3.12/site-packages /usr/bin/cmake --build /home/rudolfs/ros2_ws/build/nav2_behavior_tree -- -j6 -l6
[3.952s] Invoking command in '/home/rudolfs/ros2_ws/build/nav2_behavior_tree': CMAKE_PREFIX_PATH=/home/rudolfs/ros2_ws/install/nav2_util:/home/rudolfs/ros2_ws/install/nav2_msgs:/home/rudolfs/ros2_ws/install/nav2_common:/home/rudolfs/ros2_ws/install/turtlebot4_node:/home/rudolfs/ros2_ws/install/turtlebot4_navigation:/home/rudolfs/ros2_ws/install/turtlebot4_msgs:/home/rudolfs/ros2_ws/install/turtlebot4_description:/home/rudolfs/ros2_ws/install/nav2_system_tests:/home/rudolfs/ros2_ws/install/nav2_bringup:/home/rudolfs/ros2_ws/install/navigation2:/home/rudolfs/ros2_ws/install/opennav_docking:/home/rudolfs/ros2_ws/install/opennav_docking_core:/home/rudolfs/ros2_ws/install/opennav_docking_bt:/home/rudolfs/ros2_ws/install/nav2_smoother:/home/rudolfs/ros2_ws/install/nav2_rotation_shim_controller:/home/rudolfs/ros2_ws/install/nav2_graceful_controller:/home/rudolfs/ros2_ws/install/nav2_dwb_controller:/home/rudolfs/ros2_ws/install/nav2_controller:/home/rudolfs/ros2_ws/install/dwb_plugins:/home/rudolfs/ros2_ws/install/dwb_critics:/home/rudolfs/ros2_ws/install/dwb_core:/home/rudolfs/ros2_ws/install/nav_2d_utils:/home/rudolfs/ros2_ws/install/dwb_msgs:/home/rudolfs/ros2_ws/install/nav_2d_msgs:/home/rudolfs/ros2_ws/install/nav2_waypoint_follower:/home/rudolfs/ros2_ws/install/nav2_theta_star_planner:/home/rudolfs/ros2_ws/install/nav2_smac_planner:/home/rudolfs/ros2_ws/install/nav2_regulated_pure_pursuit_controller:/home/rudolfs/ros2_ws/install/nav2_planner:/home/rudolfs/ros2_ws/install/nav2_navfn_planner:/home/rudolfs/ros2_ws/install/nav2_mppi_controller:/home/rudolfs/ros2_ws/install/nav2_constrained_smoother:/home/rudolfs/ros2_ws/install/nav2_bt_navigator:/home/rudolfs/ros2_ws/install/nav2_behaviors:/home/rudolfs/ros2_ws/install/nav2_core:/home/rudolfs/ros2_ws/install/nav2_collision_monitor:/home/rudolfs/ros2_ws/install/costmap_queue:/home/rudolfs/ros2_ws/install/nav2_costmap_2d:/home/rudolfs/ros2_ws/install/nav2_voxel_grid:/home/rudolfs/ros2_ws/install/nav2_velocity_smoother:/home/rudolfs/ros2_ws/install/nav2_rviz_plugins:/home/rudolfs/ros2_ws/install/nav2_map_server:/home/rudolfs/ros2_ws/install/nav2_lifecycle_manager:/home/rudolfs/ros2_ws/install/nav2_behavior_tree:/home/rudolfs/ros2_ws/install/nav2_amcl:/opt/ros/jazzy/opt/gz_sim_vendor:/opt/ros/jazzy/opt/gz_sensors_vendor:/opt/ros/jazzy/opt/gz_physics_vendor:/opt/ros/jazzy/opt/sdformat_vendor:/opt/ros/jazzy/opt/gz_gui_vendor:/opt/ros/jazzy/opt/gz_transport_vendor:/opt/ros/jazzy/opt/gz_rendering_vendor:/opt/ros/jazzy/opt/gz_plugin_vendor:/opt/ros/jazzy/opt/gz_fuel_tools_vendor:/opt/ros/jazzy/opt/gz_msgs_vendor:/opt/ros/jazzy/opt/gz_common_vendor:/opt/ros/jazzy/opt/gz_math_vendor:/opt/ros/jazzy/opt/gz_utils_vendor:/opt/ros/jazzy/opt/gz_tools_vendor:/opt/ros/jazzy/opt/gz_ogre_next_vendor:/opt/ros/jazzy/opt/gz_dartsim_vendor:/opt/ros/jazzy/opt/gz_cmake_vendor:/home/rudolfs/ros2_ws/install/tb4_nav_to_pose:/home/rudolfs/ros2_ws/install/nav2_simple_commander:/home/rudolfs/ros2_ws/install/nav2_loopback_sim:/home/rudolfs/ros2_ws/install/cmd_vel_tracker:/home/rudolfs/ros2_ws/install/battery_logger:/home/rudolfs/testing_ws/turtlebot4_ws/install/turtlebot4_python_tutorials:/home/rudolfs/testing_ws/install/turtlebot4_python_tutorials:/home/rudolfs/testing_ws/ros2_ws/install/battery_logger:/opt/ros/jazzy DEBUGINFOD_URLS=https://debuginfod.ubuntu.com LD_LIBRARY_PATH=/home/rudolfs/ros2_ws/install/nav2_util/lib:/home/rudolfs/ros2_ws/install/nav2_msgs/lib:/home/rudolfs/ros2_ws/install/turtlebot4_msgs/lib:/home/rudolfs/ros2_ws/install/nav2_system_tests/lib:/home/rudolfs/ros2_ws/install/opennav_docking/lib:/home/rudolfs/ros2_ws/install/opennav_docking_bt/lib:/home/rudolfs/ros2_ws/install/nav2_smoother/lib:/home/rudolfs/ros2_ws/install/nav2_rotation_shim_controller/lib:/home/rudolfs/ros2_ws/install/nav2_graceful_controller/lib:/home/rudolfs/ros2_ws/install/nav2_controller/lib:/home/rudolfs/ros2_ws/install/dwb_plugins/lib:/home/rudolfs/ros2_ws/install/dwb_critics/lib:/home/rudolfs/ros2_ws/install/dwb_core/lib:/home/rudolfs/ros2_ws/install/nav_2d_utils/lib:/home/rudolfs/ros2_ws/install/dwb_msgs/lib:/home/rudolfs/ros2_ws/install/nav_2d_msgs/lib:/home/rudolfs/ros2_ws/install/nav2_waypoint_follower/lib:/home/rudolfs/ros2_ws/install/nav2_theta_star_planner/lib:/home/rudolfs/ros2_ws/install/nav2_smac_planner/lib:/home/rudolfs/ros2_ws/install/nav2_regulated_pure_pursuit_controller/lib:/home/rudolfs/ros2_ws/install/nav2_planner/lib:/home/rudolfs/ros2_ws/install/nav2_navfn_planner/lib:/home/rudolfs/ros2_ws/install/nav2_mppi_controller/lib:/home/rudolfs/ros2_ws/install/nav2_constrained_smoother/lib:/home/rudolfs/ros2_ws/install/nav2_bt_navigator/lib:/home/rudolfs/ros2_ws/install/nav2_behaviors/lib:/home/rudolfs/ros2_ws/install/nav2_collision_monitor/lib:/home/rudolfs/ros2_ws/install/costmap_queue/lib:/home/rudolfs/ros2_ws/install/nav2_costmap_2d/lib:/home/rudolfs/ros2_ws/install/nav2_voxel_grid/lib:/home/rudolfs/ros2_ws/install/nav2_velocity_smoother/lib:/home/rudolfs/ros2_ws/install/nav2_rviz_plugins/lib:/home/rudolfs/ros2_ws/install/nav2_map_server/lib:/home/rudolfs/ros2_ws/install/nav2_lifecycle_manager/lib:/home/rudolfs/ros2_ws/install/nav2_behavior_tree/lib:/home/rudolfs/ros2_ws/install/nav2_amcl/lib:/opt/ros/jazzy/opt/gz_sim_vendor/lib:/opt/ros/jazzy/opt/gz_sensors_vendor/lib:/opt/ros/jazzy/opt/gz_physics_vendor/lib:/opt/ros/jazzy/opt/sdformat_vendor/lib:/opt/ros/jazzy/opt/rviz_ogre_vendor/lib:/opt/ros/jazzy/lib/x86_64-linux-gnu:/opt/ros/jazzy/opt/gz_gui_vendor/lib:/opt/ros/jazzy/opt/gz_transport_vendor/lib:/opt/ros/jazzy/opt/gz_rendering_vendor/lib:/opt/ros/jazzy/opt/gz_plugin_vendor/lib:/opt/ros/jazzy/opt/gz_fuel_tools_vendor/lib:/opt/ros/jazzy/opt/gz_msgs_vendor/lib:/opt/ros/jazzy/opt/gz_common_vendor/lib:/opt/ros/jazzy/opt/gz_math_vendor/lib:/opt/ros/jazzy/opt/gz_utils_vendor/lib:/opt/ros/jazzy/opt/gz_tools_vendor/lib:/opt/ros/jazzy/opt/gz_ogre_next_vendor/lib:/opt/ros/jazzy/opt/gz_dartsim_vendor/lib:/opt/ros/jazzy/opt/gz_cmake_vendor/lib:/opt/ros/jazzy/lib PYTHONPATH=/home/rudolfs/ros2_ws/install/nav2_msgs/lib/python3.12/site-packages:/home/rudolfs/ros2_ws/install/nav2_common/lib/python3.12/site-packages:/home/rudolfs/ros2_ws/install/turtlebot4_navigation/lib/python3.12/site-packages:/home/rudolfs/ros2_ws/install/turtlebot4_msgs/lib/python3.12/site-packages:/home/rudolfs/ros2_ws/install/tb4_nav_to_pose/lib/python3.12/site-packages:/home/rudolfs/ros2_ws/install/dwb_msgs/lib/python3.12/site-packages:/home/rudolfs/ros2_ws/install/nav_2d_msgs/lib/python3.12/site-packages:/home/rudolfs/ros2_ws/build/nav2_simple_commander:/home/rudolfs/ros2_ws/install/nav2_simple_commander/lib/python3.12/site-packages:/home/rudolfs/ros2_ws/build/nav2_loopback_sim:/home/rudolfs/ros2_ws/install/nav2_loopback_sim/lib/python3.12/site-packages:/home/rudolfs/ros2_ws/build/cmd_vel_tracker:/home/rudolfs/ros2_ws/install/cmd_vel_tracker/lib/python3.12/site-packages:/home/rudolfs/ros2_ws/build/battery_logger:/home/rudolfs/ros2_ws/install/battery_logger/lib/python3.12/site-packages:/home/rudolfs/testing_ws/turtlebot4_ws/build/turtlebot4_python_tutorials:/home/rudolfs/testing_ws/turtlebot4_ws/install/turtlebot4_python_tutorials/lib/python3.12/site-packages:/home/rudolfs/testing_ws/install/turtlebot4_python_tutorials/lib/python3.12/site-packages:/home/rudolfs/testing_ws/ros2_ws/install/battery_logger/lib/python3.12/site-packages:/opt/ros/jazzy/lib/python3.12/site-packages /usr/bin/cmake --install /home/rudolfs/ros2_ws/build/nav2_behavior_tree
[3.961s] -- Install configuration: "Release"
[3.962s] -- Execute custom install script
[3.962s] -- Up-to-date symlink: /home/rudolfs/ros2_ws/install/nav2_behavior_tree/lib/libnav2_behavior_tree.so
[3.962s] -- Up-to-date symlink: /home/rudolfs/ros2_ws/install/nav2_behavior_tree/lib/libnav2_compute_path_to_pose_action_bt_node.so
[3.962s] -- Up-to-date symlink: /home/rudolfs/ros2_ws/install/nav2_behavior_tree/lib/libnav2_compute_path_through_poses_action_bt_node.so
[3.962s] -- Up-to-date symlink: /home/rudolfs/ros2_ws/install/nav2_behavior_tree/lib/libnav2_controller_cancel_bt_node.so
[3.963s] -- Up-to-date symlink: /home/rudolfs/ros2_ws/install/nav2_behavior_tree/lib/libnav2_wait_cancel_bt_node.so
[3.963s] -- Up-to-date symlink: /home/rudolfs/ros2_ws/install/nav2_behavior_tree/lib/libnav2_spin_cancel_bt_node.so
[3.963s] -- Up-to-date symlink: /home/rudolfs/ros2_ws/install/nav2_behavior_tree/lib/libnav2_back_up_cancel_bt_node.so
[3.963s] -- Up-to-date symlink: /home/rudolfs/ros2_ws/install/nav2_behavior_tree/lib/libnav2_assisted_teleop_cancel_bt_node.so
[3.963s] -- Up-to-date symlink: /home/rudolfs/ros2_ws/install/nav2_behavior_tree/lib/libnav2_drive_on_heading_cancel_bt_node.so
[3.963s] -- Up-to-date symlink: /home/rudolfs/ros2_ws/install/nav2_behavior_tree/lib/libnav2_smooth_path_action_bt_node.so
[3.963s] -- Up-to-date symlink: /home/rudolfs/ros2_ws/install/nav2_behavior_tree/lib/libnav2_follow_path_action_bt_node.so
[3.963s] -- Up-to-date symlink: /home/rudolfs/ros2_ws/install/nav2_behavior_tree/lib/libnav2_back_up_action_bt_node.so
[3.964s] -- Up-to-date symlink: /home/rudolfs/ros2_ws/install/nav2_behavior_tree/lib/libnav2_drive_on_heading_bt_node.so
[3.964s] -- Up-to-date symlink: /home/rudolfs/ros2_ws/install/nav2_behavior_tree/lib/libnav2_spin_action_bt_node.so
[3.964s] -- Up-to-date symlink: /home/rudolfs/ros2_ws/install/nav2_behavior_tree/lib/libnav2_wait_action_bt_node.so
[3.964s] -- Up-to-date symlink: /home/rudolfs/ros2_ws/install/nav2_behavior_tree/lib/libnav2_assisted_teleop_action_bt_node.so
[3.964s] -- Up-to-date symlink: /home/rudolfs/ros2_ws/install/nav2_behavior_tree/lib/libnav2_clear_costmap_service_bt_node.so
[3.964s] -- Up-to-date symlink: /home/rudolfs/ros2_ws/install/nav2_behavior_tree/lib/libnav2_is_stuck_condition_bt_node.so
[3.965s] -- Up-to-date symlink: /home/rudolfs/ros2_ws/install/nav2_behavior_tree/lib/libnav2_transform_available_condition_bt_node.so
[3.965s] -- Up-to-date symlink: /home/rudolfs/ros2_ws/install/nav2_behavior_tree/lib/libnav2_goal_reached_condition_bt_node.so
[3.965s] -- Up-to-date symlink: /home/rudolfs/ros2_ws/install/nav2_behavior_tree/lib/libnav2_globally_updated_goal_condition_bt_node.so
[3.965s] -- Up-to-date symlink: /home/rudolfs/ros2_ws/install/nav2_behavior_tree/lib/libnav2_goal_updated_condition_bt_node.so
[3.965s] -- Up-to-date symlink: /home/rudolfs/ros2_ws/install/nav2_behavior_tree/lib/libnav2_is_path_valid_condition_bt_node.so
[3.965s] -- Up-to-date symlink: /home/rudolfs/ros2_ws/install/nav2_behavior_tree/lib/libnav2_time_expired_condition_bt_node.so
[3.965s] -- Up-to-date symlink: /home/rudolfs/ros2_ws/install/nav2_behavior_tree/lib/libnav2_path_expiring_timer_condition.so
[3.965s] -- Up-to-date symlink: /home/rudolfs/ros2_ws/install/nav2_behavior_tree/lib/libnav2_distance_traveled_condition_bt_node.so
[3.965s] -- Up-to-date symlink: /home/rudolfs/ros2_ws/install/nav2_behavior_tree/lib/libnav2_initial_pose_received_condition_bt_node.so
[3.965s] -- Up-to-date symlink: /home/rudolfs/ros2_ws/install/nav2_behavior_tree/lib/libnav2_is_battery_charging_condition_bt_node.so
[3.965s] -- Up-to-date symlink: /home/rudolfs/ros2_ws/install/nav2_behavior_tree/lib/libnav2_is_battery_low_condition_bt_node.so
[3.965s] -- Up-to-date symlink: /home/rudolfs/ros2_ws/install/nav2_behavior_tree/lib/libnav2_are_error_codes_active_condition_bt_node.so
[3.965s] -- Up-to-date symlink: /home/rudolfs/ros2_ws/install/nav2_behavior_tree/lib/libnav2_would_a_controller_recovery_help_condition_bt_node.so
[3.966s] -- Up-to-date symlink: /home/rudolfs/ros2_ws/install/nav2_behavior_tree/lib/libnav2_would_a_planner_recovery_help_condition_bt_node.so
[3.966s] -- Up-to-date symlink: /home/rudolfs/ros2_ws/install/nav2_behavior_tree/lib/libnav2_would_a_smoother_recovery_help_condition_bt_node.so
[3.966s] -- Up-to-date symlink: /home/rudolfs/ros2_ws/install/nav2_behavior_tree/lib/libnav2_reinitialize_global_localization_service_bt_node.so
[3.966s] -- Up-to-date symlink: /home/rudolfs/ros2_ws/install/nav2_behavior_tree/lib/libnav2_rate_controller_bt_node.so
[3.966s] -- Up-to-date symlink: /home/rudolfs/ros2_ws/install/nav2_behavior_tree/lib/libnav2_distance_controller_bt_node.so
[3.966s] -- Up-to-date symlink: /home/rudolfs/ros2_ws/install/nav2_behavior_tree/lib/libnav2_speed_controller_bt_node.so
[3.966s] -- Up-to-date symlink: /home/rudolfs/ros2_ws/install/nav2_behavior_tree/lib/libnav2_truncate_path_action_bt_node.so
[3.966s] -- Up-to-date symlink: /home/rudolfs/ros2_ws/install/nav2_behavior_tree/lib/libnav2_truncate_path_local_action_bt_node.so
[3.966s] -- Up-to-date symlink: /home/rudolfs/ros2_ws/install/nav2_behavior_tree/lib/libnav2_goal_updater_node_bt_node.so
[3.967s] -- Up-to-date symlink: /home/rudolfs/ros2_ws/install/nav2_behavior_tree/lib/libnav2_path_longer_on_approach_bt_node.so
[3.967s] -- Up-to-date symlink: /home/rudolfs/ros2_ws/install/nav2_behavior_tree/lib/libnav2_recovery_node_bt_node.so
[3.967s] -- Up-to-date symlink: /home/rudolfs/ros2_ws/install/nav2_behavior_tree/lib/libnav2_navigate_to_pose_action_bt_node.so
[3.967s] -- Up-to-date symlink: /home/rudolfs/ros2_ws/install/nav2_behavior_tree/lib/libnav2_navigate_through_poses_action_bt_node.so
[3.967s] -- Up-to-date symlink: /home/rudolfs/ros2_ws/install/nav2_behavior_tree/lib/libnav2_remove_passed_goals_action_bt_node.so
[3.967s] -- Up-to-date symlink: /home/rudolfs/ros2_ws/install/nav2_behavior_tree/lib/libnav2_get_pose_from_path_action_bt_node.so
[3.967s] -- Up-to-date symlink: /home/rudolfs/ros2_ws/install/nav2_behavior_tree/lib/libnav2_pipeline_sequence_bt_node.so
[3.967s] -- Up-to-date symlink: /home/rudolfs/ros2_ws/install/nav2_behavior_tree/lib/libnav2_round_robin_node_bt_node.so
[3.968s] -- Up-to-date symlink: /home/rudolfs/ros2_ws/install/nav2_behavior_tree/lib/libnav2_single_trigger_bt_node.so
[3.968s] -- Up-to-date symlink: /home/rudolfs/ros2_ws/install/nav2_behavior_tree/lib/libnav2_planner_selector_bt_node.so
[3.968s] -- Up-to-date symlink: /home/rudolfs/ros2_ws/install/nav2_behavior_tree/lib/libnav2_controller_selector_bt_node.so
[3.968s] -- Up-to-date symlink: /home/rudolfs/ros2_ws/install/nav2_behavior_tree/lib/libnav2_smoother_selector_bt_node.so
[3.968s] -- Up-to-date symlink: /home/rudolfs/ros2_ws/install/nav2_behavior_tree/lib/libnav2_goal_checker_selector_bt_node.so
[3.968s] -- Up-to-date symlink: /home/rudolfs/ros2_ws/install/nav2_behavior_tree/lib/libnav2_progress_checker_selector_bt_node.so
[3.968s] -- Up-to-date symlink: /home/rudolfs/ros2_ws/install/nav2_behavior_tree/lib/libnav2_goal_updated_controller_bt_node.so
[3.969s] -- Up-to-date symlink: /home/rudolfs/ros2_ws/install/nav2_behavior_tree/lib/nav2_behavior_tree/generate_nav2_tree_nodes_xml
[3.969s] -- Up-to-date symlink: /home/rudolfs/ros2_ws/install/nav2_behavior_tree/include//nav2_behavior_tree/behavior_tree_engine.hpp
[3.970s] -- Up-to-date symlink: /home/rudolfs/ros2_ws/install/nav2_behavior_tree/include//nav2_behavior_tree/bt_action_node.hpp
[3.970s] -- Up-to-date symlink: /home/rudolfs/ros2_ws/install/nav2_behavior_tree/include//nav2_behavior_tree/bt_action_server.hpp
[3.970s] -- Up-to-date symlink: /home/rudolfs/ros2_ws/install/nav2_behavior_tree/include//nav2_behavior_tree/bt_action_server_impl.hpp
[3.970s] -- Up-to-date symlink: /home/rudolfs/ros2_ws/install/nav2_behavior_tree/include//nav2_behavior_tree/bt_cancel_action_node.hpp
[3.970s] -- Up-to-date symlink: /home/rudolfs/ros2_ws/install/nav2_behavior_tree/include//nav2_behavior_tree/bt_service_node.hpp
[3.970s] -- Up-to-date symlink: /home/rudolfs/ros2_ws/install/nav2_behavior_tree/include//nav2_behavior_tree/bt_utils.hpp
[3.970s] -- Up-to-date symlink: /home/rudolfs/ros2_ws/install/nav2_behavior_tree/include//nav2_behavior_tree/plugins/action/assisted_teleop_action.hpp
[3.970s] -- Up-to-date symlink: /home/rudolfs/ros2_ws/install/nav2_behavior_tree/include//nav2_behavior_tree/plugins/action/assisted_teleop_cancel_node.hpp
[3.970s] -- Up-to-date symlink: /home/rudolfs/ros2_ws/install/nav2_behavior_tree/include//nav2_behavior_tree/plugins/action/back_up_action.hpp
[3.971s] -- Up-to-date symlink: /home/rudolfs/ros2_ws/install/nav2_behavior_tree/include//nav2_behavior_tree/plugins/action/back_up_cancel_node.hpp
[3.971s] -- Up-to-date symlink: /home/rudolfs/ros2_ws/install/nav2_behavior_tree/include//nav2_behavior_tree/plugins/action/clear_costmap_service.hpp
[3.971s] -- Up-to-date symlink: /home/rudolfs/ros2_ws/install/nav2_behavior_tree/include//nav2_behavior_tree/plugins/action/compute_path_through_poses_action.hpp
[3.971s] -- Up-to-date symlink: /home/rudolfs/ros2_ws/install/nav2_behavior_tree/include//nav2_behavior_tree/plugins/action/compute_path_to_pose_action.hpp
[3.971s] -- Up-to-date symlink: /home/rudolfs/ros2_ws/install/nav2_behavior_tree/include//nav2_behavior_tree/plugins/action/controller_cancel_node.hpp
[3.971s] -- Up-to-date symlink: /home/rudolfs/ros2_ws/install/nav2_behavior_tree/include//nav2_behavior_tree/plugins/action/controller_selector_node.hpp
[3.971s] -- Up-to-date symlink: /home/rudolfs/ros2_ws/install/nav2_behavior_tree/include//nav2_behavior_tree/plugins/action/drive_on_heading_action.hpp
[3.971s] -- Up-to-date symlink: /home/rudolfs/ros2_ws/install/nav2_behavior_tree/include//nav2_behavior_tree/plugins/action/drive_on_heading_cancel_node.hpp
[3.971s] -- Up-to-date symlink: /home/rudolfs/ros2_ws/install/nav2_behavior_tree/include//nav2_behavior_tree/plugins/action/follow_path_action.hpp
[3.971s] -- Up-to-date symlink: /home/rudolfs/ros2_ws/install/nav2_behavior_tree/include//nav2_behavior_tree/plugins/action/get_pose_from_path_action.hpp
[3.971s] -- Up-to-date symlink: /home/rudolfs/ros2_ws/install/nav2_behavior_tree/include//nav2_behavior_tree/plugins/action/goal_checker_selector_node.hpp
[3.971s] -- Up-to-date symlink: /home/rudolfs/ros2_ws/install/nav2_behavior_tree/include//nav2_behavior_tree/plugins/action/navigate_through_poses_action.hpp
[3.972s] -- Up-to-date symlink: /home/rudolfs/ros2_ws/install/nav2_behavior_tree/include//nav2_behavior_tree/plugins/action/navigate_to_pose_action.hpp
[3.972s] -- Up-to-date symlink: /home/rudolfs/ros2_ws/install/nav2_behavior_tree/include//nav2_behavior_tree/plugins/action/planner_selector_node.hpp
[3.972s] -- Up-to-date symlink: /home/rudolfs/ros2_ws/install/nav2_behavior_tree/include//nav2_behavior_tree/plugins/action/progress_checker_selector_node.hpp
[3.972s] -- Up-to-date symlink: /home/rudolfs/ros2_ws/install/nav2_behavior_tree/include//nav2_behavior_tree/plugins/action/reinitialize_global_localization_service.hpp
[3.972s] -- Up-to-date symlink: /home/rudolfs/ros2_ws/install/nav2_behavior_tree/include//nav2_behavior_tree/plugins/action/remove_passed_goals_action.hpp
[3.972s] -- Up-to-date symlink: /home/rudolfs/ros2_ws/install/nav2_behavior_tree/include//nav2_behavior_tree/plugins/action/smooth_path_action.hpp
[3.972s] -- Up-to-date symlink: /home/rudolfs/ros2_ws/install/nav2_behavior_tree/include//nav2_behavior_tree/plugins/action/smoother_selector_node.hpp
[3.972s] -- Up-to-date symlink: /home/rudolfs/ros2_ws/install/nav2_behavior_tree/include//nav2_behavior_tree/plugins/action/spin_action.hpp
[3.972s] -- Up-to-date symlink: /home/rudolfs/ros2_ws/install/nav2_behavior_tree/include//nav2_behavior_tree/plugins/action/spin_cancel_node.hpp
[3.972s] -- Up-to-date symlink: /home/rudolfs/ros2_ws/install/nav2_behavior_tree/include//nav2_behavior_tree/plugins/action/truncate_path_action.hpp
[3.973s] -- Up-to-date symlink: /home/rudolfs/ros2_ws/install/nav2_behavior_tree/include//nav2_behavior_tree/plugins/action/truncate_path_local_action.hpp
[3.973s] -- Up-to-date symlink: /home/rudolfs/ros2_ws/install/nav2_behavior_tree/include//nav2_behavior_tree/plugins/action/wait_action.hpp
[3.973s] -- Up-to-date symlink: /home/rudolfs/ros2_ws/install/nav2_behavior_tree/include//nav2_behavior_tree/plugins/action/wait_cancel_node.hpp
[3.973s] -- Up-to-date symlink: /home/rudolfs/ros2_ws/install/nav2_behavior_tree/include//nav2_behavior_tree/plugins/condition/are_error_codes_present_condition.hpp
[3.973s] -- Up-to-date symlink: /home/rudolfs/ros2_ws/install/nav2_behavior_tree/include//nav2_behavior_tree/plugins/condition/distance_traveled_condition.hpp
[3.973s] -- Up-to-date symlink: /home/rudolfs/ros2_ws/install/nav2_behavior_tree/include//nav2_behavior_tree/plugins/condition/globally_updated_goal_condition.hpp
[3.973s] -- Up-to-date symlink: /home/rudolfs/ros2_ws/install/nav2_behavior_tree/include//nav2_behavior_tree/plugins/condition/goal_reached_condition.hpp
[3.973s] -- Up-to-date symlink: /home/rudolfs/ros2_ws/install/nav2_behavior_tree/include//nav2_behavior_tree/plugins/condition/goal_updated_condition.hpp
[3.973s] -- Up-to-date symlink: /home/rudolfs/ros2_ws/install/nav2_behavior_tree/include//nav2_behavior_tree/plugins/condition/initial_pose_received_condition.hpp
[3.974s] -- Up-to-date symlink: /home/rudolfs/ros2_ws/install/nav2_behavior_tree/include//nav2_behavior_tree/plugins/condition/is_battery_charging_condition.hpp
[3.974s] -- Up-to-date symlink: /home/rudolfs/ros2_ws/install/nav2_behavior_tree/include//nav2_behavior_tree/plugins/condition/is_battery_low_condition.hpp
[3.974s] -- Up-to-date symlink: /home/rudolfs/ros2_ws/install/nav2_behavior_tree/include//nav2_behavior_tree/plugins/condition/is_path_valid_condition.hpp
[3.974s] -- Up-to-date symlink: /home/rudolfs/ros2_ws/install/nav2_behavior_tree/include//nav2_behavior_tree/plugins/condition/is_stuck_condition.hpp
[3.974s] -- Up-to-date symlink: /home/rudolfs/ros2_ws/install/nav2_behavior_tree/include//nav2_behavior_tree/plugins/condition/path_expiring_timer_condition.hpp
[3.974s] -- Up-to-date symlink: /home/rudolfs/ros2_ws/install/nav2_behavior_tree/include//nav2_behavior_tree/plugins/condition/time_expired_condition.hpp
[3.974s] -- Up-to-date symlink: /home/rudolfs/ros2_ws/install/nav2_behavior_tree/include//nav2_behavior_tree/plugins/condition/transform_available_condition.hpp
[3.974s] -- Up-to-date symlink: /home/rudolfs/ros2_ws/install/nav2_behavior_tree/include//nav2_behavior_tree/plugins/condition/would_a_controller_recovery_help_condition.hpp
[3.974s] -- Up-to-date symlink: /home/rudolfs/ros2_ws/install/nav2_behavior_tree/include//nav2_behavior_tree/plugins/condition/would_a_planner_recovery_help_condition.hpp
[3.974s] -- Up-to-date symlink: /home/rudolfs/ros2_ws/install/nav2_behavior_tree/include//nav2_behavior_tree/plugins/condition/would_a_smoother_recovery_help_condition.hpp
[3.974s] -- Up-to-date symlink: /home/rudolfs/ros2_ws/install/nav2_behavior_tree/include//nav2_behavior_tree/plugins/control/pipeline_sequence.hpp
[3.975s] -- Up-to-date symlink: /home/rudolfs/ros2_ws/install/nav2_behavior_tree/include//nav2_behavior_tree/plugins/control/recovery_node.hpp
[3.975s] -- Up-to-date symlink: /home/rudolfs/ros2_ws/install/nav2_behavior_tree/include//nav2_behavior_tree/plugins/control/round_robin_node.hpp
[3.975s] -- Up-to-date symlink: /home/rudolfs/ros2_ws/install/nav2_behavior_tree/include//nav2_behavior_tree/plugins/decorator/distance_controller.hpp
[3.975s] -- Up-to-date symlink: /home/rudolfs/ros2_ws/install/nav2_behavior_tree/include//nav2_behavior_tree/plugins/decorator/goal_updated_controller.hpp
[3.975s] -- Up-to-date symlink: /home/rudolfs/ros2_ws/install/nav2_behavior_tree/include//nav2_behavior_tree/plugins/decorator/goal_updater_node.hpp
[3.975s] -- Up-to-date symlink: /home/rudolfs/ros2_ws/install/nav2_behavior_tree/include//nav2_behavior_tree/plugins/decorator/path_longer_on_approach.hpp
[3.975s] -- Up-to-date symlink: /home/rudolfs/ros2_ws/install/nav2_behavior_tree/include//nav2_behavior_tree/plugins/decorator/rate_controller.hpp
[3.975s] -- Up-to-date symlink: /home/rudolfs/ros2_ws/install/nav2_behavior_tree/include//nav2_behavior_tree/plugins/decorator/single_trigger_node.hpp
[3.975s] -- Up-to-date symlink: /home/rudolfs/ros2_ws/install/nav2_behavior_tree/include//nav2_behavior_tree/plugins/decorator/speed_controller.hpp
[3.975s] -- Up-to-date symlink: /home/rudolfs/ros2_ws/install/nav2_behavior_tree/include//nav2_behavior_tree/ros_topic_logger.hpp
[3.976s] -- Up-to-date symlink: /home/rudolfs/ros2_ws/install/nav2_behavior_tree/include/nav2_behavior_tree/utils//test_action_server.hpp
[3.976s] -- Up-to-date symlink: /home/rudolfs/ros2_ws/install/nav2_behavior_tree/include/nav2_behavior_tree/utils//test_behavior_tree_fixture.hpp
[3.976s] -- Up-to-date symlink: /home/rudolfs/ros2_ws/install/nav2_behavior_tree/include/nav2_behavior_tree/utils//test_dummy_tree_node.hpp
[3.976s] -- Up-to-date symlink: /home/rudolfs/ros2_ws/install/nav2_behavior_tree/include/nav2_behavior_tree/utils//test_service.hpp
[3.976s] -- Up-to-date symlink: /home/rudolfs/ros2_ws/install/nav2_behavior_tree/include/nav2_behavior_tree/utils//test_transform_handler.hpp
[3.976s] -- Up-to-date symlink: /home/rudolfs/ros2_ws/install/nav2_behavior_tree/include/nav2_behavior_tree/nav2_behavior_tree/test/utils/test_action_server.hpp
[3.976s] -- Up-to-date symlink: /home/rudolfs/ros2_ws/install/nav2_behavior_tree/include/nav2_behavior_tree/nav2_behavior_tree/test/utils/test_behavior_tree_fixture.hpp
[3.976s] -- Up-to-date symlink: /home/rudolfs/ros2_ws/install/nav2_behavior_tree/include/nav2_behavior_tree/nav2_behavior_tree/test/utils/test_dummy_tree_node.hpp
[3.977s] -- Up-to-date symlink: /home/rudolfs/ros2_ws/install/nav2_behavior_tree/include/nav2_behavior_tree/nav2_behavior_tree/test/utils/test_service.hpp
[3.977s] -- Up-to-date symlink: /home/rudolfs/ros2_ws/install/nav2_behavior_tree/include/nav2_behavior_tree/nav2_behavior_tree/test/utils/test_transform_handler.hpp
[3.977s] -- Up-to-date symlink: /home/rudolfs/ros2_ws/install/nav2_behavior_tree/share/nav2_behavior_tree/nav2_tree_nodes.xml
[3.977s] -- Up-to-date symlink: /home/rudolfs/ros2_ws/install/nav2_behavior_tree/include/nav2_behavior_tree/plugins_list.hpp
[3.977s] -- Up-to-date symlink: /home/rudolfs/ros2_ws/install/nav2_behavior_tree/share/nav2_behavior_tree/environment/library_path.sh
[3.977s] -- Up-to-date symlink: /home/rudolfs/ros2_ws/install/nav2_behavior_tree/share/nav2_behavior_tree/environment/library_path.dsv
[3.977s] -- Up-to-date symlink: /home/rudolfs/ros2_ws/install/nav2_behavior_tree/share/ament_index/resource_index/package_run_dependencies/nav2_behavior_tree
[3.977s] -- Up-to-date symlink: /home/rudolfs/ros2_ws/install/nav2_behavior_tree/share/ament_index/resource_index/parent_prefix_path/nav2_behavior_tree
[3.978s] -- Up-to-date symlink: /home/rudolfs/ros2_ws/install/nav2_behavior_tree/share/nav2_behavior_tree/environment/ament_prefix_path.sh
[3.978s] -- Up-to-date symlink: /home/rudolfs/ros2_ws/install/nav2_behavior_tree/share/nav2_behavior_tree/environment/ament_prefix_path.dsv
[3.978s] -- Up-to-date symlink: /home/rudolfs/ros2_ws/install/nav2_behavior_tree/share/nav2_behavior_tree/environment/path.sh
[3.978s] -- Up-to-date symlink: /home/rudolfs/ros2_ws/install/nav2_behavior_tree/share/nav2_behavior_tree/environment/path.dsv
[3.978s] -- Up-to-date symlink: /home/rudolfs/ros2_ws/install/nav2_behavior_tree/share/nav2_behavior_tree/local_setup.bash
[3.978s] -- Up-to-date symlink: /home/rudolfs/ros2_ws/install/nav2_behavior_tree/share/nav2_behavior_tree/local_setup.sh
[3.978s] -- Up-to-date symlink: /home/rudolfs/ros2_ws/install/nav2_behavior_tree/share/nav2_behavior_tree/local_setup.zsh
[3.979s] -- Up-to-date symlink: /home/rudolfs/ros2_ws/install/nav2_behavior_tree/share/nav2_behavior_tree/local_setup.dsv
[3.979s] -- Symlinking: /home/rudolfs/ros2_ws/install/nav2_behavior_tree/share/nav2_behavior_tree/package.dsv
[3.988s] -- Up-to-date symlink: /home/rudolfs/ros2_ws/install/nav2_behavior_tree/share/ament_index/resource_index/packages/nav2_behavior_tree
[3.988s] -- Up-to-date symlink: /home/rudolfs/ros2_ws/install/nav2_behavior_tree/share/nav2_behavior_tree/cmake/ament_cmake_export_include_directories-extras.cmake
[3.988s] -- Up-to-date symlink: /home/rudolfs/ros2_ws/install/nav2_behavior_tree/share/nav2_behavior_tree/cmake/ament_cmake_export_libraries-extras.cmake
[3.989s] -- Up-to-date symlink: /home/rudolfs/ros2_ws/install/nav2_behavior_tree/share/nav2_behavior_tree/cmake/ament_cmake_export_dependencies-extras.cmake
[3.989s] -- Up-to-date symlink: /home/rudolfs/ros2_ws/install/nav2_behavior_tree/share/nav2_behavior_tree/cmake/nav2_behavior_treeConfig.cmake
[3.989s] -- Up-to-date symlink: /home/rudolfs/ros2_ws/install/nav2_behavior_tree/share/nav2_behavior_tree/cmake/nav2_behavior_treeConfig-version.cmake
[3.989s] -- Up-to-date symlink: /home/rudolfs/ros2_ws/install/nav2_behavior_tree/share/nav2_behavior_tree/package.xml
[3.991s] Invoked command in '/home/rudolfs/ros2_ws/build/nav2_behavior_tree' returned '0': CMAKE_PREFIX_PATH=/home/rudolfs/ros2_ws/install/nav2_util:/home/rudolfs/ros2_ws/install/nav2_msgs:/home/rudolfs/ros2_ws/install/nav2_common:/home/rudolfs/ros2_ws/install/turtlebot4_node:/home/rudolfs/ros2_ws/install/turtlebot4_navigation:/home/rudolfs/ros2_ws/install/turtlebot4_msgs:/home/rudolfs/ros2_ws/install/turtlebot4_description:/home/rudolfs/ros2_ws/install/nav2_system_tests:/home/rudolfs/ros2_ws/install/nav2_bringup:/home/rudolfs/ros2_ws/install/navigation2:/home/rudolfs/ros2_ws/install/opennav_docking:/home/rudolfs/ros2_ws/install/opennav_docking_core:/home/rudolfs/ros2_ws/install/opennav_docking_bt:/home/rudolfs/ros2_ws/install/nav2_smoother:/home/rudolfs/ros2_ws/install/nav2_rotation_shim_controller:/home/rudolfs/ros2_ws/install/nav2_graceful_controller:/home/rudolfs/ros2_ws/install/nav2_dwb_controller:/home/rudolfs/ros2_ws/install/nav2_controller:/home/rudolfs/ros2_ws/install/dwb_plugins:/home/rudolfs/ros2_ws/install/dwb_critics:/home/rudolfs/ros2_ws/install/dwb_core:/home/rudolfs/ros2_ws/install/nav_2d_utils:/home/rudolfs/ros2_ws/install/dwb_msgs:/home/rudolfs/ros2_ws/install/nav_2d_msgs:/home/rudolfs/ros2_ws/install/nav2_waypoint_follower:/home/rudolfs/ros2_ws/install/nav2_theta_star_planner:/home/rudolfs/ros2_ws/install/nav2_smac_planner:/home/rudolfs/ros2_ws/install/nav2_regulated_pure_pursuit_controller:/home/rudolfs/ros2_ws/install/nav2_planner:/home/rudolfs/ros2_ws/install/nav2_navfn_planner:/home/rudolfs/ros2_ws/install/nav2_mppi_controller:/home/rudolfs/ros2_ws/install/nav2_constrained_smoother:/home/rudolfs/ros2_ws/install/nav2_bt_navigator:/home/rudolfs/ros2_ws/install/nav2_behaviors:/home/rudolfs/ros2_ws/install/nav2_core:/home/rudolfs/ros2_ws/install/nav2_collision_monitor:/home/rudolfs/ros2_ws/install/costmap_queue:/home/rudolfs/ros2_ws/install/nav2_costmap_2d:/home/rudolfs/ros2_ws/install/nav2_voxel_grid:/home/rudolfs/ros2_ws/install/nav2_velocity_smoother:/home/rudolfs/ros2_ws/install/nav2_rviz_plugins:/home/rudolfs/ros2_ws/install/nav2_map_server:/home/rudolfs/ros2_ws/install/nav2_lifecycle_manager:/home/rudolfs/ros2_ws/install/nav2_behavior_tree:/home/rudolfs/ros2_ws/install/nav2_amcl:/opt/ros/jazzy/opt/gz_sim_vendor:/opt/ros/jazzy/opt/gz_sensors_vendor:/opt/ros/jazzy/opt/gz_physics_vendor:/opt/ros/jazzy/opt/sdformat_vendor:/opt/ros/jazzy/opt/gz_gui_vendor:/opt/ros/jazzy/opt/gz_transport_vendor:/opt/ros/jazzy/opt/gz_rendering_vendor:/opt/ros/jazzy/opt/gz_plugin_vendor:/opt/ros/jazzy/opt/gz_fuel_tools_vendor:/opt/ros/jazzy/opt/gz_msgs_vendor:/opt/ros/jazzy/opt/gz_common_vendor:/opt/ros/jazzy/opt/gz_math_vendor:/opt/ros/jazzy/opt/gz_utils_vendor:/opt/ros/jazzy/opt/gz_tools_vendor:/opt/ros/jazzy/opt/gz_ogre_next_vendor:/opt/ros/jazzy/opt/gz_dartsim_vendor:/opt/ros/jazzy/opt/gz_cmake_vendor:/home/rudolfs/ros2_ws/install/tb4_nav_to_pose:/home/rudolfs/ros2_ws/install/nav2_simple_commander:/home/rudolfs/ros2_ws/install/nav2_loopback_sim:/home/rudolfs/ros2_ws/install/cmd_vel_tracker:/home/rudolfs/ros2_ws/install/battery_logger:/home/rudolfs/testing_ws/turtlebot4_ws/install/turtlebot4_python_tutorials:/home/rudolfs/testing_ws/install/turtlebot4_python_tutorials:/home/rudolfs/testing_ws/ros2_ws/install/battery_logger:/opt/ros/jazzy DEBUGINFOD_URLS=https://debuginfod.ubuntu.com LD_LIBRARY_PATH=/home/rudolfs/ros2_ws/install/nav2_util/lib:/home/rudolfs/ros2_ws/install/nav2_msgs/lib:/home/rudolfs/ros2_ws/install/turtlebot4_msgs/lib:/home/rudolfs/ros2_ws/install/nav2_system_tests/lib:/home/rudolfs/ros2_ws/install/opennav_docking/lib:/home/rudolfs/ros2_ws/install/opennav_docking_bt/lib:/home/rudolfs/ros2_ws/install/nav2_smoother/lib:/home/rudolfs/ros2_ws/install/nav2_rotation_shim_controller/lib:/home/rudolfs/ros2_ws/install/nav2_graceful_controller/lib:/home/rudolfs/ros2_ws/install/nav2_controller/lib:/home/rudolfs/ros2_ws/install/dwb_plugins/lib:/home/rudolfs/ros2_ws/install/dwb_critics/lib:/home/rudolfs/ros2_ws/install/dwb_core/lib:/home/rudolfs/ros2_ws/install/nav_2d_utils/lib:/home/rudolfs/ros2_ws/install/dwb_msgs/lib:/home/rudolfs/ros2_ws/install/nav_2d_msgs/lib:/home/rudolfs/ros2_ws/install/nav2_waypoint_follower/lib:/home/rudolfs/ros2_ws/install/nav2_theta_star_planner/lib:/home/rudolfs/ros2_ws/install/nav2_smac_planner/lib:/home/rudolfs/ros2_ws/install/nav2_regulated_pure_pursuit_controller/lib:/home/rudolfs/ros2_ws/install/nav2_planner/lib:/home/rudolfs/ros2_ws/install/nav2_navfn_planner/lib:/home/rudolfs/ros2_ws/install/nav2_mppi_controller/lib:/home/rudolfs/ros2_ws/install/nav2_constrained_smoother/lib:/home/rudolfs/ros2_ws/install/nav2_bt_navigator/lib:/home/rudolfs/ros2_ws/install/nav2_behaviors/lib:/home/rudolfs/ros2_ws/install/nav2_collision_monitor/lib:/home/rudolfs/ros2_ws/install/costmap_queue/lib:/home/rudolfs/ros2_ws/install/nav2_costmap_2d/lib:/home/rudolfs/ros2_ws/install/nav2_voxel_grid/lib:/home/rudolfs/ros2_ws/install/nav2_velocity_smoother/lib:/home/rudolfs/ros2_ws/install/nav2_rviz_plugins/lib:/home/rudolfs/ros2_ws/install/nav2_map_server/lib:/home/rudolfs/ros2_ws/install/nav2_lifecycle_manager/lib:/home/rudolfs/ros2_ws/install/nav2_behavior_tree/lib:/home/rudolfs/ros2_ws/install/nav2_amcl/lib:/opt/ros/jazzy/opt/gz_sim_vendor/lib:/opt/ros/jazzy/opt/gz_sensors_vendor/lib:/opt/ros/jazzy/opt/gz_physics_vendor/lib:/opt/ros/jazzy/opt/sdformat_vendor/lib:/opt/ros/jazzy/opt/rviz_ogre_vendor/lib:/opt/ros/jazzy/lib/x86_64-linux-gnu:/opt/ros/jazzy/opt/gz_gui_vendor/lib:/opt/ros/jazzy/opt/gz_transport_vendor/lib:/opt/ros/jazzy/opt/gz_rendering_vendor/lib:/opt/ros/jazzy/opt/gz_plugin_vendor/lib:/opt/ros/jazzy/opt/gz_fuel_tools_vendor/lib:/opt/ros/jazzy/opt/gz_msgs_vendor/lib:/opt/ros/jazzy/opt/gz_common_vendor/lib:/opt/ros/jazzy/opt/gz_math_vendor/lib:/opt/ros/jazzy/opt/gz_utils_vendor/lib:/opt/ros/jazzy/opt/gz_tools_vendor/lib:/opt/ros/jazzy/opt/gz_ogre_next_vendor/lib:/opt/ros/jazzy/opt/gz_dartsim_vendor/lib:/opt/ros/jazzy/opt/gz_cmake_vendor/lib:/opt/ros/jazzy/lib PYTHONPATH=/home/rudolfs/ros2_ws/install/nav2_msgs/lib/python3.12/site-packages:/home/rudolfs/ros2_ws/install/nav2_common/lib/python3.12/site-packages:/home/rudolfs/ros2_ws/install/turtlebot4_navigation/lib/python3.12/site-packages:/home/rudolfs/ros2_ws/install/turtlebot4_msgs/lib/python3.12/site-packages:/home/rudolfs/ros2_ws/install/tb4_nav_to_pose/lib/python3.12/site-packages:/home/rudolfs/ros2_ws/install/dwb_msgs/lib/python3.12/site-packages:/home/rudolfs/ros2_ws/install/nav_2d_msgs/lib/python3.12/site-packages:/home/rudolfs/ros2_ws/build/nav2_simple_commander:/home/rudolfs/ros2_ws/install/nav2_simple_commander/lib/python3.12/site-packages:/home/rudolfs/ros2_ws/build/nav2_loopback_sim:/home/rudolfs/ros2_ws/install/nav2_loopback_sim/lib/python3.12/site-packages:/home/rudolfs/ros2_ws/build/cmd_vel_tracker:/home/rudolfs/ros2_ws/install/cmd_vel_tracker/lib/python3.12/site-packages:/home/rudolfs/ros2_ws/build/battery_logger:/home/rudolfs/ros2_ws/install/battery_logger/lib/python3.12/site-packages:/home/rudolfs/testing_ws/turtlebot4_ws/build/turtlebot4_python_tutorials:/home/rudolfs/testing_ws/turtlebot4_ws/install/turtlebot4_python_tutorials/lib/python3.12/site-packages:/home/rudolfs/testing_ws/install/turtlebot4_python_tutorials/lib/python3.12/site-packages:/home/rudolfs/testing_ws/ros2_ws/install/battery_logger/lib/python3.12/site-packages:/opt/ros/jazzy/lib/python3.12/site-packages /usr/bin/cmake --install /home/rudolfs/ros2_ws/build/nav2_behavior_tree
