[1.731s] Invoking command in '/home/rudolfs/ros2_ws/src/tb4_nav_to_pose': DEBUGINFOD_URLS=https://debuginfod.ubuntu.com PYTHONPATH=/home/rudolfs/ros2_ws/build/tb4_nav_to_pose/prefix_override:/usr/lib/python3/dist-packages/colcon_core/task/python/colcon_distutils_commands:/home/rudolfs/ros2_ws/install/tb4_nav_to_pose/lib/python3.12/site-packages:${PYTHONPATH} /usr/bin/python3 -W ignore:setup.py install is deprecated -W ignore:easy_install command is deprecated setup.py egg_info --egg-base ../../build/tb4_nav_to_pose build --build-base /home/rudolfs/ros2_ws/build/tb4_nav_to_pose/build install --record /home/rudolfs/ros2_ws/build/tb4_nav_to_pose/install.log --single-version-externally-managed install_data
[2.584s] running egg_info
[2.701s] writing ../../build/tb4_nav_to_pose/tb4_nav_to_pose.egg-info/PKG-INFO
[2.702s] writing dependency_links to ../../build/tb4_nav_to_pose/tb4_nav_to_pose.egg-info/dependency_links.txt
[2.710s] writing entry points to ../../build/tb4_nav_to_pose/tb4_nav_to_pose.egg-info/entry_points.txt
[2.710s] writing requirements to ../../build/tb4_nav_to_pose/tb4_nav_to_pose.egg-info/requires.txt
[2.710s] writing top-level names to ../../build/tb4_nav_to_pose/tb4_nav_to_pose.egg-info/top_level.txt
[2.876s] reading manifest file '../../build/tb4_nav_to_pose/tb4_nav_to_pose.egg-info/SOURCES.txt'
[2.881s] writing manifest file '../../build/tb4_nav_to_pose/tb4_nav_to_pose.egg-info/SOURCES.txt'
[2.881s] running build
[2.881s] running build_py
[2.881s] running install
[2.903s] running install_lib
[2.970s] running install_data
[2.970s] running install_egg_info
[3.050s] removing '/home/rudolfs/ros2_ws/install/tb4_nav_to_pose/lib/python3.12/site-packages/tb4_nav_to_pose-0.0.0-py3.12.egg-info' (and everything under it)
[3.050s] Copying ../../build/tb4_nav_to_pose/tb4_nav_to_pose.egg-info to /home/rudolfs/ros2_ws/install/tb4_nav_to_pose/lib/python3.12/site-packages/tb4_nav_to_pose-0.0.0-py3.12.egg-info
[3.050s] running install_scripts
[3.672s] Installing nav_to_pose script to /home/rudolfs/ros2_ws/install/tb4_nav_to_pose/lib/tb4_nav_to_pose
[3.672s] writing list of installed files to '/home/rudolfs/ros2_ws/build/tb4_nav_to_pose/install.log'
[3.788s] Invoked command in '/home/rudolfs/ros2_ws/src/tb4_nav_to_pose' returned '0': DEBUGINFOD_URLS=https://debuginfod.ubuntu.com PYTHONPATH=/home/rudolfs/ros2_ws/build/tb4_nav_to_pose/prefix_override:/usr/lib/python3/dist-packages/colcon_core/task/python/colcon_distutils_commands:/home/rudolfs/ros2_ws/install/tb4_nav_to_pose/lib/python3.12/site-packages:${PYTHONPATH} /usr/bin/python3 -W ignore:setup.py install is deprecated -W ignore:easy_install command is deprecated setup.py egg_info --egg-base ../../build/tb4_nav_to_pose build --build-base /home/rudolfs/ros2_ws/build/tb4_nav_to_pose/build install --record /home/rudolfs/ros2_ws/build/tb4_nav_to_pose/install.log --single-version-externally-managed install_data
